User belongs to experiment group 'jupyterTestcf'
User belongs to experiment group 'pythonDiscoveryModulecf'
User belongs to experiment group 'jupyterEnhancedDataViewer'
Info 2021-04-26 13:53:52: ZMQ install verified.
Info 2021-04-26 13:53:52: id is a6a49035-c92d-4965-bf41-da731d765bcf
Info 2021-04-26 13:53:52: Attempting to start a server because of preload conditions ...
Info 2021-04-26 13:53:52: Found existing keyfile at /home/val/.config/Code/User/globalStorage/ms-toolsai.jupyter/nbsecret
Info 2021-04-26 13:53:53: Loading web panel for file:///home/val/python_wkspce/rgd_mice/notebooks/explo.ipynb
Info 2021-04-26 13:53:53: Loading webview. View is notset
Info 2021-04-26 13:53:53: Attempting to start a server because of preload conditions ...
Info 2021-04-26 13:53:53: Loading web view...
Info 2021-04-26 13:53:53: Webview panel created.
Info 2021-04-26 13:53:53: Creating raw notebook for file:///home/val/python_wkspce/rgd_mice/notebooks/explo.ipynb
Info 2021-04-26 13:53:53: Getting preferred kernel for file:///home/val/python_wkspce/rgd_mice/notebooks/explo.ipynb
Info 2021-04-26 13:53:55: Web view react rendered
Info 2021-04-26 13:53:55: Request for onigasm file at /home/val/.vscode/extensions/ms-toolsai.jupyter-2021.5.745244803/out/client/node_modules/onigasm/lib/onigasm.wasm
Info 2021-04-26 13:53:55: Request for tmlanguage file.
Info 2021-04-26 13:53:55: Searching for token colors ...
Info 2021-04-26 13:53:55: Attempting search for colors ...
Info 2021-04-26 13:53:55: Search all interpreters /home/val/miniconda3/bin/python, /home/val/python_wkspce/rgd_mice/env/bin/python, /usr/bin/python, /usr/bin/python2, /bin/python, /bin/python2, /usr/sbin/python, /usr/sbin/python2, /sbin/python, /sbin/python2
Info 2021-04-26 13:53:55: Trusting notebook...
Info 2021-04-26 13:53:55: Wrote trust for file:///home/val/python_wkspce/rgd_mice/notebooks/explo.ipynb to /home/val/.config/Code/User/globalStorage/ms-toolsai.jupyter/nbsignatures/52e15dde8d186cffb0c7eee0ac629986d640484b6f99a7d9a4bc3272051c15e1
Info 2021-04-26 13:53:55: Searching for token colors ...
Info 2021-04-26 13:53:55: Attempting search for colors ...
Info 2021-04-26 13:53:55: Searching for token colors ...
Info 2021-04-26 13:53:55: Attempting search for colors ...
Info 2021-04-26 13:53:55: Searching for token colors ...
Info 2021-04-26 13:53:55: Attempting search for colors ...
Info 2021-04-26 13:53:57: Process Execution: > ~/python_wkspce/hecktor_private/env/bin/python ~/.vscode/extensions/ms-toolsai.jupyter-2021.5.745244803/pythonFiles/pyvsc-run-isolated.py -c "import notebook"
> ~/python_wkspce/hecktor_private/env/bin/python ~/.vscode/extensions/ms-toolsai.jupyter-2021.5.745244803/pythonFiles/pyvsc-run-isolated.py -c "import notebook"
Info 2021-04-26 13:53:57: Process Execution: > ~/python_wkspce/hecktor_private/env/bin/python ~/.vscode/extensions/ms-toolsai.jupyter-2021.5.745244803/pythonFiles/pyvsc-run-isolated.py -c "import jupyter"
> ~/python_wkspce/hecktor_private/env/bin/python ~/.vscode/extensions/ms-toolsai.jupyter-2021.5.745244803/pythonFiles/pyvsc-run-isolated.py -c "import jupyter"
Info 2021-04-26 13:53:58: Process Execution: > ~/python_wkspce/hecktor_private/env/bin/python ~/.vscode/extensions/ms-toolsai.jupyter-2021.5.745244803/pythonFiles/pyvsc-run-isolated.py jupyter kernelspec --version
> ~/python_wkspce/hecktor_private/env/bin/python ~/.vscode/extensions/ms-toolsai.jupyter-2021.5.745244803/pythonFiles/pyvsc-run-isolated.py jupyter kernelspec --version
Info 2021-04-26 13:53:58: Loading kernelspec from /home/val/python_wkspce/rgd_mice/env/share/jupyter/kernels/python3/kernel.json for /home/val/python_wkspce/rgd_mice/env/bin/python3.9
Info 2021-04-26 13:53:58: findPreferredKernel score for Python 3.9.3 64-bit ('env': venv) is 3
Info 2021-04-26 13:53:58: findPreferredKernel score for Python 3.8.3 64-bit ('base': conda) is 3
Info 2021-04-26 13:53:58: findPreferredKernel score for Python 3.9.3 64-bit ('env') is 19
Info 2021-04-26 13:53:58: findPreferredKernel score for Python 3.9.3 64-bit is 3
Info 2021-04-26 13:53:58: findPreferredKernel score for Python 2.7.18 64-bit is 1
Info 2021-04-26 13:53:58: findPreferredKernel score for Python 3.9.3 64-bit is 3
Info 2021-04-26 13:53:58: findPreferredKernel score for Python 2.7.18 64-bit is 1
Info 2021-04-26 13:53:58: findPreferredKernel score for Python 3.9.3 64-bit is 3
Info 2021-04-26 13:53:58: findPreferredKernel score for Python 2.7.18 64-bit is 1
Info 2021-04-26 13:53:58: findPreferredKernel score for Python 3.9.3 64-bit is 3
Info 2021-04-26 13:53:58: findPreferredKernel score for Python 2.7.18 64-bit is 1
Info 2021-04-26 13:53:58: Find kernel spec, Class name = D, completed in 5330ms, has a truthy return value, Arg 1: <Uri:/home/val/python_wkspce/rgd_mice/notebooks/explo.ipynb>, Arg 2: {"language_info":{"codemirror_mode":{"name":"ipython","version":3},"file_extension":".py","mimetype":"text/x-python","name":"python","nbconvert_exporter":"python","pygments_lexer":"ipython3","version":"3.9.3"},"orig_nbformat":2,"kernelspec":{"name":"python393jvsc74a57bd020491d40c47ec2356f78d7f422bc54c2e7e4fb0022d436bb8acebe0bc21093a4","display_name":"Python 3.9.3 64-bit ('env')"},"metadata":{"interpreter":{"hash":"20491d40c47ec2356f78d7f422bc54c2e7e4fb0022d436bb8acebe0bc21093a4"}}}, Arg 3: undefined, Return Value: {"kind":"startUsingPythonInterpreter","kernelSpec":{"specFile":"/home/val/.local/share/jupyter/kernels/python393jvsc74a57bd020491d40c47ec2356f78d7f422bc54c2e7e4fb0022d436bb8acebe0bc21093a4/kernel.json","interpreterPath":"/home/val/python_wkspce/rgd_mice/env/bin/python","name":"python393jvsc74a57bd020491d40c47ec2356f78d7f422bc54c2e7e4fb0022d436bb8acebe0bc21093a4","argv":["python","-m","ipykernel_launcher","-f","{connection_file}"],"language":"python","path":"python","display_name":"Python 3.9.3 64-bit ('env')","metadata":{"interpreter":{"architecture":3,"path":"/home/val/python_wkspce/rgd_mice/env/bin/python","version":{"options":{"loose":false,"includePrerelease":false},"loose":false,"raw":"3.9.3","major":3,"minor":9,"patch":3,"prerelease":[],"build":[],"version":"3.9.3"},"sysVersion":"3.9.3 (default, Apr  8 2021, 23:35:02) \n[GCC 10.2.0]","sysPrefix":"/home/val/python_wkspce/rgd_mice/env","fileHash":"5a3a204cf0f5814f7f0a99594d5fd52519995676d4d4970cec1eaabacc7923d82859c396d535bf970dcf9f1c2c0a4d0cee84bd7a7ff22bb97036614a27cb412b","envName":"env","type":"Venv","cachedEntry":true,"displayName":"Python 3.9.3 64-bit ('env')"}},"env":{}},"interpreter":{"architecture":3,"path":"/home/val/python_wkspce/rgd_mice/env/bin/python","version":{"options":{"loose":false,"includePrerelease":false},"loose":false,"raw":"3.9.3","major":3,"minor":9,"patch":3,"prerelease":[],"build":[],"version":"3.9.3"},"sysVersion":"3.9.3 (default, Apr  8 2021, 23:35:02) \n[GCC 10.2.0]","sysPrefix":"/home/val/python_wkspce/rgd_mice/env","fileHash":"5a3a204cf0f5814f7f0a99594d5fd52519995676d4d4970cec1eaabacc7923d82859c396d535bf970dcf9f1c2c0a4d0cee84bd7a7ff22bb97036614a27cb412b","envName":"env","type":"Venv","cachedEntry":true,"displayName":"Python 3.9.3 64-bit ('env')"},"id":".python393jvsc74a57bd020491d40c47ec2356f78d7f422bc54c2e7e4fb0022d436bb8acebe0bc21093a4.python./home/val/python_wkspce/rgd_mice/env/bin/python.Python 3.9.3 64-bit ('env')"}
Info 2021-04-26 13:53:58: Computing working directory file:///home/val/python_wkspce/rgd_mice/notebooks/explo.ipynb
Info 2021-04-26 13:53:58: Connecting to raw session for file:///home/val/python_wkspce/rgd_mice/notebooks/explo.ipynb with connection {"kind":"startUsingPythonInterpreter","kernelSpec":{"specFile":"/home/val/.local/share/jupyter/kernels/python393jvsc74a57bd020491d40c47ec2356f78d7f422bc54c2e7e4fb0022d436bb8acebe0bc21093a4/kernel.json","interpreterPath":"/home/val/python_wkspce/rgd_mice/env/bin/python","name":"python393jvsc74a57bd020491d40c47ec2356f78d7f422bc54c2e7e4fb0022d436bb8acebe0bc21093a4","argv":["python","-m","ipykernel_launcher","-f","{connection_file}"],"language":"python","path":"python","display_name":"Python 3.9.3 64-bit ('env')","metadata":{"interpreter":{"architecture":3,"path":"/home/val/python_wkspce/rgd_mice/env/bin/python","version":{"options":{"loose":false,"includePrerelease":false},"loose":false,"raw":"3.9.3","major":3,"minor":9,"patch":3,"prerelease":[],"build":[],"version":"3.9.3"},"sysVersion":"3.9.3 (default, Apr  8 2021, 23:35:02) \n[GCC 10.2.0]","sysPrefix":"/home/val/python_wkspce/rgd_mice/env","fileHash":"5a3a204cf0f5814f7f0a99594d5fd52519995676d4d4970cec1eaabacc7923d82859c396d535bf970dcf9f1c2c0a4d0cee84bd7a7ff22bb97036614a27cb412b","envName":"env","type":"Venv","cachedEntry":true,"displayName":"Python 3.9.3 64-bit ('env')"}},"env":{}},"interpreter":{"architecture":3,"path":"/home/val/python_wkspce/rgd_mice/env/bin/python","version":{"options":{"loose":false,"includePrerelease":false},"loose":false,"raw":"3.9.3","major":3,"minor":9,"patch":3,"prerelease":[],"build":[],"version":"3.9.3"},"sysVersion":"3.9.3 (default, Apr  8 2021, 23:35:02) \n[GCC 10.2.0]","sysPrefix":"/home/val/python_wkspce/rgd_mice/env","fileHash":"5a3a204cf0f5814f7f0a99594d5fd52519995676d4d4970cec1eaabacc7923d82859c396d535bf970dcf9f1c2c0a4d0cee84bd7a7ff22bb97036614a27cb412b","envName":"env","type":"Venv","cachedEntry":true,"displayName":"Python 3.9.3 64-bit ('env')"},"id":".python393jvsc74a57bd020491d40c47ec2356f78d7f422bc54c2e7e4fb0022d436bb8acebe0bc21093a4.python./home/val/python_wkspce/rgd_mice/env/bin/python.Python 3.9.3 64-bit ('env')"}
Info 2021-04-26 13:53:58: Starting raw kernel Python 3.9.3 64-bit ('env')
Info 2021-04-26 13:53:58: installMissingDependencies /home/val/python_wkspce/rgd_mice/env/bin/python
Info 2021-04-26 13:53:58: Process Execution: > ~/python_wkspce/rgd_mice/env/bin/python3.9 ~/.vscode/extensions/ms-toolsai.jupyter-2021.5.745244803/pythonFiles/pyvsc-run-isolated.py -c "import ipykernel"
> ~/python_wkspce/rgd_mice/env/bin/python3.9 ~/.vscode/extensions/ms-toolsai.jupyter-2021.5.745244803/pythonFiles/pyvsc-run-isolated.py -c "import ipykernel"
Info 2021-04-26 13:53:58: Process Execution: > ~/python_wkspce/rgd_mice/env/bin/python3.9 ~/.vscode/extensions/ms-toolsai.jupyter-2021.5.745244803/pythonFiles/pyvsc-run-isolated.py pip list
> ~/python_wkspce/rgd_mice/env/bin/python3.9 ~/.vscode/extensions/ms-toolsai.jupyter-2021.5.745244803/pythonFiles/pyvsc-run-isolated.py pip list
Info 2021-04-26 13:53:58: Process Execution: > ~/python_wkspce/rgd_mice/env/bin/python ~/.vscode/extensions/ms-toolsai.jupyter-2021.5.745244803/pythonFiles/pyvsc-run-isolated.py pip list
> ~/python_wkspce/rgd_mice/env/bin/python ~/.vscode/extensions/ms-toolsai.jupyter-2021.5.745244803/pythonFiles/pyvsc-run-isolated.py pip list
Info 2021-04-26 13:53:58: Process Execution: > ~/python_wkspce/rgd_mice/env/bin/python ~/.vscode/extensions/ms-toolsai.jupyter-2021.5.745244803/pythonFiles/pyvsc-run-isolated.py -c "import ipykernel"
> ~/python_wkspce/rgd_mice/env/bin/python ~/.vscode/extensions/ms-toolsai.jupyter-2021.5.745244803/pythonFiles/pyvsc-run-isolated.py -c "import ipykernel"
Info 2021-04-26 13:53:58: Loading colors from /home/val/.vscode/extensions/dracula-theme.theme-dracula-2.22.3/theme/dracula.json ...
Info 2021-04-26 13:53:58: Searching for token colors ...
Info 2021-04-26 13:53:58: Attempting search for colors ...
Info 2021-04-26 13:53:58: Loading colors from /home/val/.vscode/extensions/dracula-theme.theme-dracula-2.22.3/theme/dracula.json ...
Info 2021-04-26 13:53:58: Attempting search for colors ...
Info 2021-04-26 13:53:58: Loading base colors from /home/val/.vscode/extensions/dracula-theme.theme-dracula-2.22.3/theme/dracula.json ...
Info 2021-04-26 13:53:59: Searching for token colors ...
Info 2021-04-26 13:53:59: Attempting search for colors ...
Info 2021-04-26 13:53:59: Loading colors from /home/val/.vscode/extensions/dracula-theme.theme-dracula-2.22.3/theme/dracula.json ...
Info 2021-04-26 13:53:59: Loading colors from /home/val/.vscode/extensions/dracula-theme.theme-dracula-2.22.3/theme/dracula.json ...
Info 2021-04-26 13:53:59: Searching for token colors ...
Info 2021-04-26 13:53:59: Attempting search for colors ...
Info 2021-04-26 13:53:59: Loading colors from /home/val/.vscode/extensions/dracula-theme.theme-dracula-2.22.3/theme/dracula.json ...
Info 2021-04-26 13:53:59: Loading colors from /home/val/.vscode/extensions/dracula-theme.theme-dracula-2.22.3/theme/dracula.json ...
Info 2021-04-26 13:53:59: Attempting search for colors ...
Info 2021-04-26 13:53:59: Loading base colors from /home/val/.vscode/extensions/dracula-theme.theme-dracula-2.22.3/theme/dracula.json ...
Info 2021-04-26 13:53:59: Using colors to generate CSS ...
Info 2021-04-26 13:53:59: Loading colors from /home/val/.vscode/extensions/dracula-theme.theme-dracula-2.22.3/theme/dracula.json ...
Info 2021-04-26 13:53:59: Searching for token colors ...
Info 2021-04-26 13:53:59: Attempting search for colors ...
Info 2021-04-26 13:53:59: Loading colors from /home/val/.vscode/extensions/dracula-theme.theme-dracula-2.22.3/theme/dracula.json ...
Info 2021-04-26 13:53:59: Attempting search for colors ...
Info 2021-04-26 13:53:59: Loading base colors from /home/val/.vscode/extensions/dracula-theme.theme-dracula-2.22.3/theme/dracula.json ...
Info 2021-04-26 13:53:59: Attempting search for colors ...
Info 2021-04-26 13:53:59: Attempting search for colors ...
Info 2021-04-26 13:53:59: Loading base colors from /home/val/.vscode/extensions/dracula-theme.theme-dracula-2.22.3/theme/dracula.json ...
Info 2021-04-26 13:53:59: Loading base colors from /home/val/.vscode/extensions/dracula-theme.theme-dracula-2.22.3/theme/dracula.json ...
Info 2021-04-26 13:53:59: Attempting search for colors ...
Info 2021-04-26 13:53:59: Loading base colors from /home/val/.vscode/extensions/dracula-theme.theme-dracula-2.22.3/theme/dracula.json ...
Info 2021-04-26 13:53:59: Using colors to generate CSS ...
Info 2021-04-26 13:53:59: Attempting search for colors ...
Info 2021-04-26 13:53:59: Attempting search for colors ...
Info 2021-04-26 13:53:59: Loading base colors from /home/val/.vscode/extensions/dracula-theme.theme-dracula-2.22.3/theme/dracula.json ...
Info 2021-04-26 13:53:59: Loading base colors from /home/val/.vscode/extensions/dracula-theme.theme-dracula-2.22.3/theme/dracula.json ...
Info 2021-04-26 13:53:59: Using colors to generate CSS ...
Info 2021-04-26 13:53:59: Using colors to generate CSS ...
Info 2021-04-26 13:53:59: Using colors to generate CSS ...
Info 2021-04-26 13:53:59: Using colors to generate CSS ...
Info 2021-04-26 13:53:59: Using colors to generate CSS ...
Info 2021-04-26 13:53:59: Using colors to generate CSS ...
Info 2021-04-26 13:53:59: Install Missing Dependencies, Class name = v, completed in 789ms, has a falsy return value, Return Value: undefined
Info 2021-04-26 13:53:59: Kernel launching with ports 9000,9001,9002,9003,9004. Start port is 9000
Info 2021-04-26 13:53:59: Launching kernel daemon for Python 3.9.3 64-bit ('env') # /home/val/python_wkspce/rgd_mice/env/bin/python
Info 2021-04-26 13:53:59: No custom variables for Kernel as interpreter is not conda, but is undefined
Info 2021-04-26 13:53:59: Creating daemon process for /home/val/python_wkspce/rgd_mice/env/bin/python with env variables count 70
Info 2021-04-26 13:53:59: Process Execution: > ~/python_wkspce/rgd_mice/env/bin/python ~/.vscode/extensions/ms-toolsai.jupyter-2021.5.745244803/pythonFiles/pyvsc-run-isolated.py vscode_datascience_helpers.daemon --daemon-module=vscode_datascience_helpers.kernel_launcher_daemon -v
> ~/python_wkspce/rgd_mice/env/bin/python ~/.vscode/extensions/ms-toolsai.jupyter-2021.5.745244803/pythonFiles/pyvsc-run-isolated.py vscode_datascience_helpers.daemon --daemon-module=vscode_datascience_helpers.kernel_launcher_daemon -v
Info 2021-04-26 13:53:59: Python Daemon (pid: 38948): Execute rpc method exec_module in DS Daemon
Info 2021-04-26 13:53:59: Python Daemon (pid: 38948): Execute rpc method exec_module from /home/val/python_wkspce/rgd_mice/env/bin/python
Info 2021-04-26 13:53:59: Python Daemon (pid: 38948): Exec module in DS Kernel Launcher Daemon ipykernel_launcher with args ['--ip=127.0.0.1', '--stdin=9003', '--control=9001', '--hb=9000', '--Session.signature_scheme="hmac-sha256"', '--Session.key=b"8583a2db-b5fa-4f91-bf0f-8265b68f336b"', '--shell=9002', '--transport="tcp"', '--iopub=9004', '--f=/tmp/tmp-38652QsaWpR6t6GIk.json']
Info 2021-04-26 13:53:59: Python Daemon (pid: 38948): Exec in DS Kernel Launcher Daemon (observable) ipykernel_launcher with args ['--ip=127.0.0.1', '--stdin=9003', '--control=9001', '--hb=9000', '--Session.signature_scheme="hmac-sha256"', '--Session.key=b"8583a2db-b5fa-4f91-bf0f-8265b68f336b"', '--shell=9002', '--transport="tcp"', '--iopub=9004', '--f=/tmp/tmp-38652QsaWpR6t6GIk.json']
Info 2021-04-26 13:53:59: Python Daemon (pid: 38948): Exec in DS Kernel Launcher Daemon (observable) ['/home/val/python_wkspce/rgd_mice/env/bin/python', '-m', 'ipykernel_launcher', '--ip=127.0.0.1', '--stdin=9003', '--control=9001', '--hb=9000', '--Session.signature_scheme="hmac-sha256"', '--Session.key=b"8583a2db-b5fa-4f91-bf0f-8265b68f336b"', '--shell=9002', '--transport="tcp"', '--iopub=9004', '--f=/tmp/tmp-38652QsaWpR6t6GIk.json']
Info 2021-04-26 13:53:59: Python Daemon (pid: 38948): Exec in DS Kernel Launcher Daemon (observable)
Info 2021-04-26 13:53:59: Python Daemon (pid: 38948): Kernel launched, with PID 38949
Warn 2021-04-26 13:53:59: Python Daemon (pid: 38948): Waiting for Kernel to die 38949
Info 2021-04-26 13:53:59: Launching kernel daemon, Class name = h, completed in 313ms, has a truthy return value, Arg 1: <Uri:/home/val/python_wkspce/rgd_mice/notebooks/explo.ipynb>, Arg 2: "/home/val/python_wkspce/rgd_mice/notebooks", Arg 3: {"specFile":"/home/val/.local/share/jupyter/kernels/python393jvsc74a57bd020491d40c47ec2356f78d7f422bc54c2e7e4fb0022d436bb8acebe0bc21093a4/kernel.json","interpreterPath":"/home/val/python_wkspce/rgd_mice/env/bin/python","name":"python393jvsc74a57bd020491d40c47ec2356f78d7f422bc54c2e7e4fb0022d436bb8acebe0bc21093a4","argv":["python","-m","ipykernel_launcher","--ip=127.0.0.1","--stdin=9003","--control=9001","--hb=9000","--Session.signature_scheme=\"hmac-sha256\"","--Session.key=b\"8583a2db-b5fa-4f91-bf0f-8265b68f336b\"","--shell=9002","--transport=\"tcp\"","--iopub=9004","--f=/tmp/tmp-38652QsaWpR6t6GIk.json"],"language":"python","path":"python","display_name":"Python 3.9.3 64-bit ('env')","metadata":{"interpreter":{"architecture":3,"path":"/home/val/python_wkspce/rgd_mice/env/bin/python","version":{"options":{"loose":false,"includePrerelease":false},"loose":false,"raw":"3.9.3","major":3,"minor":9,"patch":3,"prerelease":[],"build":[],"version":"3.9.3"},"sysVersion":"3.9.3 (default, Apr  8 2021, 23:35:02) \n[GCC 10.2.0]","sysPrefix":"/home/val/python_wkspce/rgd_mice/env","fileHash":"5a3a204cf0f5814f7f0a99594d5fd52519995676d4d4970cec1eaabacc7923d82859c396d535bf970dcf9f1c2c0a4d0cee84bd7a7ff22bb97036614a27cb412b","envName":"env","type":"Venv","cachedEntry":true,"displayName":"Python 3.9.3 64-bit ('env')"}},"env":{}}, Arg 4: {"architecture":3,"path":"/home/val/python_wkspce/rgd_mice/env/bin/python","version":{"options":{"loose":false,"includePrerelease":false},"loose":false,"raw":"3.9.3","major":3,"minor":9,"patch":3,"prerelease":[],"build":[],"version":"3.9.3"},"sysVersion":"3.9.3 (default, Apr  8 2021, 23:35:02) \n[GCC 10.2.0]","sysPrefix":"/home/val/python_wkspce/rgd_mice/env","fileHash":"5a3a204cf0f5814f7f0a99594d5fd52519995676d4d4970cec1eaabacc7923d82859c396d535bf970dcf9f1c2c0a4d0cee84bd7a7ff22bb97036614a27cb412b","envName":"env","type":"Venv","cachedEntry":true,"displayName":"Python 3.9.3 64-bit ('env')"}, Return Value: <Return value cannot be serialized for logging>
Info 2021-04-26 13:53:59: Launching kernel in kernelProcess.ts, Class name = _, completed in 314ms, has a truthy return value, Arg 1: "/home/val/python_wkspce/rgd_mice/notebooks", Return Value: {"proc":{"_events":{},"_eventsCount":2,"_closesNeeded":3,"_closesGot":0,"connected":false,"signalCode":null,"exitCode":null,"killed":false,"spawnfile":"/home/val/python_wkspce/rgd_mice/env/bin/python","_handle":{"pid":38948},"spawnargs":["/home/val/python_wkspce/rgd_mice/env/bin/python","/home/val/.vscode/extensions/ms-toolsai.jupyter-2021.5.745244803/pythonFiles/pyvsc-run-isolated.py","vscode_datascience_helpers.daemon","--daemon-module=vscode_datascience_helpers.kernel_launcher_daemon","-v"],"pid":38948,"stdin":{"connecting":false,"_hadError":false,"_parent":null,"_host":null,"_readableState":{"objectMode":false,"highWaterMark":16384,"buffer":{"head":null,"tail":null,"length":0},"length":0,"pipes":null,"pipesCount":0,"flowing":null,"ended":false,"endEmitted":false,"reading":false,"sync":true,"needReadable":false,"emittedReadable":false,"readableListening":false,"resumeScheduled":false,"emitClose":false,"autoDestroy":false,"destroyed":false,"defaultEncoding":"utf8","awaitDrainWriters":null,"multiAwaitDrain":false,"readingMore":false,"decoder":null,"encoding":null},"readable":false,"_events":{},"_eventsCount":3,"_writableState":{"objectMode":false,"highWaterMark":16384,"finalCalled":false,"needDrain":false,"ending":false,"ended":false,"finished":false,"destroyed":false,"decodeStrings":false,"defaultEncoding":"utf8","length":0,"writing":false,"corked":0,"sync":false,"bufferProcessing":false,"writecb":null,"writelen":0,"afterWriteTickInfo":null,"bufferedRequest":null,"lastBufferedRequest":null,"pendingcb":0,"prefinished":false,"errorEmitted":false,"emitClose":false,"autoDestroy":false,"bufferedRequestCount":0,"corkedRequestsFree":{"next":null,"entry":null}},"writable":true,"allowHalfOpen":false,"_sockname":null,"_pendingData":null,"_pendingEncoding":"","server":null,"_server":null},"stdout":{"connecting":false,"_hadError":false,"_parent":null,"_host":null,"_readableState":{"objectMode":false,"highWaterMark":16384,"buffer":{"head":null,"tail":null,"length":0},"length":0,"pipes":null,"pipesCount":0,"flowing":true,"ended":false,"endEmitted":false,"reading":true,"sync":false,"needReadable":true,"emittedReadable":false,"readableListening":false,"resumeScheduled":false,"emitClose":false,"autoDestroy":false,"destroyed":false,"defaultEncoding":"utf8","awaitDrainWriters":null,"multiAwaitDrain":false,"readingMore":false,"decoder":null,"encoding":null},"readable":true,"_events":{"close":[null,null]},"_eventsCount":4,"_writableState":{"objectMode":false,"highWaterMark":16384,"finalCalled":false,"needDrain":false,"ending":false,"ended":false,"finished":false,"destroyed":false,"decodeStrings":false,"defaultEncoding":"utf8","length":0,"writing":false,"corked":0,"sync":true,"bufferProcessing":false,"writecb":null,"writelen":0,"afterWriteTickInfo":null,"bufferedRequest":null,"lastBufferedRequest":null,"pendingcb":0,"prefinished":false,"errorEmitted":false,"emitClose":false,"autoDestroy":false,"bufferedRequestCount":0,"corkedRequestsFree":{"next":null,"entry":null}},"writable":false,"allowHalfOpen":false,"_sockname":null,"_pendingData":null,"_pendingEncoding":"","server":null,"_server":null},"stderr":{"connecting":false,"_hadError":false,"_parent":null,"_host":null,"_readableState":{"objectMode":false,"highWaterMark":16384,"buffer":{"head":null,"tail":null,"length":0},"length":0,"pipes":null,"pipesCount":0,"flowing":true,"ended":false,"endEmitted":false,"reading":true,"sync":false,"needReadable":true,"emittedReadable":false,"readableListening":false,"resumeScheduled":false,"emitClose":false,"autoDestroy":false,"destroyed":false,"defaultEncoding":"utf8","awaitDrainWriters":null,"multiAwaitDrain":false,"readingMore":false,"decoder":null,"encoding":null},"readable":true,"_events":{},"_eventsCount":3,"_writableState":{"objectMode":false,"highWaterMark":16384,"finalCalled":false,"needDrain":false,"ending":false,"ended":false,"finished":false,"destroyed":false,"decodeStrings":false,"defaultEncoding":"utf8","length":0,"writing":false,"corked":0,"sync":true,"bufferProcessing":false,"writecb":null,"writelen":0,"afterWriteTickInfo":null,"bufferedRequest":null,"lastBufferedRequest":null,"pendingcb":0,"prefinished":false,"errorEmitted":false,"emitClose":false,"autoDestroy":false,"bufferedRequestCount":0,"corkedRequestsFree":{"next":null,"entry":null}},"writable":false,"allowHalfOpen":false,"_sockname":null,"_pendingData":null,"_pendingEncoding":"","server":null,"_server":null},"stdio":[{"connecting":false,"_hadError":false,"_parent":null,"_host":null,"_readableState":{"objectMode":false,"highWaterMark":16384,"buffer":{"head":null,"tail":null,"length":0},"length":0,"pipes":null,"pipesCount":0,"flowing":null,"ended":false,"endEmitted":false,"reading":false,"sync":true,"needReadable":false,"emittedReadable":false,"readableListening":false,"resumeScheduled":false,"emitClose":false,"autoDestroy":false,"destroyed":false,"defaultEncoding":"utf8","awaitDrainWriters":null,"multiAwaitDrain":false,"readingMore":false,"decoder":null,"encoding":null},"readable":false,"_events":{},"_eventsCount":3,"_writableState":{"objectMode":false,"highWaterMark":16384,"finalCalled":false,"needDrain":false,"ending":false,"ended":false,"finished":false,"destroyed":false,"decodeStrings":false,"defaultEncoding":"utf8","length":0,"writing":false,"corked":0,"sync":false,"bufferProcessing":false,"writecb":null,"writelen":0,"afterWriteTickInfo":null,"bufferedRequest":null,"lastBufferedRequest":null,"pendingcb":0,"prefinished":false,"errorEmitted":false,"emitClose":false,"autoDestroy":false,"bufferedRequestCount":0,"corkedRequestsFree":{"next":null,"entry":null}},"writable":true,"allowHalfOpen":false,"_sockname":null,"_pendingData":null,"_pendingEncoding":"","server":null,"_server":null},{"connecting":false,"_hadError":false,"_parent":null,"_host":null,"_readableState":{"objectMode":false,"highWaterMark":16384,"buffer":{"head":null,"tail":null,"length":0},"length":0,"pipes":null,"pipesCount":0,"flowing":true,"ended":false,"endEmitted":false,"reading":true,"sync":false,"needReadable":true,"emittedReadable":false,"readableListening":false,"resumeScheduled":false,"emitClose":false,"autoDestroy":false,"destroyed":false,"defaultEncoding":"utf8","awaitDrainWriters":null,"multiAwaitDrain":false,"readingMore":false,"decoder":null,"encoding":null},"readable":true,"_events":{"close":[null,null]},"_eventsCount":4,"_writableState":{"objectMode":false,"highWaterMark":16384,"finalCalled":false,"needDrain":false,"ending":false,"ended":false,"finished":false,"destroyed":false,"decodeStrings":false,"defaultEncoding":"utf8","length":0,"writing":false,"corked":0,"sync":true,"bufferProcessing":false,"writecb":null,"writelen":0,"afterWriteTickInfo":null,"bufferedRequest":null,"lastBufferedRequest":null,"pendingcb":0,"prefinished":false,"errorEmitted":false,"emitClose":false,"autoDestroy":false,"bufferedRequestCount":0,"corkedRequestsFree":{"next":null,"entry":null}},"writable":false,"allowHalfOpen":false,"_sockname":null,"_pendingData":null,"_pendingEncoding":"","server":null,"_server":null},{"connecting":false,"_hadError":false,"_parent":null,"_host":null,"_readableState":{"objectMode":false,"highWaterMark":16384,"buffer":{"head":null,"tail":null,"length":0},"length":0,"pipes":null,"pipesCount":0,"flowing":true,"ended":false,"endEmitted":false,"reading":true,"sync":false,"needReadable":true,"emittedReadable":false,"readableListening":false,"resumeScheduled":false,"emitClose":false,"autoDestroy":false,"destroyed":false,"defaultEncoding":"utf8","awaitDrainWriters":null,"multiAwaitDrain":false,"readingMore":false,"decoder":null,"encoding":null},"readable":true,"_events":{},"_eventsCount":3,"_writableState":{"objectMode":false,"highWaterMark":16384,"finalCalled":false,"needDrain":false,"ending":false,"ended":false,"finished":false,"destroyed":false,"decodeStrings":false,"defaultEncoding":"utf8","length":0,"writing":false,"corked":0,"sync":true,"bufferProcessing":false,"writecb":null,"writelen":0,"afterWriteTickInfo":null,"bufferedRequest":null,"lastBufferedRequest":null,"pendingcb":0,"prefinished":false,"errorEmitted":false,"emitClose":false,"autoDestroy":false,"bufferedRequestCount":0,"corkedRequestsFree":{"next":null,"entry":null}},"writable":false,"allowHalfOpen":false,"_sockname":null,"_pendingData":null,"_pendingEncoding":"","server":null,"_server":null}]},"out":{"_isScalar":false,"observers":[],"closed":false,"isStopped":false,"hasError":false,"thrownError":null}}
Info 2021-04-26 13:53:59: Creating daemon pool for /home/val/python_wkspce/hecktor_private/env/bin/python with env variables count 70
Info 2021-04-26 13:53:59: Process Execution: > ~/python_wkspce/hecktor_private/env/bin/python ~/.vscode/extensions/ms-toolsai.jupyter-2021.5.745244803/pythonFiles/pyvsc-run-isolated.py vscode_datascience_helpers.daemon --daemon-module=vscode_datascience_helpers.jupyter_daemon -v
> ~/python_wkspce/hecktor_private/env/bin/python ~/.vscode/extensions/ms-toolsai.jupyter-2021.5.745244803/pythonFiles/pyvsc-run-isolated.py vscode_datascience_helpers.daemon --daemon-module=vscode_datascience_helpers.jupyter_daemon -v
Info 2021-04-26 13:53:59: Process Execution: > ~/python_wkspce/hecktor_private/env/bin/python ~/.vscode/extensions/ms-toolsai.jupyter-2021.5.745244803/pythonFiles/pyvsc-run-isolated.py vscode_datascience_helpers.daemon --daemon-module=vscode_datascience_helpers.jupyter_daemon -v
> ~/python_wkspce/hecktor_private/env/bin/python ~/.vscode/extensions/ms-toolsai.jupyter-2021.5.745244803/pythonFiles/pyvsc-run-isolated.py vscode_datascience_helpers.daemon --daemon-module=vscode_datascience_helpers.jupyter_daemon -v
Info 2021-04-26 13:53:59: Process Execution: > ~/python_wkspce/hecktor_private/env/bin/python ~/.vscode/extensions/ms-toolsai.jupyter-2021.5.745244803/pythonFiles/pyvsc-run-isolated.py vscode_datascience_helpers.daemon --daemon-module=vscode_datascience_helpers.jupyter_daemon -v
> ~/python_wkspce/hecktor_private/env/bin/python ~/.vscode/extensions/ms-toolsai.jupyter-2021.5.745244803/pythonFiles/pyvsc-run-isolated.py vscode_datascience_helpers.daemon --daemon-module=vscode_datascience_helpers.jupyter_daemon -v
Info 2021-04-26 13:53:59: KernelProcess output: Content-Length: 358
Content-Type: application/vscode-jsonrpc; charset=utf8

{"jsonrpc": "2.0", "method": "log", "params": {"level": "INFO", "msg": "write to stderr: /home/val/python_wkspce/rgd_mice/env/lib/python3.9/site-packages/traitlets/traitlets.py:2196: FutureWarning: Supporting extra quotes around Unicode is deprecated in traitlets 5.0. Use 'hmac-sha256' instead of '\"hmac-sha256\"' \u2013 or use CUnicode.\n", "pid": 38948}}
Info 2021-04-26 13:53:59: Python Daemon (pid: 38948): write to stderr: /home/val/python_wkspce/rgd_mice/env/lib/python3.9/site-packages/traitlets/traitlets.py:2196: FutureWarning: Supporting extra quotes around Unicode is deprecated in traitlets 5.0. Use 'hmac-sha256' instead of '"hmac-sha256"' – or use CUnicode.

Info 2021-04-26 13:53:59: KernelProcess output: Content-Length: 333
Content-Type: application/vscode-jsonrpc; charset=utf8

{"jsonrpc": "2.0", "method": "output", "params": {"source": "stderr", "out": "/home/val/python_wkspce/rgd_mice/env/lib/python3.9/site-packages/traitlets/traitlets.py:2196: FutureWarning: Supporting extra quotes around Unicode is deprecated in traitlets 5.0. Use 'hmac-sha256' instead of '\"hmac-sha256\"' \u2013 or use CUnicode.\n"}}Content-Length: 115
Content-Type: application/vscode-jsonrpc; charset=utf8

{"jsonrpc": "2.0", "method": "log", "params": {"level": "INFO", "msg": "write to stderr:   warn(\n", "pid": 38948}}Content-Length: 90
Content-Type: application/vscode-jsonrpc; charset=utf8

{"jsonrpc": "2.0", "method": "output", "params": {"source": "stderr", "out": "  warn(\n"}}Content-Length: 384
Content-Type: application/vscode-jsonrpc; charset=utf8

{"jsonrpc": "2.0", "method": "log", "params": {"level": "INFO", "msg": "write to stderr: /home/val/python_wkspce/rgd_mice/env/lib/python3.9/site-packages/traitlets/traitlets.py:2151: FutureWarning: Supporting extra quotes around Bytes is deprecated in traitlets 5.0. Use '8583a2db-b5fa-4f91-bf0f-8265b68f336b' instead of 'b\"8583a2db-b5fa-4f91-bf0f-8265b68f336b\"'.\n", "pid": 38948}}Content-Length: 359
Content-Type: application/vscode-jsonrpc; charset=utf8

{"jsonrpc": "2.0", "method": "output", "params": {"source": "stderr", "out": "/home/val/python_wkspce/rgd_mice/env/lib/python3.9/site-packages/traitlets/traitlets.py:2151: FutureWarning: Supporting extra quotes around Bytes is deprecated in traitlets 5.0. Use '8583a2db-b5fa-4f91-bf0f-8265b68f336b' instead of 'b\"8583a2db-b5fa-4f91-bf0f-8265b68f336b\"'.\n"}}Content-Length: 115
Content-Type: application/vscode-jsonrpc; charset=utf8

{"jsonrpc": "2.0", "method": "log", "params": {"level": "INFO", "msg": "write to stderr:   warn(\n", "pid": 38948}}Content-Length: 90
Content-Type: application/vscode-jsonrpc; charset=utf8

{"jsonrpc": "2.0", "method": "output", "params": {"source": "stderr", "out": "  warn(\n"}}
Warn 2021-04-26 13:53:59: Kernel 38948 as possibly died, StdErr from Kernel Process /home/val/python_wkspce/rgd_mice/env/lib/python3.9/site-packages/traitlets/traitlets.py:2196: FutureWarning: Supporting extra quotes around Unicode is deprecated in traitlets 5.0. Use 'hmac-sha256' instead of '"hmac-sha256"' – or use CUnicode.

Warn 2021-04-26 13:53:59: StdErr from Kernel Process /home/val/python_wkspce/rgd_mice/env/lib/python3.9/site-packages/traitlets/traitlets.py:2196: FutureWarning: Supporting extra quotes around Unicode is deprecated in traitlets 5.0. Use 'hmac-sha256' instead of '"hmac-sha256"' – or use CUnicode.

Info 2021-04-26 13:53:59: Python Daemon (pid: 38948): write to stderr:   warn(

Warn 2021-04-26 13:53:59: Kernel 38948 as possibly died, StdErr from Kernel Process   warn(

Warn 2021-04-26 13:53:59: StdErr from Kernel Process   warn(

Info 2021-04-26 13:53:59: Python Daemon (pid: 38948): write to stderr: /home/val/python_wkspce/rgd_mice/env/lib/python3.9/site-packages/traitlets/traitlets.py:2151: FutureWarning: Supporting extra quotes around Bytes is deprecated in traitlets 5.0. Use '8583a2db-b5fa-4f91-bf0f-8265b68f336b' instead of 'b"8583a2db-b5fa-4f91-bf0f-8265b68f336b"'.

Warn 2021-04-26 13:53:59: Kernel 38948 as possibly died, StdErr from Kernel Process /home/val/python_wkspce/rgd_mice/env/lib/python3.9/site-packages/traitlets/traitlets.py:2151: FutureWarning: Supporting extra quotes around Bytes is deprecated in traitlets 5.0. Use '8583a2db-b5fa-4f91-bf0f-8265b68f336b' instead of 'b"8583a2db-b5fa-4f91-bf0f-8265b68f336b"'.

Warn 2021-04-26 13:53:59: StdErr from Kernel Process /home/val/python_wkspce/rgd_mice/env/lib/python3.9/site-packages/traitlets/traitlets.py:2151: FutureWarning: Supporting extra quotes around Bytes is deprecated in traitlets 5.0. Use '8583a2db-b5fa-4f91-bf0f-8265b68f336b' instead of 'b"8583a2db-b5fa-4f91-bf0f-8265b68f336b"'.

Info 2021-04-26 13:53:59: Python Daemon (pid: 38948): write to stderr:   warn(

Warn 2021-04-26 13:53:59: Kernel 38948 as possibly died, StdErr from Kernel Process   warn(

Warn 2021-04-26 13:53:59: StdErr from Kernel Process   warn(

Info 2021-04-26 13:53:59: Raw session started and connected
Started kernel Python 3.9.3 64-bit ('env')
Info 2021-04-26 13:53:59: Initial setup for file:///home/val/python_wkspce/rgd_mice/notebooks/explo.ipynb starting ...
Info 2021-04-26 13:53:59: UpdateWorkingDirectoryAndPath
Info 2021-04-26 13:53:59: Kernel switching to busy
Info 2021-04-26 13:53:59: Kernel switching to idle
Info 2021-04-26 13:53:59: Starting raw kernel Python 3.9.3 64-bit ('env')
Info 2021-04-26 13:53:59: installMissingDependencies /home/val/python_wkspce/rgd_mice/env/bin/python
Info 2021-04-26 13:53:59: Process Execution: > ~/python_wkspce/rgd_mice/env/bin/python ~/.vscode/extensions/ms-toolsai.jupyter-2021.5.745244803/pythonFiles/pyvsc-run-isolated.py -c "import ipykernel"
> ~/python_wkspce/rgd_mice/env/bin/python ~/.vscode/extensions/ms-toolsai.jupyter-2021.5.745244803/pythonFiles/pyvsc-run-isolated.py -c "import ipykernel"
Info 2021-04-26 13:53:59: Kernel switching to busy
Info 2021-04-26 13:53:59: Kernel switching to idle
Info 2021-04-26 13:53:59: Initial setup complete for file:///home/val/python_wkspce/rgd_mice/notebooks/explo.ipynb
Info 2021-04-26 13:53:59: Finished connecting f5a4f354-15bb-4d75-a799-f5423e6cd810
Info 2021-04-26 13:53:59: Registering commtarget jupyter.widget
Info 2021-04-26 13:54:00: Creating daemon process for /home/val/python_wkspce/rgd_mice/env/bin/python3.9 with env variables count 70
Info 2021-04-26 13:54:00: Process Execution: > ~/python_wkspce/rgd_mice/env/bin/python3.9 ~/.vscode/extensions/ms-toolsai.jupyter-2021.5.745244803/pythonFiles/pyvsc-run-isolated.py vscode_datascience_helpers.daemon --daemon-module=vscode_datascience_helpers.kernel_launcher_daemon -v
> ~/python_wkspce/rgd_mice/env/bin/python3.9 ~/.vscode/extensions/ms-toolsai.jupyter-2021.5.745244803/pythonFiles/pyvsc-run-isolated.py vscode_datascience_helpers.daemon --daemon-module=vscode_datascience_helpers.kernel_launcher_daemon -v
Info 2021-04-26 13:54:00: Install Missing Dependencies, Class name = v, completed in 325ms, has a falsy return value, Return Value: undefined
Info 2021-04-26 13:54:00: Kernel launching with ports 9005,9006,9007,9008,9009. Start port is 9000
Info 2021-04-26 13:54:00: Launching kernel daemon for Python 3.9.3 64-bit ('env') # /home/val/python_wkspce/rgd_mice/env/bin/python
Info 2021-04-26 13:54:00: Creating daemon process for /home/val/python_wkspce/rgd_mice/env/bin/python with env variables count 70
Info 2021-04-26 13:54:00: Process Execution: > ~/python_wkspce/rgd_mice/env/bin/python ~/.vscode/extensions/ms-toolsai.jupyter-2021.5.745244803/pythonFiles/pyvsc-run-isolated.py vscode_datascience_helpers.daemon --daemon-module=vscode_datascience_helpers.kernel_launcher_daemon -v
> ~/python_wkspce/rgd_mice/env/bin/python ~/.vscode/extensions/ms-toolsai.jupyter-2021.5.745244803/pythonFiles/pyvsc-run-isolated.py vscode_datascience_helpers.daemon --daemon-module=vscode_datascience_helpers.kernel_launcher_daemon -v
Info 2021-04-26 13:54:00: No custom variables for Kernel as interpreter is not conda, but is undefined
Info 2021-04-26 13:54:00: Python Daemon (pid: 38974): Execute rpc method prewarm_kernel in DS Daemon
Info 2021-04-26 13:54:00: Python Daemon (pid: 38974): Execute rpc method prewarm_kernel from /home/val/python_wkspce/rgd_mice/env/bin/python3.9
Info 2021-04-26 13:54:00: Python Daemon (pid: 38974): Pre-Warm DS Kernel in DS Kernel Launcher Daemon
Info 2021-04-26 13:54:00: Python Daemon (pid: 38974): Exec in DS Kernel Launcher Daemon (observable) ['/home/val/python_wkspce/rgd_mice/env/bin/python3.9', '/home/val/.vscode/extensions/ms-toolsai.jupyter-2021.5.745244803/pythonFiles/vscode_datascience_helpers/../pyvsc-run-isolated.py', '/home/val/.vscode/extensions/ms-toolsai.jupyter-2021.5.745244803/pythonFiles/vscode_datascience_helpers/kernel_prewarm_starter.py']
Info 2021-04-26 13:54:00: Python Daemon (pid: 38974): Exec in DS Kernel Launcher Daemon (observable)
Info 2021-04-26 13:54:00: Python Daemon (pid: 38974): Kernel launched, with PID 38976
Warn 2021-04-26 13:54:00: Python Daemon (pid: 38974): Waiting for Kernel to die 38976
Info 2021-04-26 13:54:00: Python Daemon (pid: 38974): Kernel launched, with PID as a daemon 38976
Info 2021-04-26 13:54:00: Python Daemon (pid: 38975): Execute rpc method exec_module in DS Daemon
Info 2021-04-26 13:54:00: Python Daemon (pid: 38975): Execute rpc method exec_module from /home/val/python_wkspce/rgd_mice/env/bin/python
Info 2021-04-26 13:54:00: Python Daemon (pid: 38975): Exec module in DS Kernel Launcher Daemon ipykernel_launcher with args ['--ip=127.0.0.1', '--stdin=9008', '--control=9006', '--hb=9005', '--Session.signature_scheme="hmac-sha256"', '--Session.key=b"9bd42eae-96b5-44dd-961a-23a0404b1d74"', '--shell=9007', '--transport="tcp"', '--iopub=9009', '--f=/tmp/tmp-386529UMmzIasMqJy.json']
Info 2021-04-26 13:54:00: Python Daemon (pid: 38975): Exec in DS Kernel Launcher Daemon (observable) ipykernel_launcher with args ['--ip=127.0.0.1', '--stdin=9008', '--control=9006', '--hb=9005', '--Session.signature_scheme="hmac-sha256"', '--Session.key=b"9bd42eae-96b5-44dd-961a-23a0404b1d74"', '--shell=9007', '--transport="tcp"', '--iopub=9009', '--f=/tmp/tmp-386529UMmzIasMqJy.json']
Info 2021-04-26 13:54:00: Python Daemon (pid: 38975): Exec in DS Kernel Launcher Daemon (observable) ['/home/val/python_wkspce/rgd_mice/env/bin/python', '-m', 'ipykernel_launcher', '--ip=127.0.0.1', '--stdin=9008', '--control=9006', '--hb=9005', '--Session.signature_scheme="hmac-sha256"', '--Session.key=b"9bd42eae-96b5-44dd-961a-23a0404b1d74"', '--shell=9007', '--transport="tcp"', '--iopub=9009', '--f=/tmp/tmp-386529UMmzIasMqJy.json']
Info 2021-04-26 13:54:00: Python Daemon (pid: 38975): Exec in DS Kernel Launcher Daemon (observable)
Info 2021-04-26 13:54:00: Python Daemon (pid: 38975): Kernel launched, with PID 38980
Warn 2021-04-26 13:54:00: Python Daemon (pid: 38975): Waiting for Kernel to die 38980
Info 2021-04-26 13:54:00: Launching kernel daemon, Class name = h, completed in 74ms, has a truthy return value, Arg 1: <Uri:/home/val/python_wkspce/rgd_mice/notebooks/explo.ipynb>, Arg 2: "/home/val/python_wkspce/rgd_mice/notebooks", Arg 3: {"specFile":"/home/val/.local/share/jupyter/kernels/python393jvsc74a57bd020491d40c47ec2356f78d7f422bc54c2e7e4fb0022d436bb8acebe0bc21093a4/kernel.json","interpreterPath":"/home/val/python_wkspce/rgd_mice/env/bin/python","name":"python393jvsc74a57bd020491d40c47ec2356f78d7f422bc54c2e7e4fb0022d436bb8acebe0bc21093a4","argv":["python","-m","ipykernel_launcher","--ip=127.0.0.1","--stdin=9008","--control=9006","--hb=9005","--Session.signature_scheme=\"hmac-sha256\"","--Session.key=b\"9bd42eae-96b5-44dd-961a-23a0404b1d74\"","--shell=9007","--transport=\"tcp\"","--iopub=9009","--f=/tmp/tmp-386529UMmzIasMqJy.json"],"language":"python","path":"python","display_name":"Python 3.9.3 64-bit ('env')","metadata":{"interpreter":{"architecture":3,"path":"/home/val/python_wkspce/rgd_mice/env/bin/python","version":{"options":{"loose":false,"includePrerelease":false},"loose":false,"raw":"3.9.3","major":3,"minor":9,"patch":3,"prerelease":[],"build":[],"version":"3.9.3"},"sysVersion":"3.9.3 (default, Apr  8 2021, 23:35:02) \n[GCC 10.2.0]","sysPrefix":"/home/val/python_wkspce/rgd_mice/env","fileHash":"5a3a204cf0f5814f7f0a99594d5fd52519995676d4d4970cec1eaabacc7923d82859c396d535bf970dcf9f1c2c0a4d0cee84bd7a7ff22bb97036614a27cb412b","envName":"env","type":"Venv","cachedEntry":true,"displayName":"Python 3.9.3 64-bit ('env')"}},"env":{}}, Arg 4: {"architecture":3,"path":"/home/val/python_wkspce/rgd_mice/env/bin/python","version":{"options":{"loose":false,"includePrerelease":false},"loose":false,"raw":"3.9.3","major":3,"minor":9,"patch":3,"prerelease":[],"build":[],"version":"3.9.3"},"sysVersion":"3.9.3 (default, Apr  8 2021, 23:35:02) \n[GCC 10.2.0]","sysPrefix":"/home/val/python_wkspce/rgd_mice/env","fileHash":"5a3a204cf0f5814f7f0a99594d5fd52519995676d4d4970cec1eaabacc7923d82859c396d535bf970dcf9f1c2c0a4d0cee84bd7a7ff22bb97036614a27cb412b","envName":"env","type":"Venv","cachedEntry":true,"displayName":"Python 3.9.3 64-bit ('env')"}, Return Value: <Return value cannot be serialized for logging>
Info 2021-04-26 13:54:00: Launching kernel in kernelProcess.ts, Class name = _, completed in 74ms, has a truthy return value, Arg 1: "/home/val/python_wkspce/rgd_mice/notebooks", Return Value: {"proc":{"_events":{},"_eventsCount":2,"_closesNeeded":3,"_closesGot":0,"connected":false,"signalCode":null,"exitCode":null,"killed":false,"spawnfile":"/home/val/python_wkspce/rgd_mice/env/bin/python","_handle":{"pid":38975},"spawnargs":["/home/val/python_wkspce/rgd_mice/env/bin/python","/home/val/.vscode/extensions/ms-toolsai.jupyter-2021.5.745244803/pythonFiles/pyvsc-run-isolated.py","vscode_datascience_helpers.daemon","--daemon-module=vscode_datascience_helpers.kernel_launcher_daemon","-v"],"pid":38975,"stdin":{"connecting":false,"_hadError":false,"_parent":null,"_host":null,"_readableState":{"objectMode":false,"highWaterMark":16384,"buffer":{"head":null,"tail":null,"length":0},"length":0,"pipes":null,"pipesCount":0,"flowing":null,"ended":false,"endEmitted":false,"reading":false,"sync":true,"needReadable":false,"emittedReadable":false,"readableListening":false,"resumeScheduled":false,"emitClose":false,"autoDestroy":false,"destroyed":false,"defaultEncoding":"utf8","awaitDrainWriters":null,"multiAwaitDrain":false,"readingMore":false,"decoder":null,"encoding":null},"readable":false,"_events":{},"_eventsCount":3,"_writableState":{"objectMode":false,"highWaterMark":16384,"finalCalled":false,"needDrain":false,"ending":false,"ended":false,"finished":false,"destroyed":false,"decodeStrings":false,"defaultEncoding":"utf8","length":0,"writing":false,"corked":0,"sync":false,"bufferProcessing":false,"writecb":null,"writelen":0,"afterWriteTickInfo":null,"bufferedRequest":null,"lastBufferedRequest":null,"pendingcb":0,"prefinished":false,"errorEmitted":false,"emitClose":false,"autoDestroy":false,"bufferedRequestCount":0,"corkedRequestsFree":{"next":null,"entry":null}},"writable":true,"allowHalfOpen":false,"_sockname":null,"_pendingData":null,"_pendingEncoding":"","server":null,"_server":null},"stdout":{"connecting":false,"_hadError":false,"_parent":null,"_host":null,"_readableState":{"objectMode":false,"highWaterMark":16384,"buffer":{"head":null,"tail":null,"length":0},"length":0,"pipes":null,"pipesCount":0,"flowing":true,"ended":false,"endEmitted":false,"reading":true,"sync":false,"needReadable":true,"emittedReadable":false,"readableListening":false,"resumeScheduled":false,"emitClose":false,"autoDestroy":false,"destroyed":false,"defaultEncoding":"utf8","awaitDrainWriters":null,"multiAwaitDrain":false,"readingMore":false,"decoder":null,"encoding":null},"readable":true,"_events":{"close":[null,null]},"_eventsCount":4,"_writableState":{"objectMode":false,"highWaterMark":16384,"finalCalled":false,"needDrain":false,"ending":false,"ended":false,"finished":false,"destroyed":false,"decodeStrings":false,"defaultEncoding":"utf8","length":0,"writing":false,"corked":0,"sync":true,"bufferProcessing":false,"writecb":null,"writelen":0,"afterWriteTickInfo":null,"bufferedRequest":null,"lastBufferedRequest":null,"pendingcb":0,"prefinished":false,"errorEmitted":false,"emitClose":false,"autoDestroy":false,"bufferedRequestCount":0,"corkedRequestsFree":{"next":null,"entry":null}},"writable":false,"allowHalfOpen":false,"_sockname":null,"_pendingData":null,"_pendingEncoding":"","server":null,"_server":null},"stderr":{"connecting":false,"_hadError":false,"_parent":null,"_host":null,"_readableState":{"objectMode":false,"highWaterMark":16384,"buffer":{"head":null,"tail":null,"length":0},"length":0,"pipes":null,"pipesCount":0,"flowing":true,"ended":false,"endEmitted":false,"reading":true,"sync":false,"needReadable":true,"emittedReadable":false,"readableListening":false,"resumeScheduled":false,"emitClose":false,"autoDestroy":false,"destroyed":false,"defaultEncoding":"utf8","awaitDrainWriters":null,"multiAwaitDrain":false,"readingMore":false,"decoder":null,"encoding":null},"readable":true,"_events":{},"_eventsCount":3,"_writableState":{"objectMode":false,"highWaterMark":16384,"finalCalled":false,"needDrain":false,"ending":false,"ended":false,"finished":false,"destroyed":false,"decodeStrings":false,"defaultEncoding":"utf8","length":0,"writing":false,"corked":0,"sync":true,"bufferProcessing":false,"writecb":null,"writelen":0,"afterWriteTickInfo":null,"bufferedRequest":null,"lastBufferedRequest":null,"pendingcb":0,"prefinished":false,"errorEmitted":false,"emitClose":false,"autoDestroy":false,"bufferedRequestCount":0,"corkedRequestsFree":{"next":null,"entry":null}},"writable":false,"allowHalfOpen":false,"_sockname":null,"_pendingData":null,"_pendingEncoding":"","server":null,"_server":null},"stdio":[{"connecting":false,"_hadError":false,"_parent":null,"_host":null,"_readableState":{"objectMode":false,"highWaterMark":16384,"buffer":{"head":null,"tail":null,"length":0},"length":0,"pipes":null,"pipesCount":0,"flowing":null,"ended":false,"endEmitted":false,"reading":false,"sync":true,"needReadable":false,"emittedReadable":false,"readableListening":false,"resumeScheduled":false,"emitClose":false,"autoDestroy":false,"destroyed":false,"defaultEncoding":"utf8","awaitDrainWriters":null,"multiAwaitDrain":false,"readingMore":false,"decoder":null,"encoding":null},"readable":false,"_events":{},"_eventsCount":3,"_writableState":{"objectMode":false,"highWaterMark":16384,"finalCalled":false,"needDrain":false,"ending":false,"ended":false,"finished":false,"destroyed":false,"decodeStrings":false,"defaultEncoding":"utf8","length":0,"writing":false,"corked":0,"sync":false,"bufferProcessing":false,"writecb":null,"writelen":0,"afterWriteTickInfo":null,"bufferedRequest":null,"lastBufferedRequest":null,"pendingcb":0,"prefinished":false,"errorEmitted":false,"emitClose":false,"autoDestroy":false,"bufferedRequestCount":0,"corkedRequestsFree":{"next":null,"entry":null}},"writable":true,"allowHalfOpen":false,"_sockname":null,"_pendingData":null,"_pendingEncoding":"","server":null,"_server":null},{"connecting":false,"_hadError":false,"_parent":null,"_host":null,"_readableState":{"objectMode":false,"highWaterMark":16384,"buffer":{"head":null,"tail":null,"length":0},"length":0,"pipes":null,"pipesCount":0,"flowing":true,"ended":false,"endEmitted":false,"reading":true,"sync":false,"needReadable":true,"emittedReadable":false,"readableListening":false,"resumeScheduled":false,"emitClose":false,"autoDestroy":false,"destroyed":false,"defaultEncoding":"utf8","awaitDrainWriters":null,"multiAwaitDrain":false,"readingMore":false,"decoder":null,"encoding":null},"readable":true,"_events":{"close":[null,null]},"_eventsCount":4,"_writableState":{"objectMode":false,"highWaterMark":16384,"finalCalled":false,"needDrain":false,"ending":false,"ended":false,"finished":false,"destroyed":false,"decodeStrings":false,"defaultEncoding":"utf8","length":0,"writing":false,"corked":0,"sync":true,"bufferProcessing":false,"writecb":null,"writelen":0,"afterWriteTickInfo":null,"bufferedRequest":null,"lastBufferedRequest":null,"pendingcb":0,"prefinished":false,"errorEmitted":false,"emitClose":false,"autoDestroy":false,"bufferedRequestCount":0,"corkedRequestsFree":{"next":null,"entry":null}},"writable":false,"allowHalfOpen":false,"_sockname":null,"_pendingData":null,"_pendingEncoding":"","server":null,"_server":null},{"connecting":false,"_hadError":false,"_parent":null,"_host":null,"_readableState":{"objectMode":false,"highWaterMark":16384,"buffer":{"head":null,"tail":null,"length":0},"length":0,"pipes":null,"pipesCount":0,"flowing":true,"ended":false,"endEmitted":false,"reading":true,"sync":false,"needReadable":true,"emittedReadable":false,"readableListening":false,"resumeScheduled":false,"emitClose":false,"autoDestroy":false,"destroyed":false,"defaultEncoding":"utf8","awaitDrainWriters":null,"multiAwaitDrain":false,"readingMore":false,"decoder":null,"encoding":null},"readable":true,"_events":{},"_eventsCount":3,"_writableState":{"objectMode":false,"highWaterMark":16384,"finalCalled":false,"needDrain":false,"ending":false,"ended":false,"finished":false,"destroyed":false,"decodeStrings":false,"defaultEncoding":"utf8","length":0,"writing":false,"corked":0,"sync":true,"bufferProcessing":false,"writecb":null,"writelen":0,"afterWriteTickInfo":null,"bufferedRequest":null,"lastBufferedRequest":null,"pendingcb":0,"prefinished":false,"errorEmitted":false,"emitClose":false,"autoDestroy":false,"bufferedRequestCount":0,"corkedRequestsFree":{"next":null,"entry":null}},"writable":false,"allowHalfOpen":false,"_sockname":null,"_pendingData":null,"_pendingEncoding":"","server":null,"_server":null}]},"out":{"_isScalar":false,"observers":[],"closed":false,"isStopped":false,"hasError":false,"thrownError":null}}
Info 2021-04-26 13:54:00: KernelProcess output: Content-Length: 358
Content-Type: application/vscode-jsonrpc; charset=utf8

{"jsonrpc": "2.0", "method": "log", "params": {"level": "INFO", "msg": "write to stderr: /home/val/python_wkspce/rgd_mice/env/lib/python3.9/site-packages/traitlets/traitlets.py:2196: FutureWarning: Supporting extra quotes around Unicode is deprecated in traitlets 5.0. Use 'hmac-sha256' instead of '\"hmac-sha256\"' \u2013 or use CUnicode.\n", "pid": 38975}}Content-Length: 333
Content-Type: application/vscode-jsonrpc; charset=utf8

{"jsonrpc": "2.0", "method": "output", "params": {"source": "stderr", "out": "/home/val/python_wkspce/rgd_mice/env/lib/python3.9/site-packages/traitlets/traitlets.py:2196: FutureWarning: Supporting extra quotes around Unicode is deprecated in traitlets 5.0. Use 'hmac-sha256' instead of '\"hmac-sha256\"' \u2013 or use CUnicode.\n"}}
Info 2021-04-26 13:54:00: Python Daemon (pid: 38975): write to stderr: /home/val/python_wkspce/rgd_mice/env/lib/python3.9/site-packages/traitlets/traitlets.py:2196: FutureWarning: Supporting extra quotes around Unicode is deprecated in traitlets 5.0. Use 'hmac-sha256' instead of '"hmac-sha256"' – or use CUnicode.

Info 2021-04-26 13:54:00: KernelProcess output: Content-Length: 115
Content-Type: application/vscode-jsonrpc; charset=utf8

{"jsonrpc": "2.0", "method": "log", "params": {"level": "INFO", "msg": "write to stderr:   warn(\n", "pid": 38975}}Content-Length: 90
Content-Type: application/vscode-jsonrpc; charset=utf8

{"jsonrpc": "2.0", "method": "output", "params": {"source": "stderr", "out": "  warn(\n"}}Content-Length: 384
Content-Type: application/vscode-jsonrpc; charset=utf8

{"jsonrpc": "2.0", "method": "log", "params": {"level": "INFO", "msg": "write to stderr: /home/val/python_wkspce/rgd_mice/env/lib/python3.9/site-packages/traitlets/traitlets.py:2151: FutureWarning: Supporting extra quotes around Bytes is deprecated in traitlets 5.0. Use '9bd42eae-96b5-44dd-961a-23a0404b1d74' instead of 'b\"9bd42eae-96b5-44dd-961a-23a0404b1d74\"'.\n", "pid": 38975}}Content-Length: 359
Content-Type: application/vscode-jsonrpc; charset=utf8

{"jsonrpc": "2.0", "method": "output", "params": {"source": "stderr", "out": "/home/val/python_wkspce/rgd_mice/env/lib/python3.9/site-packages/traitlets/traitlets.py:2151: FutureWarning: Supporting extra quotes around Bytes is deprecated in traitlets 5.0. Use '9bd42eae-96b5-44dd-961a-23a0404b1d74' instead of 'b\"9bd42eae-96b5-44dd-961a-23a0404b1d74\"'.\n"}}Content-Length: 115
Content-Type: application/vscode-jsonrpc; charset=utf8

{"jsonrpc": "2.0", "method": "log", "params": {"level": "INFO", "msg": "write to stderr:   warn(\n", "pid": 38975}}Content-Length: 90
Content-Type: application/vscode-jsonrpc; charset=utf8

{"jsonrpc": "2.0", "method": "output", "params": {"source": "stderr", "out": "  warn(\n"}}
Warn 2021-04-26 13:54:00: Kernel 38975 as possibly died, StdErr from Kernel Process /home/val/python_wkspce/rgd_mice/env/lib/python3.9/site-packages/traitlets/traitlets.py:2196: FutureWarning: Supporting extra quotes around Unicode is deprecated in traitlets 5.0. Use 'hmac-sha256' instead of '"hmac-sha256"' – or use CUnicode.

Warn 2021-04-26 13:54:00: StdErr from Kernel Process /home/val/python_wkspce/rgd_mice/env/lib/python3.9/site-packages/traitlets/traitlets.py:2196: FutureWarning: Supporting extra quotes around Unicode is deprecated in traitlets 5.0. Use 'hmac-sha256' instead of '"hmac-sha256"' – or use CUnicode.

Info 2021-04-26 13:54:00: Python Daemon (pid: 38975): write to stderr:   warn(

Warn 2021-04-26 13:54:00: Kernel 38975 as possibly died, StdErr from Kernel Process   warn(

Warn 2021-04-26 13:54:00: StdErr from Kernel Process   warn(

Info 2021-04-26 13:54:00: Python Daemon (pid: 38975): write to stderr: /home/val/python_wkspce/rgd_mice/env/lib/python3.9/site-packages/traitlets/traitlets.py:2151: FutureWarning: Supporting extra quotes around Bytes is deprecated in traitlets 5.0. Use '9bd42eae-96b5-44dd-961a-23a0404b1d74' instead of 'b"9bd42eae-96b5-44dd-961a-23a0404b1d74"'.

Warn 2021-04-26 13:54:00: Kernel 38975 as possibly died, StdErr from Kernel Process /home/val/python_wkspce/rgd_mice/env/lib/python3.9/site-packages/traitlets/traitlets.py:2151: FutureWarning: Supporting extra quotes around Bytes is deprecated in traitlets 5.0. Use '9bd42eae-96b5-44dd-961a-23a0404b1d74' instead of 'b"9bd42eae-96b5-44dd-961a-23a0404b1d74"'.

Warn 2021-04-26 13:54:00: StdErr from Kernel Process /home/val/python_wkspce/rgd_mice/env/lib/python3.9/site-packages/traitlets/traitlets.py:2151: FutureWarning: Supporting extra quotes around Bytes is deprecated in traitlets 5.0. Use '9bd42eae-96b5-44dd-961a-23a0404b1d74' instead of 'b"9bd42eae-96b5-44dd-961a-23a0404b1d74"'.

Info 2021-04-26 13:54:00: Python Daemon (pid: 38975): write to stderr:   warn(

Warn 2021-04-26 13:54:00: Kernel 38975 as possibly died, StdErr from Kernel Process   warn(

Warn 2021-04-26 13:54:00: StdErr from Kernel Process   warn(

Info 2021-04-26 13:54:47: Kernel switching to busy
Info 2021-04-26 13:54:47: Kernel switching to idle
Info 2021-04-26 13:54:55: Searching for token colors ...
Info 2021-04-26 13:54:55: Attempting search for colors ...
Info 2021-04-26 13:54:55: Searching for token colors ...
Info 2021-04-26 13:54:55: Attempting search for colors ...
Info 2021-04-26 13:54:55: Loading colors from /home/val/.vscode/extensions/gerane.theme-dark-dracula-0.0.5/themes/Dark-Dracula.tmTheme ...
Error 2021-04-26 13:54:55: TypeError: Cannot read property 'themes' of undefined
    at y.findTokenColors (/home/val/.vscode/extensions/ms-toolsai.jupyter-2021.5.745244803/out/client/extension.js:47:833241)
    at processTicksAndRejections (internal/process/task_queues.js:97:5)
    at y.applyThemeData (/home/val/.vscode/extensions/ms-toolsai.jupyter-2021.5.745244803/out/client/extension.js:47:834752)
    at T.handleCssRequest (/home/val/.vscode/extensions/ms-toolsai.jupyter-2021.5.745244803/out/client/extension.js:32:594767)
Info 2021-04-26 13:54:55: Attempting search for colors ...
Info 2021-04-26 13:54:55: Loading base colors from /home/val/.vscode/extensions/gerane.theme-dark-dracula-0.0.5/themes/Dark-Dracula.tmTheme ...
Info 2021-04-26 13:54:55: Loading colors from /home/val/.vscode/extensions/gerane.theme-dark-dracula-0.0.5/themes/Dark-Dracula.tmTheme ...
Error 2021-04-26 13:54:55: TypeError: Cannot read property 'themes' of undefined
    at y.findTokenColors (/home/val/.vscode/extensions/ms-toolsai.jupyter-2021.5.745244803/out/client/extension.js:47:833241)
    at processTicksAndRejections (internal/process/task_queues.js:97:5)
    at y.applyThemeData (/home/val/.vscode/extensions/ms-toolsai.jupyter-2021.5.745244803/out/client/extension.js:47:834752)
    at T.handleMonacoThemeRequest (/home/val/.vscode/extensions/ms-toolsai.jupyter-2021.5.745244803/out/client/extension.js:32:595130)
Info 2021-04-26 13:54:55: Attempting search for colors ...
Info 2021-04-26 13:54:55: Loading base colors from /home/val/.vscode/extensions/gerane.theme-dark-dracula-0.0.5/themes/Dark-Dracula.tmTheme ...
Info 2021-04-26 13:55:00: Kernel switching to busy
Info 2021-04-26 13:55:00: Kernel switching to idle
Info 2021-04-26 13:55:02: Searching for token colors ...
Info 2021-04-26 13:55:02: Attempting search for colors ...
Info 2021-04-26 13:55:02: Searching for token colors ...
Info 2021-04-26 13:55:02: Attempting search for colors ...
Info 2021-04-26 13:55:02: Loading colors from /home/val/.vscode/extensions/dracula-theme.theme-dracula-2.22.3/theme/dracula.json ...
Info 2021-04-26 13:55:02: Loading colors from /home/val/.vscode/extensions/dracula-theme.theme-dracula-2.22.3/theme/dracula.json ...
Info 2021-04-26 13:55:02: Attempting search for colors ...
Info 2021-04-26 13:55:02: Loading base colors from /home/val/.vscode/extensions/dracula-theme.theme-dracula-2.22.3/theme/dracula.json ...
Info 2021-04-26 13:55:02: Attempting search for colors ...
Info 2021-04-26 13:55:02: Loading base colors from /home/val/.vscode/extensions/dracula-theme.theme-dracula-2.22.3/theme/dracula.json ...
Info 2021-04-26 13:55:02: Using colors to generate CSS ...
Info 2021-04-26 13:55:02: Using colors to generate CSS ...
Info 2021-04-26 13:55:03: Kernel switching to busy
Info 2021-04-26 13:55:03: Kernel switching to idle
Info 2021-04-26 14:55:44: Kernel switching to busy
Info 2021-04-26 14:55:44: Kernel switching to idle
Info 2021-04-26 14:55:45: Kernel switching to busy
Info 2021-04-26 14:55:45: Kernel switching to idle
Info 2021-04-26 14:55:46: Kernel switching to busy
Info 2021-04-26 14:55:46: Kernel switching to idle
Info 2021-04-26 14:56:34: Kernel switching to busy
Info 2021-04-26 14:56:34: Kernel switching to idle
