[08:46:42.794] Log Level: 2
[08:46:42.796] remote-ssh@0.63.0
[08:46:42.796] linux x64
[08:46:42.797] SSH Resolver called for "ssh-remote+adrien2", attempt 1
[08:46:42.797] "remote.SSH.useLocalServer": true
[08:46:42.797] "remote.SSH.sshPath": undefined
[08:46:42.798] "remote.SSH.sshConfigurationFile": undefined
[08:46:42.798] "remote.SSH.useFlock": true
[08:46:42.798] "remote.SSH.lockfilesInTmp": false
[08:46:42.798] "remote.SSH.localServerDownload": auto
[08:46:42.798] "remote.SSH.remoteServerListenOnSocket": false
[08:46:42.798] "remote.SSH.showLoginTerminal": false
[08:46:42.798] SSH Resolver called for host: adrien2
[08:46:42.799] Setting up SSH remote "adrien2"
[08:46:42.801] Acquiring local install lock: /tmp/vscode-remote-ssh-adrien2-install.lock
[08:46:42.807] Looking for existing server data file at /home/val/.config/Code/User/globalStorage/ms-vscode-remote.remote-ssh/vscode-ssh-host-adrien2-622cb03f7e070a9670c94bae1a45d78d7181fbd4-0.63.0/data.json
[08:46:42.807] Using commit id "622cb03f7e070a9670c94bae1a45d78d7181fbd4" and quality "stable" for server
[08:46:42.809] Install and start server if needed
[08:46:42.824] Checking ssh with "ssh -V"
[08:46:42.832] > OpenSSH_8.4p1, OpenSSL 1.1.1i  8 Dec 2020

[08:46:42.835] askpass server listening on /run/user/1000/vscode-ssh-askpass-2e620e4f8a4d16bb1e529dd84e91fc0c815dd8cc.sock
[08:46:42.836] Spawning local server with {"ipcHandlePath":"/run/user/1000/vscode-ssh-askpass-9363e02a7f95748a94ec5b197ec765e83aa6d0fe.sock","sshCommand":"ssh","sshArgs":["-v","-T","-D","42561","-o","ConnectTimeout=15","adrien2"],"dataFilePath":"/home/val/.config/Code/User/globalStorage/ms-vscode-remote.remote-ssh/vscode-ssh-host-adrien2-622cb03f7e070a9670c94bae1a45d78d7181fbd4-0.63.0/data.json"}
[08:46:42.836] Local server env: {"DISPLAY":"1","ELECTRON_RUN_AS_NODE":"1","SSH_ASKPASS":"/home/val/.vscode/extensions/ms-vscode-remote.remote-ssh-0.63.0/out/local-server/askpass.sh","VSCODE_SSH_ASKPASS_NODE":"/opt/visual-studio-code/code","VSCODE_SSH_ASKPASS_MAIN":"/home/val/.vscode/extensions/ms-vscode-remote.remote-ssh-0.63.0/out/askpass-main.js","VSCODE_SSH_ASKPASS_HANDLE":"/run/user/1000/vscode-ssh-askpass-2e620e4f8a4d16bb1e529dd84e91fc0c815dd8cc.sock"}
[08:46:42.839] Spawned 63011
[08:46:42.932] > local-server> Spawned ssh: 63023
[08:46:42.934] stderr> OpenSSH_8.4p1, OpenSSL 1.1.1i  8 Dec 2020
[08:46:54.149] stderr> debug1: Server host key: ecdsa-sha2-nistp256 SHA256:QGI4/EPg1bhz+2zgv4sPJQM5/2if4fcluj1g80yPkvs
[08:46:57.021] stderr> Authenticated to 153.109.130.82 (via proxy).
[08:46:59.840] Terminating local server
[08:46:59.852] Resolver error: Error: Connecting with SSH timed out
	at Function.Timeout (/home/val/.vscode/extensions/ms-vscode-remote.remote-ssh-0.63.0/out/extension.js:1:64156)
	at Timeout._onTimeout (/home/val/.vscode/extensions/ms-vscode-remote.remote-ssh-0.63.0/out/extension.js:1:280517)
	at listOnTimeout (internal/timers.js:549:17)
	at processTimers (internal/timers.js:492:7)
[08:46:59.854] Local server exit: 15
[08:46:59.856] ------




