[2021-04-29 08:27:58.173] [exthost] [info] extension host started
[2021-04-29 08:27:58.185] [exthost] [info] ExtensionService#_doActivateExtension ms-vscode-remote.remote-ssh {"startup":false,"extensionId":{"value":"ms-vscode-remote.remote-ssh","_lower":"ms-vscode-remote.remote-ssh"},"activationEvent":"onResolveRemoteAuthority:ssh-remote"}
[2021-04-29 08:27:58.185] [exthost] [info] ExtensionService#loadCommonJSModule file:///home/val/.vscode/extensions/ms-vscode-remote.remote-ssh-0.65.4/out/extension
[2021-04-29 08:28:06.163] [exthost] [info] ExtensionService#_doActivateExtension vscode.microsoft-authentication {"startup":false,"extensionId":{"value":"vscode.microsoft-authentication","_lower":"vscode.microsoft-authentication"},"activationEvent":"onAuthenticationRequest:microsoft"}
[2021-04-29 08:28:06.163] [exthost] [info] ExtensionService#loadCommonJSModule file:///opt/visual-studio-code/resources/app/extensions/microsoft-authentication/dist/extension.js
[2021-04-29 08:28:06.173] [exthost] [info] ExtensionService#_doActivateExtension vscodevim.vim {"startup":true,"extensionId":{"value":"vscodevim.vim","_lower":"vscodevim.vim"},"activationEvent":"*"}
[2021-04-29 08:28:06.173] [exthost] [info] ExtensionService#loadCommonJSModule file:///home/val/.vscode/extensions/vscodevim.vim-1.20.1/out/extension
[2021-04-29 08:28:06.322] [exthost] [info] eager extensions activated
[2021-04-29 08:28:07.480] [exthost] [info] ExtensionService#_doActivateExtension vscode.github-authentication {"startup":false,"extensionId":{"value":"vscode.github-authentication","_lower":"vscode.github-authentication"},"activationEvent":"onAuthenticationRequest:github"}
[2021-04-29 08:28:07.480] [exthost] [info] ExtensionService#loadCommonJSModule file:///opt/visual-studio-code/resources/app/extensions/github-authentication/dist/extension.js
[2021-04-29 10:46:02.634] [exthost] [warning] TextEditor is closed/disposed
[2021-04-29 10:46:02.634] [exthost] [warning] TextEditor is closed/disposed
[2021-04-29 10:46:03.401] [exthost] [warning] TextEditor is closed/disposed
[2021-04-29 10:46:03.401] [exthost] [warning] TextEditor is closed/disposed
[2021-04-29 14:34:59.928] [exthost] [warning] TextEditor is closed/disposed
[2021-04-29 14:34:59.928] [exthost] [warning] TextEditor is closed/disposed
[2021-04-29 14:35:41.721] [exthost] [warning] TextEditor is closed/disposed
[2021-04-29 14:35:41.721] [exthost] [warning] TextEditor is closed/disposed
[2021-04-30 08:02:00.297] [exthost] [info] extension host terminating: received terminate message from renderer
[2021-04-30 08:02:01.307] [exthost] [info] exiting with code 0
[2021-04-30 08:02:02.022] [exthost] [info] extension host started
[2021-04-30 08:02:02.046] [exthost] [info] ExtensionService#_doActivateExtension ms-vscode-remote.remote-ssh {"startup":false,"extensionId":{"value":"ms-vscode-remote.remote-ssh","_lower":"ms-vscode-remote.remote-ssh"},"activationEvent":"onResolveRemoteAuthority:ssh-remote"}
[2021-04-30 08:02:02.046] [exthost] [info] ExtensionService#loadCommonJSModule file:///home/val/.vscode/extensions/ms-vscode-remote.remote-ssh-0.65.4/out/extension
[2021-04-30 08:02:07.966] [exthost] [info] ExtensionService#_doActivateExtension vscode.microsoft-authentication {"startup":false,"extensionId":{"value":"vscode.microsoft-authentication","_lower":"vscode.microsoft-authentication"},"activationEvent":"onAuthenticationRequest:microsoft"}
[2021-04-30 08:02:07.966] [exthost] [info] ExtensionService#loadCommonJSModule file:///opt/visual-studio-code/resources/app/extensions/microsoft-authentication/dist/extension.js
[2021-04-30 08:02:07.979] [exthost] [info] ExtensionService#_doActivateExtension vscodevim.vim {"startup":true,"extensionId":{"value":"vscodevim.vim","_lower":"vscodevim.vim"},"activationEvent":"*"}
[2021-04-30 08:02:07.979] [exthost] [info] ExtensionService#loadCommonJSModule file:///home/val/.vscode/extensions/vscodevim.vim-1.20.1/out/extension
[2021-04-30 08:02:08.388] [exthost] [info] eager extensions activated
[2021-04-30 08:02:09.892] [exthost] [info] ExtensionService#_doActivateExtension vscode.github-authentication {"startup":false,"extensionId":{"value":"vscode.github-authentication","_lower":"vscode.github-authentication"},"activationEvent":"onAuthenticationRequest:github"}
[2021-04-30 08:02:09.892] [exthost] [info] ExtensionService#loadCommonJSModule file:///opt/visual-studio-code/resources/app/extensions/github-authentication/dist/extension.js
[2021-04-30 09:43:54.399] [exthost] [warning] TextEditor is closed/disposed
[2021-04-30 09:43:54.399] [exthost] [warning] TextEditor is closed/disposed
[2021-04-30 10:19:37.670] [exthost] [info] extension host terminating: received terminate message from renderer
[2021-04-30 10:19:38.684] [exthost] [info] exiting with code 0
