[08:15:27.202] Log Level: 2
[08:15:27.204] remote-ssh@0.64.0
[08:15:27.204] linux x64
[08:15:27.204] SSH Resolver called for "ssh-remote+adrien2", attempt 1
[08:15:27.205] "remote.SSH.useLocalServer": true
[08:15:27.205] "remote.SSH.sshPath": undefined
[08:15:27.205] "remote.SSH.sshConfigurationFile": undefined
[08:15:27.205] "remote.SSH.useFlock": true
[08:15:27.205] "remote.SSH.lockfilesInTmp": false
[08:15:27.205] "remote.SSH.localServerDownload": auto
[08:15:27.205] "remote.SSH.remoteServerListenOnSocket": false
[08:15:27.206] "remote.SSH.showLoginTerminal": false
[08:15:27.206] "remote.SSH.defaultExtensions": []
[08:15:27.206] SSH Resolver called for host: adrien2
[08:15:27.206] Setting up SSH remote "adrien2"
[08:15:27.208] Acquiring local install lock: /tmp/vscode-remote-ssh-adrien2-install.lock
[08:15:27.214] Looking for existing server data file at /home/val/.config/Code/User/globalStorage/ms-vscode-remote.remote-ssh/vscode-ssh-host-adrien2-622cb03f7e070a9670c94bae1a45d78d7181fbd4-0.64.0/data.json
[08:15:27.215] Using commit id "622cb03f7e070a9670c94bae1a45d78d7181fbd4" and quality "stable" for server
[08:15:27.217] Install and start server if needed
[08:15:27.230] Checking ssh with "ssh -V"
[08:15:27.243] > OpenSSH_8.4p1, OpenSSL 1.1.1i  8 Dec 2020

[08:15:27.246] askpass server listening on /run/user/1000/vscode-ssh-askpass-de80ba38881f6b5d3665da0e25372fe7f742dc8e.sock
[08:15:27.246] Spawning local server with {"ipcHandlePath":"/run/user/1000/vscode-ssh-askpass-cd44788c0aabc8838ee5d0c0dd6de45138d652f0.sock","sshCommand":"ssh","sshArgs":["-v","-T","-D","41755","-o","ConnectTimeout=15","adrien2"],"dataFilePath":"/home/val/.config/Code/User/globalStorage/ms-vscode-remote.remote-ssh/vscode-ssh-host-adrien2-622cb03f7e070a9670c94bae1a45d78d7181fbd4-0.64.0/data.json"}
[08:15:27.246] Local server env: {"DISPLAY":"1","ELECTRON_RUN_AS_NODE":"1","SSH_ASKPASS":"/home/val/.vscode/extensions/ms-vscode-remote.remote-ssh-0.64.0/out/local-server/askpass.sh","VSCODE_SSH_ASKPASS_NODE":"/opt/visual-studio-code/code","VSCODE_SSH_ASKPASS_MAIN":"/home/val/.vscode/extensions/ms-vscode-remote.remote-ssh-0.64.0/out/askpass-main.js","VSCODE_SSH_ASKPASS_HANDLE":"/run/user/1000/vscode-ssh-askpass-de80ba38881f6b5d3665da0e25372fe7f742dc8e.sock"}
[08:15:27.249] Spawned 11786
[08:15:27.321] > local-server> Spawned ssh: 11794
[08:15:27.322] stderr> OpenSSH_8.4p1, OpenSSL 1.1.1i  8 Dec 2020
[08:15:29.527] stderr> debug1: Server host key: ecdsa-sha2-nistp256 SHA256:QGI4/EPg1bhz+2zgv4sPJQM5/2if4fcluj1g80yPkvs
[08:15:29.688] stderr> Authenticated to 153.109.130.82 (via proxy).
[08:15:30.538] > Welcome to Ubuntu 18.04.5 LTS (GNU/Linux 5.4.0-64-generic x86_64)
> 
>  * Documentation:  https://help.ubuntu.com
>  * Management:     https://landscape.canonical.com
>  * Support:        https://ubuntu.com/advantage
> 
>  * Canonical Livepatch is available for installation.
>    - Reduce system reboots and improve kernel security. Activate at:
>      https://ubuntu.com/livepatch
> 
> 9 packages can be updated.
> 0 of these updates are security updates.
> To see these additional updates run: apt list --upgradable
> 
> New release '20.04.2 LTS' available.
> Run 'do-release-upgrade' to upgrade to it.
> 
> Your Hardware Enablement Stack (HWE) is supported until April 2023.
> *** System restart required ***
[08:15:30.558] > ready: 69b8a6cbc91a
[08:15:30.597] > Linux 5.4.0-64-generic #72~18.04.1-Ubuntu SMP Fri Jan 15 14:06:34 UTC 2021
[08:15:30.598] Platform: linux
[08:15:30.698] > 69b8a6cbc91a: running
[08:15:30.787] > Acquiring lock on /home/val/.vscode-server/bin/622cb03f7e070a9670c94bae1a45d78d7181fbd4/vscode-remote-lock.val.622cb03f7e070a9670c94bae1a45d78d7181fbd4
> Found existing installation at /home/val/.vscode-server/bin/622cb03f7e070a9670c94bae1a45d78d7181fbd4...
> Checking /home/val/.vscode-server/.622cb03f7e070a9670c94bae1a45d78d7181fbd4.log and /home/val/.vscode-server/.622cb03f7e070a9670c94bae1a45d78d7181fbd4.pid for a running server
> Looking for server with pid: 11746
[08:15:30.808] > Starting server with command... /home/val/.vscode-server/bin/622cb03f7e070a9670c94bae1a45d78d7181fbd4/server.sh --start-server --host=127.0.0.1 --enable-remote-auto-shutdown  --port=0  &> "/home/val/.vscode-server/.622cb03f7e070a9670c94bae1a45d78d7181fbd4.log" < /dev/null
> printenv:
>     LC_MEASUREMENT=en_GB.UTF-8
>     SSH_CONNECTION=153.109.124.125 50544 153.109.130.82 22
>     LC_PAPER=en_GB.UTF-8
>     LC_MONETARY=en_GB.UTF-8
>     LANG=en_US.UTF-8
>     LC_NAME=en_GB.UTF-8
>     XDG_SESSION_ID=1056
>     USER=val
>     PWD=/home/val
>     HOME=/home/val
>     SSH_CLIENT=153.109.124.125 50544 22
>     XDG_DATA_DIRS=/usr/local/share:/usr/share:/var/lib/snapd/desktop
>     LC_ADDRESS=en_GB.UTF-8
>     LC_NUMERIC=en_GB.UTF-8
>     MAIL=/var/mail/val
>     PAPERSIZE=a4
>     SHELL=/bin/bash
>     SHLVL=2
>     LC_TELEPHONE=en_GB.UTF-8
>     VSCODE_AGENT_FOLDER=/home/val/.vscode-server
>     LOGNAME=val
>     DBUS_SESSION_BUS_ADDRESS=unix:path=/run/user/1000/bus
>     XDG_RUNTIME_DIR=/run/user/1000
>     PATH=/home/val/.local/bin:/usr/local/sbin:/usr/local/bin:/usr/sbin:/usr/bin:/sbin:/bin:/usr/games:/usr/local/games:/snap/bin
>     LC_IDENTIFICATION=en_GB.UTF-8
>     LC_TIME=en_GB.UTF-8
>     _=/usr/bin/printenv
[08:15:30.868] > Spawned remote server: 20559
> Waiting for server log...
[08:15:30.898] > Waiting for server log...
[08:15:30.928] > Waiting for server log...
[08:15:30.958] > Waiting for server log...
[08:15:30.987] >  
> *
> * Reminder: You may only use this software with Visual Studio family products,
> * as described in the license (https://go.microsoft.com/fwlink/?linkid=2077057)
> *
>  
[08:15:31.018] > 69b8a6cbc91a: start
> sshAuthSock====
> webUiAccessToken====
> listeningOn==46783==
> osReleaseId==ubuntu==
> arch==x86_64==
> tmpDir==/run/user/1000==
> platform==linux==
> unpackResult====
> didLocalDownload==0==
> downloadTime====
> installTime====
> extInstallTime====
> serverStartTime==196==
> connectionToken==1aa111aa-a111-111a-aa1a-1a1aaaa11111==
> 69b8a6cbc91a: end
[08:15:31.019] Received install output: 
sshAuthSock====
webUiAccessToken====
listeningOn==46783==
osReleaseId==ubuntu==
arch==x86_64==
tmpDir==/run/user/1000==
platform==linux==
unpackResult====
didLocalDownload==0==
downloadTime====
installTime====
extInstallTime====
serverStartTime==196==
connectionToken==1aa111aa-a111-111a-aa1a-1a1aaaa11111==

[08:15:31.020] Remote server is listening on 46783
[08:15:31.021] Parsed server configuration: {"serverConfiguration":{"remoteListeningOn":{"port":46783},"osReleaseId":"ubuntu","arch":"x86_64","webUiAccessToken":"","sshAuthSock":"","tmpDir":"/run/user/1000","platform":"linux","connectionToken":"1aa111aa-a111-111a-aa1a-1a1aaaa11111"},"serverStartTime":196,"installUnpackCode":""}
[08:15:31.022] Persisting server connection details to /home/val/.config/Code/User/globalStorage/ms-vscode-remote.remote-ssh/vscode-ssh-host-adrien2-622cb03f7e070a9670c94bae1a45d78d7181fbd4-0.64.0/data.json
[08:15:31.027] Starting forwarding server. localPort 36695 -> socksPort 41755 -> remotePort 46783
[08:15:31.028] Forwarding server listening on 36695
[08:15:31.029] Waiting for ssh tunnel to be ready
[08:15:31.032] [Forwarding server 36695] Got connection 0
[08:15:31.035] Tunneled 46783 to local port 36695
[08:15:31.035] Resolved "ssh-remote+adrien2" to "127.0.0.1:36695"
[08:15:31.048] ------




[08:15:31.092] [Forwarding server 36695] Got connection 1
[08:15:31.269] [Forwarding server 36695] Got connection 2
[08:15:47.749] [Forwarding server 36695] Got connection 3
[08:15:47.750] [Forwarding server 36695] Got connection 4
[08:15:47.756] [Forwarding server 36695] Got connection 5
[08:15:47.757] [Forwarding server 36695] Got connection 6
[08:15:47.758] [Forwarding server 36695] Got connection 7
[08:15:47.759] [Forwarding server 36695] Got connection 8
[08:17:24.985] [Forwarding server 36695] Got connection 9
