[09:27:30.673] Log Level: 2
[09:27:30.675] remote-ssh@0.63.0
[09:27:30.675] linux x64
[09:27:30.677] SSH Resolver called for "ssh-remote+adrien2", attempt 1
[09:27:30.677] "remote.SSH.useLocalServer": true
[09:27:30.677] "remote.SSH.sshPath": undefined
[09:27:30.678] "remote.SSH.sshConfigurationFile": undefined
[09:27:30.678] "remote.SSH.useFlock": true
[09:27:30.678] "remote.SSH.lockfilesInTmp": false
[09:27:30.678] "remote.SSH.localServerDownload": auto
[09:27:30.678] "remote.SSH.remoteServerListenOnSocket": false
[09:27:30.678] "remote.SSH.showLoginTerminal": false
[09:27:30.678] SSH Resolver called for host: adrien2
[09:27:30.678] Setting up SSH remote "adrien2"
[09:27:30.681] Acquiring local install lock: /tmp/vscode-remote-ssh-adrien2-install.lock
[09:27:30.689] Looking for existing server data file at /home/val/.config/Code/User/globalStorage/ms-vscode-remote.remote-ssh/vscode-ssh-host-adrien2-5d424b828ada08e1eb9f95d6cb41120234ef57c7-0.63.0/data.json
[09:27:30.690] Using commit id "5d424b828ada08e1eb9f95d6cb41120234ef57c7" and quality "stable" for server
[09:27:30.692] Install and start server if needed
[09:27:30.706] Checking ssh with "ssh -V"
[09:27:30.712] > OpenSSH_8.4p1, OpenSSL 1.1.1i  8 Dec 2020

[09:27:30.714] askpass server listening on /run/user/1000/vscode-ssh-askpass-f06dc32f9eada294a3e46645019cbe9380e33a10.sock
[09:27:30.715] Spawning local server with {"ipcHandlePath":"/run/user/1000/vscode-ssh-askpass-5aa69c056b84f0bb6d1c024f3558f9af9c0c7873.sock","sshCommand":"ssh","sshArgs":["-v","-T","-D","39369","-o","ConnectTimeout=15","adrien2"],"dataFilePath":"/home/val/.config/Code/User/globalStorage/ms-vscode-remote.remote-ssh/vscode-ssh-host-adrien2-5d424b828ada08e1eb9f95d6cb41120234ef57c7-0.63.0/data.json"}
[09:27:30.715] Local server env: {"DISPLAY":"1","ELECTRON_RUN_AS_NODE":"1","SSH_ASKPASS":"/home/val/.vscode/extensions/ms-vscode-remote.remote-ssh-0.63.0/out/local-server/askpass.sh","VSCODE_SSH_ASKPASS_NODE":"/opt/visual-studio-code/code","VSCODE_SSH_ASKPASS_MAIN":"/home/val/.vscode/extensions/ms-vscode-remote.remote-ssh-0.63.0/out/askpass-main.js","VSCODE_SSH_ASKPASS_HANDLE":"/run/user/1000/vscode-ssh-askpass-f06dc32f9eada294a3e46645019cbe9380e33a10.sock"}
[09:27:30.717] Spawned 36333
[09:27:30.784] > local-server> Spawned ssh: 36341
[09:27:30.786] stderr> OpenSSH_8.4p1, OpenSSL 1.1.1i  8 Dec 2020
[09:27:35.222] stderr> debug1: Server host key: ecdsa-sha2-nistp256 SHA256:QGI4/EPg1bhz+2zgv4sPJQM5/2if4fcluj1g80yPkvs
[09:27:35.602] stderr> Authenticated to 153.109.130.82 (via proxy).
[09:27:36.632] > Welcome to Ubuntu 18.04.5 LTS (GNU/Linux 5.4.0-64-generic x86_64)
> 
>  * Documentation:  https://help.ubuntu.com
>  * Management:     https://landscape.canonical.com
>  * Support:        https://ubuntu.com/advantage
> 
>  * Canonical Livepatch is available for installation.
>    - Reduce system reboots and improve kernel security. Activate at:
>      https://ubuntu.com/livepatch
> 
> 8 packages can be updated.
> 0 of these updates are security updates.
> To see these additional updates run: apt list --upgradable
> 
> New release '20.04.2 LTS' available.
> Run 'do-release-upgrade' to upgrade to it.
> 
> Your Hardware Enablement Stack (HWE) is supported until April 2023.
> *** System restart required ***
[09:27:36.852] > ready: ab2a9e874ade
[09:27:36.961] > Linux 5.4.0-64-generic #72~18.04.1-Ubuntu SMP Fri Jan 15 14:06:34 UTC 2021
[09:27:36.962] Platform: linux
[09:27:37.228] > ab2a9e874ade: running
[09:27:37.381] > Acquiring lock on /home/val/.vscode-server/bin/5d424b828ada08e1eb9f95d6cb41120234ef57c7/vscode-remote-lock.val.5d424b828ada08e1eb9f95d6cb41120234ef57c7
> Found old VS Code install fcac248b077b55bae4ba5bab613fd6e9156c2f0c, attempting to clean up
> Deleting old install from /home/val/.vscode-server/bin/fcac248b077b55bae4ba5bab613fd6e9156c2f0c
[09:27:37.807] > Deleting old log file from /home/val/.vscode-server/.fcac248b077b55bae4ba5bab613fd6e9156c2f0c.log
[09:27:37.890] > Installing to /home/val/.vscode-server/bin/5d424b828ada08e1eb9f95d6cb41120234ef57c7...
> ab2a9e874ade%%1%%
> Downloading with wget
[09:27:41.726] > Download complete
[09:27:41.831] > ab2a9e874ade%%2%%
> tar --version:
> tar (GNU tar) 1.29
> Copyright (C) 2015 Free Software Foundation, Inc.
> License GPLv3+: GNU GPL version 3 or later <http://gnu.org/licenses/gpl.html>.
> This is free software: you are free to change and redistribute it.
> There is NO WARRANTY, to the extent permitted by law.
> 
> Written by John Gilmore and Jay Fenlason.
[09:27:43.061] > Checking /home/val/.vscode-server/.5d424b828ada08e1eb9f95d6cb41120234ef57c7.log and /home/val/.vscode-server/.5d424b828ada08e1eb9f95d6cb41120234ef57c7.pid for a running server
[09:27:43.095] > Starting server with command... /home/val/.vscode-server/bin/5d424b828ada08e1eb9f95d6cb41120234ef57c7/server.sh --start-server --host=127.0.0.1 --enable-remote-auto-shutdown  --port=0  &> "/home/val/.vscode-server/.5d424b828ada08e1eb9f95d6cb41120234ef57c7.log" < /dev/null
> printenv:
>     LC_MEASUREMENT=en_GB.UTF-8
>     SSH_CONNECTION=153.109.124.125 44264 153.109.130.82 22
>     LC_PAPER=en_GB.UTF-8
>     LC_MONETARY=en_GB.UTF-8
>     LANG=en_US.UTF-8
>     LC_NAME=en_GB.UTF-8
>     XDG_SESSION_ID=775
>     USER=val
>     PWD=/home/val
>     HOME=/home/val
>     SSH_CLIENT=153.109.124.125 44264 22
>     XDG_DATA_DIRS=/usr/local/share:/usr/share:/var/lib/snapd/desktop
>     LC_ADDRESS=en_GB.UTF-8
>     LC_NUMERIC=en_GB.UTF-8
>     MAIL=/var/mail/val
>     PAPERSIZE=a4
>     SHELL=/bin/bash
>     SHLVL=2
>     LC_TELEPHONE=en_GB.UTF-8
>     VSCODE_AGENT_FOLDER=/home/val/.vscode-server
>     LOGNAME=val
>     DBUS_SESSION_BUS_ADDRESS=unix:path=/run/user/1000/bus
>     XDG_RUNTIME_DIR=/run/user/1000
>     PATH=/home/val/.local/bin:/usr/local/sbin:/usr/local/bin:/usr/sbin:/usr/bin:/sbin:/bin:/usr/games:/usr/local/games:/snap/bin
>     LC_IDENTIFICATION=en_GB.UTF-8
>     LC_TIME=en_GB.UTF-8
>     _=/usr/bin/printenv
>     OLDPWD=/home/val/.vscode-server/bin/5d424b828ada08e1eb9f95d6cb41120234ef57c7
[09:27:43.251] > Spawned remote server: 30376
> Waiting for server log...
> Waiting for server log...
> Waiting for server log...
>  
> *
> * Reminder: You may only use this software with Visual Studio family products,
> * as described in the license (https://go.microsoft.com/fwlink/?linkid=2077057)
> *
>  
[09:27:43.251] stderr> rm: cannot remove '/home/val/.vscode-server/.5d424b828ada08e1eb9f95d6cb41120234ef57c7.token': No such file or directory
[09:27:43.351] > ab2a9e874ade: start
> sshAuthSock====
> webUiAccessToken====
> listeningOn==43915==
> osReleaseId==ubuntu==
> arch==x86_64==
> tmpDir==/run/user/1000==
> platform==linux==
> unpackResult==success==
> didLocalDownload==0==
> downloadTime==3783==
> installTime==1173==
> extInstallTime====
> serverStartTime==118==
> connectionToken==1aa1a1a1-11aa-1111-1a11-a11aa1a1aa11==
> ab2a9e874ade: end
[09:27:43.352] Received install output: 
sshAuthSock====
webUiAccessToken====
listeningOn==43915==
osReleaseId==ubuntu==
arch==x86_64==
tmpDir==/run/user/1000==
platform==linux==
unpackResult==success==
didLocalDownload==0==
downloadTime==3783==
installTime==1173==
extInstallTime====
serverStartTime==118==
connectionToken==1aa1a1a1-11aa-1111-1a11-a11aa1a1aa11==

[09:27:43.354] Remote server is listening on 43915
[09:27:43.355] Parsed server configuration: {"serverConfiguration":{"remoteListeningOn":{"port":43915},"osReleaseId":"ubuntu","arch":"x86_64","webUiAccessToken":"","sshAuthSock":"","tmpDir":"/run/user/1000","platform":"linux","connectionToken":"1aa1a1a1-11aa-1111-1a11-a11aa1a1aa11"},"downloadTime":3783,"installTime":1173,"serverStartTime":118,"installUnpackCode":"success"}
[09:27:43.356] Persisting server connection details to /home/val/.config/Code/User/globalStorage/ms-vscode-remote.remote-ssh/vscode-ssh-host-adrien2-5d424b828ada08e1eb9f95d6cb41120234ef57c7-0.63.0/data.json
[09:27:43.359] Starting forwarding server. localPort 43551 -> socksPort 39369 -> remotePort 43915
[09:27:43.359] Forwarding server listening on 43551
[09:27:43.360] Waiting for ssh tunnel to be ready
[09:27:43.361] [Forwarding server 43551] Got connection 0
[09:27:43.363] Tunneled 43915 to local port 43551
[09:27:43.363] Resolved "ssh-remote+adrien2" to "127.0.0.1:43551"
[09:27:43.375] ------




[09:27:43.432] [Forwarding server 43551] Got connection 1
[09:27:44.025] [Forwarding server 43551] Got connection 2
[09:27:55.938] [Forwarding server 43551] Got connection 3
[09:27:55.940] [Forwarding server 43551] Got connection 4
[09:27:55.950] [Forwarding server 43551] Got connection 5
[09:27:55.953] [Forwarding server 43551] Got connection 6
[09:27:55.953] [Forwarding server 43551] Got connection 7
[09:27:55.954] [Forwarding server 43551] Got connection 8
[09:28:13.778] [Forwarding server 43551] Got connection 9
