[09:30:01.152] Log Level: 2
[09:30:01.154] remote-ssh@0.64.0
[09:30:01.154] linux x64
[09:30:01.155] SSH Resolver called for "ssh-remote+adrien2", attempt 1
[09:30:01.155] "remote.SSH.useLocalServer": true
[09:30:01.155] "remote.SSH.sshPath": undefined
[09:30:01.156] "remote.SSH.sshConfigurationFile": undefined
[09:30:01.156] "remote.SSH.useFlock": true
[09:30:01.156] "remote.SSH.lockfilesInTmp": false
[09:30:01.156] "remote.SSH.localServerDownload": auto
[09:30:01.156] "remote.SSH.remoteServerListenOnSocket": false
[09:30:01.156] "remote.SSH.showLoginTerminal": false
[09:30:01.156] "remote.SSH.defaultExtensions": []
[09:30:01.156] SSH Resolver called for host: adrien2
[09:30:01.156] Setting up SSH remote "adrien2"
[09:30:01.159] Acquiring local install lock: /tmp/vscode-remote-ssh-adrien2-install.lock
[09:30:01.165] Looking for existing server data file at /home/val/.config/Code/User/globalStorage/ms-vscode-remote.remote-ssh/vscode-ssh-host-adrien2-622cb03f7e070a9670c94bae1a45d78d7181fbd4-0.64.0/data.json
[09:30:01.181] Using commit id "622cb03f7e070a9670c94bae1a45d78d7181fbd4" and quality "stable" for server
[09:30:01.185] Install and start server if needed
[09:30:01.188] Checking ssh with "ssh -V"
[09:30:01.201] > OpenSSH_8.4p1, OpenSSL 1.1.1i  8 Dec 2020

[09:30:01.204] askpass server listening on /run/user/1000/vscode-ssh-askpass-822035dc10e0496419a539ace203cc7de21e6192.sock
[09:30:01.204] Spawning local server with {"ipcHandlePath":"/run/user/1000/vscode-ssh-askpass-81bc0742dc912213ca6bcbeaac1b75b167438e55.sock","sshCommand":"ssh","sshArgs":["-v","-T","-D","42491","-o","ConnectTimeout=15","adrien2"],"dataFilePath":"/home/val/.config/Code/User/globalStorage/ms-vscode-remote.remote-ssh/vscode-ssh-host-adrien2-622cb03f7e070a9670c94bae1a45d78d7181fbd4-0.64.0/data.json"}
[09:30:01.204] Local server env: {"DISPLAY":"1","ELECTRON_RUN_AS_NODE":"1","SSH_ASKPASS":"/home/val/.vscode/extensions/ms-vscode-remote.remote-ssh-0.64.0/out/local-server/askpass.sh","VSCODE_SSH_ASKPASS_NODE":"/opt/visual-studio-code/code","VSCODE_SSH_ASKPASS_MAIN":"/home/val/.vscode/extensions/ms-vscode-remote.remote-ssh-0.64.0/out/askpass-main.js","VSCODE_SSH_ASKPASS_HANDLE":"/run/user/1000/vscode-ssh-askpass-822035dc10e0496419a539ace203cc7de21e6192.sock"}
[09:30:01.207] Spawned 9360
[09:30:01.286] > local-server> Spawned ssh: 9372
[09:30:01.288] stderr> OpenSSH_8.4p1, OpenSSL 1.1.1i  8 Dec 2020
[09:30:13.837] stderr> debug1: Server host key: ecdsa-sha2-nistp256 SHA256:QGI4/EPg1bhz+2zgv4sPJQM5/2if4fcluj1g80yPkvs
[09:30:17.029] stderr> Authenticated to 153.109.130.82 (via proxy).
[09:30:18.210] Terminating local server
[09:30:18.237] Resolver error: Error: Connecting with SSH timed out
	at Function.Timeout (/home/val/.vscode/extensions/ms-vscode-remote.remote-ssh-0.64.0/out/extension.js:1:64255)
	at Timeout._onTimeout (/home/val/.vscode/extensions/ms-vscode-remote.remote-ssh-0.64.0/out/extension.js:1:281228)
	at listOnTimeout (internal/timers.js:549:17)
	at processTimers (internal/timers.js:492:7)
[09:30:18.239] Local server exit: 15
[09:30:18.243] ------




