[13:20:54.986] Log Level: 2
[13:20:54.988] remote-ssh@0.63.0
[13:20:54.989] linux x64
[13:20:54.990] SSH Resolver called for "ssh-remote+adrien2", attempt 1
[13:20:54.990] "remote.SSH.useLocalServer": true
[13:20:54.991] "remote.SSH.sshPath": undefined
[13:20:54.991] "remote.SSH.sshConfigurationFile": undefined
[13:20:54.991] "remote.SSH.useFlock": true
[13:20:54.991] "remote.SSH.lockfilesInTmp": false
[13:20:54.991] "remote.SSH.localServerDownload": auto
[13:20:54.991] "remote.SSH.remoteServerListenOnSocket": false
[13:20:54.991] "remote.SSH.showLoginTerminal": false
[13:20:54.992] SSH Resolver called for host: adrien2
[13:20:54.992] Setting up SSH remote "adrien2"
[13:20:54.994] Acquiring local install lock: /tmp/vscode-remote-ssh-adrien2-install.lock
[13:20:55.003] Looking for existing server data file at /home/val/.config/Code/User/globalStorage/ms-vscode-remote.remote-ssh/vscode-ssh-host-adrien2-622cb03f7e070a9670c94bae1a45d78d7181fbd4-0.63.0/data.json
[13:20:55.003] Using commit id "622cb03f7e070a9670c94bae1a45d78d7181fbd4" and quality "stable" for server
[13:20:55.006] Install and start server if needed
[13:20:55.021] Checking ssh with "ssh -V"
[13:20:55.027] > OpenSSH_8.4p1, OpenSSL 1.1.1i  8 Dec 2020

[13:20:55.036] askpass server listening on /run/user/1000/vscode-ssh-askpass-e0dd59487815561fcd038f6a183d76e4030be3db.sock
[13:20:55.036] Spawning local server with {"ipcHandlePath":"/run/user/1000/vscode-ssh-askpass-9c7f5f8a5f72877e9854b494f17314e3527e540e.sock","sshCommand":"ssh","sshArgs":["-v","-T","-D","38271","-o","ConnectTimeout=15","adrien2"],"dataFilePath":"/home/val/.config/Code/User/globalStorage/ms-vscode-remote.remote-ssh/vscode-ssh-host-adrien2-622cb03f7e070a9670c94bae1a45d78d7181fbd4-0.63.0/data.json"}
[13:20:55.036] Local server env: {"DISPLAY":"1","ELECTRON_RUN_AS_NODE":"1","SSH_ASKPASS":"/home/val/.vscode/extensions/ms-vscode-remote.remote-ssh-0.63.0/out/local-server/askpass.sh","VSCODE_SSH_ASKPASS_NODE":"/opt/visual-studio-code/code","VSCODE_SSH_ASKPASS_MAIN":"/home/val/.vscode/extensions/ms-vscode-remote.remote-ssh-0.63.0/out/askpass-main.js","VSCODE_SSH_ASKPASS_HANDLE":"/run/user/1000/vscode-ssh-askpass-e0dd59487815561fcd038f6a183d76e4030be3db.sock"}
[13:20:55.039] Spawned 3363349
[13:20:55.116] > local-server> Spawned ssh: 3363361
[13:20:55.117] stderr> OpenSSH_8.4p1, OpenSSL 1.1.1i  8 Dec 2020
[13:20:57.035] stderr> debug1: Server host key: ecdsa-sha2-nistp256 SHA256:QGI4/EPg1bhz+2zgv4sPJQM5/2if4fcluj1g80yPkvs
[13:20:57.185] stderr> Authenticated to 153.109.130.82 (via proxy).
[13:20:57.676] > Welcome to Ubuntu 18.04.5 LTS (GNU/Linux 5.4.0-64-generic x86_64)
> 
>  * Documentation:  https://help.ubuntu.com
>  * Management:     https://landscape.canonical.com
>  * Support:        https://ubuntu.com/advantage
> 
>  * Canonical Livepatch is available for installation.
>    - Reduce system reboots and improve kernel security. Activate at:
>      https://ubuntu.com/livepatch
> 
> 9 packages can be updated.
> 0 of these updates are security updates.
> To see these additional updates run: apt list --upgradable
> 
> New release '20.04.2 LTS' available.
> Run 'do-release-upgrade' to upgrade to it.
> 
> Your Hardware Enablement Stack (HWE) is supported until April 2023.
> *** System restart required ***
[13:20:57.706] > ready: d9c6f43f897e
[13:20:57.746] > Linux 5.4.0-64-generic #72~18.04.1-Ubuntu SMP Fri Jan 15 14:06:34 UTC 2021
[13:20:57.747] Platform: linux
[13:20:57.865] > d9c6f43f897e: running
[13:20:57.926] > Acquiring lock on /home/val/.vscode-server/bin/622cb03f7e070a9670c94bae1a45d78d7181fbd4/vscode-remote-lock.val.622cb03f7e070a9670c94bae1a45d78d7181fbd4
> Found old VS Code install e5a624b788d92b8d34d1392e4c4d9789406efe8f, attempting to clean up
[13:20:57.956] > Deleting old install from /home/val/.vscode-server/bin/e5a624b788d92b8d34d1392e4c4d9789406efe8f
[13:20:58.116] > Deleting old log file from /home/val/.vscode-server/.e5a624b788d92b8d34d1392e4c4d9789406efe8f.log
[13:20:58.146] > Installing to /home/val/.vscode-server/bin/622cb03f7e070a9670c94bae1a45d78d7181fbd4...
> d9c6f43f897e%%1%%
> Downloading with wget
[13:21:01.016] > Download complete
[13:21:01.046] > d9c6f43f897e%%2%%
> tar --version:
> tar (GNU tar) 1.29
> Copyright (C) 2015 Free Software Foundation, Inc.
> License GPLv3+: GNU GPL version 3 or later <http://gnu.org/licenses/gpl.html>.
> This is free software: you are free to change and redistribute it.
> There is NO WARRANTY, to the extent permitted by law.
> 
> Written by John Gilmore and Jay Fenlason.
[13:21:02.186] > Checking /home/val/.vscode-server/.622cb03f7e070a9670c94bae1a45d78d7181fbd4.log and /home/val/.vscode-server/.622cb03f7e070a9670c94bae1a45d78d7181fbd4.pid for a running server
[13:21:02.265] > Starting server with command... /home/val/.vscode-server/bin/622cb03f7e070a9670c94bae1a45d78d7181fbd4/server.sh --start-server --host=127.0.0.1 --enable-remote-auto-shutdown  --port=0  &> "/home/val/.vscode-server/.622cb03f7e070a9670c94bae1a45d78d7181fbd4.log" < /dev/null
> printenv:
[13:21:02.275] >     LC_MEASUREMENT=en_GB.UTF-8
>     SSH_CONNECTION=153.109.124.125 60968 153.109.130.82 22
>     LC_PAPER=en_GB.UTF-8
>     LC_MONETARY=en_GB.UTF-8
>     LANG=en_US.UTF-8
>     LC_NAME=en_GB.UTF-8
>     XDG_SESSION_ID=871
>     USER=val
>     PWD=/home/val
>     HOME=/home/val
>     SSH_CLIENT=153.109.124.125 60968 22
>     XDG_DATA_DIRS=/usr/local/share:/usr/share:/var/lib/snapd/desktop
>     LC_ADDRESS=en_GB.UTF-8
>     LC_NUMERIC=en_GB.UTF-8
>     MAIL=/var/mail/val
>     PAPERSIZE=a4
>     SHELL=/bin/bash
>     SHLVL=2
>     LC_TELEPHONE=en_GB.UTF-8
>     VSCODE_AGENT_FOLDER=/home/val/.vscode-server
>     LOGNAME=val
>     DBUS_SESSION_BUS_ADDRESS=unix:path=/run/user/1000/bus
>     XDG_RUNTIME_DIR=/run/user/1000
>     PATH=/home/val/.local/bin:/usr/local/sbin:/usr/local/bin:/usr/sbin:/usr/bin:/sbin:/bin:/usr/games:/usr/local/games:/snap/bin
>     LC_IDENTIFICATION=en_GB.UTF-8
>     LC_TIME=en_GB.UTF-8
>     _=/usr/bin/printenv
>     OLDPWD=/home/val/.vscode-server/bin/622cb03f7e070a9670c94bae1a45d78d7181fbd4
> Spawned remote server: 28347
[13:21:02.275] stderr> rm: cannot remove '/home/val/.vscode-server/.622cb03f7e070a9670c94bae1a45d78d7181fbd4.token': No such file or directory
[13:21:02.295] > Waiting for server log...
[13:21:02.325] > Waiting for server log...
[13:21:02.356] > Waiting for server log...
[13:21:02.396] >  
> *
> * Reminder: You may only use this software with Visual Studio family products,
> * as described in the license (https://go.microsoft.com/fwlink/?linkid=2077057)
> *
>  
[13:21:02.426] > d9c6f43f897e: start
> sshAuthSock====
> webUiAccessToken====
> listeningOn==46449==
> osReleaseId==ubuntu==
> arch==x86_64==
> tmpDir==/run/user/1000==
> platform==linux==
> unpackResult==success==
> didLocalDownload==0==
> downloadTime==2880==
> installTime==1151==
> extInstallTime====
> serverStartTime==117==
> connectionToken==1111a11a-1aa1-1111-a111-aa111a111a1a==
> d9c6f43f897e: end
[13:21:02.427] Received install output: 
sshAuthSock====
webUiAccessToken====
listeningOn==46449==
osReleaseId==ubuntu==
arch==x86_64==
tmpDir==/run/user/1000==
platform==linux==
unpackResult==success==
didLocalDownload==0==
downloadTime==2880==
installTime==1151==
extInstallTime====
serverStartTime==117==
connectionToken==1111a11a-1aa1-1111-a111-aa111a111a1a==

[13:21:02.430] Remote server is listening on 46449
[13:21:02.430] Parsed server configuration: {"serverConfiguration":{"remoteListeningOn":{"port":46449},"osReleaseId":"ubuntu","arch":"x86_64","webUiAccessToken":"","sshAuthSock":"","tmpDir":"/run/user/1000","platform":"linux","connectionToken":"1111a11a-1aa1-1111-a111-aa111a111a1a"},"downloadTime":2880,"installTime":1151,"serverStartTime":117,"installUnpackCode":"success"}
[13:21:02.435] Persisting server connection details to /home/val/.config/Code/User/globalStorage/ms-vscode-remote.remote-ssh/vscode-ssh-host-adrien2-622cb03f7e070a9670c94bae1a45d78d7181fbd4-0.63.0/data.json
[13:21:02.439] Starting forwarding server. localPort 41785 -> socksPort 38271 -> remotePort 46449
[13:21:02.440] Forwarding server listening on 41785
[13:21:02.441] Waiting for ssh tunnel to be ready
[13:21:02.444] [Forwarding server 41785] Got connection 0
[13:21:02.447] Tunneled 46449 to local port 41785
[13:21:02.448] Resolved "ssh-remote+adrien2" to "127.0.0.1:41785"
[13:21:02.468] ------




[13:21:02.528] [Forwarding server 41785] Got connection 1
[13:21:02.737] [Forwarding server 41785] Got connection 2
[13:21:10.332] [Forwarding server 41785] Got connection 3
[13:21:10.333] [Forwarding server 41785] Got connection 4
[13:21:10.339] [Forwarding server 41785] Got connection 5
[13:21:10.340] [Forwarding server 41785] Got connection 6
[13:21:10.341] [Forwarding server 41785] Got connection 7
[13:21:10.341] [Forwarding server 41785] Got connection 8
[13:21:18.129] [Forwarding server 41785] Got connection 9
