[10:06:19.965] Log Level: 2
[10:06:19.967] remote-ssh@0.65.4
[10:06:19.967] linux x64
[10:06:19.968] SSH Resolver called for "ssh-remote+adrien2", attempt 1
[10:06:19.968] "remote.SSH.useLocalServer": true
[10:06:19.968] "remote.SSH.path": undefined
[10:06:19.968] "remote.SSH.configFile": undefined
[10:06:19.968] "remote.SSH.useFlock": true
[10:06:19.968] "remote.SSH.lockfilesInTmp": false
[10:06:19.968] "remote.SSH.localServerDownload": auto
[10:06:19.969] "remote.SSH.remoteServerListenOnSocket": false
[10:06:19.969] "remote.SSH.showLoginTerminal": false
[10:06:19.969] "remote.SSH.defaultExtensions": []
[10:06:19.969] "remote.SSH.loglevel": 2
[10:06:19.969] SSH Resolver called for host: adrien2
[10:06:19.969] Setting up SSH remote "adrien2"
[10:06:19.972] Acquiring local install lock: /tmp/vscode-remote-ssh-adrien2-install.lock
[10:06:19.977] Looking for existing server data file at /home/val/.config/Code/User/globalStorage/ms-vscode-remote.remote-ssh/vscode-ssh-host-adrien2-3c4e3df9e89829dce27b7b5c24508306b151f30d-0.65.4/data.json
[10:06:19.978] Using commit id "3c4e3df9e89829dce27b7b5c24508306b151f30d" and quality "stable" for server
[10:06:19.980] Install and start server if needed
[10:06:19.994] PATH: /home/val/.local/bin:/home/val/.local/bin:/usr/local/bin:/usr/bin:/bin:/usr/local/sbin:/usr/lib/jvm/default/bin:/usr/bin/site_perl:/usr/bin/vendor_perl:/usr/bin/core_perl:/var/lib/snapd/snap/bin:/usr/lib/jvm/default/bin
[10:06:19.994] Checking ssh with "ssh -V"
[10:06:20.002] > OpenSSH_8.5p1, OpenSSL 1.1.1k  25 Mar 2021

[10:06:20.006] askpass server listening on /run/user/1000/vscode-ssh-askpass-4b9ef58b1d6ea353eab2798b74a31af13ff36601.sock
[10:06:20.006] Spawning local server with {"ipcHandlePath":"/run/user/1000/vscode-ssh-askpass-e458b426d308dcc293b72db4d234fc621f1dc56b.sock","sshCommand":"ssh","sshArgs":["-v","-T","-D","37551","-o","ConnectTimeout=15","adrien2"],"dataFilePath":"/home/val/.config/Code/User/globalStorage/ms-vscode-remote.remote-ssh/vscode-ssh-host-adrien2-3c4e3df9e89829dce27b7b5c24508306b151f30d-0.65.4/data.json"}
[10:06:20.006] Local server env: {"DISPLAY":":0","ELECTRON_RUN_AS_NODE":"1","SSH_ASKPASS":"/home/val/.vscode/extensions/ms-vscode-remote.remote-ssh-0.65.4/out/local-server/askpass.sh","VSCODE_SSH_ASKPASS_NODE":"/opt/visual-studio-code/code","VSCODE_SSH_ASKPASS_MAIN":"/home/val/.vscode/extensions/ms-vscode-remote.remote-ssh-0.65.4/out/askpass-main.js","VSCODE_SSH_ASKPASS_HANDLE":"/run/user/1000/vscode-ssh-askpass-4b9ef58b1d6ea353eab2798b74a31af13ff36601.sock"}
[10:06:20.010] Spawned 6921
[10:06:20.096] > local-server> Spawned ssh: 6929
[10:06:20.098] stderr> OpenSSH_8.5p1, OpenSSL 1.1.1k  25 Mar 2021
[10:06:28.926] stderr> debug1: Server host key: ssh-ed25519 SHA256:CqQxiwThyMVy7fXthyrh/7vXSf8BqTrJuYAkmm56smo
[10:06:31.854] stderr> Authenticated to 153.109.130.82 (via proxy).
[10:06:36.205] > Welcome to Ubuntu 18.04.5 LTS (GNU/Linux 5.4.0-70-generic x86_64)
> 
>  * Documentation:  https://help.ubuntu.com
>  * Management:     https://landscape.canonical.com
>  * Support:        https://ubuntu.com/advantage
> 
>  * Canonical Livepatch is available for installation.
>    - Reduce system reboots and improve kernel security. Activate at:
>      https://ubuntu.com/livepatch
> 
> 21 packages can be updated.
> 0 of these updates are security updates.
> To see these additional updates run: apt list --upgradable
> 
> New release '20.04.2 LTS' available.
> Run 'do-release-upgrade' to upgrade to it.
> 
> Your Hardware Enablement Stack (HWE) is supported until April 2023.
> *** System restart required ***
[10:06:36.735] > ready: 97aea6cea725
[10:06:37.012] Terminating local server
[10:06:37.045] Resolver error: Error: Connecting with SSH timed out
	at Function.Timeout (/home/val/.vscode/extensions/ms-vscode-remote.remote-ssh-0.65.4/out/extension.js:1:64767)
	at Timeout._onTimeout (/home/val/.vscode/extensions/ms-vscode-remote.remote-ssh-0.65.4/out/extension.js:1:264318)
	at listOnTimeout (internal/timers.js:549:17)
	at processTimers (internal/timers.js:492:7)
[10:06:37.049] Local server exit: 15
[10:06:37.055] ------




