[09:46:59.326] Log Level: 2
[09:46:59.328] remote-ssh@0.64.0
[09:46:59.328] linux x64
[09:46:59.329] SSH Resolver called for "ssh-remote+adrien2", attempt 1
[09:46:59.329] "remote.SSH.useLocalServer": true
[09:46:59.329] "remote.SSH.sshPath": undefined
[09:46:59.329] "remote.SSH.sshConfigurationFile": undefined
[09:46:59.329] "remote.SSH.useFlock": true
[09:46:59.329] "remote.SSH.lockfilesInTmp": false
[09:46:59.329] "remote.SSH.localServerDownload": auto
[09:46:59.330] "remote.SSH.remoteServerListenOnSocket": false
[09:46:59.330] "remote.SSH.showLoginTerminal": false
[09:46:59.330] "remote.SSH.defaultExtensions": []
[09:46:59.330] SSH Resolver called for host: adrien2
[09:46:59.330] Setting up SSH remote "adrien2"
[09:46:59.332] Acquiring local install lock: /tmp/vscode-remote-ssh-adrien2-install.lock
[09:46:59.337] Looking for existing server data file at /home/val/.config/Code/User/globalStorage/ms-vscode-remote.remote-ssh/vscode-ssh-host-adrien2-622cb03f7e070a9670c94bae1a45d78d7181fbd4-0.64.0/data.json
[09:46:59.338] Using commit id "622cb03f7e070a9670c94bae1a45d78d7181fbd4" and quality "stable" for server
[09:46:59.340] Install and start server if needed
[09:46:59.352] Checking ssh with "ssh -V"
[09:46:59.360] > OpenSSH_8.4p1, OpenSSL 1.1.1i  8 Dec 2020

[09:46:59.363] askpass server listening on /run/user/1000/vscode-ssh-askpass-bc2fafa33e71cfa217edfa497f81b1ce36afb21b.sock
[09:46:59.363] Spawning local server with {"ipcHandlePath":"/run/user/1000/vscode-ssh-askpass-719e6da3017e3b7f6ca540c5129d4e91f425bc9a.sock","sshCommand":"ssh","sshArgs":["-v","-T","-D","46637","-o","ConnectTimeout=15","adrien2"],"dataFilePath":"/home/val/.config/Code/User/globalStorage/ms-vscode-remote.remote-ssh/vscode-ssh-host-adrien2-622cb03f7e070a9670c94bae1a45d78d7181fbd4-0.64.0/data.json"}
[09:46:59.364] Local server env: {"DISPLAY":"1","ELECTRON_RUN_AS_NODE":"1","SSH_ASKPASS":"/home/val/.vscode/extensions/ms-vscode-remote.remote-ssh-0.64.0/out/local-server/askpass.sh","VSCODE_SSH_ASKPASS_NODE":"/opt/visual-studio-code/code","VSCODE_SSH_ASKPASS_MAIN":"/home/val/.vscode/extensions/ms-vscode-remote.remote-ssh-0.64.0/out/askpass-main.js","VSCODE_SSH_ASKPASS_HANDLE":"/run/user/1000/vscode-ssh-askpass-bc2fafa33e71cfa217edfa497f81b1ce36afb21b.sock"}
[09:46:59.367] Spawned 28017
[09:46:59.448] > local-server> Spawned ssh: 28027
[09:46:59.450] stderr> OpenSSH_8.4p1, OpenSSL 1.1.1i  8 Dec 2020
[09:47:12.208] stderr> debug1: Server host key: ecdsa-sha2-nistp256 SHA256:QGI4/EPg1bhz+2zgv4sPJQM5/2if4fcluj1g80yPkvs
[09:47:15.277] stderr> Authenticated to 153.109.130.82 (via proxy).
[09:47:16.368] Terminating local server
[09:47:16.376] Resolver error: Error: Connecting with SSH timed out
	at Function.Timeout (/home/val/.vscode/extensions/ms-vscode-remote.remote-ssh-0.64.0/out/extension.js:1:64255)
	at Timeout._onTimeout (/home/val/.vscode/extensions/ms-vscode-remote.remote-ssh-0.64.0/out/extension.js:1:281228)
	at listOnTimeout (internal/timers.js:549:17)
	at processTimers (internal/timers.js:492:7)
[09:47:16.378] Local server exit: 15
[09:47:16.380] ------




