[11:09:54.498] Log Level: 2
[11:09:54.500] remote-ssh@0.63.0
[11:09:54.500] linux x64
[11:09:54.501] SSH Resolver called for "ssh-remote+adrien2", attempt 1
[11:09:54.501] "remote.SSH.useLocalServer": true
[11:09:54.502] "remote.SSH.sshPath": undefined
[11:09:54.502] "remote.SSH.sshConfigurationFile": undefined
[11:09:54.502] "remote.SSH.useFlock": true
[11:09:54.502] "remote.SSH.lockfilesInTmp": false
[11:09:54.502] "remote.SSH.localServerDownload": auto
[11:09:54.502] "remote.SSH.remoteServerListenOnSocket": false
[11:09:54.502] "remote.SSH.showLoginTerminal": false
[11:09:54.503] SSH Resolver called for host: adrien2
[11:09:54.503] Setting up SSH remote "adrien2"
[11:09:54.505] Acquiring local install lock: /tmp/vscode-remote-ssh-adrien2-install.lock
[11:09:54.511] Looking for existing server data file at /home/val/.config/Code/User/globalStorage/ms-vscode-remote.remote-ssh/vscode-ssh-host-adrien2-5d424b828ada08e1eb9f95d6cb41120234ef57c7-0.63.0/data.json
[11:09:54.512] Found local server running: {"remoteListeningOn":{"port":43915},"osReleaseId":"ubuntu","arch":"x86_64","webUiAccessToken":"","sshAuthSock":"","tmpDir":"/run/user/1000","platform":"linux","connectionToken":"1aa1a1a1-11aa-1111-1a11-a11aa1a1aa11","pid":36333,"ipcHandlePath":"/run/user/1000/vscode-ssh-askpass-5aa69c056b84f0bb6d1c024f3558f9af9c0c7873.sock","socksPort":39369,"startupTime":1612945650717}
[11:09:54.529] Found running server - short-circuiting install
[11:09:54.530] Starting forwarding server. localPort 45635 -> socksPort 39369 -> remotePort 43915
[11:09:54.530] Forwarding server listening on 45635
[11:09:54.530] Waiting for ssh tunnel to be ready
[11:09:54.531] [Forwarding server 45635] Got connection 0
[11:09:54.531] Tunneled 43915 to local port 45635
[11:09:54.532] Resolved "ssh-remote+adrien2" to "127.0.0.1:45635"
[11:09:54.537] ------




[11:09:54.573] [Forwarding server 45635] Got connection 1
[11:09:54.805] [Forwarding server 45635] Got connection 2
[11:10:01.793] [Forwarding server 45635] Got connection 3
