[10:05:40.534] Log Level: 2
[10:05:40.536] remote-ssh@0.65.4
[10:05:40.536] linux x64
[10:05:40.537] SSH Resolver called for "ssh-remote+adrien2", attempt 1
[10:05:40.538] "remote.SSH.useLocalServer": true
[10:05:40.538] "remote.SSH.path": undefined
[10:05:40.538] "remote.SSH.configFile": undefined
[10:05:40.539] "remote.SSH.useFlock": true
[10:05:40.539] "remote.SSH.lockfilesInTmp": false
[10:05:40.539] "remote.SSH.localServerDownload": auto
[10:05:40.539] "remote.SSH.remoteServerListenOnSocket": false
[10:05:40.540] "remote.SSH.showLoginTerminal": false
[10:05:40.540] "remote.SSH.defaultExtensions": []
[10:05:40.540] "remote.SSH.loglevel": 2
[10:05:40.540] SSH Resolver called for host: adrien2
[10:05:40.541] Setting up SSH remote "adrien2"
[10:05:40.543] Acquiring local install lock: /tmp/vscode-remote-ssh-adrien2-install.lock
[10:05:40.550] Looking for existing server data file at /home/val/.config/Code/User/globalStorage/ms-vscode-remote.remote-ssh/vscode-ssh-host-adrien2-3c4e3df9e89829dce27b7b5c24508306b151f30d-0.65.4/data.json
[10:05:40.551] Using commit id "3c4e3df9e89829dce27b7b5c24508306b151f30d" and quality "stable" for server
[10:05:40.554] Install and start server if needed
[10:05:40.570] PATH: /home/val/.local/bin:/home/val/.local/bin:/usr/local/bin:/usr/bin:/bin:/usr/local/sbin:/usr/lib/jvm/default/bin:/usr/bin/site_perl:/usr/bin/vendor_perl:/usr/bin/core_perl:/var/lib/snapd/snap/bin:/usr/lib/jvm/default/bin
[10:05:40.570] Checking ssh with "ssh -V"
[10:05:40.596] > OpenSSH_8.5p1, OpenSSL 1.1.1k  25 Mar 2021

[10:05:40.601] askpass server listening on /run/user/1000/vscode-ssh-askpass-15e7a1283481d85813ab76bc3b7e9ea9cac215c5.sock
[10:05:40.601] Spawning local server with {"ipcHandlePath":"/run/user/1000/vscode-ssh-askpass-4f2fb9e797799bc5b5b255e2a4def74f5ba099d8.sock","sshCommand":"ssh","sshArgs":["-v","-T","-D","33217","-o","ConnectTimeout=15","adrien2"],"dataFilePath":"/home/val/.config/Code/User/globalStorage/ms-vscode-remote.remote-ssh/vscode-ssh-host-adrien2-3c4e3df9e89829dce27b7b5c24508306b151f30d-0.65.4/data.json"}
[10:05:40.601] Local server env: {"DISPLAY":":0","ELECTRON_RUN_AS_NODE":"1","SSH_ASKPASS":"/home/val/.vscode/extensions/ms-vscode-remote.remote-ssh-0.65.4/out/local-server/askpass.sh","VSCODE_SSH_ASKPASS_NODE":"/opt/visual-studio-code/code","VSCODE_SSH_ASKPASS_MAIN":"/home/val/.vscode/extensions/ms-vscode-remote.remote-ssh-0.65.4/out/askpass-main.js","VSCODE_SSH_ASKPASS_HANDLE":"/run/user/1000/vscode-ssh-askpass-15e7a1283481d85813ab76bc3b7e9ea9cac215c5.sock"}
[10:05:40.608] Spawned 6783
[10:05:40.702] > local-server> Spawned ssh: 6791
[10:05:40.704] stderr> OpenSSH_8.5p1, OpenSSL 1.1.1k  25 Mar 2021
[10:05:48.610] stderr> debug1: Server host key: ssh-ed25519 SHA256:CqQxiwThyMVy7fXthyrh/7vXSf8BqTrJuYAkmm56smo
[10:05:55.638] stderr> Authenticated to 153.109.130.82 (via proxy).
[10:05:57.611] Terminating local server
[10:05:57.638] Resolver error: Error: Connecting with SSH timed out
	at Function.Timeout (/home/val/.vscode/extensions/ms-vscode-remote.remote-ssh-0.65.4/out/extension.js:1:64767)
	at Timeout._onTimeout (/home/val/.vscode/extensions/ms-vscode-remote.remote-ssh-0.65.4/out/extension.js:1:264318)
	at listOnTimeout (internal/timers.js:549:17)
	at processTimers (internal/timers.js:492:7)
[10:05:57.640] Local server exit: 15
[10:05:57.644] ------




