[10:06:43.459] Log Level: 2
[10:06:43.461] remote-ssh@0.65.4
[10:06:43.461] linux x64
[10:06:43.462] SSH Resolver called for "ssh-remote+adrien2", attempt 1
[10:06:43.462] "remote.SSH.useLocalServer": true
[10:06:43.462] "remote.SSH.path": undefined
[10:06:43.463] "remote.SSH.configFile": undefined
[10:06:43.463] "remote.SSH.useFlock": true
[10:06:43.463] "remote.SSH.lockfilesInTmp": false
[10:06:43.463] "remote.SSH.localServerDownload": auto
[10:06:43.464] "remote.SSH.remoteServerListenOnSocket": false
[10:06:43.464] "remote.SSH.showLoginTerminal": false
[10:06:43.464] "remote.SSH.defaultExtensions": []
[10:06:43.464] "remote.SSH.loglevel": 2
[10:06:43.464] SSH Resolver called for host: adrien2
[10:06:43.465] Setting up SSH remote "adrien2"
[10:06:43.468] Acquiring local install lock: /tmp/vscode-remote-ssh-adrien2-install.lock
[10:06:43.477] Looking for existing server data file at /home/val/.config/Code/User/globalStorage/ms-vscode-remote.remote-ssh/vscode-ssh-host-adrien2-3c4e3df9e89829dce27b7b5c24508306b151f30d-0.65.4/data.json
[10:06:43.477] Using commit id "3c4e3df9e89829dce27b7b5c24508306b151f30d" and quality "stable" for server
[10:06:43.480] Install and start server if needed
[10:06:43.482] PATH: /home/val/.local/bin:/home/val/.local/bin:/usr/local/bin:/usr/bin:/bin:/usr/local/sbin:/usr/lib/jvm/default/bin:/usr/bin/site_perl:/usr/bin/vendor_perl:/usr/bin/core_perl:/var/lib/snapd/snap/bin:/usr/lib/jvm/default/bin
[10:06:43.483] Checking ssh with "ssh -V"
[10:06:43.502] > OpenSSH_8.5p1, OpenSSL 1.1.1k  25 Mar 2021

[10:06:43.505] askpass server listening on /run/user/1000/vscode-ssh-askpass-a105ec0b4cd16fceca6184e29da7e7f1eb36797e.sock
[10:06:43.506] Spawning local server with {"ipcHandlePath":"/run/user/1000/vscode-ssh-askpass-abf692ac2c594cf0e59e649d99db7b8e24a311db.sock","sshCommand":"ssh","sshArgs":["-v","-T","-D","43809","-o","ConnectTimeout=15","adrien2"],"dataFilePath":"/home/val/.config/Code/User/globalStorage/ms-vscode-remote.remote-ssh/vscode-ssh-host-adrien2-3c4e3df9e89829dce27b7b5c24508306b151f30d-0.65.4/data.json"}
[10:06:43.506] Local server env: {"DISPLAY":":0","ELECTRON_RUN_AS_NODE":"1","SSH_ASKPASS":"/home/val/.vscode/extensions/ms-vscode-remote.remote-ssh-0.65.4/out/local-server/askpass.sh","VSCODE_SSH_ASKPASS_NODE":"/opt/visual-studio-code/code","VSCODE_SSH_ASKPASS_MAIN":"/home/val/.vscode/extensions/ms-vscode-remote.remote-ssh-0.65.4/out/askpass-main.js","VSCODE_SSH_ASKPASS_HANDLE":"/run/user/1000/vscode-ssh-askpass-a105ec0b4cd16fceca6184e29da7e7f1eb36797e.sock"}
[10:06:43.510] Spawned 7020
[10:06:43.595] > local-server> Spawned ssh: 7028
[10:06:43.597] stderr> OpenSSH_8.5p1, OpenSSL 1.1.1k  25 Mar 2021
[10:06:55.449] stderr> debug1: Server host key: ssh-ed25519 SHA256:CqQxiwThyMVy7fXthyrh/7vXSf8BqTrJuYAkmm56smo
[10:07:00.181] stderr> Authenticated to 153.109.130.82 (via proxy).
[10:07:00.512] Terminating local server
[10:07:00.543] Resolver error: Error: Connecting with SSH timed out
	at Function.Timeout (/home/val/.vscode/extensions/ms-vscode-remote.remote-ssh-0.65.4/out/extension.js:1:64767)
	at Timeout._onTimeout (/home/val/.vscode/extensions/ms-vscode-remote.remote-ssh-0.65.4/out/extension.js:1:264318)
	at listOnTimeout (internal/timers.js:549:17)
	at processTimers (internal/timers.js:492:7)
[10:07:00.547] Local server exit: 15
[10:07:00.551] ------




