[2021-02-10 09:27:30.530] [exthost] [info] extension host started
[2021-02-10 09:27:30.548] [exthost] [info] ExtensionService#_doActivateExtension ms-vscode-remote.remote-ssh {"startup":false,"extensionId":{"value":"ms-vscode-remote.remote-ssh","_lower":"ms-vscode-remote.remote-ssh"},"activationEvent":"onResolveRemoteAuthority:ssh-remote"}
[2021-02-10 09:27:30.549] [exthost] [info] ExtensionService#loadCommonJSModule file:///home/val/.vscode/extensions/ms-vscode-remote.remote-ssh-0.63.0/out/extension
[2021-02-10 09:27:47.314] [exthost] [info] ExtensionService#_doActivateExtension vscode.microsoft-authentication {"startup":false,"extensionId":{"value":"vscode.microsoft-authentication","_lower":"vscode.microsoft-authentication"},"activationEvent":"onAuthenticationRequest:microsoft"}
[2021-02-10 09:27:47.314] [exthost] [info] ExtensionService#loadCommonJSModule file:///opt/visual-studio-code/resources/app/extensions/microsoft-authentication/dist/extension.js
[2021-02-10 09:27:47.345] [exthost] [info] ExtensionService#_doActivateExtension vscodevim.vim {"startup":true,"extensionId":{"value":"vscodevim.vim","_lower":"vscodevim.vim"},"activationEvent":"*"}
[2021-02-10 09:27:47.362] [exthost] [info] ExtensionService#loadCommonJSModule file:///home/val/.vscode/extensions/vscodevim.vim-1.18.9/out/extension
[2021-02-10 09:27:47.485] [exthost] [info] eager extensions activated
[2021-02-10 09:27:50.362] [exthost] [info] ExtensionService#_doActivateExtension vscode.github-authentication {"startup":false,"extensionId":{"value":"vscode.github-authentication","_lower":"vscode.github-authentication"},"activationEvent":"onAuthenticationRequest:github"}
[2021-02-10 09:27:50.362] [exthost] [info] ExtensionService#loadCommonJSModule file:///opt/visual-studio-code/resources/app/extensions/github-authentication/dist/extension.js
[2021-02-10 09:43:17.092] [exthost] [warning] TextEditor is closed/disposed
[2021-02-10 09:43:17.092] [exthost] [warning] TextEditor is closed/disposed
[2021-02-10 09:49:57.677] [exthost] [warning] TextEditor is closed/disposed
[2021-02-10 09:49:57.677] [exthost] [warning] TextEditor is closed/disposed
[2021-02-11 10:50:23.887] [exthost] [warning] TextEditor is closed/disposed
[2021-02-11 10:50:23.887] [exthost] [warning] TextEditor is closed/disposed
[2021-02-11 11:25:46.933] [exthost] [warning] TextEditor is closed/disposed
[2021-02-11 11:25:46.933] [exthost] [warning] TextEditor is closed/disposed
[2021-02-11 16:05:22.208] [exthost] [info] extension host terminating: received terminate message from renderer
[2021-02-11 16:05:23.212] [exthost] [info] exiting with code 0
