[2021-02-14 08:18:32.446] [exthost] [info] extension host started
[2021-02-14 08:18:32.458] [exthost] [info] ExtensionService#_doActivateExtension ms-vscode-remote.remote-ssh {"startup":false,"extensionId":{"value":"ms-vscode-remote.remote-ssh","_lower":"ms-vscode-remote.remote-ssh"},"activationEvent":"onResolveRemoteAuthority:ssh-remote"}
[2021-02-14 08:18:32.458] [exthost] [info] ExtensionService#loadCommonJSModule file:///home/val/.vscode/extensions/ms-vscode-remote.remote-ssh-0.63.0/out/extension
[2021-02-14 08:18:48.025] [exthost] [info] ExtensionService#_doActivateExtension vscode.microsoft-authentication {"startup":false,"extensionId":{"value":"vscode.microsoft-authentication","_lower":"vscode.microsoft-authentication"},"activationEvent":"onAuthenticationRequest:microsoft"}
[2021-02-14 08:18:48.025] [exthost] [info] ExtensionService#loadCommonJSModule file:///opt/visual-studio-code/resources/app/extensions/microsoft-authentication/dist/extension.js
[2021-02-14 08:18:48.036] [exthost] [info] ExtensionService#_doActivateExtension vscodevim.vim {"startup":true,"extensionId":{"value":"vscodevim.vim","_lower":"vscodevim.vim"},"activationEvent":"*"}
[2021-02-14 08:18:48.036] [exthost] [info] ExtensionService#loadCommonJSModule file:///home/val/.vscode/extensions/vscodevim.vim-1.18.9/out/extension
[2021-02-14 08:18:48.195] [exthost] [info] eager extensions activated
[2021-02-14 08:18:48.321] [exthost] [info] ExtensionService#_doActivateExtension vscode.github-authentication {"startup":false,"extensionId":{"value":"vscode.github-authentication","_lower":"vscode.github-authentication"},"activationEvent":"onAuthenticationRequest:github"}
[2021-02-14 08:18:48.321] [exthost] [info] ExtensionService#loadCommonJSModule file:///opt/visual-studio-code/resources/app/extensions/github-authentication/dist/extension.js
[2021-02-14 08:46:41.812] [exthost] [info] extension host terminating: received terminate message from renderer
[2021-02-14 08:46:42.718] [exthost] [info] extension host started
[2021-02-14 08:46:42.732] [exthost] [info] ExtensionService#_doActivateExtension ms-vscode-remote.remote-ssh {"startup":false,"extensionId":{"value":"ms-vscode-remote.remote-ssh","_lower":"ms-vscode-remote.remote-ssh"},"activationEvent":"onResolveRemoteAuthority:ssh-remote"}
[2021-02-14 08:46:42.732] [exthost] [info] ExtensionService#loadCommonJSModule file:///home/val/.vscode/extensions/ms-vscode-remote.remote-ssh-0.63.0/out/extension
[2021-02-14 08:46:42.816] [exthost] [info] exiting with code 0
[2021-02-14 08:47:00.072] [exthost] [info] ExtensionService#_doActivateExtension vscode.microsoft-authentication {"startup":false,"extensionId":{"value":"vscode.microsoft-authentication","_lower":"vscode.microsoft-authentication"},"activationEvent":"onAuthenticationRequest:microsoft"}
[2021-02-14 08:47:00.073] [exthost] [info] ExtensionService#loadCommonJSModule file:///opt/visual-studio-code/resources/app/extensions/microsoft-authentication/dist/extension.js
[2021-02-14 08:47:00.087] [exthost] [info] ExtensionService#_doActivateExtension vscodevim.vim {"startup":true,"extensionId":{"value":"vscodevim.vim","_lower":"vscodevim.vim"},"activationEvent":"*"}
[2021-02-14 08:47:00.088] [exthost] [info] ExtensionService#loadCommonJSModule file:///home/val/.vscode/extensions/vscodevim.vim-1.18.9/out/extension
[2021-02-14 08:47:00.199] [exthost] [info] eager extensions activated
[2021-02-14 08:47:00.229] [exthost] [info] ExtensionService#_doActivateExtension vscode.github-authentication {"startup":false,"extensionId":{"value":"vscode.github-authentication","_lower":"vscode.github-authentication"},"activationEvent":"onAuthenticationRequest:github"}
[2021-02-14 08:47:00.229] [exthost] [info] ExtensionService#loadCommonJSModule file:///opt/visual-studio-code/resources/app/extensions/github-authentication/dist/extension.js
[2021-02-14 08:47:25.303] [exthost] [info] extension host terminating: received terminate message from renderer
[2021-02-14 08:47:26.270] [exthost] [info] extension host started
[2021-02-14 08:47:26.283] [exthost] [info] ExtensionService#_doActivateExtension vscode.microsoft-authentication {"startup":false,"extensionId":{"value":"vscode.microsoft-authentication","_lower":"vscode.microsoft-authentication"},"activationEvent":"onAuthenticationRequest:microsoft"}
[2021-02-14 08:47:26.283] [exthost] [info] ExtensionService#loadCommonJSModule file:///opt/visual-studio-code/resources/app/extensions/microsoft-authentication/dist/extension.js
[2021-02-14 08:47:26.290] [exthost] [info] ExtensionService#_doActivateExtension vscode.debug-auto-launch {"startup":true,"extensionId":{"value":"vscode.debug-auto-launch","_lower":"vscode.debug-auto-launch"},"activationEvent":"*"}
[2021-02-14 08:47:26.290] [exthost] [info] ExtensionService#loadCommonJSModule file:///opt/visual-studio-code/resources/app/extensions/debug-auto-launch/dist/extension
[2021-02-14 08:47:26.295] [exthost] [info] ExtensionService#_doActivateExtension vscode.git {"startup":true,"extensionId":{"value":"vscode.github","_lower":"vscode.github"},"activationEvent":"*"}
[2021-02-14 08:47:26.295] [exthost] [info] ExtensionService#loadCommonJSModule file:///opt/visual-studio-code/resources/app/extensions/git/dist/main
[2021-02-14 08:47:26.306] [exthost] [info] exiting with code 0
[2021-02-14 08:47:26.337] [exthost] [info] ExtensionService#_doActivateExtension vscodevim.vim {"startup":true,"extensionId":{"value":"vscodevim.vim","_lower":"vscodevim.vim"},"activationEvent":"*"}
[2021-02-14 08:47:26.337] [exthost] [info] ExtensionService#loadCommonJSModule file:///home/val/.vscode/extensions/vscodevim.vim-1.18.9/out/extension
[2021-02-14 08:47:26.412] [exthost] [info] ExtensionService#_doActivateExtension vscode.github {"startup":true,"extensionId":{"value":"vscode.github","_lower":"vscode.github"},"activationEvent":"*"}
[2021-02-14 08:47:26.412] [exthost] [info] ExtensionService#loadCommonJSModule file:///opt/visual-studio-code/resources/app/extensions/github/dist/extension.js
[2021-02-14 08:47:26.441] [exthost] [info] eager extensions activated
[2021-02-14 08:47:26.441] [exthost] [info] ExtensionService#_doActivateExtension ms-vscode.js-debug {"startup":false,"extensionId":{"value":"ms-vscode.js-debug","_lower":"ms-vscode.js-debug"},"activationEvent":"onCommand:extension.js-debug.clearAutoAttachVariables"}
[2021-02-14 08:47:26.441] [exthost] [info] ExtensionService#loadCommonJSModule file:///opt/visual-studio-code/resources/app/extensions/ms-vscode.js-debug/src/extension.js
[2021-02-14 08:47:26.557] [exthost] [info] ExtensionService#_doActivateExtension vscode.emmet {"startup":false,"extensionId":{"value":"vscode.emmet","_lower":"vscode.emmet"},"activationEvent":"onStartupFinished"}
[2021-02-14 08:47:26.558] [exthost] [info] ExtensionService#loadCommonJSModule file:///opt/visual-studio-code/resources/app/extensions/emmet/dist/node/emmetNodeMain
[2021-02-14 08:47:26.567] [exthost] [info] ExtensionService#_doActivateExtension vscode.merge-conflict {"startup":false,"extensionId":{"value":"vscode.merge-conflict","_lower":"vscode.merge-conflict"},"activationEvent":"onStartupFinished"}
[2021-02-14 08:47:26.567] [exthost] [info] ExtensionService#loadCommonJSModule file:///opt/visual-studio-code/resources/app/extensions/merge-conflict/dist/mergeConflictMain
[2021-02-14 08:47:26.571] [exthost] [info] ExtensionService#_doActivateExtension vscode.testing-editor-contributions {"startup":false,"extensionId":{"value":"vscode.testing-editor-contributions","_lower":"vscode.testing-editor-contributions"},"activationEvent":"onStartupFinished"}
[2021-02-14 08:47:26.571] [exthost] [info] ExtensionService#loadCommonJSModule file:///opt/visual-studio-code/resources/app/extensions/testing-editor-contributions/dist/extension.js
[2021-02-14 08:47:26.594] [exthost] [info] ExtensionService#_doActivateExtension vscode.github-authentication {"startup":false,"extensionId":{"value":"vscode.github-authentication","_lower":"vscode.github-authentication"},"activationEvent":"onAuthenticationRequest:github"}
[2021-02-14 08:47:26.594] [exthost] [info] ExtensionService#loadCommonJSModule file:///opt/visual-studio-code/resources/app/extensions/github-authentication/dist/extension.js
[2021-02-14 08:47:29.704] [exthost] [info] extension host terminating: received terminate message from renderer
[2021-02-14 08:47:30.600] [exthost] [info] extension host started
[2021-02-14 08:47:30.617] [exthost] [info] ExtensionService#_doActivateExtension ms-vscode-remote.remote-ssh {"startup":false,"extensionId":{"value":"ms-vscode-remote.remote-ssh","_lower":"ms-vscode-remote.remote-ssh"},"activationEvent":"onResolveRemoteAuthority:ssh-remote"}
[2021-02-14 08:47:30.617] [exthost] [info] ExtensionService#loadCommonJSModule file:///home/val/.vscode/extensions/ms-vscode-remote.remote-ssh-0.63.0/out/extension
[2021-02-14 08:47:30.711] [exthost] [info] exiting with code 0
[2021-02-14 08:47:47.986] [exthost] [info] ExtensionService#_doActivateExtension vscode.microsoft-authentication {"startup":false,"extensionId":{"value":"vscode.microsoft-authentication","_lower":"vscode.microsoft-authentication"},"activationEvent":"onAuthenticationRequest:microsoft"}
[2021-02-14 08:47:47.986] [exthost] [info] ExtensionService#loadCommonJSModule file:///opt/visual-studio-code/resources/app/extensions/microsoft-authentication/dist/extension.js
[2021-02-14 08:47:47.996] [exthost] [info] ExtensionService#_doActivateExtension vscodevim.vim {"startup":true,"extensionId":{"value":"vscodevim.vim","_lower":"vscodevim.vim"},"activationEvent":"*"}
[2021-02-14 08:47:47.996] [exthost] [info] ExtensionService#loadCommonJSModule file:///home/val/.vscode/extensions/vscodevim.vim-1.18.9/out/extension
[2021-02-14 08:47:48.097] [exthost] [info] eager extensions activated
[2021-02-14 08:47:48.130] [exthost] [info] ExtensionService#_doActivateExtension vscode.github-authentication {"startup":false,"extensionId":{"value":"vscode.github-authentication","_lower":"vscode.github-authentication"},"activationEvent":"onAuthenticationRequest:github"}
[2021-02-14 08:47:48.130] [exthost] [info] ExtensionService#loadCommonJSModule file:///opt/visual-studio-code/resources/app/extensions/github-authentication/dist/extension.js
[2021-02-14 08:48:46.640] [exthost] [info] extension host terminating: received terminate message from renderer
[2021-02-14 08:48:47.555] [exthost] [info] extension host started
[2021-02-14 08:48:47.569] [exthost] [info] ExtensionService#_doActivateExtension ms-vscode-remote.remote-ssh {"startup":false,"extensionId":{"value":"ms-vscode-remote.remote-ssh","_lower":"ms-vscode-remote.remote-ssh"},"activationEvent":"onResolveRemoteAuthority:ssh-remote"}
[2021-02-14 08:48:47.569] [exthost] [info] ExtensionService#loadCommonJSModule file:///home/val/.vscode/extensions/ms-vscode-remote.remote-ssh-0.63.0/out/extension
[2021-02-14 08:48:47.643] [exthost] [info] exiting with code 0
[2021-02-14 08:49:05.009] [exthost] [info] ExtensionService#_doActivateExtension vscode.microsoft-authentication {"startup":false,"extensionId":{"value":"vscode.microsoft-authentication","_lower":"vscode.microsoft-authentication"},"activationEvent":"onAuthenticationRequest:microsoft"}
[2021-02-14 08:49:05.010] [exthost] [info] ExtensionService#loadCommonJSModule file:///opt/visual-studio-code/resources/app/extensions/microsoft-authentication/dist/extension.js
[2021-02-14 08:49:05.020] [exthost] [info] ExtensionService#_doActivateExtension vscodevim.vim {"startup":true,"extensionId":{"value":"vscodevim.vim","_lower":"vscodevim.vim"},"activationEvent":"*"}
[2021-02-14 08:49:05.020] [exthost] [info] ExtensionService#loadCommonJSModule file:///home/val/.vscode/extensions/vscodevim.vim-1.18.9/out/extension
[2021-02-14 08:49:05.136] [exthost] [info] eager extensions activated
[2021-02-14 08:49:05.175] [exthost] [info] ExtensionService#_doActivateExtension vscode.github-authentication {"startup":false,"extensionId":{"value":"vscode.github-authentication","_lower":"vscode.github-authentication"},"activationEvent":"onAuthenticationRequest:github"}
[2021-02-14 08:49:05.175] [exthost] [info] ExtensionService#loadCommonJSModule file:///opt/visual-studio-code/resources/app/extensions/github-authentication/dist/extension.js
[2021-02-14 08:49:48.229] [exthost] [info] extension host terminating: received terminate message from renderer
[2021-02-14 08:49:49.188] [exthost] [info] extension host started
[2021-02-14 08:49:49.200] [exthost] [info] ExtensionService#_doActivateExtension ms-vscode-remote.remote-ssh {"startup":false,"extensionId":{"value":"ms-vscode-remote.remote-ssh","_lower":"ms-vscode-remote.remote-ssh"},"activationEvent":"onResolveRemoteAuthority:ssh-remote"}
[2021-02-14 08:49:49.200] [exthost] [info] ExtensionService#loadCommonJSModule file:///home/val/.vscode/extensions/ms-vscode-remote.remote-ssh-0.63.0/out/extension
[2021-02-14 08:49:49.233] [exthost] [info] exiting with code 0
[2021-02-14 08:50:06.640] [exthost] [info] ExtensionService#_doActivateExtension vscode.microsoft-authentication {"startup":false,"extensionId":{"value":"vscode.microsoft-authentication","_lower":"vscode.microsoft-authentication"},"activationEvent":"onAuthenticationRequest:microsoft"}
[2021-02-14 08:50:06.640] [exthost] [info] ExtensionService#loadCommonJSModule file:///opt/visual-studio-code/resources/app/extensions/microsoft-authentication/dist/extension.js
[2021-02-14 08:50:06.649] [exthost] [info] ExtensionService#_doActivateExtension vscodevim.vim {"startup":true,"extensionId":{"value":"vscodevim.vim","_lower":"vscodevim.vim"},"activationEvent":"*"}
[2021-02-14 08:50:06.650] [exthost] [info] ExtensionService#loadCommonJSModule file:///home/val/.vscode/extensions/vscodevim.vim-1.18.9/out/extension
[2021-02-14 08:50:06.758] [exthost] [info] eager extensions activated
[2021-02-14 08:50:06.791] [exthost] [info] ExtensionService#_doActivateExtension vscode.github-authentication {"startup":false,"extensionId":{"value":"vscode.github-authentication","_lower":"vscode.github-authentication"},"activationEvent":"onAuthenticationRequest:github"}
[2021-02-14 08:50:06.791] [exthost] [info] ExtensionService#loadCommonJSModule file:///opt/visual-studio-code/resources/app/extensions/github-authentication/dist/extension.js
[2021-02-14 08:51:01.920] [exthost] [info] extension host terminating: received terminate message from renderer
[2021-02-14 08:51:02.795] [exthost] [info] extension host started
[2021-02-14 08:51:02.806] [exthost] [info] ExtensionService#_doActivateExtension ms-vscode-remote.remote-ssh {"startup":false,"extensionId":{"value":"ms-vscode-remote.remote-ssh","_lower":"ms-vscode-remote.remote-ssh"},"activationEvent":"onResolveRemoteAuthority:ssh-remote"}
[2021-02-14 08:51:02.806] [exthost] [info] ExtensionService#loadCommonJSModule file:///home/val/.vscode/extensions/ms-vscode-remote.remote-ssh-0.63.0/out/extension
[2021-02-14 08:51:02.923] [exthost] [info] exiting with code 0
[2021-02-14 08:51:08.274] [exthost] [info] ExtensionService#_doActivateExtension vscode.microsoft-authentication {"startup":false,"extensionId":{"value":"vscode.microsoft-authentication","_lower":"vscode.microsoft-authentication"},"activationEvent":"onAuthenticationRequest:microsoft"}
[2021-02-14 08:51:08.274] [exthost] [info] ExtensionService#loadCommonJSModule file:///opt/visual-studio-code/resources/app/extensions/microsoft-authentication/dist/extension.js
[2021-02-14 08:51:08.280] [exthost] [info] ExtensionService#_doActivateExtension vscodevim.vim {"startup":true,"extensionId":{"value":"vscodevim.vim","_lower":"vscodevim.vim"},"activationEvent":"*"}
[2021-02-14 08:51:08.280] [exthost] [info] ExtensionService#loadCommonJSModule file:///home/val/.vscode/extensions/vscodevim.vim-1.18.9/out/extension
[2021-02-14 08:51:08.333] [exthost] [info] eager extensions activated
[2021-02-14 08:51:09.959] [exthost] [info] ExtensionService#_doActivateExtension vscode.github-authentication {"startup":false,"extensionId":{"value":"vscode.github-authentication","_lower":"vscode.github-authentication"},"activationEvent":"onAuthenticationRequest:github"}
[2021-02-14 08:51:09.959] [exthost] [info] ExtensionService#loadCommonJSModule file:///opt/visual-studio-code/resources/app/extensions/github-authentication/dist/extension.js
[2021-02-14 11:31:16.244] [exthost] [info] extension host terminating: received terminate message from renderer
[2021-02-14 11:31:17.248] [exthost] [info] exiting with code 0
