[08:51:02.865] Log Level: 2
[08:51:02.867] remote-ssh@0.63.0
[08:51:02.867] linux x64
[08:51:02.868] SSH Resolver called for "ssh-remote+adrien2", attempt 1
[08:51:02.868] "remote.SSH.useLocalServer": true
[08:51:02.868] "remote.SSH.sshPath": undefined
[08:51:02.868] "remote.SSH.sshConfigurationFile": undefined
[08:51:02.868] "remote.SSH.useFlock": true
[08:51:02.868] "remote.SSH.lockfilesInTmp": false
[08:51:02.868] "remote.SSH.localServerDownload": auto
[08:51:02.869] "remote.SSH.remoteServerListenOnSocket": false
[08:51:02.869] "remote.SSH.showLoginTerminal": false
[08:51:02.869] SSH Resolver called for host: adrien2
[08:51:02.869] Setting up SSH remote "adrien2"
[08:51:02.871] Acquiring local install lock: /tmp/vscode-remote-ssh-adrien2-install.lock
[08:51:02.876] Looking for existing server data file at /home/val/.config/Code/User/globalStorage/ms-vscode-remote.remote-ssh/vscode-ssh-host-adrien2-622cb03f7e070a9670c94bae1a45d78d7181fbd4-0.63.0/data.json
[08:51:02.877] Using commit id "622cb03f7e070a9670c94bae1a45d78d7181fbd4" and quality "stable" for server
[08:51:02.879] Install and start server if needed
[08:51:02.892] Checking ssh with "ssh -V"
[08:51:02.898] > OpenSSH_8.4p1, OpenSSL 1.1.1i  8 Dec 2020

[08:51:02.901] askpass server listening on /run/user/1000/vscode-ssh-askpass-c9e6a17a1b05e82041c336a56106ae9b01e7d737.sock
[08:51:02.902] Spawning local server with {"ipcHandlePath":"/run/user/1000/vscode-ssh-askpass-4df46189681e9c066045cc207689836f5ce4986d.sock","sshCommand":"ssh","sshArgs":["-v","-T","-D","46561","-o","ConnectTimeout=15","adrien2"],"dataFilePath":"/home/val/.config/Code/User/globalStorage/ms-vscode-remote.remote-ssh/vscode-ssh-host-adrien2-622cb03f7e070a9670c94bae1a45d78d7181fbd4-0.63.0/data.json"}
[08:51:02.902] Local server env: {"DISPLAY":"1","ELECTRON_RUN_AS_NODE":"1","SSH_ASKPASS":"/home/val/.vscode/extensions/ms-vscode-remote.remote-ssh-0.63.0/out/local-server/askpass.sh","VSCODE_SSH_ASKPASS_NODE":"/opt/visual-studio-code/code","VSCODE_SSH_ASKPASS_MAIN":"/home/val/.vscode/extensions/ms-vscode-remote.remote-ssh-0.63.0/out/askpass-main.js","VSCODE_SSH_ASKPASS_HANDLE":"/run/user/1000/vscode-ssh-askpass-c9e6a17a1b05e82041c336a56106ae9b01e7d737.sock"}
[08:51:02.905] Spawned 67932
[08:51:02.991] > local-server> Spawned ssh: 67943
[08:51:02.993] stderr> OpenSSH_8.4p1, OpenSSL 1.1.1i  8 Dec 2020
[08:51:05.102] stderr> debug1: Server host key: ecdsa-sha2-nistp256 SHA256:QGI4/EPg1bhz+2zgv4sPJQM5/2if4fcluj1g80yPkvs
[08:51:05.314] stderr> Authenticated to 153.109.130.82 (via proxy).
[08:51:05.823] > Welcome to Ubuntu 18.04.5 LTS (GNU/Linux 5.4.0-64-generic x86_64)
> 
>  * Documentation:  https://help.ubuntu.com
>  * Management:     https://landscape.canonical.com
>  * Support:        https://ubuntu.com/advantage
> 
>  * Canonical Livepatch is available for installation.
>    - Reduce system reboots and improve kernel security. Activate at:
>      https://ubuntu.com/livepatch
> 
> 9 packages can be updated.
> 0 of these updates are security updates.
> To see these additional updates run: apt list --upgradable
> 
> New release '20.04.2 LTS' available.
> Run 'do-release-upgrade' to upgrade to it.
> 
> Your Hardware Enablement Stack (HWE) is supported until April 2023.
> *** System restart required ***
[08:51:05.843] > ready: 19bd6b12b7e4
[08:51:05.882] > Linux 5.4.0-64-generic #72~18.04.1-Ubuntu SMP Fri Jan 15 14:06:34 UTC 2021
[08:51:05.883] Platform: linux
[08:51:06.003] > 19bd6b12b7e4: running
[08:51:06.092] > Acquiring lock on /home/val/.vscode-server/bin/622cb03f7e070a9670c94bae1a45d78d7181fbd4/vscode-remote-lock.val.622cb03f7e070a9670c94bae1a45d78d7181fbd4
> Found existing installation at /home/val/.vscode-server/bin/622cb03f7e070a9670c94bae1a45d78d7181fbd4...
> Checking /home/val/.vscode-server/.622cb03f7e070a9670c94bae1a45d78d7181fbd4.log and /home/val/.vscode-server/.622cb03f7e070a9670c94bae1a45d78d7181fbd4.pid for a running server
> Looking for server with pid: 28347
> Starting server with command... /home/val/.vscode-server/bin/622cb03f7e070a9670c94bae1a45d78d7181fbd4/server.sh --start-server --host=127.0.0.1 --enable-remote-auto-shutdown  --port=0  &> "/home/val/.vscode-server/.622cb03f7e070a9670c94bae1a45d78d7181fbd4.log" < /dev/null
> printenv:
[08:51:06.112] >     LC_MEASUREMENT=en_GB.UTF-8
>     SSH_CONNECTION=153.109.124.125 46594 153.109.130.82 22
>     LC_PAPER=en_GB.UTF-8
>     LC_MONETARY=en_GB.UTF-8
>     LANG=en_US.UTF-8
>     LC_NAME=en_GB.UTF-8
>     XDG_SESSION_ID=926
>     USER=val
>     PWD=/home/val
>     HOME=/home/val
>     SSH_CLIENT=153.109.124.125 46594 22
>     XDG_DATA_DIRS=/usr/local/share:/usr/share:/var/lib/snapd/desktop
>     LC_ADDRESS=en_GB.UTF-8
>     LC_NUMERIC=en_GB.UTF-8
>     MAIL=/var/mail/val
>     PAPERSIZE=a4
>     SHELL=/bin/bash
>     SHLVL=2
>     LC_TELEPHONE=en_GB.UTF-8
>     VSCODE_AGENT_FOLDER=/home/val/.vscode-server
>     LOGNAME=val
>     DBUS_SESSION_BUS_ADDRESS=unix:path=/run/user/1000/bus
>     XDG_RUNTIME_DIR=/run/user/1000
>     PATH=/home/val/.local/bin:/usr/local/sbin:/usr/local/bin:/usr/sbin:/usr/bin:/sbin:/bin:/usr/games:/usr/local/games:/snap/bin
>     LC_IDENTIFICATION=en_GB.UTF-8
>     LC_TIME=en_GB.UTF-8
>     _=/usr/bin/printenv
> Spawned remote server: 19835
> Waiting for server log...
[08:51:06.153] > Waiting for server log...
[08:51:06.193] > Waiting for server log...
[08:51:06.253] >  
> *
> * Reminder: You may only use this software with Visual Studio family products,
> * as described in the license (https://go.microsoft.com/fwlink/?linkid=2077057)
> *
>  
> 19bd6b12b7e4: start
> sshAuthSock====
> webUiAccessToken====
> listeningOn==33415==
> osReleaseId==ubuntu==
> arch==x86_64==
> tmpDir==/run/user/1000==
> platform==linux==
> unpackResult====
> didLocalDownload==0==
> downloadTime====
> installTime====
> extInstallTime====
> serverStartTime==117==
> connectionToken==aaaaaaa1-a11a-1111-aaaa-1a11a111111a==
> 19bd6b12b7e4: end
[08:51:06.253] Received install output: 
sshAuthSock====
webUiAccessToken====
listeningOn==33415==
osReleaseId==ubuntu==
arch==x86_64==
tmpDir==/run/user/1000==
platform==linux==
unpackResult====
didLocalDownload==0==
downloadTime====
installTime====
extInstallTime====
serverStartTime==117==
connectionToken==aaaaaaa1-a11a-1111-aaaa-1a11a111111a==

[08:51:06.253] Remote server is listening on 33415
[08:51:06.253] Parsed server configuration: {"serverConfiguration":{"remoteListeningOn":{"port":33415},"osReleaseId":"ubuntu","arch":"x86_64","webUiAccessToken":"","sshAuthSock":"","tmpDir":"/run/user/1000","platform":"linux","connectionToken":"aaaaaaa1-a11a-1111-aaaa-1a11a111111a"},"serverStartTime":117,"installUnpackCode":""}
[08:51:06.254] Persisting server connection details to /home/val/.config/Code/User/globalStorage/ms-vscode-remote.remote-ssh/vscode-ssh-host-adrien2-622cb03f7e070a9670c94bae1a45d78d7181fbd4-0.63.0/data.json
[08:51:06.255] Starting forwarding server. localPort 35633 -> socksPort 46561 -> remotePort 33415
[08:51:06.255] Forwarding server listening on 35633
[08:51:06.255] Waiting for ssh tunnel to be ready
[08:51:06.256] [Forwarding server 35633] Got connection 0
[08:51:06.257] Tunneled 33415 to local port 35633
[08:51:06.257] Resolved "ssh-remote+adrien2" to "127.0.0.1:35633"
[08:51:06.262] ------




[08:51:06.311] [Forwarding server 35633] Got connection 1
[08:51:06.553] [Forwarding server 35633] Got connection 2
[08:51:28.074] [Forwarding server 35633] Got connection 3
[08:51:28.079] [Forwarding server 35633] Got connection 4
[08:51:28.090] [Forwarding server 35633] Got connection 5
[08:51:28.094] [Forwarding server 35633] Got connection 6
[08:51:28.097] [Forwarding server 35633] Got connection 7
[08:51:28.100] [Forwarding server 35633] Got connection 8
[08:51:37.219] [Forwarding server 35633] Got connection 9
