[10:07:42.807] Log Level: 2
[10:07:42.808] remote-ssh@0.65.4
[10:07:42.808] linux x64
[10:07:42.809] SSH Resolver called for "ssh-remote+adrien2", attempt 1
[10:07:42.809] "remote.SSH.useLocalServer": true
[10:07:42.810] "remote.SSH.path": undefined
[10:07:42.810] "remote.SSH.configFile": undefined
[10:07:42.810] "remote.SSH.useFlock": true
[10:07:42.810] "remote.SSH.lockfilesInTmp": false
[10:07:42.810] "remote.SSH.localServerDownload": auto
[10:07:42.810] "remote.SSH.remoteServerListenOnSocket": false
[10:07:42.810] "remote.SSH.showLoginTerminal": false
[10:07:42.810] "remote.SSH.defaultExtensions": []
[10:07:42.810] "remote.SSH.loglevel": 2
[10:07:42.811] SSH Resolver called for host: adrien2
[10:07:42.811] Setting up SSH remote "adrien2"
[10:07:42.813] Acquiring local install lock: /tmp/vscode-remote-ssh-adrien2-install.lock
[10:07:42.820] Looking for existing server data file at /home/val/.config/Code/User/globalStorage/ms-vscode-remote.remote-ssh/vscode-ssh-host-adrien2-3c4e3df9e89829dce27b7b5c24508306b151f30d-0.65.4/data.json
[10:07:42.820] Using commit id "3c4e3df9e89829dce27b7b5c24508306b151f30d" and quality "stable" for server
[10:07:42.824] Install and start server if needed
[10:07:42.826] PATH: /home/val/.local/bin:/home/val/.local/bin:/usr/local/bin:/usr/bin:/bin:/usr/local/sbin:/usr/lib/jvm/default/bin:/usr/bin/site_perl:/usr/bin/vendor_perl:/usr/bin/core_perl:/var/lib/snapd/snap/bin:/usr/lib/jvm/default/bin
[10:07:42.826] Checking ssh with "ssh -V"
[10:07:42.833] > OpenSSH_8.5p1, OpenSSL 1.1.1k  25 Mar 2021

[10:07:42.855] askpass server listening on /run/user/1000/vscode-ssh-askpass-3da3c932130f5668406cbeb22d4ccc92012276b7.sock
[10:07:42.855] Spawning local server with {"ipcHandlePath":"/run/user/1000/vscode-ssh-askpass-eaa77075b46ee1535a6a090f55ec125dc9acfb01.sock","sshCommand":"ssh","sshArgs":["-v","-T","-D","46205","-o","ConnectTimeout=15","adrien2"],"dataFilePath":"/home/val/.config/Code/User/globalStorage/ms-vscode-remote.remote-ssh/vscode-ssh-host-adrien2-3c4e3df9e89829dce27b7b5c24508306b151f30d-0.65.4/data.json"}
[10:07:42.855] Local server env: {"DISPLAY":":0","ELECTRON_RUN_AS_NODE":"1","SSH_ASKPASS":"/home/val/.vscode/extensions/ms-vscode-remote.remote-ssh-0.65.4/out/local-server/askpass.sh","VSCODE_SSH_ASKPASS_NODE":"/opt/visual-studio-code/code","VSCODE_SSH_ASKPASS_MAIN":"/home/val/.vscode/extensions/ms-vscode-remote.remote-ssh-0.65.4/out/askpass-main.js","VSCODE_SSH_ASKPASS_HANDLE":"/run/user/1000/vscode-ssh-askpass-3da3c932130f5668406cbeb22d4ccc92012276b7.sock"}
[10:07:42.860] Spawned 7121
[10:07:42.949] > local-server> Spawned ssh: 7129
[10:07:42.950] stderr> OpenSSH_8.5p1, OpenSSL 1.1.1k  25 Mar 2021
[10:07:56.879] stderr> debug1: Server host key: ssh-ed25519 SHA256:CqQxiwThyMVy7fXthyrh/7vXSf8BqTrJuYAkmm56smo
[10:07:59.603] stderr> Authenticated to 153.109.130.82 (via proxy).
[10:07:59.861] Terminating local server
[10:07:59.872] Resolver error: Error: Connecting with SSH timed out
	at Function.Timeout (/home/val/.vscode/extensions/ms-vscode-remote.remote-ssh-0.65.4/out/extension.js:1:64767)
	at Timeout._onTimeout (/home/val/.vscode/extensions/ms-vscode-remote.remote-ssh-0.65.4/out/extension.js:1:264318)
	at listOnTimeout (internal/timers.js:549:17)
	at processTimers (internal/timers.js:492:7)
[10:07:59.875] Local server exit: 15
[10:07:59.878] ------




