[09:31:32.299] Log Level: 2
[09:31:32.301] remote-ssh@0.64.0
[09:31:32.301] linux x64
[09:31:32.302] SSH Resolver called for "ssh-remote+adrien2", attempt 1
[09:31:32.302] "remote.SSH.useLocalServer": true
[09:31:32.302] "remote.SSH.sshPath": undefined
[09:31:32.302] "remote.SSH.sshConfigurationFile": undefined
[09:31:32.302] "remote.SSH.useFlock": true
[09:31:32.302] "remote.SSH.lockfilesInTmp": false
[09:31:32.302] "remote.SSH.localServerDownload": auto
[09:31:32.303] "remote.SSH.remoteServerListenOnSocket": false
[09:31:32.303] "remote.SSH.showLoginTerminal": false
[09:31:32.303] "remote.SSH.defaultExtensions": []
[09:31:32.303] SSH Resolver called for host: adrien2
[09:31:32.303] Setting up SSH remote "adrien2"
[09:31:32.305] Acquiring local install lock: /tmp/vscode-remote-ssh-adrien2-install.lock
[09:31:32.311] Looking for existing server data file at /home/val/.config/Code/User/globalStorage/ms-vscode-remote.remote-ssh/vscode-ssh-host-adrien2-622cb03f7e070a9670c94bae1a45d78d7181fbd4-0.64.0/data.json
[09:31:32.311] Using commit id "622cb03f7e070a9670c94bae1a45d78d7181fbd4" and quality "stable" for server
[09:31:32.313] Install and start server if needed
[09:31:32.325] Checking ssh with "ssh -V"
[09:31:32.333] > OpenSSH_8.4p1, OpenSSL 1.1.1i  8 Dec 2020

[09:31:32.336] askpass server listening on /run/user/1000/vscode-ssh-askpass-71a378298dd55109c637e57729c422df23788091.sock
[09:31:32.337] Spawning local server with {"ipcHandlePath":"/run/user/1000/vscode-ssh-askpass-896cd5852575c932691f244fc898e2a8f597f941.sock","sshCommand":"ssh","sshArgs":["-v","-T","-D","44549","-o","ConnectTimeout=15","adrien2"],"dataFilePath":"/home/val/.config/Code/User/globalStorage/ms-vscode-remote.remote-ssh/vscode-ssh-host-adrien2-622cb03f7e070a9670c94bae1a45d78d7181fbd4-0.64.0/data.json"}
[09:31:32.337] Local server env: {"DISPLAY":"1","ELECTRON_RUN_AS_NODE":"1","SSH_ASKPASS":"/home/val/.vscode/extensions/ms-vscode-remote.remote-ssh-0.64.0/out/local-server/askpass.sh","VSCODE_SSH_ASKPASS_NODE":"/opt/visual-studio-code/code","VSCODE_SSH_ASKPASS_MAIN":"/home/val/.vscode/extensions/ms-vscode-remote.remote-ssh-0.64.0/out/askpass-main.js","VSCODE_SSH_ASKPASS_HANDLE":"/run/user/1000/vscode-ssh-askpass-71a378298dd55109c637e57729c422df23788091.sock"}
[09:31:32.340] Spawned 11995
[09:31:32.427] > local-server> Spawned ssh: 12005
[09:31:32.429] stderr> OpenSSH_8.4p1, OpenSSL 1.1.1i  8 Dec 2020
[09:31:46.585] stderr> debug1: Server host key: ecdsa-sha2-nistp256 SHA256:QGI4/EPg1bhz+2zgv4sPJQM5/2if4fcluj1g80yPkvs
[09:31:49.342] Terminating local server
[09:31:49.373] Resolver error: Error: Connecting with SSH timed out
	at Function.Timeout (/home/val/.vscode/extensions/ms-vscode-remote.remote-ssh-0.64.0/out/extension.js:1:64255)
	at Timeout._onTimeout (/home/val/.vscode/extensions/ms-vscode-remote.remote-ssh-0.64.0/out/extension.js:1:281228)
	at listOnTimeout (internal/timers.js:549:17)
	at processTimers (internal/timers.js:492:7)
[09:31:49.379] Local server exit: 15
[09:31:49.386] ------




