[08:18:32.549] Log Level: 2
[08:18:32.552] remote-ssh@0.63.0
[08:18:32.552] linux x64
[08:18:32.553] SSH Resolver called for "ssh-remote+adrien2", attempt 1
[08:18:32.554] "remote.SSH.useLocalServer": true
[08:18:32.554] "remote.SSH.sshPath": undefined
[08:18:32.554] "remote.SSH.sshConfigurationFile": undefined
[08:18:32.554] "remote.SSH.useFlock": true
[08:18:32.554] "remote.SSH.lockfilesInTmp": false
[08:18:32.555] "remote.SSH.localServerDownload": auto
[08:18:32.555] "remote.SSH.remoteServerListenOnSocket": false
[08:18:32.555] "remote.SSH.showLoginTerminal": false
[08:18:32.555] SSH Resolver called for host: adrien2
[08:18:32.556] Setting up SSH remote "adrien2"
[08:18:32.559] Acquiring local install lock: /tmp/vscode-remote-ssh-adrien2-install.lock
[08:18:32.569] Looking for existing server data file at /home/val/.config/Code/User/globalStorage/ms-vscode-remote.remote-ssh/vscode-ssh-host-adrien2-622cb03f7e070a9670c94bae1a45d78d7181fbd4-0.63.0/data.json
[08:18:32.571] Using commit id "622cb03f7e070a9670c94bae1a45d78d7181fbd4" and quality "stable" for server
[08:18:32.574] Install and start server if needed
[08:18:32.598] Checking ssh with "ssh -V"
[08:18:32.612] > OpenSSH_8.4p1, OpenSSL 1.1.1i  8 Dec 2020

[08:18:32.615] askpass server listening on /run/user/1000/vscode-ssh-askpass-df7c6864fa143122a3a0a0773241a82d19f3001e.sock
[08:18:32.615] Spawning local server with {"ipcHandlePath":"/run/user/1000/vscode-ssh-askpass-5d2e86e6216803af2a322acdd5c4c15cad2b69ba.sock","sshCommand":"ssh","sshArgs":["-v","-T","-D","44767","-o","ConnectTimeout=15","adrien2"],"dataFilePath":"/home/val/.config/Code/User/globalStorage/ms-vscode-remote.remote-ssh/vscode-ssh-host-adrien2-622cb03f7e070a9670c94bae1a45d78d7181fbd4-0.63.0/data.json"}
[08:18:32.616] Local server env: {"DISPLAY":"1","ELECTRON_RUN_AS_NODE":"1","SSH_ASKPASS":"/home/val/.vscode/extensions/ms-vscode-remote.remote-ssh-0.63.0/out/local-server/askpass.sh","VSCODE_SSH_ASKPASS_NODE":"/opt/visual-studio-code/code","VSCODE_SSH_ASKPASS_MAIN":"/home/val/.vscode/extensions/ms-vscode-remote.remote-ssh-0.63.0/out/askpass-main.js","VSCODE_SSH_ASKPASS_HANDLE":"/run/user/1000/vscode-ssh-askpass-df7c6864fa143122a3a0a0773241a82d19f3001e.sock"}
[08:18:32.619] Spawned 16384
[08:18:32.709] > local-server> Spawned ssh: 16392
[08:18:32.711] stderr> OpenSSH_8.4p1, OpenSSL 1.1.1i  8 Dec 2020
[08:18:47.725] stderr> Connection timed out during banner exchange
[08:18:47.725] stderr> Connection to UNKNOWN port 65535 timed out
[08:18:47.727] > local-server> ssh child died, shutting down
[08:18:47.737] Local server exit: 0
[08:18:47.738] Received install output: OpenSSH_8.4p1, OpenSSL 1.1.1i  8 Dec 2020
Connection timed out during banner exchange
Connection to UNKNOWN port 65535 timed out

[08:18:47.752] Resolver error: Error: The connection timed out
	at Function.Offline (/home/val/.vscode/extensions/ms-vscode-remote.remote-ssh-0.63.0/out/extension.js:1:64081)
	at /home/val/.vscode/extensions/ms-vscode-remote.remote-ssh-0.63.0/out/extension.js:1:61770
	at Object.t.handleInstallOutput (/home/val/.vscode/extensions/ms-vscode-remote.remote-ssh-0.63.0/out/extension.js:1:62045)
	at Object.t.tryInstallWithLocalServer (/home/val/.vscode/extensions/ms-vscode-remote.remote-ssh-0.63.0/out/extension.js:1:405034)
	at processTicksAndRejections (internal/process/task_queues.js:97:5)
	at async /home/val/.vscode/extensions/ms-vscode-remote.remote-ssh-0.63.0/out/extension.js:1:310329
	at async Object.t.withShowDetailsEvent (/home/val/.vscode/extensions/ms-vscode-remote.remote-ssh-0.63.0/out/extension.js:1:405790)
	at async /home/val/.vscode/extensions/ms-vscode-remote.remote-ssh-0.63.0/out/extension.js:1:403558
	at async S (/home/val/.vscode/extensions/ms-vscode-remote.remote-ssh-0.63.0/out/extension.js:1:400326)
	at async Object.t.resolveWithLocalServer (/home/val/.vscode/extensions/ms-vscode-remote.remote-ssh-0.63.0/out/extension.js:1:403185)
	at async Object.t.resolve (/home/val/.vscode/extensions/ms-vscode-remote.remote-ssh-0.63.0/out/extension.js:1:314332)
	at async /home/val/.vscode/extensions/ms-vscode-remote.remote-ssh-0.63.0/out/extension.js:127:110333
[08:18:47.758] ------




