[11:53:07.249] Log Level: 2
[11:53:07.251] remote-ssh@0.65.4
[11:53:07.251] linux x64
[11:53:07.252] SSH Resolver called for "ssh-remote+adrien2", attempt 1
[11:53:07.252] "remote.SSH.useLocalServer": true
[11:53:07.252] "remote.SSH.path": undefined
[11:53:07.253] "remote.SSH.configFile": undefined
[11:53:07.253] "remote.SSH.useFlock": true
[11:53:07.253] "remote.SSH.lockfilesInTmp": false
[11:53:07.253] "remote.SSH.localServerDownload": auto
[11:53:07.254] "remote.SSH.remoteServerListenOnSocket": false
[11:53:07.254] "remote.SSH.showLoginTerminal": false
[11:53:07.254] "remote.SSH.defaultExtensions": []
[11:53:07.255] "remote.SSH.loglevel": 2
[11:53:07.255] SSH Resolver called for host: adrien2
[11:53:07.255] Setting up SSH remote "adrien2"
[11:53:07.259] Acquiring local install lock: /tmp/vscode-remote-ssh-adrien2-install.lock
[11:53:07.266] Looking for existing server data file at /home/val/.config/Code/User/globalStorage/ms-vscode-remote.remote-ssh/vscode-ssh-host-adrien2-3c4e3df9e89829dce27b7b5c24508306b151f30d-0.65.4/data.json
[11:53:07.281] Using commit id "3c4e3df9e89829dce27b7b5c24508306b151f30d" and quality "stable" for server
[11:53:07.283] Install and start server if needed
[11:53:07.287] PATH: /home/val/.local/bin:/home/val/.local/bin:/usr/local/bin:/usr/bin:/bin:/usr/local/sbin:/usr/lib/jvm/default/bin:/usr/bin/site_perl:/usr/bin/vendor_perl:/usr/bin/core_perl:/var/lib/snapd/snap/bin:/usr/lib/jvm/default/bin
[11:53:07.287] Checking ssh with "ssh -V"
[11:53:07.302] > OpenSSH_8.6p1, OpenSSL 1.1.1k  25 Mar 2021

[11:53:07.306] askpass server listening on /run/user/1000/vscode-ssh-askpass-108d365805c66f8d6bcfc81d02c6eb2c9d92f6ec.sock
[11:53:07.307] Spawning local server with {"ipcHandlePath":"/run/user/1000/vscode-ssh-askpass-5422ec37436d8df0d6450a589f9064129325add4.sock","sshCommand":"ssh","sshArgs":["-v","-T","-D","41837","-o","ConnectTimeout=15","adrien2"],"dataFilePath":"/home/val/.config/Code/User/globalStorage/ms-vscode-remote.remote-ssh/vscode-ssh-host-adrien2-3c4e3df9e89829dce27b7b5c24508306b151f30d-0.65.4/data.json"}
[11:53:07.307] Local server env: {"DISPLAY":":0","ELECTRON_RUN_AS_NODE":"1","SSH_ASKPASS":"/home/val/.vscode/extensions/ms-vscode-remote.remote-ssh-0.65.4/out/local-server/askpass.sh","VSCODE_SSH_ASKPASS_NODE":"/opt/visual-studio-code/code","VSCODE_SSH_ASKPASS_MAIN":"/home/val/.vscode/extensions/ms-vscode-remote.remote-ssh-0.65.4/out/askpass-main.js","VSCODE_SSH_ASKPASS_HANDLE":"/run/user/1000/vscode-ssh-askpass-108d365805c66f8d6bcfc81d02c6eb2c9d92f6ec.sock"}
[11:53:07.311] Spawned 4081
[11:53:07.413] > local-server> Spawned ssh: 4089
[11:53:07.415] stderr> OpenSSH_8.6p1, OpenSSL 1.1.1k  25 Mar 2021
[11:53:09.380] stderr> debug1: Server host key: ssh-ed25519 SHA256:CqQxiwThyMVy7fXthyrh/7vXSf8BqTrJuYAkmm56smo
[11:53:09.413] stderr> Authenticated to 153.109.130.82 (via proxy).
[11:53:09.842] > Welcome to Ubuntu 18.04.5 LTS (GNU/Linux 5.4.0-70-generic x86_64)
> 
>  * Documentation:  https://help.ubuntu.com
>  * Management:     https://landscape.canonical.com
>  * Support:        https://ubuntu.com/advantage
> 
>  * Canonical Livepatch is available for installation.
>    - Reduce system reboots and improve kernel security. Activate at:
>      https://ubuntu.com/livepatch
> 
> 25 packages can be updated.
> 0 of these updates are security updates.
> To see these additional updates run: apt list --upgradable
> 
> Your Hardware Enablement Stack (HWE) is supported until April 2023.
> *** System restart required ***
[11:53:09.848] > ready: 3d6301265597
[11:53:09.855] > Linux 5.4.0-70-generic #78~18.04.1-Ubuntu SMP Sat Mar 20 14:10:07 UTC 2021
[11:53:09.855] Platform: linux
[11:53:09.884] > 3d6301265597: running
[11:53:09.930] > Acquiring lock on /home/val/.vscode-server/bin/3c4e3df9e89829dce27b7b5c24508306b151f30d/vscode-remote-lock.val.3c4e3df9e89829dce27b7b5c24508306b151f30d
> Found existing installation at /home/val/.vscode-server/bin/3c4e3df9e89829dce27b7b5c24508306b151f30d...
> Checking /home/val/.vscode-server/.3c4e3df9e89829dce27b7b5c24508306b151f30d.log and /home/val/.vscode-server/.3c4e3df9e89829dce27b7b5c24508306b151f30d.pid for a running server
> Looking for server with pid: 28267
[11:53:09.962] > Starting server with command... /home/val/.vscode-server/bin/3c4e3df9e89829dce27b7b5c24508306b151f30d/server.sh --start-server --host=127.0.0.1 --enable-remote-auto-shutdown  --port=0  &> "/home/val/.vscode-server/.3c4e3df9e89829dce27b7b5c24508306b151f30d.log" < /dev/null
> printenv:
[11:53:09.964] >     LC_MEASUREMENT=en_GB.UTF-8
>     SSH_CONNECTION=153.109.124.125 41860 153.109.130.82 22
>     LC_PAPER=en_GB.UTF-8
>     LC_MONETARY=en_GB.UTF-8
>     LANG=en_US.UTF-8
>     LC_NAME=en_GB.UTF-8
>     XDG_SESSION_ID=1196
>     USER=val
>     PWD=/home/val
>     HOME=/home/val
>     SSH_CLIENT=153.109.124.125 41860 22
>     XDG_DATA_DIRS=/usr/local/share:/usr/share:/var/lib/snapd/desktop
>     LC_ADDRESS=en_GB.UTF-8
>     LC_NUMERIC=en_GB.UTF-8
>     MAIL=/var/mail/val
>     PAPERSIZE=a4
>     SHELL=/bin/bash
>     SHLVL=2
>     LC_TELEPHONE=en_GB.UTF-8
>     VSCODE_AGENT_FOLDER=/home/val/.vscode-server
>     LOGNAME=val
>     DBUS_SESSION_BUS_ADDRESS=unix:path=/run/user/1000/bus
>     XDG_RUNTIME_DIR=/run/user/1000
>     PATH=/home/val/.local/bin:/usr/local/sbin:/usr/local/bin:/usr/sbin:/usr/bin:/sbin:/bin:/usr/games:/usr/local/games:/snap/bin
>     LC_IDENTIFICATION=en_GB.UTF-8
>     LC_TIME=en_GB.UTF-8
>     _=/usr/bin/printenv
[11:53:09.972] > Spawned remote server: 17374
[11:53:09.977] > Waiting for server log...
[11:53:10.013] > Waiting for server log...
[11:53:10.048] > Waiting for server log...
[11:53:10.088] >  
> *
> * Reminder: You may only use this software with Visual Studio family products,
> * as described in the license (https://go.microsoft.com/fwlink/?linkid=2077057)
> *
>  
[11:53:10.094] > 3d6301265597: start
> SSH_AUTH_SOCK====
> DISPLAY====
> webUiAccessToken====
> listeningOn==33481==
> osReleaseId==ubuntu==
> arch==x86_64==
> tmpDir==/run/user/1000==
> platform==linux==
> unpackResult====
> didLocalDownload==0==
> downloadTime====
> installTime====
> extInstallTime====
> serverStartTime==121==
> connectionToken==a111a111-1aaa-1a1a-111a-1aa1a1111aa1==
> 3d6301265597: end
[11:53:10.094] Received install output: 
SSH_AUTH_SOCK====
DISPLAY====
webUiAccessToken====
listeningOn==33481==
osReleaseId==ubuntu==
arch==x86_64==
tmpDir==/run/user/1000==
platform==linux==
unpackResult====
didLocalDownload==0==
downloadTime====
installTime====
extInstallTime====
serverStartTime==121==
connectionToken==a111a111-1aaa-1a1a-111a-1aa1a1111aa1==

[11:53:10.094] Remote server is listening on 33481
[11:53:10.095] Parsed server configuration: {"serverConfiguration":{"remoteListeningOn":{"port":33481},"osReleaseId":"ubuntu","arch":"x86_64","webUiAccessToken":"","sshAuthSock":"","display":"","tmpDir":"/run/user/1000","platform":"linux","connectionToken":"a111a111-1aaa-1a1a-111a-1aa1a1111aa1"},"serverStartTime":121,"installUnpackCode":""}
[11:53:10.095] Persisting server connection details to /home/val/.config/Code/User/globalStorage/ms-vscode-remote.remote-ssh/vscode-ssh-host-adrien2-3c4e3df9e89829dce27b7b5c24508306b151f30d-0.65.4/data.json
[11:53:10.096] Starting forwarding server. localPort 41463 -> socksPort 41837 -> remotePort 33481
[11:53:10.096] Forwarding server listening on 41463
[11:53:10.096] Waiting for ssh tunnel to be ready
[11:53:10.099] [Forwarding server 41463] Got connection 0
[11:53:10.100] Tunneled 33481 to local port 41463
[11:53:10.100] Resolved "ssh-remote+adrien2" to "127.0.0.1:41463"
[11:53:10.108] ------




[11:53:10.167] [Forwarding server 41463] Got connection 1
[11:53:10.330] [Forwarding server 41463] Got connection 2
[11:53:11.590] [Forwarding server 41463] Got connection 3
