[10:31:18.440] Log Level: 2
[10:31:18.442] remote-ssh@0.63.0
[10:31:18.442] linux x64
[10:31:18.442] SSH Resolver called for "ssh-remote+adrien2", attempt 1
[10:31:18.443] "remote.SSH.useLocalServer": true
[10:31:18.443] "remote.SSH.sshPath": undefined
[10:31:18.443] "remote.SSH.sshConfigurationFile": undefined
[10:31:18.443] "remote.SSH.useFlock": true
[10:31:18.443] "remote.SSH.lockfilesInTmp": false
[10:31:18.443] "remote.SSH.localServerDownload": auto
[10:31:18.444] "remote.SSH.remoteServerListenOnSocket": false
[10:31:18.444] "remote.SSH.showLoginTerminal": false
[10:31:18.444] SSH Resolver called for host: adrien2
[10:31:18.444] Setting up SSH remote "adrien2"
[10:31:18.446] Acquiring local install lock: /tmp/vscode-remote-ssh-adrien2-install.lock
[10:31:18.452] Looking for existing server data file at /home/val/.config/Code/User/globalStorage/ms-vscode-remote.remote-ssh/vscode-ssh-host-adrien2-5d424b828ada08e1eb9f95d6cb41120234ef57c7-0.63.0/data.json
[10:31:18.466] Found local server running: {"remoteListeningOn":{"port":43915},"osReleaseId":"ubuntu","arch":"x86_64","webUiAccessToken":"","sshAuthSock":"","tmpDir":"/run/user/1000","platform":"linux","connectionToken":"1aa1a1a1-11aa-1111-1a11-a11aa1a1aa11","pid":36333,"ipcHandlePath":"/run/user/1000/vscode-ssh-askpass-5aa69c056b84f0bb6d1c024f3558f9af9c0c7873.sock","socksPort":39369,"startupTime":1612945650717}
[10:31:18.471] Found running server - short-circuiting install
[10:31:18.472] Starting forwarding server. localPort 46253 -> socksPort 39369 -> remotePort 43915
[10:31:18.472] Forwarding server listening on 46253
[10:31:18.472] Waiting for ssh tunnel to be ready
[10:31:18.473] [Forwarding server 46253] Got connection 0
[10:31:18.473] Tunneled 43915 to local port 46253
[10:31:18.473] Resolved "ssh-remote+adrien2" to "127.0.0.1:46253"
[10:31:18.481] ------




[10:31:18.514] [Forwarding server 46253] Got connection 1
[10:31:18.922] [Forwarding server 46253] Got connection 2
[10:31:26.388] [Forwarding server 46253] Got connection 3
[10:31:28.243] [Forwarding server 46253] Got connection 4
[10:31:28.247] [Forwarding server 46253] Got connection 5
[10:31:28.248] [Forwarding server 46253] Got connection 6
[10:31:28.249] [Forwarding server 46253] Got connection 7
[10:31:28.249] [Forwarding server 46253] Got connection 8
[10:31:37.230] [Forwarding server 46253] Got connection 9
