[2021-04-22 10:05:50.087] [renderer3] [warning] Workbench did not finish loading in 10 seconds, that might be a problem that should be reported.
[2021-04-22 10:05:57.750] [renderer3] [error] [remote-connection] An error occurred in the very first connect attempt, it will be treated as a permanent error! Error:
[2021-04-22 10:05:57.751] [renderer3] [error] Error: Connecting with SSH timed out
    at Zn.resolveAuthority (file:///opt/visual-studio-code/resources/app/out/vs/workbench/workbench.desktop.main.js:1767:8022)
    at async _scanAndHandleExtensions (file:///opt/visual-studio-code/resources/app/out/vs/workbench/workbench.desktop.main.js:2787:6768)
    at async _initialize (file:///opt/visual-studio-code/resources/app/out/vs/workbench/workbench.desktop.main.js:1904:15396)
[2021-04-22 10:05:57.764] [renderer3] [warning] Ignoring the error while validating workspace folder vscode-remote://ssh-remote%2Badrien2/home/val/python_wkspce/lymphangitis3.0 - Connecting with SSH timed out
[2021-04-22 10:05:57.775] [renderer3] [error] Unable to read file 'vscode-remote://ssh-remote+adrien2/home/val/python_wkspce/lymphangitis3.0/.vscode/settings.json' (Error: Connecting with SSH timed out): Error: Unable to read file 'vscode-remote://ssh-remote+adrien2/home/val/python_wkspce/lymphangitis3.0/.vscode/settings.json' (Error: Connecting with SSH timed out)
    at o.doReadFileStream (file:///opt/visual-studio-code/resources/app/out/vs/workbench/workbench.desktop.main.js:626:48867)
    at async o.doReadFile (file:///opt/visual-studio-code/resources/app/out/vs/workbench/workbench.desktop.main.js:626:47973)
    at async Object.factory (file:///opt/visual-studio-code/resources/app/out/vs/workbench/workbench.desktop.main.js:626:47888)
[2021-04-22 10:05:57.775] [renderer3] [error] Unable to read file 'vscode-remote://ssh-remote+adrien2/home/val/python_wkspce/lymphangitis3.0/.vscode/tasks.json' (Error: Connecting with SSH timed out): Error: Unable to read file 'vscode-remote://ssh-remote+adrien2/home/val/python_wkspce/lymphangitis3.0/.vscode/tasks.json' (Error: Connecting with SSH timed out)
    at o.doReadFileStream (file:///opt/visual-studio-code/resources/app/out/vs/workbench/workbench.desktop.main.js:626:48867)
    at async o.doReadFile (file:///opt/visual-studio-code/resources/app/out/vs/workbench/workbench.desktop.main.js:626:47973)
    at async Object.factory (file:///opt/visual-studio-code/resources/app/out/vs/workbench/workbench.desktop.main.js:626:47888)
[2021-04-22 10:05:57.775] [renderer3] [error] Unable to read file 'vscode-remote://ssh-remote+adrien2/home/val/python_wkspce/lymphangitis3.0/.vscode/launch.json' (Error: Connecting with SSH timed out): Error: Unable to read file 'vscode-remote://ssh-remote+adrien2/home/val/python_wkspce/lymphangitis3.0/.vscode/launch.json' (Error: Connecting with SSH timed out)
    at o.doReadFileStream (file:///opt/visual-studio-code/resources/app/out/vs/workbench/workbench.desktop.main.js:626:48867)
    at async o.doReadFile (file:///opt/visual-studio-code/resources/app/out/vs/workbench/workbench.desktop.main.js:626:47973)
    at async Object.factory (file:///opt/visual-studio-code/resources/app/out/vs/workbench/workbench.desktop.main.js:626:47888)
[2021-04-22 10:05:57.778] [renderer3] [error] Error: Unable to read file 'vscode-remote://ssh-remote+adrien2/home/val/python_wkspce/lymphangitis3.0/src/models/train_best_model_late_fusion.py' (Error: Connecting with SSH timed out)
    at o.doReadFileStream (file:///opt/visual-studio-code/resources/app/out/vs/workbench/workbench.desktop.main.js:626:48867)
    at async E.doRead (file:///opt/visual-studio-code/resources/app/out/vs/workbench/workbench.desktop.main.js:2151:80864)
    at async E.readStream (file:///opt/visual-studio-code/resources/app/out/vs/workbench/workbench.desktop.main.js:2151:80510)
    at async kr.loadFromFile (file:///opt/visual-studio-code/resources/app/out/vs/workbench/workbench.desktop.main.js:2149:49103)
    at async s.resolve (file:///opt/visual-studio-code/resources/app/out/vs/workbench/workbench.desktop.main.js:2151:76728)
    at async vo.doResolveAsText (file:///opt/visual-studio-code/resources/app/out/vs/workbench/workbench.desktop.main.js:1923:111558)
    at async n.setInput (file:///opt/visual-studio-code/resources/app/out/vs/workbench/workbench.desktop.main.js:2061:75068)
    at async c.doSetInput (file:///opt/visual-studio-code/resources/app/out/vs/workbench/workbench.desktop.main.js:1608:10549)
    at async c.openEditor (file:///opt/visual-studio-code/resources/app/out/vs/workbench/workbench.desktop.main.js:1608:9103)
    at async file:///opt/visual-studio-code/resources/app/out/vs/workbench/workbench.desktop.main.js:2394:15803
    at async Ii.restoreEditors (file:///opt/visual-studio-code/resources/app/out/vs/workbench/workbench.desktop.main.js:2394:8883)
[2021-04-22 10:05:57.778] [renderer3] [error] Error: Unable to read file 'vscode-remote://ssh-remote+adrien2/home/val/python_wkspce/lymphangitis3.0/src/models/train_best_model.py' (Error: Connecting with SSH timed out)
    at o.doReadFileStream (file:///opt/visual-studio-code/resources/app/out/vs/workbench/workbench.desktop.main.js:626:48867)
    at async E.doRead (file:///opt/visual-studio-code/resources/app/out/vs/workbench/workbench.desktop.main.js:2151:80864)
    at async E.readStream (file:///opt/visual-studio-code/resources/app/out/vs/workbench/workbench.desktop.main.js:2151:80510)
    at async kr.loadFromFile (file:///opt/visual-studio-code/resources/app/out/vs/workbench/workbench.desktop.main.js:2149:49103)
    at async s.resolve (file:///opt/visual-studio-code/resources/app/out/vs/workbench/workbench.desktop.main.js:2151:76728)
    at async vo.doResolveAsText (file:///opt/visual-studio-code/resources/app/out/vs/workbench/workbench.desktop.main.js:1923:111558)
    at async n.setInput (file:///opt/visual-studio-code/resources/app/out/vs/workbench/workbench.desktop.main.js:2061:75068)
    at async c.doSetInput (file:///opt/visual-studio-code/resources/app/out/vs/workbench/workbench.desktop.main.js:1608:10549)
    at async c.openEditor (file:///opt/visual-studio-code/resources/app/out/vs/workbench/workbench.desktop.main.js:1608:9103)
    at async file:///opt/visual-studio-code/resources/app/out/vs/workbench/workbench.desktop.main.js:2394:15803
    at async Ii.openEditor (file:///opt/visual-studio-code/resources/app/out/vs/workbench/workbench.desktop.main.js:2394:14394)
[2021-04-22 10:05:57.793] [renderer3] [error] Unable to read file 'vscode-remote://ssh-remote+adrien2/home/val/python_wkspce/lymphangitis3.0/.vscode/settings.json' (Error: Connecting with SSH timed out): Error: Unable to read file 'vscode-remote://ssh-remote+adrien2/home/val/python_wkspce/lymphangitis3.0/.vscode/settings.json' (Error: Connecting with SSH timed out)
    at o.doReadFileStream (file:///opt/visual-studio-code/resources/app/out/vs/workbench/workbench.desktop.main.js:626:48867)
    at async o.doReadFile (file:///opt/visual-studio-code/resources/app/out/vs/workbench/workbench.desktop.main.js:626:47973)
    at async Object.factory (file:///opt/visual-studio-code/resources/app/out/vs/workbench/workbench.desktop.main.js:626:47888)
[2021-04-22 10:05:57.793] [renderer3] [error] Unable to read file 'vscode-remote://ssh-remote+adrien2/home/val/python_wkspce/lymphangitis3.0/.vscode/tasks.json' (Error: Connecting with SSH timed out): Error: Unable to read file 'vscode-remote://ssh-remote+adrien2/home/val/python_wkspce/lymphangitis3.0/.vscode/tasks.json' (Error: Connecting with SSH timed out)
    at o.doReadFileStream (file:///opt/visual-studio-code/resources/app/out/vs/workbench/workbench.desktop.main.js:626:48867)
    at async o.doReadFile (file:///opt/visual-studio-code/resources/app/out/vs/workbench/workbench.desktop.main.js:626:47973)
    at async Object.factory (file:///opt/visual-studio-code/resources/app/out/vs/workbench/workbench.desktop.main.js:626:47888)
[2021-04-22 10:05:57.794] [renderer3] [error] Unable to read file 'vscode-remote://ssh-remote+adrien2/home/val/python_wkspce/lymphangitis3.0/.vscode/launch.json' (Error: Connecting with SSH timed out): Error: Unable to read file 'vscode-remote://ssh-remote+adrien2/home/val/python_wkspce/lymphangitis3.0/.vscode/launch.json' (Error: Connecting with SSH timed out)
    at o.doReadFileStream (file:///opt/visual-studio-code/resources/app/out/vs/workbench/workbench.desktop.main.js:626:48867)
    at async o.doReadFile (file:///opt/visual-studio-code/resources/app/out/vs/workbench/workbench.desktop.main.js:626:47973)
    at async Object.factory (file:///opt/visual-studio-code/resources/app/out/vs/workbench/workbench.desktop.main.js:626:47888)
[2021-04-22 10:05:57.820] [renderer3] [error] Unable to read file 'vscode-remote://ssh-remote+adrien2/home/val/python_wkspce/lymphangitis3.0/.vscode/settings.json' (Error: Connecting with SSH timed out): Error: Unable to read file 'vscode-remote://ssh-remote+adrien2/home/val/python_wkspce/lymphangitis3.0/.vscode/settings.json' (Error: Connecting with SSH timed out)
    at o.doReadFileStream (file:///opt/visual-studio-code/resources/app/out/vs/workbench/workbench.desktop.main.js:626:48867)
    at async o.doReadFile (file:///opt/visual-studio-code/resources/app/out/vs/workbench/workbench.desktop.main.js:626:47973)
    at async Object.factory (file:///opt/visual-studio-code/resources/app/out/vs/workbench/workbench.desktop.main.js:626:47888)
[2021-04-22 10:05:57.820] [renderer3] [error] Unable to read file 'vscode-remote://ssh-remote+adrien2/home/val/python_wkspce/lymphangitis3.0/.vscode/tasks.json' (Error: Connecting with SSH timed out): Error: Unable to read file 'vscode-remote://ssh-remote+adrien2/home/val/python_wkspce/lymphangitis3.0/.vscode/tasks.json' (Error: Connecting with SSH timed out)
    at o.doReadFileStream (file:///opt/visual-studio-code/resources/app/out/vs/workbench/workbench.desktop.main.js:626:48867)
    at async o.doReadFile (file:///opt/visual-studio-code/resources/app/out/vs/workbench/workbench.desktop.main.js:626:47973)
    at async Object.factory (file:///opt/visual-studio-code/resources/app/out/vs/workbench/workbench.desktop.main.js:626:47888)
[2021-04-22 10:05:57.820] [renderer3] [error] Unable to read file 'vscode-remote://ssh-remote+adrien2/home/val/python_wkspce/lymphangitis3.0/.vscode/launch.json' (Error: Connecting with SSH timed out): Error: Unable to read file 'vscode-remote://ssh-remote+adrien2/home/val/python_wkspce/lymphangitis3.0/.vscode/launch.json' (Error: Connecting with SSH timed out)
    at o.doReadFileStream (file:///opt/visual-studio-code/resources/app/out/vs/workbench/workbench.desktop.main.js:626:48867)
    at async o.doReadFile (file:///opt/visual-studio-code/resources/app/out/vs/workbench/workbench.desktop.main.js:626:47973)
    at async Object.factory (file:///opt/visual-studio-code/resources/app/out/vs/workbench/workbench.desktop.main.js:626:47888)
[2021-04-22 10:05:57.840] [renderer3] [error] Unable to read file 'vscode-remote://ssh-remote+adrien2/home/val/python_wkspce/lymphangitis3.0/.vscode/settings.json' (Error: Connecting with SSH timed out): Error: Unable to read file 'vscode-remote://ssh-remote+adrien2/home/val/python_wkspce/lymphangitis3.0/.vscode/settings.json' (Error: Connecting with SSH timed out)
    at o.doReadFileStream (file:///opt/visual-studio-code/resources/app/out/vs/workbench/workbench.desktop.main.js:626:48867)
    at async o.doReadFile (file:///opt/visual-studio-code/resources/app/out/vs/workbench/workbench.desktop.main.js:626:47973)
    at async Object.factory (file:///opt/visual-studio-code/resources/app/out/vs/workbench/workbench.desktop.main.js:626:47888)
[2021-04-22 10:05:57.841] [renderer3] [error] Unable to read file 'vscode-remote://ssh-remote+adrien2/home/val/python_wkspce/lymphangitis3.0/.vscode/tasks.json' (Error: Connecting with SSH timed out): Error: Unable to read file 'vscode-remote://ssh-remote+adrien2/home/val/python_wkspce/lymphangitis3.0/.vscode/tasks.json' (Error: Connecting with SSH timed out)
    at o.doReadFileStream (file:///opt/visual-studio-code/resources/app/out/vs/workbench/workbench.desktop.main.js:626:48867)
    at async o.doReadFile (file:///opt/visual-studio-code/resources/app/out/vs/workbench/workbench.desktop.main.js:626:47973)
    at async Object.factory (file:///opt/visual-studio-code/resources/app/out/vs/workbench/workbench.desktop.main.js:626:47888)
[2021-04-22 10:05:57.841] [renderer3] [error] Unable to read file 'vscode-remote://ssh-remote+adrien2/home/val/python_wkspce/lymphangitis3.0/.vscode/launch.json' (Error: Connecting with SSH timed out): Error: Unable to read file 'vscode-remote://ssh-remote+adrien2/home/val/python_wkspce/lymphangitis3.0/.vscode/launch.json' (Error: Connecting with SSH timed out)
    at o.doReadFileStream (file:///opt/visual-studio-code/resources/app/out/vs/workbench/workbench.desktop.main.js:626:48867)
    at async o.doReadFile (file:///opt/visual-studio-code/resources/app/out/vs/workbench/workbench.desktop.main.js:626:47973)
    at async Object.factory (file:///opt/visual-studio-code/resources/app/out/vs/workbench/workbench.desktop.main.js:626:47888)
[2021-04-22 10:05:57.864] [renderer3] [error] Unable to read file 'vscode-remote://ssh-remote+adrien2/home/val/python_wkspce/lymphangitis3.0/.vscode/settings.json' (Error: Connecting with SSH timed out): Error: Unable to read file 'vscode-remote://ssh-remote+adrien2/home/val/python_wkspce/lymphangitis3.0/.vscode/settings.json' (Error: Connecting with SSH timed out)
    at o.doReadFileStream (file:///opt/visual-studio-code/resources/app/out/vs/workbench/workbench.desktop.main.js:626:48867)
    at async o.doReadFile (file:///opt/visual-studio-code/resources/app/out/vs/workbench/workbench.desktop.main.js:626:47973)
    at async Object.factory (file:///opt/visual-studio-code/resources/app/out/vs/workbench/workbench.desktop.main.js:626:47888)
[2021-04-22 10:05:57.864] [renderer3] [error] Unable to read file 'vscode-remote://ssh-remote+adrien2/home/val/python_wkspce/lymphangitis3.0/.vscode/tasks.json' (Error: Connecting with SSH timed out): Error: Unable to read file 'vscode-remote://ssh-remote+adrien2/home/val/python_wkspce/lymphangitis3.0/.vscode/tasks.json' (Error: Connecting with SSH timed out)
    at o.doReadFileStream (file:///opt/visual-studio-code/resources/app/out/vs/workbench/workbench.desktop.main.js:626:48867)
    at async o.doReadFile (file:///opt/visual-studio-code/resources/app/out/vs/workbench/workbench.desktop.main.js:626:47973)
    at async Object.factory (file:///opt/visual-studio-code/resources/app/out/vs/workbench/workbench.desktop.main.js:626:47888)
[2021-04-22 10:05:57.864] [renderer3] [error] Unable to read file 'vscode-remote://ssh-remote+adrien2/home/val/python_wkspce/lymphangitis3.0/.vscode/launch.json' (Error: Connecting with SSH timed out): Error: Unable to read file 'vscode-remote://ssh-remote+adrien2/home/val/python_wkspce/lymphangitis3.0/.vscode/launch.json' (Error: Connecting with SSH timed out)
    at o.doReadFileStream (file:///opt/visual-studio-code/resources/app/out/vs/workbench/workbench.desktop.main.js:626:48867)
    at async o.doReadFile (file:///opt/visual-studio-code/resources/app/out/vs/workbench/workbench.desktop.main.js:626:47973)
    at async Object.factory (file:///opt/visual-studio-code/resources/app/out/vs/workbench/workbench.desktop.main.js:626:47888)
[2021-04-22 10:05:57.868] [renderer3] [error] Unable to read file 'vscode-remote://ssh-remote+adrien2/home/val/python_wkspce/lymphangitis3.0/.vscode/settings.json' (Error: Connecting with SSH timed out): Error: Unable to read file 'vscode-remote://ssh-remote+adrien2/home/val/python_wkspce/lymphangitis3.0/.vscode/settings.json' (Error: Connecting with SSH timed out)
    at o.doReadFileStream (file:///opt/visual-studio-code/resources/app/out/vs/workbench/workbench.desktop.main.js:626:48867)
    at async o.doReadFile (file:///opt/visual-studio-code/resources/app/out/vs/workbench/workbench.desktop.main.js:626:47973)
    at async Object.factory (file:///opt/visual-studio-code/resources/app/out/vs/workbench/workbench.desktop.main.js:626:47888)
[2021-04-22 10:05:57.868] [renderer3] [error] Unable to read file 'vscode-remote://ssh-remote+adrien2/home/val/python_wkspce/lymphangitis3.0/.vscode/tasks.json' (Error: Connecting with SSH timed out): Error: Unable to read file 'vscode-remote://ssh-remote+adrien2/home/val/python_wkspce/lymphangitis3.0/.vscode/tasks.json' (Error: Connecting with SSH timed out)
    at o.doReadFileStream (file:///opt/visual-studio-code/resources/app/out/vs/workbench/workbench.desktop.main.js:626:48867)
    at async o.doReadFile (file:///opt/visual-studio-code/resources/app/out/vs/workbench/workbench.desktop.main.js:626:47973)
    at async Object.factory (file:///opt/visual-studio-code/resources/app/out/vs/workbench/workbench.desktop.main.js:626:47888)
[2021-04-22 10:05:57.868] [renderer3] [error] Unable to read file 'vscode-remote://ssh-remote+adrien2/home/val/python_wkspce/lymphangitis3.0/.vscode/launch.json' (Error: Connecting with SSH timed out): Error: Unable to read file 'vscode-remote://ssh-remote+adrien2/home/val/python_wkspce/lymphangitis3.0/.vscode/launch.json' (Error: Connecting with SSH timed out)
    at o.doReadFileStream (file:///opt/visual-studio-code/resources/app/out/vs/workbench/workbench.desktop.main.js:626:48867)
    at async o.doReadFile (file:///opt/visual-studio-code/resources/app/out/vs/workbench/workbench.desktop.main.js:626:47973)
    at async Object.factory (file:///opt/visual-studio-code/resources/app/out/vs/workbench/workbench.desktop.main.js:626:47888)
[2021-04-22 10:05:57.878] [renderer3] [error] Unable to read file 'vscode-remote://ssh-remote+adrien2/home/val/python_wkspce/lymphangitis3.0/.vscode/settings.json' (Error: Connecting with SSH timed out): Error: Unable to read file 'vscode-remote://ssh-remote+adrien2/home/val/python_wkspce/lymphangitis3.0/.vscode/settings.json' (Error: Connecting with SSH timed out)
    at o.doReadFileStream (file:///opt/visual-studio-code/resources/app/out/vs/workbench/workbench.desktop.main.js:626:48867)
    at async o.doReadFile (file:///opt/visual-studio-code/resources/app/out/vs/workbench/workbench.desktop.main.js:626:47973)
    at async Object.factory (file:///opt/visual-studio-code/resources/app/out/vs/workbench/workbench.desktop.main.js:626:47888)
[2021-04-22 10:05:57.878] [renderer3] [error] Unable to read file 'vscode-remote://ssh-remote+adrien2/home/val/python_wkspce/lymphangitis3.0/.vscode/tasks.json' (Error: Connecting with SSH timed out): Error: Unable to read file 'vscode-remote://ssh-remote+adrien2/home/val/python_wkspce/lymphangitis3.0/.vscode/tasks.json' (Error: Connecting with SSH timed out)
    at o.doReadFileStream (file:///opt/visual-studio-code/resources/app/out/vs/workbench/workbench.desktop.main.js:626:48867)
    at async o.doReadFile (file:///opt/visual-studio-code/resources/app/out/vs/workbench/workbench.desktop.main.js:626:47973)
    at async Object.factory (file:///opt/visual-studio-code/resources/app/out/vs/workbench/workbench.desktop.main.js:626:47888)
[2021-04-22 10:05:57.878] [renderer3] [error] Unable to read file 'vscode-remote://ssh-remote+adrien2/home/val/python_wkspce/lymphangitis3.0/.vscode/launch.json' (Error: Connecting with SSH timed out): Error: Unable to read file 'vscode-remote://ssh-remote+adrien2/home/val/python_wkspce/lymphangitis3.0/.vscode/launch.json' (Error: Connecting with SSH timed out)
    at o.doReadFileStream (file:///opt/visual-studio-code/resources/app/out/vs/workbench/workbench.desktop.main.js:626:48867)
    at async o.doReadFile (file:///opt/visual-studio-code/resources/app/out/vs/workbench/workbench.desktop.main.js:626:47973)
    at async Object.factory (file:///opt/visual-studio-code/resources/app/out/vs/workbench/workbench.desktop.main.js:626:47888)
[2021-04-22 10:05:57.880] [renderer3] [error] Unable to read file 'vscode-remote://ssh-remote+adrien2/home/val/python_wkspce/lymphangitis3.0/.vscode/settings.json' (Error: Connecting with SSH timed out): Error: Unable to read file 'vscode-remote://ssh-remote+adrien2/home/val/python_wkspce/lymphangitis3.0/.vscode/settings.json' (Error: Connecting with SSH timed out)
    at o.doReadFileStream (file:///opt/visual-studio-code/resources/app/out/vs/workbench/workbench.desktop.main.js:626:48867)
    at async o.doReadFile (file:///opt/visual-studio-code/resources/app/out/vs/workbench/workbench.desktop.main.js:626:47973)
    at async Object.factory (file:///opt/visual-studio-code/resources/app/out/vs/workbench/workbench.desktop.main.js:626:47888)
[2021-04-22 10:05:57.880] [renderer3] [error] Unable to read file 'vscode-remote://ssh-remote+adrien2/home/val/python_wkspce/lymphangitis3.0/.vscode/tasks.json' (Error: Connecting with SSH timed out): Error: Unable to read file 'vscode-remote://ssh-remote+adrien2/home/val/python_wkspce/lymphangitis3.0/.vscode/tasks.json' (Error: Connecting with SSH timed out)
    at o.doReadFileStream (file:///opt/visual-studio-code/resources/app/out/vs/workbench/workbench.desktop.main.js:626:48867)
    at async o.doReadFile (file:///opt/visual-studio-code/resources/app/out/vs/workbench/workbench.desktop.main.js:626:47973)
    at async Object.factory (file:///opt/visual-studio-code/resources/app/out/vs/workbench/workbench.desktop.main.js:626:47888)
[2021-04-22 10:05:57.881] [renderer3] [error] Unable to read file 'vscode-remote://ssh-remote+adrien2/home/val/python_wkspce/lymphangitis3.0/.vscode/launch.json' (Error: Connecting with SSH timed out): Error: Unable to read file 'vscode-remote://ssh-remote+adrien2/home/val/python_wkspce/lymphangitis3.0/.vscode/launch.json' (Error: Connecting with SSH timed out)
    at o.doReadFileStream (file:///opt/visual-studio-code/resources/app/out/vs/workbench/workbench.desktop.main.js:626:48867)
    at async o.doReadFile (file:///opt/visual-studio-code/resources/app/out/vs/workbench/workbench.desktop.main.js:626:47973)
    at async Object.factory (file:///opt/visual-studio-code/resources/app/out/vs/workbench/workbench.desktop.main.js:626:47888)
[2021-04-22 10:05:57.907] [renderer3] [error] Connecting with SSH timed out: Error: Connecting with SSH timed out
    at Zn.resolveAuthority (file:///opt/visual-studio-code/resources/app/out/vs/workbench/workbench.desktop.main.js:1767:8022)
    at async _scanAndHandleExtensions (file:///opt/visual-studio-code/resources/app/out/vs/workbench/workbench.desktop.main.js:2787:6768)
    at async _initialize (file:///opt/visual-studio-code/resources/app/out/vs/workbench/workbench.desktop.main.js:1904:15396)
[2021-04-22 10:06:00.351] [renderer3] [error] Unable to read file 'vscode-remote://ssh-remote+adrien2/home/val/python_wkspce/lymphangitis3.0/.vscode/settings.json' (Error: Connecting with SSH timed out): Error: Unable to read file 'vscode-remote://ssh-remote+adrien2/home/val/python_wkspce/lymphangitis3.0/.vscode/settings.json' (Error: Connecting with SSH timed out)
    at o.doReadFileStream (file:///opt/visual-studio-code/resources/app/out/vs/workbench/workbench.desktop.main.js:626:48867)
    at async o.doReadFile (file:///opt/visual-studio-code/resources/app/out/vs/workbench/workbench.desktop.main.js:626:47973)
    at async Object.factory (file:///opt/visual-studio-code/resources/app/out/vs/workbench/workbench.desktop.main.js:626:47888)
[2021-04-22 10:06:00.351] [renderer3] [error] Unable to read file 'vscode-remote://ssh-remote+adrien2/home/val/python_wkspce/lymphangitis3.0/.vscode/tasks.json' (Error: Connecting with SSH timed out): Error: Unable to read file 'vscode-remote://ssh-remote+adrien2/home/val/python_wkspce/lymphangitis3.0/.vscode/tasks.json' (Error: Connecting with SSH timed out)
    at o.doReadFileStream (file:///opt/visual-studio-code/resources/app/out/vs/workbench/workbench.desktop.main.js:626:48867)
    at async o.doReadFile (file:///opt/visual-studio-code/resources/app/out/vs/workbench/workbench.desktop.main.js:626:47973)
    at async Object.factory (file:///opt/visual-studio-code/resources/app/out/vs/workbench/workbench.desktop.main.js:626:47888)
[2021-04-22 10:06:00.351] [renderer3] [error] Unable to read file 'vscode-remote://ssh-remote+adrien2/home/val/python_wkspce/lymphangitis3.0/.vscode/launch.json' (Error: Connecting with SSH timed out): Error: Unable to read file 'vscode-remote://ssh-remote+adrien2/home/val/python_wkspce/lymphangitis3.0/.vscode/launch.json' (Error: Connecting with SSH timed out)
    at o.doReadFileStream (file:///opt/visual-studio-code/resources/app/out/vs/workbench/workbench.desktop.main.js:626:48867)
    at async o.doReadFile (file:///opt/visual-studio-code/resources/app/out/vs/workbench/workbench.desktop.main.js:626:47973)
    at async Object.factory (file:///opt/visual-studio-code/resources/app/out/vs/workbench/workbench.desktop.main.js:626:47888)
[2021-04-22 10:06:00.354] [renderer3] [error] Unable to read file 'vscode-remote://ssh-remote+adrien2/home/val/python_wkspce/lymphangitis3.0/.vscode/settings.json' (Error: Connecting with SSH timed out): Error: Unable to read file 'vscode-remote://ssh-remote+adrien2/home/val/python_wkspce/lymphangitis3.0/.vscode/settings.json' (Error: Connecting with SSH timed out)
    at o.doReadFileStream (file:///opt/visual-studio-code/resources/app/out/vs/workbench/workbench.desktop.main.js:626:48867)
    at async o.doReadFile (file:///opt/visual-studio-code/resources/app/out/vs/workbench/workbench.desktop.main.js:626:47973)
    at async Object.factory (file:///opt/visual-studio-code/resources/app/out/vs/workbench/workbench.desktop.main.js:626:47888)
[2021-04-22 10:06:00.354] [renderer3] [error] Unable to read file 'vscode-remote://ssh-remote+adrien2/home/val/python_wkspce/lymphangitis3.0/.vscode/tasks.json' (Error: Connecting with SSH timed out): Error: Unable to read file 'vscode-remote://ssh-remote+adrien2/home/val/python_wkspce/lymphangitis3.0/.vscode/tasks.json' (Error: Connecting with SSH timed out)
    at o.doReadFileStream (file:///opt/visual-studio-code/resources/app/out/vs/workbench/workbench.desktop.main.js:626:48867)
    at async o.doReadFile (file:///opt/visual-studio-code/resources/app/out/vs/workbench/workbench.desktop.main.js:626:47973)
    at async Object.factory (file:///opt/visual-studio-code/resources/app/out/vs/workbench/workbench.desktop.main.js:626:47888)
[2021-04-22 10:06:00.354] [renderer3] [error] Unable to read file 'vscode-remote://ssh-remote+adrien2/home/val/python_wkspce/lymphangitis3.0/.vscode/launch.json' (Error: Connecting with SSH timed out): Error: Unable to read file 'vscode-remote://ssh-remote+adrien2/home/val/python_wkspce/lymphangitis3.0/.vscode/launch.json' (Error: Connecting with SSH timed out)
    at o.doReadFileStream (file:///opt/visual-studio-code/resources/app/out/vs/workbench/workbench.desktop.main.js:626:48867)
    at async o.doReadFile (file:///opt/visual-studio-code/resources/app/out/vs/workbench/workbench.desktop.main.js:626:47973)
    at async Object.factory (file:///opt/visual-studio-code/resources/app/out/vs/workbench/workbench.desktop.main.js:626:47888)
[2021-04-22 10:06:00.360] [renderer3] [error] Connecting with SSH timed out: Error: Connecting with SSH timed out
    at Zn.resolveAuthority (file:///opt/visual-studio-code/resources/app/out/vs/workbench/workbench.desktop.main.js:1767:8022)
    at async _scanAndHandleExtensions (file:///opt/visual-studio-code/resources/app/out/vs/workbench/workbench.desktop.main.js:2787:6768)
    at async _initialize (file:///opt/visual-studio-code/resources/app/out/vs/workbench/workbench.desktop.main.js:1904:15396)
