[2021-02-14 08:18:48.013] [renderer1] [warning] Workbench did not finish loading in 10 seconds, that might be a problem that should be reported.
[2021-02-14 08:18:48.013] [renderer1] [error] [remote-connection] An error occurred in the very first connect attempt, it will be treated as a permanent error! Error:
[2021-02-14 08:18:48.013] [renderer1] [error] Error: The connection timed out
    at rr.resolveAuthority (file:///opt/visual-studio-code/resources/app/out/vs/workbench/workbench.desktop.main.js:1598:7978)
    at async L._scanAndHandleExtensions (file:///opt/visual-studio-code/resources/app/out/vs/workbench/workbench.desktop.main.js:2659:6448)
    at async L._initialize (file:///opt/visual-studio-code/resources/app/out/vs/workbench/workbench.desktop.main.js:1734:15238)
[2021-02-14 08:18:48.013] [renderer1] [warning] Ignoring the error while validating workspace folder vscode-remote://ssh-remote%2Badrien2/home/val/python_wkspce/plc_seg - The connection timed out
[2021-02-14 08:18:48.013] [renderer1] [error] Unable to read file 'vscode-remote://ssh-remote+adrien2/home/val/python_wkspce/plc_seg/.vscode/settings.json' (Error: The connection timed out): Error: Unable to read file 'vscode-remote://ssh-remote+adrien2/home/val/python_wkspce/plc_seg/.vscode/settings.json' (Error: The connection timed out)
    at a.doReadAsFileStream (file:///opt/visual-studio-code/resources/app/out/vs/workbench/workbench.desktop.main.js:618:28471)
    at async a.readFile (file:///opt/visual-studio-code/resources/app/out/vs/workbench/workbench.desktop.main.js:618:27576)
    at async file:///opt/visual-studio-code/resources/app/out/vs/workbench/workbench.desktop.main.js:1268:5519
    at async Promise.all (index 0)
    at async Promise.all (index 0)
    at async c.loadConfiguration (file:///opt/visual-studio-code/resources/app/out/vs/workbench/workbench.desktop.main.js:1268:5679)
[2021-02-14 08:18:48.013] [renderer1] [error] Unable to read file 'vscode-remote://ssh-remote+adrien2/home/val/python_wkspce/plc_seg/.vscode/tasks.json' (Error: The connection timed out): Error: Unable to read file 'vscode-remote://ssh-remote+adrien2/home/val/python_wkspce/plc_seg/.vscode/tasks.json' (Error: The connection timed out)
    at a.doReadAsFileStream (file:///opt/visual-studio-code/resources/app/out/vs/workbench/workbench.desktop.main.js:618:28471)
    at async a.readFile (file:///opt/visual-studio-code/resources/app/out/vs/workbench/workbench.desktop.main.js:618:27576)
    at async file:///opt/visual-studio-code/resources/app/out/vs/workbench/workbench.desktop.main.js:1268:5519
    at async Promise.all (index 0)
    at async Promise.all (index 1)
    at async c.loadConfiguration (file:///opt/visual-studio-code/resources/app/out/vs/workbench/workbench.desktop.main.js:1268:5679)
[2021-02-14 08:18:48.013] [renderer1] [error] Unable to read file 'vscode-remote://ssh-remote+adrien2/home/val/python_wkspce/plc_seg/.vscode/launch.json' (Error: The connection timed out): Error: Unable to read file 'vscode-remote://ssh-remote+adrien2/home/val/python_wkspce/plc_seg/.vscode/launch.json' (Error: The connection timed out)
    at a.doReadAsFileStream (file:///opt/visual-studio-code/resources/app/out/vs/workbench/workbench.desktop.main.js:618:28471)
    at async a.readFile (file:///opt/visual-studio-code/resources/app/out/vs/workbench/workbench.desktop.main.js:618:27576)
    at async file:///opt/visual-studio-code/resources/app/out/vs/workbench/workbench.desktop.main.js:1268:5519
    at async Promise.all (index 1)
    at async Promise.all (index 1)
    at async c.loadConfiguration (file:///opt/visual-studio-code/resources/app/out/vs/workbench/workbench.desktop.main.js:1268:5679)
[2021-02-14 08:18:48.013] [renderer1] [error] Unable to read file 'vscode-remote://ssh-remote+adrien2/home/val/python_wkspce/plc_seg/.vscode/settings.json' (Error: The connection timed out): Error: Unable to read file 'vscode-remote://ssh-remote+adrien2/home/val/python_wkspce/plc_seg/.vscode/settings.json' (Error: The connection timed out)
    at a.doReadAsFileStream (file:///opt/visual-studio-code/resources/app/out/vs/workbench/workbench.desktop.main.js:618:28471)
    at async a.readFile (file:///opt/visual-studio-code/resources/app/out/vs/workbench/workbench.desktop.main.js:618:27576)
    at async file:///opt/visual-studio-code/resources/app/out/vs/workbench/workbench.desktop.main.js:1268:5519
    at async Promise.all (index 0)
    at async Promise.all (index 0)
    at async c.loadConfiguration (file:///opt/visual-studio-code/resources/app/out/vs/workbench/workbench.desktop.main.js:1268:5679)
    at async Promise.all (index 0)
[2021-02-14 08:18:48.013] [renderer1] [error] Unable to read file 'vscode-remote://ssh-remote+adrien2/home/val/python_wkspce/plc_seg/.vscode/tasks.json' (Error: The connection timed out): Error: Unable to read file 'vscode-remote://ssh-remote+adrien2/home/val/python_wkspce/plc_seg/.vscode/tasks.json' (Error: The connection timed out)
    at a.doReadAsFileStream (file:///opt/visual-studio-code/resources/app/out/vs/workbench/workbench.desktop.main.js:618:28471)
    at async a.readFile (file:///opt/visual-studio-code/resources/app/out/vs/workbench/workbench.desktop.main.js:618:27576)
    at async file:///opt/visual-studio-code/resources/app/out/vs/workbench/workbench.desktop.main.js:1268:5519
    at async Promise.all (index 0)
    at async Promise.all (index 1)
    at async c.loadConfiguration (file:///opt/visual-studio-code/resources/app/out/vs/workbench/workbench.desktop.main.js:1268:5679)
    at async Promise.all (index 0)
[2021-02-14 08:18:48.013] [renderer1] [error] Unable to read file 'vscode-remote://ssh-remote+adrien2/home/val/python_wkspce/plc_seg/.vscode/launch.json' (Error: The connection timed out): Error: Unable to read file 'vscode-remote://ssh-remote+adrien2/home/val/python_wkspce/plc_seg/.vscode/launch.json' (Error: The connection timed out)
    at a.doReadAsFileStream (file:///opt/visual-studio-code/resources/app/out/vs/workbench/workbench.desktop.main.js:618:28471)
    at async a.readFile (file:///opt/visual-studio-code/resources/app/out/vs/workbench/workbench.desktop.main.js:618:27576)
    at async file:///opt/visual-studio-code/resources/app/out/vs/workbench/workbench.desktop.main.js:1268:5519
    at async Promise.all (index 1)
    at async Promise.all (index 1)
    at async c.loadConfiguration (file:///opt/visual-studio-code/resources/app/out/vs/workbench/workbench.desktop.main.js:1268:5679)
    at async Promise.all (index 0)
[2021-02-14 08:18:48.013] [renderer1] [error] Error: Unable to read file 'vscode-remote://ssh-remote+adrien2/home/val/python_wkspce/plc_seg/src/models/fetch_data_2d.py' (Error: The connection timed out)
    at a.doReadAsFileStream (file:///opt/visual-studio-code/resources/app/out/vs/workbench/workbench.desktop.main.js:618:28471)
    at async E.doRead (file:///opt/visual-studio-code/resources/app/out/vs/workbench/workbench.desktop.main.js:2105:31018)
    at async E.readStream (file:///opt/visual-studio-code/resources/app/out/vs/workbench/workbench.desktop.main.js:2105:30671)
    at async Or.loadFromFile (file:///opt/visual-studio-code/resources/app/out/vs/workbench/workbench.desktop.main.js:2099:48650)
    at async resolve (file:///opt/visual-studio-code/resources/app/out/vs/workbench/workbench.desktop.main.js:2105:26899)
    at async mo.doResolveAsText (file:///opt/visual-studio-code/resources/app/out/vs/workbench/workbench.desktop.main.js:1753:121603)
    at async n.setInput (file:///opt/visual-studio-code/resources/app/out/vs/workbench/workbench.desktop.main.js:1891:78319)
    at async u.doSetInput (file:///opt/visual-studio-code/resources/app/out/vs/workbench/workbench.desktop.main.js:1584:10520)
    at async u.openEditor (file:///opt/visual-studio-code/resources/app/out/vs/workbench/workbench.desktop.main.js:1584:9082)
    at async file:///opt/visual-studio-code/resources/app/out/vs/workbench/workbench.desktop.main.js:2265:15707
    at async Ti.restoreEditors (file:///opt/visual-studio-code/resources/app/out/vs/workbench/workbench.desktop.main.js:2265:8823)
[2021-02-14 08:18:48.013] [renderer1] [error] The connection timed out: Error: The connection timed out
    at rr.resolveAuthority (file:///opt/visual-studio-code/resources/app/out/vs/workbench/workbench.desktop.main.js:1598:7978)
    at async L._scanAndHandleExtensions (file:///opt/visual-studio-code/resources/app/out/vs/workbench/workbench.desktop.main.js:2659:6448)
    at async L._initialize (file:///opt/visual-studio-code/resources/app/out/vs/workbench/workbench.desktop.main.js:1734:15238)
[2021-02-14 08:18:50.503] [renderer1] [error] The connection timed out: Error: The connection timed out
    at rr.resolveAuthority (file:///opt/visual-studio-code/resources/app/out/vs/workbench/workbench.desktop.main.js:1598:7978)
    at async L._scanAndHandleExtensions (file:///opt/visual-studio-code/resources/app/out/vs/workbench/workbench.desktop.main.js:2659:6448)
    at async L._initialize (file:///opt/visual-studio-code/resources/app/out/vs/workbench/workbench.desktop.main.js:1734:15238)
[2021-02-14 08:18:57.311] [renderer1] [error] The connection timed out: Error: The connection timed out
    at rr.resolveAuthority (file:///opt/visual-studio-code/resources/app/out/vs/workbench/workbench.desktop.main.js:1598:7978)
    at async L._scanAndHandleExtensions (file:///opt/visual-studio-code/resources/app/out/vs/workbench/workbench.desktop.main.js:2659:6448)
    at async L._initialize (file:///opt/visual-studio-code/resources/app/out/vs/workbench/workbench.desktop.main.js:1734:15238)
[2021-02-14 08:46:59.972] [renderer1] [error] [remote-connection] An error occurred in the very first connect attempt, it will be treated as a permanent error! Error:
[2021-02-14 08:46:59.973] [renderer1] [error] Error: Connecting with SSH timed out
    at rr.resolveAuthority (file:///opt/visual-studio-code/resources/app/out/vs/workbench/workbench.desktop.main.js:1598:7978)
    at async L._scanAndHandleExtensions (file:///opt/visual-studio-code/resources/app/out/vs/workbench/workbench.desktop.main.js:2659:6448)
    at async L._initialize (file:///opt/visual-studio-code/resources/app/out/vs/workbench/workbench.desktop.main.js:1734:15238)
[2021-02-14 08:46:59.996] [renderer1] [warning] Ignoring the error while validating workspace folder vscode-remote://ssh-remote%2Badrien2/home/val/python_wkspce/plc_seg - Connecting with SSH timed out
[2021-02-14 08:47:00.000] [renderer1] [error] Unable to read file 'vscode-remote://ssh-remote+adrien2/home/val/python_wkspce/plc_seg/.vscode/settings.json' (Error: Connecting with SSH timed out): Error: Unable to read file 'vscode-remote://ssh-remote+adrien2/home/val/python_wkspce/plc_seg/.vscode/settings.json' (Error: Connecting with SSH timed out)
    at a.doReadAsFileStream (file:///opt/visual-studio-code/resources/app/out/vs/workbench/workbench.desktop.main.js:618:28471)
    at async a.readFile (file:///opt/visual-studio-code/resources/app/out/vs/workbench/workbench.desktop.main.js:618:27576)
    at async file:///opt/visual-studio-code/resources/app/out/vs/workbench/workbench.desktop.main.js:1268:5519
    at async Promise.all (index 0)
    at async Promise.all (index 0)
    at async c.loadConfiguration (file:///opt/visual-studio-code/resources/app/out/vs/workbench/workbench.desktop.main.js:1268:5679)
[2021-02-14 08:47:00.000] [renderer1] [error] Unable to read file 'vscode-remote://ssh-remote+adrien2/home/val/python_wkspce/plc_seg/.vscode/tasks.json' (Error: Connecting with SSH timed out): Error: Unable to read file 'vscode-remote://ssh-remote+adrien2/home/val/python_wkspce/plc_seg/.vscode/tasks.json' (Error: Connecting with SSH timed out)
    at a.doReadAsFileStream (file:///opt/visual-studio-code/resources/app/out/vs/workbench/workbench.desktop.main.js:618:28471)
    at async a.readFile (file:///opt/visual-studio-code/resources/app/out/vs/workbench/workbench.desktop.main.js:618:27576)
    at async file:///opt/visual-studio-code/resources/app/out/vs/workbench/workbench.desktop.main.js:1268:5519
    at async Promise.all (index 0)
    at async Promise.all (index 1)
    at async c.loadConfiguration (file:///opt/visual-studio-code/resources/app/out/vs/workbench/workbench.desktop.main.js:1268:5679)
[2021-02-14 08:47:00.000] [renderer1] [error] Unable to read file 'vscode-remote://ssh-remote+adrien2/home/val/python_wkspce/plc_seg/.vscode/launch.json' (Error: Connecting with SSH timed out): Error: Unable to read file 'vscode-remote://ssh-remote+adrien2/home/val/python_wkspce/plc_seg/.vscode/launch.json' (Error: Connecting with SSH timed out)
    at a.doReadAsFileStream (file:///opt/visual-studio-code/resources/app/out/vs/workbench/workbench.desktop.main.js:618:28471)
    at async a.readFile (file:///opt/visual-studio-code/resources/app/out/vs/workbench/workbench.desktop.main.js:618:27576)
    at async file:///opt/visual-studio-code/resources/app/out/vs/workbench/workbench.desktop.main.js:1268:5519
    at async Promise.all (index 1)
    at async Promise.all (index 1)
    at async c.loadConfiguration (file:///opt/visual-studio-code/resources/app/out/vs/workbench/workbench.desktop.main.js:1268:5679)
[2021-02-14 08:47:00.000] [renderer1] [error] Unable to read file 'vscode-remote://ssh-remote+adrien2/home/val/python_wkspce/plc_seg/.vscode/settings.json' (Error: Connecting with SSH timed out): Error: Unable to read file 'vscode-remote://ssh-remote+adrien2/home/val/python_wkspce/plc_seg/.vscode/settings.json' (Error: Connecting with SSH timed out)
    at a.doReadAsFileStream (file:///opt/visual-studio-code/resources/app/out/vs/workbench/workbench.desktop.main.js:618:28471)
    at async a.readFile (file:///opt/visual-studio-code/resources/app/out/vs/workbench/workbench.desktop.main.js:618:27576)
    at async file:///opt/visual-studio-code/resources/app/out/vs/workbench/workbench.desktop.main.js:1268:5519
    at async Promise.all (index 0)
    at async Promise.all (index 0)
    at async c.loadConfiguration (file:///opt/visual-studio-code/resources/app/out/vs/workbench/workbench.desktop.main.js:1268:5679)
    at async Promise.all (index 0)
[2021-02-14 08:47:00.000] [renderer1] [error] Unable to read file 'vscode-remote://ssh-remote+adrien2/home/val/python_wkspce/plc_seg/.vscode/tasks.json' (Error: Connecting with SSH timed out): Error: Unable to read file 'vscode-remote://ssh-remote+adrien2/home/val/python_wkspce/plc_seg/.vscode/tasks.json' (Error: Connecting with SSH timed out)
    at a.doReadAsFileStream (file:///opt/visual-studio-code/resources/app/out/vs/workbench/workbench.desktop.main.js:618:28471)
    at async a.readFile (file:///opt/visual-studio-code/resources/app/out/vs/workbench/workbench.desktop.main.js:618:27576)
    at async file:///opt/visual-studio-code/resources/app/out/vs/workbench/workbench.desktop.main.js:1268:5519
    at async Promise.all (index 0)
    at async Promise.all (index 1)
    at async c.loadConfiguration (file:///opt/visual-studio-code/resources/app/out/vs/workbench/workbench.desktop.main.js:1268:5679)
    at async Promise.all (index 0)
[2021-02-14 08:47:00.000] [renderer1] [error] Unable to read file 'vscode-remote://ssh-remote+adrien2/home/val/python_wkspce/plc_seg/.vscode/launch.json' (Error: Connecting with SSH timed out): Error: Unable to read file 'vscode-remote://ssh-remote+adrien2/home/val/python_wkspce/plc_seg/.vscode/launch.json' (Error: Connecting with SSH timed out)
    at a.doReadAsFileStream (file:///opt/visual-studio-code/resources/app/out/vs/workbench/workbench.desktop.main.js:618:28471)
    at async a.readFile (file:///opt/visual-studio-code/resources/app/out/vs/workbench/workbench.desktop.main.js:618:27576)
    at async file:///opt/visual-studio-code/resources/app/out/vs/workbench/workbench.desktop.main.js:1268:5519
    at async Promise.all (index 1)
    at async Promise.all (index 1)
    at async c.loadConfiguration (file:///opt/visual-studio-code/resources/app/out/vs/workbench/workbench.desktop.main.js:1268:5679)
    at async Promise.all (index 0)
[2021-02-14 08:47:00.035] [renderer1] [error] Connecting with SSH timed out: Error: Connecting with SSH timed out
    at rr.resolveAuthority (file:///opt/visual-studio-code/resources/app/out/vs/workbench/workbench.desktop.main.js:1598:7978)
    at async L._scanAndHandleExtensions (file:///opt/visual-studio-code/resources/app/out/vs/workbench/workbench.desktop.main.js:2659:6448)
    at async L._initialize (file:///opt/visual-studio-code/resources/app/out/vs/workbench/workbench.desktop.main.js:1734:15238)
[2021-02-14 08:47:47.854] [renderer1] [error] [remote-connection] An error occurred in the very first connect attempt, it will be treated as a permanent error! Error:
[2021-02-14 08:47:47.854] [renderer1] [error] Error: Connecting with SSH timed out
    at rr.resolveAuthority (file:///opt/visual-studio-code/resources/app/out/vs/workbench/workbench.desktop.main.js:1598:7978)
    at async L._scanAndHandleExtensions (file:///opt/visual-studio-code/resources/app/out/vs/workbench/workbench.desktop.main.js:2659:6448)
    at async L._initialize (file:///opt/visual-studio-code/resources/app/out/vs/workbench/workbench.desktop.main.js:1734:15238)
[2021-02-14 08:47:47.875] [renderer1] [warning] Ignoring the error while validating workspace folder vscode-remote://ssh-remote%2Badrien2/home/val/python_wkspce/plc_seg - Connecting with SSH timed out
[2021-02-14 08:47:47.878] [renderer1] [error] Connecting with SSH timed out: Error: Connecting with SSH timed out
    at rr.resolveAuthority (file:///opt/visual-studio-code/resources/app/out/vs/workbench/workbench.desktop.main.js:1598:7978)
    at async L._scanAndHandleExtensions (file:///opt/visual-studio-code/resources/app/out/vs/workbench/workbench.desktop.main.js:2659:6448)
    at async L._initialize (file:///opt/visual-studio-code/resources/app/out/vs/workbench/workbench.desktop.main.js:1734:15238)
[2021-02-14 08:47:47.878] [renderer1] [error] Unable to read file 'vscode-remote://ssh-remote+adrien2/home/val/python_wkspce/plc_seg/.vscode/settings.json' (Error: Connecting with SSH timed out): Error: Unable to read file 'vscode-remote://ssh-remote+adrien2/home/val/python_wkspce/plc_seg/.vscode/settings.json' (Error: Connecting with SSH timed out)
    at a.doReadAsFileStream (file:///opt/visual-studio-code/resources/app/out/vs/workbench/workbench.desktop.main.js:618:28471)
    at async a.readFile (file:///opt/visual-studio-code/resources/app/out/vs/workbench/workbench.desktop.main.js:618:27576)
    at async file:///opt/visual-studio-code/resources/app/out/vs/workbench/workbench.desktop.main.js:1268:5519
    at async Promise.all (index 0)
    at async Promise.all (index 0)
    at async c.loadConfiguration (file:///opt/visual-studio-code/resources/app/out/vs/workbench/workbench.desktop.main.js:1268:5679)
[2021-02-14 08:47:47.878] [renderer1] [error] Unable to read file 'vscode-remote://ssh-remote+adrien2/home/val/python_wkspce/plc_seg/.vscode/tasks.json' (Error: Connecting with SSH timed out): Error: Unable to read file 'vscode-remote://ssh-remote+adrien2/home/val/python_wkspce/plc_seg/.vscode/tasks.json' (Error: Connecting with SSH timed out)
    at a.doReadAsFileStream (file:///opt/visual-studio-code/resources/app/out/vs/workbench/workbench.desktop.main.js:618:28471)
    at async a.readFile (file:///opt/visual-studio-code/resources/app/out/vs/workbench/workbench.desktop.main.js:618:27576)
    at async file:///opt/visual-studio-code/resources/app/out/vs/workbench/workbench.desktop.main.js:1268:5519
    at async Promise.all (index 0)
    at async Promise.all (index 1)
    at async c.loadConfiguration (file:///opt/visual-studio-code/resources/app/out/vs/workbench/workbench.desktop.main.js:1268:5679)
[2021-02-14 08:47:47.878] [renderer1] [error] Unable to read file 'vscode-remote://ssh-remote+adrien2/home/val/python_wkspce/plc_seg/.vscode/launch.json' (Error: Connecting with SSH timed out): Error: Unable to read file 'vscode-remote://ssh-remote+adrien2/home/val/python_wkspce/plc_seg/.vscode/launch.json' (Error: Connecting with SSH timed out)
    at a.doReadAsFileStream (file:///opt/visual-studio-code/resources/app/out/vs/workbench/workbench.desktop.main.js:618:28471)
    at async a.readFile (file:///opt/visual-studio-code/resources/app/out/vs/workbench/workbench.desktop.main.js:618:27576)
    at async file:///opt/visual-studio-code/resources/app/out/vs/workbench/workbench.desktop.main.js:1268:5519
    at async Promise.all (index 1)
    at async Promise.all (index 1)
    at async c.loadConfiguration (file:///opt/visual-studio-code/resources/app/out/vs/workbench/workbench.desktop.main.js:1268:5679)
[2021-02-14 08:47:47.878] [renderer1] [error] Unable to read file 'vscode-remote://ssh-remote+adrien2/home/val/python_wkspce/plc_seg/.vscode/settings.json' (Error: Connecting with SSH timed out): Error: Unable to read file 'vscode-remote://ssh-remote+adrien2/home/val/python_wkspce/plc_seg/.vscode/settings.json' (Error: Connecting with SSH timed out)
    at a.doReadAsFileStream (file:///opt/visual-studio-code/resources/app/out/vs/workbench/workbench.desktop.main.js:618:28471)
    at async a.readFile (file:///opt/visual-studio-code/resources/app/out/vs/workbench/workbench.desktop.main.js:618:27576)
    at async file:///opt/visual-studio-code/resources/app/out/vs/workbench/workbench.desktop.main.js:1268:5519
    at async Promise.all (index 0)
    at async Promise.all (index 0)
    at async c.loadConfiguration (file:///opt/visual-studio-code/resources/app/out/vs/workbench/workbench.desktop.main.js:1268:5679)
    at async Promise.all (index 0)
[2021-02-14 08:47:47.878] [renderer1] [error] Unable to read file 'vscode-remote://ssh-remote+adrien2/home/val/python_wkspce/plc_seg/.vscode/tasks.json' (Error: Connecting with SSH timed out): Error: Unable to read file 'vscode-remote://ssh-remote+adrien2/home/val/python_wkspce/plc_seg/.vscode/tasks.json' (Error: Connecting with SSH timed out)
    at a.doReadAsFileStream (file:///opt/visual-studio-code/resources/app/out/vs/workbench/workbench.desktop.main.js:618:28471)
    at async a.readFile (file:///opt/visual-studio-code/resources/app/out/vs/workbench/workbench.desktop.main.js:618:27576)
    at async file:///opt/visual-studio-code/resources/app/out/vs/workbench/workbench.desktop.main.js:1268:5519
    at async Promise.all (index 0)
    at async Promise.all (index 1)
    at async c.loadConfiguration (file:///opt/visual-studio-code/resources/app/out/vs/workbench/workbench.desktop.main.js:1268:5679)
    at async Promise.all (index 0)
[2021-02-14 08:47:47.879] [renderer1] [error] Unable to read file 'vscode-remote://ssh-remote+adrien2/home/val/python_wkspce/plc_seg/.vscode/launch.json' (Error: Connecting with SSH timed out): Error: Unable to read file 'vscode-remote://ssh-remote+adrien2/home/val/python_wkspce/plc_seg/.vscode/launch.json' (Error: Connecting with SSH timed out)
    at a.doReadAsFileStream (file:///opt/visual-studio-code/resources/app/out/vs/workbench/workbench.desktop.main.js:618:28471)
    at async a.readFile (file:///opt/visual-studio-code/resources/app/out/vs/workbench/workbench.desktop.main.js:618:27576)
    at async file:///opt/visual-studio-code/resources/app/out/vs/workbench/workbench.desktop.main.js:1268:5519
    at async Promise.all (index 1)
    at async Promise.all (index 1)
    at async c.loadConfiguration (file:///opt/visual-studio-code/resources/app/out/vs/workbench/workbench.desktop.main.js:1268:5679)
    at async Promise.all (index 0)
[2021-02-14 08:47:47.913] [renderer1] [error] Connecting with SSH timed out: Error: Connecting with SSH timed out
    at rr.resolveAuthority (file:///opt/visual-studio-code/resources/app/out/vs/workbench/workbench.desktop.main.js:1598:7978)
    at async L._scanAndHandleExtensions (file:///opt/visual-studio-code/resources/app/out/vs/workbench/workbench.desktop.main.js:2659:6448)
    at async L._initialize (file:///opt/visual-studio-code/resources/app/out/vs/workbench/workbench.desktop.main.js:1734:15238)
[2021-02-14 08:49:04.910] [renderer1] [error] [remote-connection] An error occurred in the very first connect attempt, it will be treated as a permanent error! Error:
[2021-02-14 08:49:04.910] [renderer1] [error] Error: Connecting with SSH timed out
    at rr.resolveAuthority (file:///opt/visual-studio-code/resources/app/out/vs/workbench/workbench.desktop.main.js:1598:7978)
    at async L._scanAndHandleExtensions (file:///opt/visual-studio-code/resources/app/out/vs/workbench/workbench.desktop.main.js:2659:6448)
    at async L._initialize (file:///opt/visual-studio-code/resources/app/out/vs/workbench/workbench.desktop.main.js:1734:15238)
[2021-02-14 08:49:04.928] [renderer1] [warning] Ignoring the error while validating workspace folder vscode-remote://ssh-remote%2Badrien2/home/val/python_wkspce/plc_seg - Connecting with SSH timed out
[2021-02-14 08:49:04.931] [renderer1] [error] Connecting with SSH timed out: Error: Connecting with SSH timed out
    at rr.resolveAuthority (file:///opt/visual-studio-code/resources/app/out/vs/workbench/workbench.desktop.main.js:1598:7978)
    at async L._scanAndHandleExtensions (file:///opt/visual-studio-code/resources/app/out/vs/workbench/workbench.desktop.main.js:2659:6448)
    at async L._initialize (file:///opt/visual-studio-code/resources/app/out/vs/workbench/workbench.desktop.main.js:1734:15238)
[2021-02-14 08:49:04.932] [renderer1] [error] Unable to read file 'vscode-remote://ssh-remote+adrien2/home/val/python_wkspce/plc_seg/.vscode/settings.json' (Error: Connecting with SSH timed out): Error: Unable to read file 'vscode-remote://ssh-remote+adrien2/home/val/python_wkspce/plc_seg/.vscode/settings.json' (Error: Connecting with SSH timed out)
    at a.doReadAsFileStream (file:///opt/visual-studio-code/resources/app/out/vs/workbench/workbench.desktop.main.js:618:28471)
    at async a.readFile (file:///opt/visual-studio-code/resources/app/out/vs/workbench/workbench.desktop.main.js:618:27576)
    at async file:///opt/visual-studio-code/resources/app/out/vs/workbench/workbench.desktop.main.js:1268:5519
    at async Promise.all (index 0)
    at async Promise.all (index 0)
    at async c.loadConfiguration (file:///opt/visual-studio-code/resources/app/out/vs/workbench/workbench.desktop.main.js:1268:5679)
[2021-02-14 08:49:04.932] [renderer1] [error] Unable to read file 'vscode-remote://ssh-remote+adrien2/home/val/python_wkspce/plc_seg/.vscode/tasks.json' (Error: Connecting with SSH timed out): Error: Unable to read file 'vscode-remote://ssh-remote+adrien2/home/val/python_wkspce/plc_seg/.vscode/tasks.json' (Error: Connecting with SSH timed out)
    at a.doReadAsFileStream (file:///opt/visual-studio-code/resources/app/out/vs/workbench/workbench.desktop.main.js:618:28471)
    at async a.readFile (file:///opt/visual-studio-code/resources/app/out/vs/workbench/workbench.desktop.main.js:618:27576)
    at async file:///opt/visual-studio-code/resources/app/out/vs/workbench/workbench.desktop.main.js:1268:5519
    at async Promise.all (index 0)
    at async Promise.all (index 1)
    at async c.loadConfiguration (file:///opt/visual-studio-code/resources/app/out/vs/workbench/workbench.desktop.main.js:1268:5679)
[2021-02-14 08:49:04.932] [renderer1] [error] Unable to read file 'vscode-remote://ssh-remote+adrien2/home/val/python_wkspce/plc_seg/.vscode/launch.json' (Error: Connecting with SSH timed out): Error: Unable to read file 'vscode-remote://ssh-remote+adrien2/home/val/python_wkspce/plc_seg/.vscode/launch.json' (Error: Connecting with SSH timed out)
    at a.doReadAsFileStream (file:///opt/visual-studio-code/resources/app/out/vs/workbench/workbench.desktop.main.js:618:28471)
    at async a.readFile (file:///opt/visual-studio-code/resources/app/out/vs/workbench/workbench.desktop.main.js:618:27576)
    at async file:///opt/visual-studio-code/resources/app/out/vs/workbench/workbench.desktop.main.js:1268:5519
    at async Promise.all (index 1)
    at async Promise.all (index 1)
    at async c.loadConfiguration (file:///opt/visual-studio-code/resources/app/out/vs/workbench/workbench.desktop.main.js:1268:5679)
[2021-02-14 08:49:04.932] [renderer1] [error] Unable to read file 'vscode-remote://ssh-remote+adrien2/home/val/python_wkspce/plc_seg/.vscode/settings.json' (Error: Connecting with SSH timed out): Error: Unable to read file 'vscode-remote://ssh-remote+adrien2/home/val/python_wkspce/plc_seg/.vscode/settings.json' (Error: Connecting with SSH timed out)
    at a.doReadAsFileStream (file:///opt/visual-studio-code/resources/app/out/vs/workbench/workbench.desktop.main.js:618:28471)
    at async a.readFile (file:///opt/visual-studio-code/resources/app/out/vs/workbench/workbench.desktop.main.js:618:27576)
    at async file:///opt/visual-studio-code/resources/app/out/vs/workbench/workbench.desktop.main.js:1268:5519
    at async Promise.all (index 0)
    at async Promise.all (index 0)
    at async c.loadConfiguration (file:///opt/visual-studio-code/resources/app/out/vs/workbench/workbench.desktop.main.js:1268:5679)
    at async Promise.all (index 0)
[2021-02-14 08:49:04.932] [renderer1] [error] Unable to read file 'vscode-remote://ssh-remote+adrien2/home/val/python_wkspce/plc_seg/.vscode/tasks.json' (Error: Connecting with SSH timed out): Error: Unable to read file 'vscode-remote://ssh-remote+adrien2/home/val/python_wkspce/plc_seg/.vscode/tasks.json' (Error: Connecting with SSH timed out)
    at a.doReadAsFileStream (file:///opt/visual-studio-code/resources/app/out/vs/workbench/workbench.desktop.main.js:618:28471)
    at async a.readFile (file:///opt/visual-studio-code/resources/app/out/vs/workbench/workbench.desktop.main.js:618:27576)
    at async file:///opt/visual-studio-code/resources/app/out/vs/workbench/workbench.desktop.main.js:1268:5519
    at async Promise.all (index 0)
    at async Promise.all (index 1)
    at async c.loadConfiguration (file:///opt/visual-studio-code/resources/app/out/vs/workbench/workbench.desktop.main.js:1268:5679)
    at async Promise.all (index 0)
[2021-02-14 08:49:04.932] [renderer1] [error] Unable to read file 'vscode-remote://ssh-remote+adrien2/home/val/python_wkspce/plc_seg/.vscode/launch.json' (Error: Connecting with SSH timed out): Error: Unable to read file 'vscode-remote://ssh-remote+adrien2/home/val/python_wkspce/plc_seg/.vscode/launch.json' (Error: Connecting with SSH timed out)
    at a.doReadAsFileStream (file:///opt/visual-studio-code/resources/app/out/vs/workbench/workbench.desktop.main.js:618:28471)
    at async a.readFile (file:///opt/visual-studio-code/resources/app/out/vs/workbench/workbench.desktop.main.js:618:27576)
    at async file:///opt/visual-studio-code/resources/app/out/vs/workbench/workbench.desktop.main.js:1268:5519
    at async Promise.all (index 1)
    at async Promise.all (index 1)
    at async c.loadConfiguration (file:///opt/visual-studio-code/resources/app/out/vs/workbench/workbench.desktop.main.js:1268:5679)
    at async Promise.all (index 0)
[2021-02-14 08:49:04.974] [renderer1] [error] Connecting with SSH timed out: Error: Connecting with SSH timed out
    at rr.resolveAuthority (file:///opt/visual-studio-code/resources/app/out/vs/workbench/workbench.desktop.main.js:1598:7978)
    at async L._scanAndHandleExtensions (file:///opt/visual-studio-code/resources/app/out/vs/workbench/workbench.desktop.main.js:2659:6448)
    at async L._initialize (file:///opt/visual-studio-code/resources/app/out/vs/workbench/workbench.desktop.main.js:1734:15238)
[2021-02-14 08:50:06.521] [renderer1] [error] [remote-connection] An error occurred in the very first connect attempt, it will be treated as a permanent error! Error:
[2021-02-14 08:50:06.521] [renderer1] [error] Error: Connecting with SSH timed out
    at rr.resolveAuthority (file:///opt/visual-studio-code/resources/app/out/vs/workbench/workbench.desktop.main.js:1598:7978)
    at async L._scanAndHandleExtensions (file:///opt/visual-studio-code/resources/app/out/vs/workbench/workbench.desktop.main.js:2659:6448)
    at async L._initialize (file:///opt/visual-studio-code/resources/app/out/vs/workbench/workbench.desktop.main.js:1734:15238)
[2021-02-14 08:50:06.540] [renderer1] [warning] Ignoring the error while validating workspace folder vscode-remote://ssh-remote%2Badrien2/home/val/python_wkspce/plc_seg - Connecting with SSH timed out
[2021-02-14 08:50:06.543] [renderer1] [error] Connecting with SSH timed out: Error: Connecting with SSH timed out
    at rr.resolveAuthority (file:///opt/visual-studio-code/resources/app/out/vs/workbench/workbench.desktop.main.js:1598:7978)
    at async L._scanAndHandleExtensions (file:///opt/visual-studio-code/resources/app/out/vs/workbench/workbench.desktop.main.js:2659:6448)
    at async L._initialize (file:///opt/visual-studio-code/resources/app/out/vs/workbench/workbench.desktop.main.js:1734:15238)
[2021-02-14 08:50:06.543] [renderer1] [error] Unable to read file 'vscode-remote://ssh-remote+adrien2/home/val/python_wkspce/plc_seg/.vscode/settings.json' (Error: Connecting with SSH timed out): Error: Unable to read file 'vscode-remote://ssh-remote+adrien2/home/val/python_wkspce/plc_seg/.vscode/settings.json' (Error: Connecting with SSH timed out)
    at a.doReadAsFileStream (file:///opt/visual-studio-code/resources/app/out/vs/workbench/workbench.desktop.main.js:618:28471)
    at async a.readFile (file:///opt/visual-studio-code/resources/app/out/vs/workbench/workbench.desktop.main.js:618:27576)
    at async file:///opt/visual-studio-code/resources/app/out/vs/workbench/workbench.desktop.main.js:1268:5519
    at async Promise.all (index 0)
    at async Promise.all (index 0)
    at async c.loadConfiguration (file:///opt/visual-studio-code/resources/app/out/vs/workbench/workbench.desktop.main.js:1268:5679)
[2021-02-14 08:50:06.543] [renderer1] [error] Unable to read file 'vscode-remote://ssh-remote+adrien2/home/val/python_wkspce/plc_seg/.vscode/tasks.json' (Error: Connecting with SSH timed out): Error: Unable to read file 'vscode-remote://ssh-remote+adrien2/home/val/python_wkspce/plc_seg/.vscode/tasks.json' (Error: Connecting with SSH timed out)
    at a.doReadAsFileStream (file:///opt/visual-studio-code/resources/app/out/vs/workbench/workbench.desktop.main.js:618:28471)
    at async a.readFile (file:///opt/visual-studio-code/resources/app/out/vs/workbench/workbench.desktop.main.js:618:27576)
    at async file:///opt/visual-studio-code/resources/app/out/vs/workbench/workbench.desktop.main.js:1268:5519
    at async Promise.all (index 0)
    at async Promise.all (index 1)
    at async c.loadConfiguration (file:///opt/visual-studio-code/resources/app/out/vs/workbench/workbench.desktop.main.js:1268:5679)
[2021-02-14 08:50:06.543] [renderer1] [error] Unable to read file 'vscode-remote://ssh-remote+adrien2/home/val/python_wkspce/plc_seg/.vscode/launch.json' (Error: Connecting with SSH timed out): Error: Unable to read file 'vscode-remote://ssh-remote+adrien2/home/val/python_wkspce/plc_seg/.vscode/launch.json' (Error: Connecting with SSH timed out)
    at a.doReadAsFileStream (file:///opt/visual-studio-code/resources/app/out/vs/workbench/workbench.desktop.main.js:618:28471)
    at async a.readFile (file:///opt/visual-studio-code/resources/app/out/vs/workbench/workbench.desktop.main.js:618:27576)
    at async file:///opt/visual-studio-code/resources/app/out/vs/workbench/workbench.desktop.main.js:1268:5519
    at async Promise.all (index 1)
    at async Promise.all (index 1)
    at async c.loadConfiguration (file:///opt/visual-studio-code/resources/app/out/vs/workbench/workbench.desktop.main.js:1268:5679)
[2021-02-14 08:50:06.543] [renderer1] [error] Unable to read file 'vscode-remote://ssh-remote+adrien2/home/val/python_wkspce/plc_seg/.vscode/settings.json' (Error: Connecting with SSH timed out): Error: Unable to read file 'vscode-remote://ssh-remote+adrien2/home/val/python_wkspce/plc_seg/.vscode/settings.json' (Error: Connecting with SSH timed out)
    at a.doReadAsFileStream (file:///opt/visual-studio-code/resources/app/out/vs/workbench/workbench.desktop.main.js:618:28471)
    at async a.readFile (file:///opt/visual-studio-code/resources/app/out/vs/workbench/workbench.desktop.main.js:618:27576)
    at async file:///opt/visual-studio-code/resources/app/out/vs/workbench/workbench.desktop.main.js:1268:5519
    at async Promise.all (index 0)
    at async Promise.all (index 0)
    at async c.loadConfiguration (file:///opt/visual-studio-code/resources/app/out/vs/workbench/workbench.desktop.main.js:1268:5679)
    at async Promise.all (index 0)
[2021-02-14 08:50:06.544] [renderer1] [error] Unable to read file 'vscode-remote://ssh-remote+adrien2/home/val/python_wkspce/plc_seg/.vscode/tasks.json' (Error: Connecting with SSH timed out): Error: Unable to read file 'vscode-remote://ssh-remote+adrien2/home/val/python_wkspce/plc_seg/.vscode/tasks.json' (Error: Connecting with SSH timed out)
    at a.doReadAsFileStream (file:///opt/visual-studio-code/resources/app/out/vs/workbench/workbench.desktop.main.js:618:28471)
    at async a.readFile (file:///opt/visual-studio-code/resources/app/out/vs/workbench/workbench.desktop.main.js:618:27576)
    at async file:///opt/visual-studio-code/resources/app/out/vs/workbench/workbench.desktop.main.js:1268:5519
    at async Promise.all (index 0)
    at async Promise.all (index 1)
    at async c.loadConfiguration (file:///opt/visual-studio-code/resources/app/out/vs/workbench/workbench.desktop.main.js:1268:5679)
    at async Promise.all (index 0)
[2021-02-14 08:50:06.544] [renderer1] [error] Unable to read file 'vscode-remote://ssh-remote+adrien2/home/val/python_wkspce/plc_seg/.vscode/launch.json' (Error: Connecting with SSH timed out): Error: Unable to read file 'vscode-remote://ssh-remote+adrien2/home/val/python_wkspce/plc_seg/.vscode/launch.json' (Error: Connecting with SSH timed out)
    at a.doReadAsFileStream (file:///opt/visual-studio-code/resources/app/out/vs/workbench/workbench.desktop.main.js:618:28471)
    at async a.readFile (file:///opt/visual-studio-code/resources/app/out/vs/workbench/workbench.desktop.main.js:618:27576)
    at async file:///opt/visual-studio-code/resources/app/out/vs/workbench/workbench.desktop.main.js:1268:5519
    at async Promise.all (index 1)
    at async Promise.all (index 1)
    at async c.loadConfiguration (file:///opt/visual-studio-code/resources/app/out/vs/workbench/workbench.desktop.main.js:1268:5679)
    at async Promise.all (index 0)
[2021-02-14 08:50:06.579] [renderer1] [error] Connecting with SSH timed out: Error: Connecting with SSH timed out
    at rr.resolveAuthority (file:///opt/visual-studio-code/resources/app/out/vs/workbench/workbench.desktop.main.js:1598:7978)
    at async L._scanAndHandleExtensions (file:///opt/visual-studio-code/resources/app/out/vs/workbench/workbench.desktop.main.js:2659:6448)
    at async L._initialize (file:///opt/visual-studio-code/resources/app/out/vs/workbench/workbench.desktop.main.js:1734:15238)
