[2021-04-21 21:33:00.382] [exthost] [info] extension host started
[2021-04-21 21:33:00.824] [exthost] [info] ExtensionService#_doActivateExtension vscode.microsoft-authentication {"startup":false,"extensionId":{"value":"vscode.microsoft-authentication","_lower":"vscode.microsoft-authentication"},"activationEvent":"onAuthenticationRequest:microsoft"}
[2021-04-21 21:33:00.825] [exthost] [info] ExtensionService#loadCommonJSModule file:///opt/visual-studio-code/resources/app/extensions/microsoft-authentication/dist/extension.js
[2021-04-21 21:33:00.842] [exthost] [info] ExtensionService#_doActivateExtension ms-toolsai.jupyter {"startup":false,"extensionId":{"value":"ms-toolsai.jupyter","_lower":"ms-toolsai.jupyter"},"activationEvent":"onLanguage:python"}
[2021-04-21 21:33:00.842] [exthost] [info] ExtensionService#loadCommonJSModule file:///home/val/.vscode/extensions/ms-toolsai.jupyter-2021.5.745244803/out/client/extension
[2021-04-21 21:33:00.988] [exthost] [info] ExtensionService#_doActivateExtension vscode.debug-auto-launch {"startup":true,"extensionId":{"value":"vscode.debug-auto-launch","_lower":"vscode.debug-auto-launch"},"activationEvent":"*"}
[2021-04-21 21:33:00.988] [exthost] [info] ExtensionService#loadCommonJSModule file:///opt/visual-studio-code/resources/app/extensions/debug-auto-launch/dist/extension
[2021-04-21 21:33:00.992] [exthost] [info] ExtensionService#_doActivateExtension vscode.git {"startup":true,"extensionId":{"value":"vscode.github","_lower":"vscode.github"},"activationEvent":"*"}
[2021-04-21 21:33:00.993] [exthost] [info] ExtensionService#loadCommonJSModule file:///opt/visual-studio-code/resources/app/extensions/git/dist/main
[2021-04-21 21:33:01.019] [exthost] [info] ExtensionService#_doActivateExtension vscodevim.vim {"startup":true,"extensionId":{"value":"vscodevim.vim","_lower":"vscodevim.vim"},"activationEvent":"*"}
[2021-04-21 21:33:01.019] [exthost] [info] ExtensionService#loadCommonJSModule file:///home/val/.vscode/extensions/vscodevim.vim-1.20.0/out/extension
[2021-04-21 21:33:01.230] [exthost] [info] ExtensionService#_doActivateExtension vscode.github {"startup":true,"extensionId":{"value":"vscode.github","_lower":"vscode.github"},"activationEvent":"*"}
[2021-04-21 21:33:01.230] [exthost] [info] ExtensionService#loadCommonJSModule file:///opt/visual-studio-code/resources/app/extensions/github/dist/extension.js
[2021-04-21 21:33:01.456] [exthost] [info] ExtensionService#_doActivateExtension ms-vscode.js-debug {"startup":false,"extensionId":{"value":"ms-vscode.js-debug","_lower":"ms-vscode.js-debug"},"activationEvent":"onCommand:extension.js-debug.clearAutoAttachVariables"}
[2021-04-21 21:33:01.456] [exthost] [info] ExtensionService#loadCommonJSModule file:///opt/visual-studio-code/resources/app/extensions/ms-vscode.js-debug/src/extension.js
[2021-04-21 21:33:01.641] [exthost] [info] ExtensionService#_doActivateExtension ms-python.python {"startup":false,"extensionId":{"value":"ms-python.vscode-pylance","_lower":"ms-python.vscode-pylance"},"activationEvent":"onLanguage:python"}
[2021-04-21 21:33:01.642] [exthost] [info] ExtensionService#loadCommonJSModule file:///home/val/.vscode/extensions/ms-python.python-2021.4.765268190/out/client/extension
[2021-04-21 21:33:01.873] [exthost] [info] ExtensionService#_doActivateExtension vscode.github-authentication {"startup":false,"extensionId":{"value":"vscode.github-authentication","_lower":"vscode.github-authentication"},"activationEvent":"onAuthenticationRequest:github"}
[2021-04-21 21:33:01.873] [exthost] [info] ExtensionService#loadCommonJSModule file:///opt/visual-studio-code/resources/app/extensions/github-authentication/dist/extension.js
[2021-04-21 21:33:07.089] [exthost] [info] eager extensions activated
[2021-04-21 21:33:08.315] [exthost] [info] ExtensionService#_doActivateExtension ms-python.vscode-pylance {"startup":false,"extensionId":{"value":"ms-python.vscode-pylance","_lower":"ms-python.vscode-pylance"},"activationEvent":"onLanguage:python"}
[2021-04-21 21:33:08.315] [exthost] [info] ExtensionService#loadCommonJSModule file:///home/val/.vscode/extensions/ms-python.vscode-pylance-2021.4.1/dist/extension.bundle.js
[2021-04-21 21:33:08.401] [exthost] [info] ExtensionService#_doActivateExtension vscode.emmet {"startup":false,"extensionId":{"value":"vscode.emmet","_lower":"vscode.emmet"},"activationEvent":"onStartupFinished"}
[2021-04-21 21:33:08.401] [exthost] [info] ExtensionService#loadCommonJSModule file:///opt/visual-studio-code/resources/app/extensions/emmet/dist/node/emmetNodeMain
[2021-04-21 21:33:08.408] [exthost] [info] ExtensionService#_doActivateExtension vscode.merge-conflict {"startup":false,"extensionId":{"value":"vscode.merge-conflict","_lower":"vscode.merge-conflict"},"activationEvent":"onStartupFinished"}
[2021-04-21 21:33:08.408] [exthost] [info] ExtensionService#loadCommonJSModule file:///opt/visual-studio-code/resources/app/extensions/merge-conflict/dist/mergeConflictMain
[2021-04-21 21:33:08.410] [exthost] [info] ExtensionService#_doActivateExtension vscode.testing-editor-contributions {"startup":false,"extensionId":{"value":"vscode.testing-editor-contributions","_lower":"vscode.testing-editor-contributions"},"activationEvent":"onStartupFinished"}
[2021-04-21 21:33:08.410] [exthost] [info] ExtensionService#loadCommonJSModule file:///opt/visual-studio-code/resources/app/extensions/testing-editor-contributions/dist/extension.js
[2021-04-21 21:36:05.793] [exthost] [error] [ms-python.python] provider FAILED
[2021-04-21 21:36:05.794] [exthost] [error] Canceled: Canceled
    at E.makeCancelError (/home/val/.vscode/extensions/ms-python.python-2021.4.765268190/out/client/extension.js:9:184420)
    at E.handleFailedRequest (/home/val/.vscode/extensions/ms-python.python-2021.4.765268190/out/client/extension.js:9:184271)
    at /home/val/.vscode/extensions/ms-python.python-2021.4.765268190/out/client/extension.js:9:144613
[2021-04-21 21:36:06.069] [exthost] [info] ExtensionService#_doActivateExtension vscode.debug-server-ready {"startup":false,"extensionId":{"value":"vscode.debug-server-ready","_lower":"vscode.debug-server-ready"},"activationEvent":"onDebugResolve"}
[2021-04-21 21:36:06.070] [exthost] [info] ExtensionService#loadCommonJSModule file:///opt/visual-studio-code/resources/app/extensions/debug-server-ready/dist/extension
[2021-04-21 21:45:15.258] [exthost] [error] [ms-python.python] provider FAILED
[2021-04-21 21:45:15.259] [exthost] [error] Canceled: Canceled
    at E.makeCancelError (/home/val/.vscode/extensions/ms-python.python-2021.4.765268190/out/client/extension.js:9:184420)
    at E.handleFailedRequest (/home/val/.vscode/extensions/ms-python.python-2021.4.765268190/out/client/extension.js:9:184271)
    at /home/val/.vscode/extensions/ms-python.python-2021.4.765268190/out/client/extension.js:9:148205
[2021-04-21 21:45:15.302] [exthost] [error] [ms-python.python] provider FAILED
[2021-04-21 21:45:15.302] [exthost] [error] Canceled: Canceled
    at E.makeCancelError (/home/val/.vscode/extensions/ms-python.python-2021.4.765268190/out/client/extension.js:9:184420)
    at E.handleFailedRequest (/home/val/.vscode/extensions/ms-python.python-2021.4.765268190/out/client/extension.js:9:184271)
    at /home/val/.vscode/extensions/ms-python.python-2021.4.765268190/out/client/extension.js:9:148205
[2021-04-21 21:45:17.650] [exthost] [error] [ms-python.python] provider FAILED
[2021-04-21 21:45:17.651] [exthost] [error] Canceled: Canceled
    at E.makeCancelError (/home/val/.vscode/extensions/ms-python.python-2021.4.765268190/out/client/extension.js:9:184420)
    at E.handleFailedRequest (/home/val/.vscode/extensions/ms-python.python-2021.4.765268190/out/client/extension.js:9:184271)
    at /home/val/.vscode/extensions/ms-python.python-2021.4.765268190/out/client/extension.js:9:148205
[2021-04-21 21:45:19.477] [exthost] [error] [ms-python.python] provider FAILED
[2021-04-21 21:45:19.477] [exthost] [error] Canceled: Canceled
    at E.makeCancelError (/home/val/.vscode/extensions/ms-python.python-2021.4.765268190/out/client/extension.js:9:184420)
    at E.handleFailedRequest (/home/val/.vscode/extensions/ms-python.python-2021.4.765268190/out/client/extension.js:9:184271)
    at /home/val/.vscode/extensions/ms-python.python-2021.4.765268190/out/client/extension.js:9:152132
[2021-04-21 21:46:03.989] [exthost] [error] [ms-python.python] provider FAILED
[2021-04-21 21:46:03.989] [exthost] [error] Canceled: Canceled
    at E.makeCancelError (/home/val/.vscode/extensions/ms-python.python-2021.4.765268190/out/client/extension.js:9:184420)
    at E.handleFailedRequest (/home/val/.vscode/extensions/ms-python.python-2021.4.765268190/out/client/extension.js:9:184271)
    at /home/val/.vscode/extensions/ms-python.python-2021.4.765268190/out/client/extension.js:9:148205
[2021-04-21 21:46:04.008] [exthost] [error] [ms-python.python] provider FAILED
[2021-04-21 21:46:04.008] [exthost] [error] Canceled: Canceled
    at E.makeCancelError (/home/val/.vscode/extensions/ms-python.python-2021.4.765268190/out/client/extension.js:9:184420)
    at E.handleFailedRequest (/home/val/.vscode/extensions/ms-python.python-2021.4.765268190/out/client/extension.js:9:184271)
    at /home/val/.vscode/extensions/ms-python.python-2021.4.765268190/out/client/extension.js:9:148205
[2021-04-21 21:46:15.117] [exthost] [error] [ms-python.python] provider FAILED
[2021-04-21 21:46:15.117] [exthost] [error] Canceled: Canceled
    at E.makeCancelError (/home/val/.vscode/extensions/ms-python.python-2021.4.765268190/out/client/extension.js:9:184420)
    at E.handleFailedRequest (/home/val/.vscode/extensions/ms-python.python-2021.4.765268190/out/client/extension.js:9:184271)
    at /home/val/.vscode/extensions/ms-python.python-2021.4.765268190/out/client/extension.js:9:148205
[2021-04-21 21:46:27.218] [exthost] [error] [ms-python.python] provider FAILED
[2021-04-21 21:46:27.218] [exthost] [error] Canceled: Canceled
    at E.makeCancelError (/home/val/.vscode/extensions/ms-python.python-2021.4.765268190/out/client/extension.js:9:184420)
    at E.handleFailedRequest (/home/val/.vscode/extensions/ms-python.python-2021.4.765268190/out/client/extension.js:9:184271)
    at /home/val/.vscode/extensions/ms-python.python-2021.4.765268190/out/client/extension.js:9:148205
[2021-04-21 21:46:27.246] [exthost] [error] [ms-python.python] provider FAILED
[2021-04-21 21:46:27.247] [exthost] [error] Canceled: Canceled
    at E.makeCancelError (/home/val/.vscode/extensions/ms-python.python-2021.4.765268190/out/client/extension.js:9:184420)
    at E.handleFailedRequest (/home/val/.vscode/extensions/ms-python.python-2021.4.765268190/out/client/extension.js:9:184271)
    at /home/val/.vscode/extensions/ms-python.python-2021.4.765268190/out/client/extension.js:9:148205
[2021-04-21 21:46:27.284] [exthost] [error] [ms-python.python] provider FAILED
[2021-04-21 21:46:27.284] [exthost] [error] Canceled: Canceled
    at E.makeCancelError (/home/val/.vscode/extensions/ms-python.python-2021.4.765268190/out/client/extension.js:9:184420)
    at E.handleFailedRequest (/home/val/.vscode/extensions/ms-python.python-2021.4.765268190/out/client/extension.js:9:184271)
    at /home/val/.vscode/extensions/ms-python.python-2021.4.765268190/out/client/extension.js:9:148205
[2021-04-21 21:46:27.596] [exthost] [error] [ms-python.python] provider FAILED
[2021-04-21 21:46:27.597] [exthost] [error] Canceled: Canceled
    at E.makeCancelError (/home/val/.vscode/extensions/ms-python.python-2021.4.765268190/out/client/extension.js:9:184420)
    at E.handleFailedRequest (/home/val/.vscode/extensions/ms-python.python-2021.4.765268190/out/client/extension.js:9:184271)
    at /home/val/.vscode/extensions/ms-python.python-2021.4.765268190/out/client/extension.js:9:148205
[2021-04-21 21:46:28.085] [exthost] [error] [ms-python.python] provider FAILED
[2021-04-21 21:46:28.085] [exthost] [error] Canceled: Canceled
    at E.makeCancelError (/home/val/.vscode/extensions/ms-python.python-2021.4.765268190/out/client/extension.js:9:184420)
    at E.handleFailedRequest (/home/val/.vscode/extensions/ms-python.python-2021.4.765268190/out/client/extension.js:9:184271)
    at /home/val/.vscode/extensions/ms-python.python-2021.4.765268190/out/client/extension.js:9:148205
[2021-04-21 21:46:28.130] [exthost] [error] [ms-python.python] provider FAILED
[2021-04-21 21:46:28.131] [exthost] [error] Canceled: Canceled
    at E.makeCancelError (/home/val/.vscode/extensions/ms-python.python-2021.4.765268190/out/client/extension.js:9:184420)
    at E.handleFailedRequest (/home/val/.vscode/extensions/ms-python.python-2021.4.765268190/out/client/extension.js:9:184271)
    at /home/val/.vscode/extensions/ms-python.python-2021.4.765268190/out/client/extension.js:9:148205
[2021-04-21 23:14:16.163] [exthost] [info] extension host terminating: received terminate message from renderer
[2021-04-21 23:14:17.189] [exthost] [info] exiting with code 0
