[2021-04-28 14:58:22.333] [renderer3] [info] [remote-connection][Management   ][71060…][reconnect] starting reconnecting loop. You can get more information with the trace log level.
[2021-04-28 14:58:22.338] [renderer3] [info] [remote-connection][Management   ][71060…][reconnect] resolving connection...
[2021-04-28 14:58:22.359] [renderer3] [info] [remote-connection][ExtensionHost][eaa2a…][reconnect] starting reconnecting loop. You can get more information with the trace log level.
[2021-04-28 14:58:22.361] [renderer3] [info] [remote-connection][ExtensionHost][eaa2a…][reconnect] resolving connection...
[2021-04-28 14:58:37.962] [renderer3] [info] [remote-connection][Management   ][71060…][reconnect] A temporarily not available error occurred while trying to reconnect, will try again...
[2021-04-28 14:58:37.963] [renderer3] [info] [remote-connection][Management   ][71060…][reconnect] waiting for 5 seconds before reconnecting...
[2021-04-28 14:58:37.963] [renderer3] [info] [remote-connection][ExtensionHost][eaa2a…][reconnect] A temporarily not available error occurred while trying to reconnect, will try again...
[2021-04-28 14:58:37.964] [renderer3] [info] [remote-connection][ExtensionHost][eaa2a…][reconnect] waiting for 5 seconds before reconnecting...
[2021-04-28 14:58:42.975] [renderer3] [info] [remote-connection][Management   ][71060…][reconnect] resolving connection...
[2021-04-28 14:58:42.977] [renderer3] [info] [remote-connection][ExtensionHost][eaa2a…][reconnect] resolving connection...
[2021-04-28 14:58:58.278] [renderer3] [info] [remote-connection][Management   ][71060…][reconnect] A temporarily not available error occurred while trying to reconnect, will try again...
[2021-04-28 14:58:58.284] [renderer3] [info] [remote-connection][Management   ][71060…][reconnect] waiting for 5 seconds before reconnecting...
[2021-04-28 14:58:58.285] [renderer3] [info] [remote-connection][ExtensionHost][eaa2a…][reconnect] A temporarily not available error occurred while trying to reconnect, will try again...
[2021-04-28 14:58:58.285] [renderer3] [info] [remote-connection][ExtensionHost][eaa2a…][reconnect] waiting for 5 seconds before reconnecting...
[2021-04-28 14:59:03.290] [renderer3] [info] [remote-connection][Management   ][71060…][reconnect] resolving connection...
[2021-04-28 14:59:03.295] [renderer3] [info] [remote-connection][ExtensionHost][eaa2a…][reconnect] resolving connection...
[2021-04-28 14:59:18.681] [renderer3] [info] [remote-connection][Management   ][71060…][reconnect] A temporarily not available error occurred while trying to reconnect, will try again...
[2021-04-28 14:59:18.715] [renderer3] [info] [remote-connection][Management   ][71060…][reconnect] waiting for 10 seconds before reconnecting...
[2021-04-28 14:59:18.716] [renderer3] [info] [remote-connection][ExtensionHost][eaa2a…][reconnect] A temporarily not available error occurred while trying to reconnect, will try again...
[2021-04-28 14:59:18.717] [renderer3] [info] [remote-connection][ExtensionHost][eaa2a…][reconnect] waiting for 10 seconds before reconnecting...
[2021-04-28 14:59:28.696] [renderer3] [info] [remote-connection][Management   ][71060…][reconnect] resolving connection...
[2021-04-28 14:59:28.739] [renderer3] [info] [remote-connection][ExtensionHost][eaa2a…][reconnect] resolving connection...
[2021-04-28 14:59:44.080] [renderer3] [info] [remote-connection][Management   ][71060…][reconnect] A temporarily not available error occurred while trying to reconnect, will try again...
[2021-04-28 14:59:44.090] [renderer3] [info] [remote-connection][Management   ][71060…][reconnect] waiting for 10 seconds before reconnecting...
[2021-04-28 14:59:44.092] [renderer3] [info] [remote-connection][ExtensionHost][eaa2a…][reconnect] A temporarily not available error occurred while trying to reconnect, will try again...
[2021-04-28 14:59:44.093] [renderer3] [info] [remote-connection][ExtensionHost][eaa2a…][reconnect] waiting for 10 seconds before reconnecting...
[2021-04-28 14:59:54.087] [renderer3] [info] [remote-connection][Management   ][71060…][reconnect] resolving connection...
[2021-04-28 14:59:54.113] [renderer3] [info] [remote-connection][ExtensionHost][eaa2a…][reconnect] resolving connection...
[2021-04-28 15:00:09.479] [renderer3] [info] [remote-connection][Management   ][71060…][reconnect] A temporarily not available error occurred while trying to reconnect, will try again...
[2021-04-28 15:00:09.493] [renderer3] [info] [remote-connection][Management   ][71060…][reconnect] waiting for 10 seconds before reconnecting...
[2021-04-28 15:00:09.493] [renderer3] [info] [remote-connection][ExtensionHost][eaa2a…][reconnect] A temporarily not available error occurred while trying to reconnect, will try again...
[2021-04-28 15:00:09.494] [renderer3] [info] [remote-connection][ExtensionHost][eaa2a…][reconnect] waiting for 10 seconds before reconnecting...
[2021-04-28 15:00:19.489] [renderer3] [info] [remote-connection][Management   ][71060…][reconnect] resolving connection...
[2021-04-28 15:00:19.494] [renderer3] [info] [remote-connection][ExtensionHost][eaa2a…][reconnect] resolving connection...
[2021-04-28 15:00:34.950] [renderer3] [info] [remote-connection][Management   ][71060…][reconnect] A temporarily not available error occurred while trying to reconnect, will try again...
[2021-04-28 15:00:34.960] [renderer3] [info] [remote-connection][Management   ][71060…][reconnect] waiting for 10 seconds before reconnecting...
[2021-04-28 15:00:34.966] [renderer3] [info] [remote-connection][ExtensionHost][eaa2a…][reconnect] A temporarily not available error occurred while trying to reconnect, will try again...
[2021-04-28 15:00:34.967] [renderer3] [info] [remote-connection][ExtensionHost][eaa2a…][reconnect] waiting for 10 seconds before reconnecting...
[2021-04-28 15:00:44.959] [renderer3] [info] [remote-connection][Management   ][71060…][reconnect] resolving connection...
[2021-04-28 15:00:44.989] [renderer3] [info] [remote-connection][ExtensionHost][eaa2a…][reconnect] resolving connection...
[2021-04-28 15:01:00.335] [renderer3] [info] [remote-connection][Management   ][71060…][reconnect] A temporarily not available error occurred while trying to reconnect, will try again...
[2021-04-28 15:01:00.361] [renderer3] [info] [remote-connection][Management   ][71060…][reconnect] waiting for 10 seconds before reconnecting...
[2021-04-28 15:01:00.362] [renderer3] [info] [remote-connection][ExtensionHost][eaa2a…][reconnect] A temporarily not available error occurred while trying to reconnect, will try again...
[2021-04-28 15:01:00.363] [renderer3] [info] [remote-connection][ExtensionHost][eaa2a…][reconnect] waiting for 10 seconds before reconnecting...
[2021-04-28 15:01:10.339] [renderer3] [info] [remote-connection][Management   ][71060…][reconnect] resolving connection...
[2021-04-28 15:01:10.362] [renderer3] [info] [remote-connection][ExtensionHost][eaa2a…][reconnect] resolving connection...
[2021-04-28 15:01:25.631] [renderer3] [info] [remote-connection][Management   ][71060…][reconnect] A temporarily not available error occurred while trying to reconnect, will try again...
[2021-04-28 15:01:25.653] [renderer3] [info] [remote-connection][Management   ][71060…][reconnect] waiting for 30 seconds before reconnecting...
[2021-04-28 15:01:25.654] [renderer3] [info] [remote-connection][ExtensionHost][eaa2a…][reconnect] A temporarily not available error occurred while trying to reconnect, will try again...
[2021-04-28 15:01:25.654] [renderer3] [info] [remote-connection][ExtensionHost][eaa2a…][reconnect] waiting for 30 seconds before reconnecting...
[2021-04-28 15:01:55.639] [renderer3] [info] [remote-connection][Management   ][71060…][reconnect] resolving connection...
[2021-04-28 15:01:55.670] [renderer3] [info] [remote-connection][ExtensionHost][eaa2a…][reconnect] resolving connection...
[2021-04-28 15:02:08.854] [renderer3] [info] [remote-connection][Management   ][71060…][reconnect] connecting to 127.0.0.1:44221...
[2021-04-28 15:02:08.864] [renderer3] [info] [remote-connection][ExtensionHost][eaa2a…][reconnect] connecting to 127.0.0.1:44221...
[2021-04-28 15:02:12.267] [renderer3] [info] [remote-connection][Management   ][71060…][reconnect] reconnected!
[2021-04-28 15:02:13.241] [renderer3] [info] [remote-connection][ExtensionHost][eaa2a…][reconnect] reconnected!
