[10:28:34.093] Log Level: 2
[10:28:34.095] remote-ssh@0.64.0
[10:28:34.095] linux x64
[10:28:34.096] SSH Resolver called for "ssh-remote+adrien2", attempt 1
[10:28:34.096] "remote.SSH.useLocalServer": true
[10:28:34.096] "remote.SSH.sshPath": undefined
[10:28:34.097] "remote.SSH.sshConfigurationFile": undefined
[10:28:34.097] "remote.SSH.useFlock": true
[10:28:34.097] "remote.SSH.lockfilesInTmp": false
[10:28:34.097] "remote.SSH.localServerDownload": auto
[10:28:34.097] "remote.SSH.remoteServerListenOnSocket": false
[10:28:34.097] "remote.SSH.showLoginTerminal": false
[10:28:34.097] "remote.SSH.defaultExtensions": []
[10:28:34.098] SSH Resolver called for host: adrien2
[10:28:34.098] Setting up SSH remote "adrien2"
[10:28:34.101] Acquiring local install lock: /tmp/vscode-remote-ssh-adrien2-install.lock
[10:28:34.108] Looking for existing server data file at /home/val/.config/Code/User/globalStorage/ms-vscode-remote.remote-ssh/vscode-ssh-host-adrien2-622cb03f7e070a9670c94bae1a45d78d7181fbd4-0.64.0/data.json
[10:28:34.109] Using commit id "622cb03f7e070a9670c94bae1a45d78d7181fbd4" and quality "stable" for server
[10:28:34.111] Install and start server if needed
[10:28:34.114] Checking ssh with "ssh -V"
[10:28:34.137] > OpenSSH_8.4p1, OpenSSL 1.1.1i  8 Dec 2020

[10:28:34.140] askpass server listening on /run/user/1000/vscode-ssh-askpass-f746dcf545a63c2d9f2a126165c93d66abf1e0de.sock
[10:28:34.140] Spawning local server with {"ipcHandlePath":"/run/user/1000/vscode-ssh-askpass-7767a131c5770ee203426176c19553fb5a4aeb27.sock","sshCommand":"ssh","sshArgs":["-v","-T","-D","39101","-o","ConnectTimeout=15","adrien2"],"dataFilePath":"/home/val/.config/Code/User/globalStorage/ms-vscode-remote.remote-ssh/vscode-ssh-host-adrien2-622cb03f7e070a9670c94bae1a45d78d7181fbd4-0.64.0/data.json"}
[10:28:34.140] Local server env: {"DISPLAY":"1","ELECTRON_RUN_AS_NODE":"1","SSH_ASKPASS":"/home/val/.vscode/extensions/ms-vscode-remote.remote-ssh-0.64.0/out/local-server/askpass.sh","VSCODE_SSH_ASKPASS_NODE":"/opt/visual-studio-code/code","VSCODE_SSH_ASKPASS_MAIN":"/home/val/.vscode/extensions/ms-vscode-remote.remote-ssh-0.64.0/out/askpass-main.js","VSCODE_SSH_ASKPASS_HANDLE":"/run/user/1000/vscode-ssh-askpass-f746dcf545a63c2d9f2a126165c93d66abf1e0de.sock"}
[10:28:34.145] Spawned 71293
[10:28:34.232] > local-server> Spawned ssh: 71301
[10:28:34.234] stderr> OpenSSH_8.4p1, OpenSSL 1.1.1i  8 Dec 2020
[10:28:49.795] stderr> debug1: Server host key: ecdsa-sha2-nistp256 SHA256:QGI4/EPg1bhz+2zgv4sPJQM5/2if4fcluj1g80yPkvs
[10:28:51.146] Terminating local server
[10:28:51.172] Resolver error: Error: Connecting with SSH timed out
	at Function.Timeout (/home/val/.vscode/extensions/ms-vscode-remote.remote-ssh-0.64.0/out/extension.js:1:64255)
	at Timeout._onTimeout (/home/val/.vscode/extensions/ms-vscode-remote.remote-ssh-0.64.0/out/extension.js:1:281228)
	at listOnTimeout (internal/timers.js:549:17)
	at processTimers (internal/timers.js:492:7)
[10:28:51.174] Local server exit: 15
[10:28:51.179] ------




