[05:51:03.954] Log Level: 2
[05:51:03.955] remote-ssh@0.64.0
[05:51:03.955] linux x64
[05:51:03.956] SSH Resolver called for "ssh-remote+adrien2", attempt 1
[05:51:03.956] "remote.SSH.useLocalServer": true
[05:51:03.957] "remote.SSH.sshPath": undefined
[05:51:03.957] "remote.SSH.sshConfigurationFile": undefined
[05:51:03.957] "remote.SSH.useFlock": true
[05:51:03.957] "remote.SSH.lockfilesInTmp": false
[05:51:03.957] "remote.SSH.localServerDownload": auto
[05:51:03.957] "remote.SSH.remoteServerListenOnSocket": false
[05:51:03.957] "remote.SSH.showLoginTerminal": false
[05:51:03.957] "remote.SSH.defaultExtensions": []
[05:51:03.957] SSH Resolver called for host: adrien2
[05:51:03.958] Setting up SSH remote "adrien2"
[05:51:03.960] Acquiring local install lock: /tmp/vscode-remote-ssh-adrien2-install.lock
[05:51:03.966] Looking for existing server data file at /home/val/.config/Code/User/globalStorage/ms-vscode-remote.remote-ssh/vscode-ssh-host-adrien2-622cb03f7e070a9670c94bae1a45d78d7181fbd4-0.64.0/data.json
[05:51:03.967] Using commit id "622cb03f7e070a9670c94bae1a45d78d7181fbd4" and quality "stable" for server
[05:51:03.969] Install and start server if needed
[05:51:03.983] Checking ssh with "ssh -V"
[05:51:03.995] > OpenSSH_8.4p1, OpenSSL 1.1.1i  8 Dec 2020

[05:51:03.998] askpass server listening on /run/user/1000/vscode-ssh-askpass-4f17fb7588b49922532b931910a9804392fce535.sock
[05:51:03.998] Spawning local server with {"ipcHandlePath":"/run/user/1000/vscode-ssh-askpass-4487a23cca23ffe1b77842e97f0eb8663f1e135b.sock","sshCommand":"ssh","sshArgs":["-v","-T","-D","38123","-o","ConnectTimeout=15","adrien2"],"dataFilePath":"/home/val/.config/Code/User/globalStorage/ms-vscode-remote.remote-ssh/vscode-ssh-host-adrien2-622cb03f7e070a9670c94bae1a45d78d7181fbd4-0.64.0/data.json"}
[05:51:03.998] Local server env: {"DISPLAY":"1","ELECTRON_RUN_AS_NODE":"1","SSH_ASKPASS":"/home/val/.vscode/extensions/ms-vscode-remote.remote-ssh-0.64.0/out/local-server/askpass.sh","VSCODE_SSH_ASKPASS_NODE":"/opt/visual-studio-code/code","VSCODE_SSH_ASKPASS_MAIN":"/home/val/.vscode/extensions/ms-vscode-remote.remote-ssh-0.64.0/out/askpass-main.js","VSCODE_SSH_ASKPASS_HANDLE":"/run/user/1000/vscode-ssh-askpass-4f17fb7588b49922532b931910a9804392fce535.sock"}
[05:51:04.001] Spawned 2543
[05:51:04.077] > local-server> Spawned ssh: 2555
[05:51:04.078] stderr> OpenSSH_8.4p1, OpenSSL 1.1.1i  8 Dec 2020
[05:51:06.614] stderr> debug1: Server host key: ecdsa-sha2-nistp256 SHA256:QGI4/EPg1bhz+2zgv4sPJQM5/2if4fcluj1g80yPkvs
[05:51:06.841] stderr> Authenticated to 153.109.130.82 (via proxy).
[05:51:07.359] > Welcome to Ubuntu 18.04.5 LTS (GNU/Linux 5.4.0-64-generic x86_64)
> 
>  * Documentation:  https://help.ubuntu.com
>  * Management:     https://landscape.canonical.com
>  * Support:        https://ubuntu.com/advantage
> 
>  * Canonical Livepatch is available for installation.
>    - Reduce system reboots and improve kernel security. Activate at:
>      https://ubuntu.com/livepatch
> 
> 9 packages can be updated.
> 0 of these updates are security updates.
> To see these additional updates run: apt list --upgradable
> 
> New release '20.04.2 LTS' available.
> Run 'do-release-upgrade' to upgrade to it.
> 
> Your Hardware Enablement Stack (HWE) is supported until April 2023.
> *** System restart required ***
[05:51:07.402] > ready: aa52fbbef943
[05:51:07.452] > Linux 5.4.0-64-generic #72~18.04.1-Ubuntu SMP Fri Jan 15 14:06:34 UTC 2021
[05:51:07.453] Platform: linux
[05:51:07.563] > aa52fbbef943: running
[05:51:07.632] > Acquiring lock on /home/val/.vscode-server/bin/622cb03f7e070a9670c94bae1a45d78d7181fbd4/vscode-remote-lock.val.622cb03f7e070a9670c94bae1a45d78d7181fbd4
> Found existing installation at /home/val/.vscode-server/bin/622cb03f7e070a9670c94bae1a45d78d7181fbd4...
> Checking /home/val/.vscode-server/.622cb03f7e070a9670c94bae1a45d78d7181fbd4.log and /home/val/.vscode-server/.622cb03f7e070a9670c94bae1a45d78d7181fbd4.pid for a running server
> Looking for server with pid: 10418
[05:51:07.663] > Starting server with command... /home/val/.vscode-server/bin/622cb03f7e070a9670c94bae1a45d78d7181fbd4/server.sh --start-server --host=127.0.0.1 --enable-remote-auto-shutdown  --port=0  &> "/home/val/.vscode-server/.622cb03f7e070a9670c94bae1a45d78d7181fbd4.log" < /dev/null
> printenv:
>     LC_MEASUREMENT=en_GB.UTF-8
>     SSH_CONNECTION=153.109.124.125 42050 153.109.130.82 22
>     LC_PAPER=en_GB.UTF-8
>     LC_MONETARY=en_GB.UTF-8
>     LANG=en_US.UTF-8
>     LC_NAME=en_GB.UTF-8
>     XDG_SESSION_ID=1015
>     USER=val
>     PWD=/home/val
>     HOME=/home/val
>     SSH_CLIENT=153.109.124.125 42050 22
>     XDG_DATA_DIRS=/usr/local/share:/usr/share:/var/lib/snapd/desktop
>     LC_ADDRESS=en_GB.UTF-8
>     LC_NUMERIC=en_GB.UTF-8
>     MAIL=/var/mail/val
>     PAPERSIZE=a4
>     SHELL=/bin/bash
>     SHLVL=2
>     LC_TELEPHONE=en_GB.UTF-8
>     VSCODE_AGENT_FOLDER=/home/val/.vscode-server
>     LOGNAME=val
>     DBUS_SESSION_BUS_ADDRESS=unix:path=/run/user/1000/bus
>     XDG_RUNTIME_DIR=/run/user/1000
>     PATH=/home/val/.local/bin:/usr/local/sbin:/usr/local/bin:/usr/sbin:/usr/bin:/sbin:/bin:/usr/games:/usr/local/games:/snap/bin
>     LC_IDENTIFICATION=en_GB.UTF-8
>     LC_TIME=en_GB.UTF-8
>     _=/usr/bin/printenv
> Spawned remote server: 11746
[05:51:07.673] > Waiting for server log...
[05:51:07.705] > Waiting for server log...
[05:51:07.744] > Waiting for server log...
[05:51:07.783] >  
> *
> * Reminder: You may only use this software with Visual Studio family products,
> * as described in the license (https://go.microsoft.com/fwlink/?linkid=2077057)
> *
>  
> aa52fbbef943: start
> sshAuthSock====
> webUiAccessToken====
> listeningOn==45169==
> osReleaseId==ubuntu==
> arch==x86_64==
> tmpDir==/run/user/1000==
> platform==linux==
> unpackResult====
> didLocalDownload==0==
> downloadTime====
> installTime====
> extInstallTime====
> serverStartTime==120==
> connectionToken==1a1111a1-a111-1aa1-1a11-1a1aa111a111==
> aa52fbbef943: end
[05:51:07.784] Received install output: 
sshAuthSock====
webUiAccessToken====
listeningOn==45169==
osReleaseId==ubuntu==
arch==x86_64==
tmpDir==/run/user/1000==
platform==linux==
unpackResult====
didLocalDownload==0==
downloadTime====
installTime====
extInstallTime====
serverStartTime==120==
connectionToken==1a1111a1-a111-1aa1-1a11-1a1aa111a111==

[05:51:07.786] Remote server is listening on 45169
[05:51:07.786] Parsed server configuration: {"serverConfiguration":{"remoteListeningOn":{"port":45169},"osReleaseId":"ubuntu","arch":"x86_64","webUiAccessToken":"","sshAuthSock":"","tmpDir":"/run/user/1000","platform":"linux","connectionToken":"1a1111a1-a111-1aa1-1a11-1a1aa111a111"},"serverStartTime":120,"installUnpackCode":""}
[05:51:07.788] Persisting server connection details to /home/val/.config/Code/User/globalStorage/ms-vscode-remote.remote-ssh/vscode-ssh-host-adrien2-622cb03f7e070a9670c94bae1a45d78d7181fbd4-0.64.0/data.json
[05:51:07.791] Starting forwarding server. localPort 42065 -> socksPort 38123 -> remotePort 45169
[05:51:07.792] Forwarding server listening on 42065
[05:51:07.793] Waiting for ssh tunnel to be ready
[05:51:07.795] [Forwarding server 42065] Got connection 0
[05:51:07.798] Tunneled 45169 to local port 42065
[05:51:07.799] Resolved "ssh-remote+adrien2" to "127.0.0.1:42065"
[05:51:07.817] ------




[05:51:07.861] [Forwarding server 42065] Got connection 1
[05:51:08.019] [Forwarding server 42065] Got connection 2
[05:51:14.777] [Forwarding server 42065] Got connection 3
[05:51:14.778] [Forwarding server 42065] Got connection 4
[05:51:14.783] [Forwarding server 42065] Got connection 5
[05:51:14.784] [Forwarding server 42065] Got connection 6
[05:51:14.785] [Forwarding server 42065] Got connection 7
[05:51:14.785] [Forwarding server 42065] Got connection 8
[06:14:08.505] [Forwarding server 42065] Got connection 9
