User belongs to experiment group 'jupyterTestcf'
User belongs to experiment group 'pythonDiscoveryModulecf'
User belongs to experiment group 'jupyterEnhancedDataViewer'
Info 2021-04-23 13:16:23: ZMQ install verified.
Info 2021-04-23 13:16:23: id is 9e1fd545-ae69-40dc-9602-f0d3418d685d
Info 2021-04-23 13:16:23: Found existing keyfile at /home/val/.config/Code/User/globalStorage/ms-toolsai.jupyter/nbsecret
Info 2021-04-23 13:17:34: Loading web panel for file:///home/val/python_wkspce/rgd_mice/notebooks/explo.ipynb
Info 2021-04-23 13:17:34: Loading webview. View is notset
Info 2021-04-23 13:17:34: Attempting to start a server because of preload conditions ...
Info 2021-04-23 13:17:34: Loading web view...
Info 2021-04-23 13:17:34: Webview panel created.
Info 2021-04-23 13:17:34: Creating raw notebook for file:///home/val/python_wkspce/rgd_mice/notebooks/explo.ipynb
Info 2021-04-23 13:17:34: Getting preferred kernel for file:///home/val/python_wkspce/rgd_mice/notebooks/explo.ipynb
Info 2021-04-23 13:17:34: Search all interpreters /home/val/python_wkspce/rgd_mice/env/bin/python, /usr/bin/python, /usr/bin/python2, /bin/python, /bin/python2, /usr/sbin/python, /usr/sbin/python2, /sbin/python, /sbin/python2
Info 2021-04-23 13:17:35: Web view react rendered
Info 2021-04-23 13:17:35: Request for onigasm file at /home/val/.vscode/extensions/ms-toolsai.jupyter-2021.5.745244803/out/client/node_modules/onigasm/lib/onigasm.wasm
Info 2021-04-23 13:17:35: Request for tmlanguage file.
Info 2021-04-23 13:17:35: Searching for token colors ...
Info 2021-04-23 13:17:35: Attempting search for colors ...
Info 2021-04-23 13:17:35: Searching for token colors ...
Info 2021-04-23 13:17:35: Attempting search for colors ...
Info 2021-04-23 13:17:35: Searching for token colors ...
Info 2021-04-23 13:17:35: Attempting search for colors ...
Info 2021-04-23 13:17:35: Searching for token colors ...
Info 2021-04-23 13:17:35: Attempting search for colors ...
Info 2021-04-23 13:17:35: findPreferredKernel score for Python 3.9.3 64-bit ('env') is 1
Info 2021-04-23 13:17:35: findPreferredKernel score for Python 3.9.3 64-bit is 1
Info 2021-04-23 13:17:35: findPreferredKernel score for Python 2.7.18 64-bit is 1
Info 2021-04-23 13:17:35: findPreferredKernel score for Python 3.9.3 64-bit is 1
Info 2021-04-23 13:17:35: findPreferredKernel score for Python 2.7.18 64-bit is 1
Info 2021-04-23 13:17:35: findPreferredKernel score for Python 3.9.3 64-bit is 1
Info 2021-04-23 13:17:35: findPreferredKernel score for Python 2.7.18 64-bit is 1
Info 2021-04-23 13:17:35: findPreferredKernel score for Python 3.9.3 64-bit is 1
Info 2021-04-23 13:17:35: findPreferredKernel score for Python 2.7.18 64-bit is 1
Info 2021-04-23 13:17:35: Find kernel spec, Class name = D, completed in 1233ms, has a truthy return value, Arg 1: <Uri:/home/val/python_wkspce/rgd_mice/notebooks/explo.ipynb>, Arg 2: {"language_info":{"codemirror_mode":{"name":"ipython","version":3},"file_extension":".py","mimetype":"text/x-python","name":"python","nbconvert_exporter":"python","pygments_lexer":"ipython3","version":3},"orig_nbformat":2}, Arg 3: undefined, Return Value: {"kind":"startUsingPythonInterpreter","kernelSpec":{"specFile":"/home/val/.local/share/jupyter/kernels/python393jvsc74a57bd020491d40c47ec2356f78d7f422bc54c2e7e4fb0022d436bb8acebe0bc21093a4/kernel.json","interpreterPath":"/home/val/python_wkspce/rgd_mice/env/bin/python","name":"python393jvsc74a57bd020491d40c47ec2356f78d7f422bc54c2e7e4fb0022d436bb8acebe0bc21093a4","argv":["python","-m","ipykernel_launcher","-f","{connection_file}"],"language":"python","path":"python","display_name":"Python 3.9.3 64-bit ('env')","metadata":{"interpreter":{"architecture":3,"path":"/home/val/python_wkspce/rgd_mice/env/bin/python","version":{"options":{"loose":false,"includePrerelease":false},"loose":false,"raw":"3.9.3","major":3,"minor":9,"patch":3,"prerelease":[],"build":[],"version":"3.9.3"},"sysVersion":"3.9.3 (default, Apr  8 2021, 23:35:02) \n[GCC 10.2.0]","sysPrefix":"/home/val/python_wkspce/rgd_mice/env","fileHash":"5a3a204cf0f5814f7f0a99594d5fd52519995676d4d4970cec1eaabacc7923d82859c396d535bf970dcf9f1c2c0a4d0cee84bd7a7ff22bb97036614a27cb412b","envName":"env","type":"Venv","displayName":"Python 3.9.3 64-bit ('env')"}},"env":{}},"interpreter":{"architecture":3,"path":"/home/val/python_wkspce/rgd_mice/env/bin/python","version":{"options":{"loose":false,"includePrerelease":false},"loose":false,"raw":"3.9.3","major":3,"minor":9,"patch":3,"prerelease":[],"build":[],"version":"3.9.3"},"sysVersion":"3.9.3 (default, Apr  8 2021, 23:35:02) \n[GCC 10.2.0]","sysPrefix":"/home/val/python_wkspce/rgd_mice/env","fileHash":"5a3a204cf0f5814f7f0a99594d5fd52519995676d4d4970cec1eaabacc7923d82859c396d535bf970dcf9f1c2c0a4d0cee84bd7a7ff22bb97036614a27cb412b","envName":"env","type":"Venv","displayName":"Python 3.9.3 64-bit ('env')"},"id":".python393jvsc74a57bd020491d40c47ec2356f78d7f422bc54c2e7e4fb0022d436bb8acebe0bc21093a4.python./home/val/python_wkspce/rgd_mice/env/bin/python.Python 3.9.3 64-bit ('env')"}
Info 2021-04-23 13:17:35: Computing working directory file:///home/val/python_wkspce/rgd_mice/notebooks/explo.ipynb
Info 2021-04-23 13:17:35: Connecting to raw session for file:///home/val/python_wkspce/rgd_mice/notebooks/explo.ipynb with connection {"kind":"startUsingPythonInterpreter","kernelSpec":{"specFile":"/home/val/.local/share/jupyter/kernels/python393jvsc74a57bd020491d40c47ec2356f78d7f422bc54c2e7e4fb0022d436bb8acebe0bc21093a4/kernel.json","interpreterPath":"/home/val/python_wkspce/rgd_mice/env/bin/python","name":"python393jvsc74a57bd020491d40c47ec2356f78d7f422bc54c2e7e4fb0022d436bb8acebe0bc21093a4","argv":["python","-m","ipykernel_launcher","-f","{connection_file}"],"language":"python","path":"python","display_name":"Python 3.9.3 64-bit ('env')","metadata":{"interpreter":{"architecture":3,"path":"/home/val/python_wkspce/rgd_mice/env/bin/python","version":{"options":{"loose":false,"includePrerelease":false},"loose":false,"raw":"3.9.3","major":3,"minor":9,"patch":3,"prerelease":[],"build":[],"version":"3.9.3"},"sysVersion":"3.9.3 (default, Apr  8 2021, 23:35:02) \n[GCC 10.2.0]","sysPrefix":"/home/val/python_wkspce/rgd_mice/env","fileHash":"5a3a204cf0f5814f7f0a99594d5fd52519995676d4d4970cec1eaabacc7923d82859c396d535bf970dcf9f1c2c0a4d0cee84bd7a7ff22bb97036614a27cb412b","envName":"env","type":"Venv","displayName":"Python 3.9.3 64-bit ('env')"}},"env":{}},"interpreter":{"architecture":3,"path":"/home/val/python_wkspce/rgd_mice/env/bin/python","version":{"options":{"loose":false,"includePrerelease":false},"loose":false,"raw":"3.9.3","major":3,"minor":9,"patch":3,"prerelease":[],"build":[],"version":"3.9.3"},"sysVersion":"3.9.3 (default, Apr  8 2021, 23:35:02) \n[GCC 10.2.0]","sysPrefix":"/home/val/python_wkspce/rgd_mice/env","fileHash":"5a3a204cf0f5814f7f0a99594d5fd52519995676d4d4970cec1eaabacc7923d82859c396d535bf970dcf9f1c2c0a4d0cee84bd7a7ff22bb97036614a27cb412b","envName":"env","type":"Venv","displayName":"Python 3.9.3 64-bit ('env')"},"id":".python393jvsc74a57bd020491d40c47ec2356f78d7f422bc54c2e7e4fb0022d436bb8acebe0bc21093a4.python./home/val/python_wkspce/rgd_mice/env/bin/python.Python 3.9.3 64-bit ('env')"}
Info 2021-04-23 13:17:35: Starting raw kernel Python 3.9.3 64-bit ('env')
Info 2021-04-23 13:17:35: installMissingDependencies /home/val/python_wkspce/rgd_mice/env/bin/python
Info 2021-04-23 13:17:36: Process Execution: > ~/python_wkspce/rgd_mice/env/bin/python ~/.vscode/extensions/ms-toolsai.jupyter-2021.5.745244803/pythonFiles/pyvsc-run-isolated.py pip list
> ~/python_wkspce/rgd_mice/env/bin/python ~/.vscode/extensions/ms-toolsai.jupyter-2021.5.745244803/pythonFiles/pyvsc-run-isolated.py pip list
Info 2021-04-23 13:17:36: Process Execution: > ~/python_wkspce/rgd_mice/env/bin/python ~/.vscode/extensions/ms-toolsai.jupyter-2021.5.745244803/pythonFiles/pyvsc-run-isolated.py -c "import ipykernel"
> ~/python_wkspce/rgd_mice/env/bin/python ~/.vscode/extensions/ms-toolsai.jupyter-2021.5.745244803/pythonFiles/pyvsc-run-isolated.py -c "import ipykernel"
Info 2021-04-23 13:17:36: Process Execution: > ~/python_wkspce/rgd_mice/env/bin/python3.9 ~/.vscode/extensions/ms-toolsai.jupyter-2021.5.745244803/pythonFiles/pyvsc-run-isolated.py -c "import ipykernel"
> ~/python_wkspce/rgd_mice/env/bin/python3.9 ~/.vscode/extensions/ms-toolsai.jupyter-2021.5.745244803/pythonFiles/pyvsc-run-isolated.py -c "import ipykernel"
Error 2021-04-23 13:17:36: Install Missing Dependencies, Class name = v, completed in 134ms, has a falsy return value, Return Value: undefined a [Error]: IPyKernel not installed into interpreter Python 3.9.3 64-bit ('env'):/home/val/python_wkspce/rgd_mice/env/bin/python
    at v.installMissingDependencies (/home/val/.vscode/extensions/ms-toolsai.jupyter-2021.5.745244803/out/client/extension.js:49:561242)
    at processTicksAndRejections (internal/process/task_queues.js:97:5) {
  category: 'noipykernel',
  reason: 1
}
Error 2021-04-23 13:17:36: Raw session failed to start because dependencies not installed
Info 2021-04-23 13:17:36: Shutdown session -- complete
Error 2021-04-23 13:17:36: Failed to determine if a notebook is active for the current editor a [Error]: IPyKernel not installed into interpreter Python 3.9.3 64-bit ('env'):/home/val/python_wkspce/rgd_mice/env/bin/python
    at v.installMissingDependencies (/home/val/.vscode/extensions/ms-toolsai.jupyter-2021.5.745244803/out/client/extension.js:49:561242)
    at processTicksAndRejections (internal/process/task_queues.js:97:5) {
  category: 'noipykernel',
  reason: 1
}
Error 2021-04-23 13:17:36: DataScience Error a [Error]: IPyKernel not installed into interpreter Python 3.9.3 64-bit ('env'):/home/val/python_wkspce/rgd_mice/env/bin/python
    at v.installMissingDependencies (/home/val/.vscode/extensions/ms-toolsai.jupyter-2021.5.745244803/out/client/extension.js:49:561242)
    at processTicksAndRejections (internal/process/task_queues.js:97:5) {
  category: 'noipykernel',
  reason: 1
}
Error 2021-04-23 13:17:36: DataScience Error a [Error]: IPyKernel not installed into interpreter Python 3.9.3 64-bit ('env'):/home/val/python_wkspce/rgd_mice/env/bin/python
    at v.installMissingDependencies (/home/val/.vscode/extensions/ms-toolsai.jupyter-2021.5.745244803/out/client/extension.js:49:561242)
    at processTicksAndRejections (internal/process/task_queues.js:97:5) {
  category: 'noipykernel',
  reason: 1
}
Error 2021-04-23 13:17:36: Failed to initialize ipywidgetHandler a [Error]: IPyKernel not installed into interpreter Python 3.9.3 64-bit ('env'):/home/val/python_wkspce/rgd_mice/env/bin/python
    at v.installMissingDependencies (/home/val/.vscode/extensions/ms-toolsai.jupyter-2021.5.745244803/out/client/extension.js:49:561242)
    at processTicksAndRejections (internal/process/task_queues.js:97:5) {
  category: 'noipykernel',
  reason: 1
}
Info 2021-04-23 13:17:36: Searching for token colors ...
Info 2021-04-23 13:17:36: Attempting search for colors ...
Info 2021-04-23 13:17:36: Loading colors from /home/val/.vscode/extensions/dracula-theme.theme-dracula-2.22.3/theme/dracula.json ...
Info 2021-04-23 13:17:36: Searching for token colors ...
Info 2021-04-23 13:17:36: Attempting search for colors ...
Info 2021-04-23 13:17:36: Searching for token colors ...
Info 2021-04-23 13:17:36: Attempting search for colors ...
Info 2021-04-23 13:17:36: Loading colors from /home/val/.vscode/extensions/dracula-theme.theme-dracula-2.22.3/theme/dracula.json ...
Info 2021-04-23 13:17:36: Loading colors from /home/val/.vscode/extensions/dracula-theme.theme-dracula-2.22.3/theme/dracula.json ...
Info 2021-04-23 13:17:36: Loading colors from /home/val/.vscode/extensions/dracula-theme.theme-dracula-2.22.3/theme/dracula.json ...
Info 2021-04-23 13:17:36: Loading colors from /home/val/.vscode/extensions/dracula-theme.theme-dracula-2.22.3/theme/dracula.json ...
Info 2021-04-23 13:17:36: Loading colors from /home/val/.vscode/extensions/dracula-theme.theme-dracula-2.22.3/theme/dracula.json ...
Info 2021-04-23 13:17:36: Searching for token colors ...
Info 2021-04-23 13:17:36: Attempting search for colors ...
Info 2021-04-23 13:17:36: Loading colors from /home/val/.vscode/extensions/dracula-theme.theme-dracula-2.22.3/theme/dracula.json ...
Info 2021-04-23 13:17:36: Loading colors from /home/val/.vscode/extensions/dracula-theme.theme-dracula-2.22.3/theme/dracula.json ...
Info 2021-04-23 13:17:36: Attempting search for colors ...
Info 2021-04-23 13:17:36: Loading base colors from /home/val/.vscode/extensions/dracula-theme.theme-dracula-2.22.3/theme/dracula.json ...
Info 2021-04-23 13:17:36: Attempting search for colors ...
Info 2021-04-23 13:17:36: Attempting search for colors ...
Info 2021-04-23 13:17:36: Loading base colors from /home/val/.vscode/extensions/dracula-theme.theme-dracula-2.22.3/theme/dracula.json ...
Info 2021-04-23 13:17:36: Loading base colors from /home/val/.vscode/extensions/dracula-theme.theme-dracula-2.22.3/theme/dracula.json ...
Info 2021-04-23 13:17:36: Attempting search for colors ...
Info 2021-04-23 13:17:36: Loading base colors from /home/val/.vscode/extensions/dracula-theme.theme-dracula-2.22.3/theme/dracula.json ...
Info 2021-04-23 13:17:36: Attempting search for colors ...
Info 2021-04-23 13:17:36: Attempting search for colors ...
Info 2021-04-23 13:17:36: Loading base colors from /home/val/.vscode/extensions/dracula-theme.theme-dracula-2.22.3/theme/dracula.json ...
Info 2021-04-23 13:17:36: Loading base colors from /home/val/.vscode/extensions/dracula-theme.theme-dracula-2.22.3/theme/dracula.json ...
Info 2021-04-23 13:17:36: Attempting search for colors ...
Info 2021-04-23 13:17:36: Loading base colors from /home/val/.vscode/extensions/dracula-theme.theme-dracula-2.22.3/theme/dracula.json ...
Info 2021-04-23 13:17:36: Attempting search for colors ...
Info 2021-04-23 13:17:36: Loading base colors from /home/val/.vscode/extensions/dracula-theme.theme-dracula-2.22.3/theme/dracula.json ...
Info 2021-04-23 13:17:36: Using colors to generate CSS ...
Info 2021-04-23 13:17:36: Using colors to generate CSS ...
Info 2021-04-23 13:17:36: Using colors to generate CSS ...
Info 2021-04-23 13:17:36: Using colors to generate CSS ...
Info 2021-04-23 13:17:36: Using colors to generate CSS ...
Info 2021-04-23 13:17:36: Using colors to generate CSS ...
Info 2021-04-23 13:17:36: Using colors to generate CSS ...
Info 2021-04-23 13:17:36: Using colors to generate CSS ...
Info 2021-04-23 13:17:36: Process Execution: > ~/python_wkspce/hecktor_private/env/bin/python ~/.vscode/extensions/ms-toolsai.jupyter-2021.5.745244803/pythonFiles/pyvsc-run-isolated.py -c "import notebook"
> ~/python_wkspce/hecktor_private/env/bin/python ~/.vscode/extensions/ms-toolsai.jupyter-2021.5.745244803/pythonFiles/pyvsc-run-isolated.py -c "import notebook"
Info 2021-04-23 13:17:36: Process Execution: > ~/python_wkspce/hecktor_private/env/bin/python ~/.vscode/extensions/ms-toolsai.jupyter-2021.5.745244803/pythonFiles/pyvsc-run-isolated.py -c "import jupyter"
> ~/python_wkspce/hecktor_private/env/bin/python ~/.vscode/extensions/ms-toolsai.jupyter-2021.5.745244803/pythonFiles/pyvsc-run-isolated.py -c "import jupyter"
Info 2021-04-23 13:17:36: Process Execution: > ~/python_wkspce/hecktor_private/env/bin/python ~/.vscode/extensions/ms-toolsai.jupyter-2021.5.745244803/pythonFiles/pyvsc-run-isolated.py jupyter kernelspec --version
> ~/python_wkspce/hecktor_private/env/bin/python ~/.vscode/extensions/ms-toolsai.jupyter-2021.5.745244803/pythonFiles/pyvsc-run-isolated.py jupyter kernelspec --version
Info 2021-04-23 13:17:37: Creating daemon pool for /home/val/python_wkspce/hecktor_private/env/bin/python with env variables count 70
Info 2021-04-23 13:17:37: Process Execution: > ~/python_wkspce/hecktor_private/env/bin/python ~/.vscode/extensions/ms-toolsai.jupyter-2021.5.745244803/pythonFiles/pyvsc-run-isolated.py vscode_datascience_helpers.daemon --daemon-module=vscode_datascience_helpers.jupyter_daemon -v
> ~/python_wkspce/hecktor_private/env/bin/python ~/.vscode/extensions/ms-toolsai.jupyter-2021.5.745244803/pythonFiles/pyvsc-run-isolated.py vscode_datascience_helpers.daemon --daemon-module=vscode_datascience_helpers.jupyter_daemon -v
Info 2021-04-23 13:17:37: Process Execution: > ~/python_wkspce/hecktor_private/env/bin/python ~/.vscode/extensions/ms-toolsai.jupyter-2021.5.745244803/pythonFiles/pyvsc-run-isolated.py vscode_datascience_helpers.daemon --daemon-module=vscode_datascience_helpers.jupyter_daemon -v
> ~/python_wkspce/hecktor_private/env/bin/python ~/.vscode/extensions/ms-toolsai.jupyter-2021.5.745244803/pythonFiles/pyvsc-run-isolated.py vscode_datascience_helpers.daemon --daemon-module=vscode_datascience_helpers.jupyter_daemon -v
Info 2021-04-23 13:17:37: Process Execution: > ~/python_wkspce/hecktor_private/env/bin/python ~/.vscode/extensions/ms-toolsai.jupyter-2021.5.745244803/pythonFiles/pyvsc-run-isolated.py vscode_datascience_helpers.daemon --daemon-module=vscode_datascience_helpers.jupyter_daemon -v
> ~/python_wkspce/hecktor_private/env/bin/python ~/.vscode/extensions/ms-toolsai.jupyter-2021.5.745244803/pythonFiles/pyvsc-run-isolated.py vscode_datascience_helpers.daemon --daemon-module=vscode_datascience_helpers.jupyter_daemon -v
Info 2021-04-23 13:18:02: Trusting notebook...
Info 2021-04-23 13:18:02: Wrote trust for file:///home/val/python_wkspce/rgd_mice/notebooks/explo.ipynb to /home/val/.config/Code/User/globalStorage/ms-toolsai.jupyter/nbsignatures/52e15dde8d186cffb0c7eee0ac629986d640484b6f99a7d9a4bc3272051c15e1
Info 2021-04-23 13:18:07: Trusting notebook...
Info 2021-04-23 13:18:13: Executing cell 111d45eb-a607-43ec-b327-ba500715ee7f
Info 2021-04-23 13:18:13: Waiting for jupyter server and web panel ...
Info 2021-04-23 13:18:13: Creating raw notebook for file:///home/val/python_wkspce/rgd_mice/notebooks/explo.ipynb
Info 2021-04-23 13:18:13: Getting preferred kernel for file:///home/val/python_wkspce/rgd_mice/notebooks/explo.ipynb
Info 2021-04-23 13:18:13: findPreferredKernel score for Python 3.9.3 64-bit ('env') is 1
Info 2021-04-23 13:18:13: findPreferredKernel score for Python 3.9.3 64-bit is 1
Info 2021-04-23 13:18:13: findPreferredKernel score for Python 2.7.18 64-bit is 1
Info 2021-04-23 13:18:13: findPreferredKernel score for Python 3.9.3 64-bit is 1
Info 2021-04-23 13:18:13: findPreferredKernel score for Python 2.7.18 64-bit is 1
Info 2021-04-23 13:18:13: findPreferredKernel score for Python 3.9.3 64-bit is 1
Info 2021-04-23 13:18:13: findPreferredKernel score for Python 2.7.18 64-bit is 1
Info 2021-04-23 13:18:13: findPreferredKernel score for Python 3.9.3 64-bit is 1
Info 2021-04-23 13:18:13: findPreferredKernel score for Python 2.7.18 64-bit is 1
Info 2021-04-23 13:18:13: Find kernel spec, Class name = D, completed in 1ms, has a truthy return value, Arg 1: <Uri:/home/val/python_wkspce/rgd_mice/notebooks/explo.ipynb>, Arg 2: {"language_info":{"codemirror_mode":{"name":"ipython","version":3},"file_extension":".py","mimetype":"text/x-python","name":"python","nbconvert_exporter":"python","pygments_lexer":"ipython3","version":3},"orig_nbformat":2}, Arg 3: undefined, Return Value: {"kind":"startUsingPythonInterpreter","kernelSpec":{"specFile":"/home/val/.local/share/jupyter/kernels/python393jvsc74a57bd020491d40c47ec2356f78d7f422bc54c2e7e4fb0022d436bb8acebe0bc21093a4/kernel.json","interpreterPath":"/home/val/python_wkspce/rgd_mice/env/bin/python","name":"python393jvsc74a57bd020491d40c47ec2356f78d7f422bc54c2e7e4fb0022d436bb8acebe0bc21093a4","argv":["python","-m","ipykernel_launcher","-f","{connection_file}"],"language":"python","path":"python","display_name":"Python 3.9.3 64-bit ('env')","metadata":{"interpreter":{"architecture":3,"path":"/home/val/python_wkspce/rgd_mice/env/bin/python","version":{"options":{"loose":false,"includePrerelease":false},"loose":false,"raw":"3.9.3","major":3,"minor":9,"patch":3,"prerelease":[],"build":[],"version":"3.9.3"},"sysVersion":"3.9.3 (default, Apr  8 2021, 23:35:02) \n[GCC 10.2.0]","sysPrefix":"/home/val/python_wkspce/rgd_mice/env","fileHash":"5a3a204cf0f5814f7f0a99594d5fd52519995676d4d4970cec1eaabacc7923d82859c396d535bf970dcf9f1c2c0a4d0cee84bd7a7ff22bb97036614a27cb412b","envName":"env","type":"Venv","displayName":"Python 3.9.3 64-bit ('env')"}},"env":{}},"interpreter":{"architecture":3,"path":"/home/val/python_wkspce/rgd_mice/env/bin/python","version":{"options":{"loose":false,"includePrerelease":false},"loose":false,"raw":"3.9.3","major":3,"minor":9,"patch":3,"prerelease":[],"build":[],"version":"3.9.3"},"sysVersion":"3.9.3 (default, Apr  8 2021, 23:35:02) \n[GCC 10.2.0]","sysPrefix":"/home/val/python_wkspce/rgd_mice/env","fileHash":"5a3a204cf0f5814f7f0a99594d5fd52519995676d4d4970cec1eaabacc7923d82859c396d535bf970dcf9f1c2c0a4d0cee84bd7a7ff22bb97036614a27cb412b","envName":"env","type":"Venv","displayName":"Python 3.9.3 64-bit ('env')"},"id":".python393jvsc74a57bd020491d40c47ec2356f78d7f422bc54c2e7e4fb0022d436bb8acebe0bc21093a4.python./home/val/python_wkspce/rgd_mice/env/bin/python.Python 3.9.3 64-bit ('env')"}
Info 2021-04-23 13:18:13: Computing working directory file:///home/val/python_wkspce/rgd_mice/notebooks/explo.ipynb
Info 2021-04-23 13:18:13: Connecting to raw session for file:///home/val/python_wkspce/rgd_mice/notebooks/explo.ipynb with connection {"kind":"startUsingPythonInterpreter","kernelSpec":{"specFile":"/home/val/.local/share/jupyter/kernels/python393jvsc74a57bd020491d40c47ec2356f78d7f422bc54c2e7e4fb0022d436bb8acebe0bc21093a4/kernel.json","interpreterPath":"/home/val/python_wkspce/rgd_mice/env/bin/python","name":"python393jvsc74a57bd020491d40c47ec2356f78d7f422bc54c2e7e4fb0022d436bb8acebe0bc21093a4","argv":["python","-m","ipykernel_launcher","-f","{connection_file}"],"language":"python","path":"python","display_name":"Python 3.9.3 64-bit ('env')","metadata":{"interpreter":{"architecture":3,"path":"/home/val/python_wkspce/rgd_mice/env/bin/python","version":{"options":{"loose":false,"includePrerelease":false},"loose":false,"raw":"3.9.3","major":3,"minor":9,"patch":3,"prerelease":[],"build":[],"version":"3.9.3"},"sysVersion":"3.9.3 (default, Apr  8 2021, 23:35:02) \n[GCC 10.2.0]","sysPrefix":"/home/val/python_wkspce/rgd_mice/env","fileHash":"5a3a204cf0f5814f7f0a99594d5fd52519995676d4d4970cec1eaabacc7923d82859c396d535bf970dcf9f1c2c0a4d0cee84bd7a7ff22bb97036614a27cb412b","envName":"env","type":"Venv","displayName":"Python 3.9.3 64-bit ('env')"}},"env":{}},"interpreter":{"architecture":3,"path":"/home/val/python_wkspce/rgd_mice/env/bin/python","version":{"options":{"loose":false,"includePrerelease":false},"loose":false,"raw":"3.9.3","major":3,"minor":9,"patch":3,"prerelease":[],"build":[],"version":"3.9.3"},"sysVersion":"3.9.3 (default, Apr  8 2021, 23:35:02) \n[GCC 10.2.0]","sysPrefix":"/home/val/python_wkspce/rgd_mice/env","fileHash":"5a3a204cf0f5814f7f0a99594d5fd52519995676d4d4970cec1eaabacc7923d82859c396d535bf970dcf9f1c2c0a4d0cee84bd7a7ff22bb97036614a27cb412b","envName":"env","type":"Venv","displayName":"Python 3.9.3 64-bit ('env')"},"id":".python393jvsc74a57bd020491d40c47ec2356f78d7f422bc54c2e7e4fb0022d436bb8acebe0bc21093a4.python./home/val/python_wkspce/rgd_mice/env/bin/python.Python 3.9.3 64-bit ('env')"}
Info 2021-04-23 13:18:13: Starting raw kernel Python 3.9.3 64-bit ('env')
Info 2021-04-23 13:18:13: installMissingDependencies /home/val/python_wkspce/rgd_mice/env/bin/python
Info 2021-04-23 13:18:13: Process Execution: > ~/python_wkspce/rgd_mice/env/bin/python ~/.vscode/extensions/ms-toolsai.jupyter-2021.5.745244803/pythonFiles/pyvsc-run-isolated.py -c "import ipykernel"
> ~/python_wkspce/rgd_mice/env/bin/python ~/.vscode/extensions/ms-toolsai.jupyter-2021.5.745244803/pythonFiles/pyvsc-run-isolated.py -c "import ipykernel"
Info 2021-04-23 13:18:14: Trusting notebook...
Info 2021-04-23 13:18:21: Trusting notebook...
Info 2021-04-23 13:18:28: Trusting notebook...
Info 2021-04-23 13:18:31: Trusting notebook...
Error 2021-04-23 13:19:14: Install Missing Dependencies, Class name = v, completed in 60931ms, has a falsy return value, Return Value: undefined a [Error]: IPyKernel not installed into interpreter Python 3.9.3 64-bit ('env'):/home/val/python_wkspce/rgd_mice/env/bin/python
    at v.installMissingDependencies (/home/val/.vscode/extensions/ms-toolsai.jupyter-2021.5.745244803/out/client/extension.js:49:561242)
    at processTicksAndRejections (internal/process/task_queues.js:97:5) {
  category: 'noipykernel',
  reason: 1
}
Error 2021-04-23 13:19:14: Raw session failed to start because dependencies not installed
Info 2021-04-23 13:19:14: Shutdown session -- complete
Warn 2021-04-23 13:19:14: a [Error]: IPyKernel not installed into interpreter Python 3.9.3 64-bit ('env'):/home/val/python_wkspce/rgd_mice/env/bin/python
    at v.installMissingDependencies (/home/val/.vscode/extensions/ms-toolsai.jupyter-2021.5.745244803/out/client/extension.js:49:561242)
    at processTicksAndRejections (internal/process/task_queues.js:97:5) {
  category: 'noipykernel',
  reason: 1
}
Error 2021-04-23 13:19:14: Exception attempting to start notebook:  a [Error]: IPyKernel not installed into interpreter Python 3.9.3 64-bit ('env'):/home/val/python_wkspce/rgd_mice/env/bin/python
    at v.installMissingDependencies (/home/val/.vscode/extensions/ms-toolsai.jupyter-2021.5.745244803/out/client/extension.js:49:561242)
    at processTicksAndRejections (internal/process/task_queues.js:97:5) {
  category: 'noipykernel',
  reason: 1
}
Info 2021-04-23 13:19:14: Exception executing cell 111d45eb-a607-43ec-b327-ba500715ee7f:  a [Error]: IPyKernel not installed into interpreter Python 3.9.3 64-bit ('env'):/home/val/python_wkspce/rgd_mice/env/bin/python
    at v.installMissingDependencies (/home/val/.vscode/extensions/ms-toolsai.jupyter-2021.5.745244803/out/client/extension.js:49:561242)
    at processTicksAndRejections (internal/process/task_queues.js:97:5) {
  category: 'noipykernel',
  reason: 1
}
Info 2021-04-23 13:19:14: Finished executing cell 111d45eb-a607-43ec-b327-ba500715ee7f
Error 2021-04-23 13:19:14: DataScience Error a [Error]: IPyKernel not installed into interpreter Python 3.9.3 64-bit ('env'):/home/val/python_wkspce/rgd_mice/env/bin/python
    at v.installMissingDependencies (/home/val/.vscode/extensions/ms-toolsai.jupyter-2021.5.745244803/out/client/extension.js:49:561242)
    at processTicksAndRejections (internal/process/task_queues.js:97:5) {
  category: 'noipykernel',
  reason: 1
}
Info 2021-04-23 13:19:15: Trusting notebook...
Info 2021-04-23 13:19:16: Executing cell 111d45eb-a607-43ec-b327-ba500715ee7f
Info 2021-04-23 13:19:16: Waiting for jupyter server and web panel ...
Info 2021-04-23 13:19:16: Creating raw notebook for file:///home/val/python_wkspce/rgd_mice/notebooks/explo.ipynb
Info 2021-04-23 13:19:16: Getting preferred kernel for file:///home/val/python_wkspce/rgd_mice/notebooks/explo.ipynb
Info 2021-04-23 13:19:16: findPreferredKernel score for Python 3.9.3 64-bit ('env') is 1
Info 2021-04-23 13:19:16: findPreferredKernel score for Python 3.9.3 64-bit is 1
Info 2021-04-23 13:19:16: findPreferredKernel score for Python 2.7.18 64-bit is 1
Info 2021-04-23 13:19:16: findPreferredKernel score for Python 3.9.3 64-bit is 1
Info 2021-04-23 13:19:16: findPreferredKernel score for Python 2.7.18 64-bit is 1
Info 2021-04-23 13:19:16: findPreferredKernel score for Python 3.9.3 64-bit is 1
Info 2021-04-23 13:19:16: findPreferredKernel score for Python 2.7.18 64-bit is 1
Info 2021-04-23 13:19:16: findPreferredKernel score for Python 3.9.3 64-bit is 1
Info 2021-04-23 13:19:16: findPreferredKernel score for Python 2.7.18 64-bit is 1
Info 2021-04-23 13:19:16: Find kernel spec, Class name = D, completed in 1ms, has a truthy return value, Arg 1: <Uri:/home/val/python_wkspce/rgd_mice/notebooks/explo.ipynb>, Arg 2: {"language_info":{"codemirror_mode":{"name":"ipython","version":3},"file_extension":".py","mimetype":"text/x-python","name":"python","nbconvert_exporter":"python","pygments_lexer":"ipython3","version":3},"orig_nbformat":2}, Arg 3: undefined, Return Value: {"kind":"startUsingPythonInterpreter","kernelSpec":{"specFile":"/home/val/.local/share/jupyter/kernels/python393jvsc74a57bd020491d40c47ec2356f78d7f422bc54c2e7e4fb0022d436bb8acebe0bc21093a4/kernel.json","interpreterPath":"/home/val/python_wkspce/rgd_mice/env/bin/python","name":"python393jvsc74a57bd020491d40c47ec2356f78d7f422bc54c2e7e4fb0022d436bb8acebe0bc21093a4","argv":["python","-m","ipykernel_launcher","-f","{connection_file}"],"language":"python","path":"python","display_name":"Python 3.9.3 64-bit ('env')","metadata":{"interpreter":{"architecture":3,"path":"/home/val/python_wkspce/rgd_mice/env/bin/python","version":{"options":{"loose":false,"includePrerelease":false},"loose":false,"raw":"3.9.3","major":3,"minor":9,"patch":3,"prerelease":[],"build":[],"version":"3.9.3"},"sysVersion":"3.9.3 (default, Apr  8 2021, 23:35:02) \n[GCC 10.2.0]","sysPrefix":"/home/val/python_wkspce/rgd_mice/env","fileHash":"5a3a204cf0f5814f7f0a99594d5fd52519995676d4d4970cec1eaabacc7923d82859c396d535bf970dcf9f1c2c0a4d0cee84bd7a7ff22bb97036614a27cb412b","envName":"env","type":"Venv","displayName":"Python 3.9.3 64-bit ('env')"}},"env":{}},"interpreter":{"architecture":3,"path":"/home/val/python_wkspce/rgd_mice/env/bin/python","version":{"options":{"loose":false,"includePrerelease":false},"loose":false,"raw":"3.9.3","major":3,"minor":9,"patch":3,"prerelease":[],"build":[],"version":"3.9.3"},"sysVersion":"3.9.3 (default, Apr  8 2021, 23:35:02) \n[GCC 10.2.0]","sysPrefix":"/home/val/python_wkspce/rgd_mice/env","fileHash":"5a3a204cf0f5814f7f0a99594d5fd52519995676d4d4970cec1eaabacc7923d82859c396d535bf970dcf9f1c2c0a4d0cee84bd7a7ff22bb97036614a27cb412b","envName":"env","type":"Venv","displayName":"Python 3.9.3 64-bit ('env')"},"id":".python393jvsc74a57bd020491d40c47ec2356f78d7f422bc54c2e7e4fb0022d436bb8acebe0bc21093a4.python./home/val/python_wkspce/rgd_mice/env/bin/python.Python 3.9.3 64-bit ('env')"}
Info 2021-04-23 13:19:16: Computing working directory file:///home/val/python_wkspce/rgd_mice/notebooks/explo.ipynb
Info 2021-04-23 13:19:16: Connecting to raw session for file:///home/val/python_wkspce/rgd_mice/notebooks/explo.ipynb with connection {"kind":"startUsingPythonInterpreter","kernelSpec":{"specFile":"/home/val/.local/share/jupyter/kernels/python393jvsc74a57bd020491d40c47ec2356f78d7f422bc54c2e7e4fb0022d436bb8acebe0bc21093a4/kernel.json","interpreterPath":"/home/val/python_wkspce/rgd_mice/env/bin/python","name":"python393jvsc74a57bd020491d40c47ec2356f78d7f422bc54c2e7e4fb0022d436bb8acebe0bc21093a4","argv":["python","-m","ipykernel_launcher","-f","{connection_file}"],"language":"python","path":"python","display_name":"Python 3.9.3 64-bit ('env')","metadata":{"interpreter":{"architecture":3,"path":"/home/val/python_wkspce/rgd_mice/env/bin/python","version":{"options":{"loose":false,"includePrerelease":false},"loose":false,"raw":"3.9.3","major":3,"minor":9,"patch":3,"prerelease":[],"build":[],"version":"3.9.3"},"sysVersion":"3.9.3 (default, Apr  8 2021, 23:35:02) \n[GCC 10.2.0]","sysPrefix":"/home/val/python_wkspce/rgd_mice/env","fileHash":"5a3a204cf0f5814f7f0a99594d5fd52519995676d4d4970cec1eaabacc7923d82859c396d535bf970dcf9f1c2c0a4d0cee84bd7a7ff22bb97036614a27cb412b","envName":"env","type":"Venv","displayName":"Python 3.9.3 64-bit ('env')"}},"env":{}},"interpreter":{"architecture":3,"path":"/home/val/python_wkspce/rgd_mice/env/bin/python","version":{"options":{"loose":false,"includePrerelease":false},"loose":false,"raw":"3.9.3","major":3,"minor":9,"patch":3,"prerelease":[],"build":[],"version":"3.9.3"},"sysVersion":"3.9.3 (default, Apr  8 2021, 23:35:02) \n[GCC 10.2.0]","sysPrefix":"/home/val/python_wkspce/rgd_mice/env","fileHash":"5a3a204cf0f5814f7f0a99594d5fd52519995676d4d4970cec1eaabacc7923d82859c396d535bf970dcf9f1c2c0a4d0cee84bd7a7ff22bb97036614a27cb412b","envName":"env","type":"Venv","displayName":"Python 3.9.3 64-bit ('env')"},"id":".python393jvsc74a57bd020491d40c47ec2356f78d7f422bc54c2e7e4fb0022d436bb8acebe0bc21093a4.python./home/val/python_wkspce/rgd_mice/env/bin/python.Python 3.9.3 64-bit ('env')"}
Info 2021-04-23 13:19:16: Starting raw kernel Python 3.9.3 64-bit ('env')
Info 2021-04-23 13:19:16: installMissingDependencies /home/val/python_wkspce/rgd_mice/env/bin/python
Info 2021-04-23 13:19:16: Process Execution: > ~/python_wkspce/rgd_mice/env/bin/python ~/.vscode/extensions/ms-toolsai.jupyter-2021.5.745244803/pythonFiles/pyvsc-run-isolated.py -c "import ipykernel"
> ~/python_wkspce/rgd_mice/env/bin/python ~/.vscode/extensions/ms-toolsai.jupyter-2021.5.745244803/pythonFiles/pyvsc-run-isolated.py -c "import ipykernel"
Info 2021-04-23 13:19:16: Install Missing Dependencies, Class name = v, completed in 561ms, has a falsy return value, Return Value: undefined
Info 2021-04-23 13:19:16: Kernel launching with ports 9000,9001,9002,9003,9004. Start port is 9000
Info 2021-04-23 13:19:16: Launching kernel daemon for Python 3.9.3 64-bit ('env') # /home/val/python_wkspce/rgd_mice/env/bin/python
Info 2021-04-23 13:19:17: No custom variables for Kernel as interpreter is not conda, but is undefined
Info 2021-04-23 13:19:17: Creating daemon process for /home/val/python_wkspce/rgd_mice/env/bin/python with env variables count 70
Info 2021-04-23 13:19:17: Process Execution: > ~/python_wkspce/rgd_mice/env/bin/python ~/.vscode/extensions/ms-toolsai.jupyter-2021.5.745244803/pythonFiles/pyvsc-run-isolated.py vscode_datascience_helpers.daemon --daemon-module=vscode_datascience_helpers.kernel_launcher_daemon -v
> ~/python_wkspce/rgd_mice/env/bin/python ~/.vscode/extensions/ms-toolsai.jupyter-2021.5.745244803/pythonFiles/pyvsc-run-isolated.py vscode_datascience_helpers.daemon --daemon-module=vscode_datascience_helpers.kernel_launcher_daemon -v
Info 2021-04-23 13:19:17: Python Daemon (pid: 39430): Execute rpc method exec_module in DS Daemon
Info 2021-04-23 13:19:17: Python Daemon (pid: 39430): Execute rpc method exec_module from /home/val/python_wkspce/rgd_mice/env/bin/python
Info 2021-04-23 13:19:17: Python Daemon (pid: 39430): Exec module in DS Kernel Launcher Daemon ipykernel_launcher with args ['--ip=127.0.0.1', '--stdin=9003', '--control=9001', '--hb=9000', '--Session.signature_scheme="hmac-sha256"', '--Session.key=b"1e771712-6f49-4c24-8aa0-c87fd176735a"', '--shell=9002', '--transport="tcp"', '--iopub=9004', '--f=/tmp/tmp-389800Jt1zFId7pEG.json']
Info 2021-04-23 13:19:17: Python Daemon (pid: 39430): Exec in DS Kernel Launcher Daemon (observable) ipykernel_launcher with args ['--ip=127.0.0.1', '--stdin=9003', '--control=9001', '--hb=9000', '--Session.signature_scheme="hmac-sha256"', '--Session.key=b"1e771712-6f49-4c24-8aa0-c87fd176735a"', '--shell=9002', '--transport="tcp"', '--iopub=9004', '--f=/tmp/tmp-389800Jt1zFId7pEG.json']
Info 2021-04-23 13:19:17: Python Daemon (pid: 39430): Exec in DS Kernel Launcher Daemon (observable) ['/home/val/python_wkspce/rgd_mice/env/bin/python', '-m', 'ipykernel_launcher', '--ip=127.0.0.1', '--stdin=9003', '--control=9001', '--hb=9000', '--Session.signature_scheme="hmac-sha256"', '--Session.key=b"1e771712-6f49-4c24-8aa0-c87fd176735a"', '--shell=9002', '--transport="tcp"', '--iopub=9004', '--f=/tmp/tmp-389800Jt1zFId7pEG.json']
Info 2021-04-23 13:19:17: Python Daemon (pid: 39430): Exec in DS Kernel Launcher Daemon (observable)
Info 2021-04-23 13:19:17: Python Daemon (pid: 39430): Kernel launched, with PID 39431
Warn 2021-04-23 13:19:17: Python Daemon (pid: 39430): Waiting for Kernel to die 39431
Info 2021-04-23 13:19:17: Launching kernel daemon, Class name = h, completed in 206ms, has a truthy return value, Arg 1: <Uri:/home/val/python_wkspce/rgd_mice/notebooks/explo.ipynb>, Arg 2: "/home/val/python_wkspce/rgd_mice/notebooks", Arg 3: {"specFile":"/home/val/.local/share/jupyter/kernels/python393jvsc74a57bd020491d40c47ec2356f78d7f422bc54c2e7e4fb0022d436bb8acebe0bc21093a4/kernel.json","interpreterPath":"/home/val/python_wkspce/rgd_mice/env/bin/python","name":"python393jvsc74a57bd020491d40c47ec2356f78d7f422bc54c2e7e4fb0022d436bb8acebe0bc21093a4","argv":["python","-m","ipykernel_launcher","--ip=127.0.0.1","--stdin=9003","--control=9001","--hb=9000","--Session.signature_scheme=\"hmac-sha256\"","--Session.key=b\"1e771712-6f49-4c24-8aa0-c87fd176735a\"","--shell=9002","--transport=\"tcp\"","--iopub=9004","--f=/tmp/tmp-389800Jt1zFId7pEG.json"],"language":"python","path":"python","display_name":"Python 3.9.3 64-bit ('env')","metadata":{"interpreter":{"architecture":3,"path":"/home/val/python_wkspce/rgd_mice/env/bin/python","version":{"options":{"loose":false,"includePrerelease":false},"loose":false,"raw":"3.9.3","major":3,"minor":9,"patch":3,"prerelease":[],"build":[],"version":"3.9.3"},"sysVersion":"3.9.3 (default, Apr  8 2021, 23:35:02) \n[GCC 10.2.0]","sysPrefix":"/home/val/python_wkspce/rgd_mice/env","fileHash":"5a3a204cf0f5814f7f0a99594d5fd52519995676d4d4970cec1eaabacc7923d82859c396d535bf970dcf9f1c2c0a4d0cee84bd7a7ff22bb97036614a27cb412b","envName":"env","type":"Venv","displayName":"Python 3.9.3 64-bit ('env')"}},"env":{}}, Arg 4: {"architecture":3,"path":"/home/val/python_wkspce/rgd_mice/env/bin/python","version":{"options":{"loose":false,"includePrerelease":false},"loose":false,"raw":"3.9.3","major":3,"minor":9,"patch":3,"prerelease":[],"build":[],"version":"3.9.3"},"sysVersion":"3.9.3 (default, Apr  8 2021, 23:35:02) \n[GCC 10.2.0]","sysPrefix":"/home/val/python_wkspce/rgd_mice/env","fileHash":"5a3a204cf0f5814f7f0a99594d5fd52519995676d4d4970cec1eaabacc7923d82859c396d535bf970dcf9f1c2c0a4d0cee84bd7a7ff22bb97036614a27cb412b","envName":"env","type":"Venv","displayName":"Python 3.9.3 64-bit ('env')"}, Return Value: <Return value cannot be serialized for logging>
Info 2021-04-23 13:19:17: Launching kernel in kernelProcess.ts, Class name = _, completed in 206ms, has a truthy return value, Arg 1: "/home/val/python_wkspce/rgd_mice/notebooks", Return Value: {"proc":{"_events":{},"_eventsCount":2,"_closesNeeded":3,"_closesGot":0,"connected":false,"signalCode":null,"exitCode":null,"killed":false,"spawnfile":"/home/val/python_wkspce/rgd_mice/env/bin/python","_handle":{"pid":39430},"spawnargs":["/home/val/python_wkspce/rgd_mice/env/bin/python","/home/val/.vscode/extensions/ms-toolsai.jupyter-2021.5.745244803/pythonFiles/pyvsc-run-isolated.py","vscode_datascience_helpers.daemon","--daemon-module=vscode_datascience_helpers.kernel_launcher_daemon","-v"],"pid":39430,"stdin":{"connecting":false,"_hadError":false,"_parent":null,"_host":null,"_readableState":{"objectMode":false,"highWaterMark":16384,"buffer":{"head":null,"tail":null,"length":0},"length":0,"pipes":null,"pipesCount":0,"flowing":null,"ended":false,"endEmitted":false,"reading":false,"sync":true,"needReadable":false,"emittedReadable":false,"readableListening":false,"resumeScheduled":false,"emitClose":false,"autoDestroy":false,"destroyed":false,"defaultEncoding":"utf8","awaitDrainWriters":null,"multiAwaitDrain":false,"readingMore":false,"decoder":null,"encoding":null},"readable":false,"_events":{},"_eventsCount":3,"_writableState":{"objectMode":false,"highWaterMark":16384,"finalCalled":false,"needDrain":false,"ending":false,"ended":false,"finished":false,"destroyed":false,"decodeStrings":false,"defaultEncoding":"utf8","length":0,"writing":false,"corked":0,"sync":false,"bufferProcessing":false,"writecb":null,"writelen":0,"afterWriteTickInfo":null,"bufferedRequest":null,"lastBufferedRequest":null,"pendingcb":0,"prefinished":false,"errorEmitted":false,"emitClose":false,"autoDestroy":false,"bufferedRequestCount":0,"corkedRequestsFree":{"next":null,"entry":null}},"writable":true,"allowHalfOpen":false,"_sockname":null,"_pendingData":null,"_pendingEncoding":"","server":null,"_server":null},"stdout":{"connecting":false,"_hadError":false,"_parent":null,"_host":null,"_readableState":{"objectMode":false,"highWaterMark":16384,"buffer":{"head":null,"tail":null,"length":0},"length":0,"pipes":null,"pipesCount":0,"flowing":true,"ended":false,"endEmitted":false,"reading":true,"sync":false,"needReadable":true,"emittedReadable":false,"readableListening":false,"resumeScheduled":false,"emitClose":false,"autoDestroy":false,"destroyed":false,"defaultEncoding":"utf8","awaitDrainWriters":null,"multiAwaitDrain":false,"readingMore":false,"decoder":null,"encoding":null},"readable":true,"_events":{"close":[null,null]},"_eventsCount":4,"_writableState":{"objectMode":false,"highWaterMark":16384,"finalCalled":false,"needDrain":false,"ending":false,"ended":false,"finished":false,"destroyed":false,"decodeStrings":false,"defaultEncoding":"utf8","length":0,"writing":false,"corked":0,"sync":true,"bufferProcessing":false,"writecb":null,"writelen":0,"afterWriteTickInfo":null,"bufferedRequest":null,"lastBufferedRequest":null,"pendingcb":0,"prefinished":false,"errorEmitted":false,"emitClose":false,"autoDestroy":false,"bufferedRequestCount":0,"corkedRequestsFree":{"next":null,"entry":null}},"writable":false,"allowHalfOpen":false,"_sockname":null,"_pendingData":null,"_pendingEncoding":"","server":null,"_server":null},"stderr":{"connecting":false,"_hadError":false,"_parent":null,"_host":null,"_readableState":{"objectMode":false,"highWaterMark":16384,"buffer":{"head":null,"tail":null,"length":0},"length":0,"pipes":null,"pipesCount":0,"flowing":true,"ended":false,"endEmitted":false,"reading":true,"sync":false,"needReadable":true,"emittedReadable":false,"readableListening":false,"resumeScheduled":false,"emitClose":false,"autoDestroy":false,"destroyed":false,"defaultEncoding":"utf8","awaitDrainWriters":null,"multiAwaitDrain":false,"readingMore":false,"decoder":null,"encoding":null},"readable":true,"_events":{},"_eventsCount":3,"_writableState":{"objectMode":false,"highWaterMark":16384,"finalCalled":false,"needDrain":false,"ending":false,"ended":false,"finished":false,"destroyed":false,"decodeStrings":false,"defaultEncoding":"utf8","length":0,"writing":false,"corked":0,"sync":true,"bufferProcessing":false,"writecb":null,"writelen":0,"afterWriteTickInfo":null,"bufferedRequest":null,"lastBufferedRequest":null,"pendingcb":0,"prefinished":false,"errorEmitted":false,"emitClose":false,"autoDestroy":false,"bufferedRequestCount":0,"corkedRequestsFree":{"next":null,"entry":null}},"writable":false,"allowHalfOpen":false,"_sockname":null,"_pendingData":null,"_pendingEncoding":"","server":null,"_server":null},"stdio":[{"connecting":false,"_hadError":false,"_parent":null,"_host":null,"_readableState":{"objectMode":false,"highWaterMark":16384,"buffer":{"head":null,"tail":null,"length":0},"length":0,"pipes":null,"pipesCount":0,"flowing":null,"ended":false,"endEmitted":false,"reading":false,"sync":true,"needReadable":false,"emittedReadable":false,"readableListening":false,"resumeScheduled":false,"emitClose":false,"autoDestroy":false,"destroyed":false,"defaultEncoding":"utf8","awaitDrainWriters":null,"multiAwaitDrain":false,"readingMore":false,"decoder":null,"encoding":null},"readable":false,"_events":{},"_eventsCount":3,"_writableState":{"objectMode":false,"highWaterMark":16384,"finalCalled":false,"needDrain":false,"ending":false,"ended":false,"finished":false,"destroyed":false,"decodeStrings":false,"defaultEncoding":"utf8","length":0,"writing":false,"corked":0,"sync":false,"bufferProcessing":false,"writecb":null,"writelen":0,"afterWriteTickInfo":null,"bufferedRequest":null,"lastBufferedRequest":null,"pendingcb":0,"prefinished":false,"errorEmitted":false,"emitClose":false,"autoDestroy":false,"bufferedRequestCount":0,"corkedRequestsFree":{"next":null,"entry":null}},"writable":true,"allowHalfOpen":false,"_sockname":null,"_pendingData":null,"_pendingEncoding":"","server":null,"_server":null},{"connecting":false,"_hadError":false,"_parent":null,"_host":null,"_readableState":{"objectMode":false,"highWaterMark":16384,"buffer":{"head":null,"tail":null,"length":0},"length":0,"pipes":null,"pipesCount":0,"flowing":true,"ended":false,"endEmitted":false,"reading":true,"sync":false,"needReadable":true,"emittedReadable":false,"readableListening":false,"resumeScheduled":false,"emitClose":false,"autoDestroy":false,"destroyed":false,"defaultEncoding":"utf8","awaitDrainWriters":null,"multiAwaitDrain":false,"readingMore":false,"decoder":null,"encoding":null},"readable":true,"_events":{"close":[null,null]},"_eventsCount":4,"_writableState":{"objectMode":false,"highWaterMark":16384,"finalCalled":false,"needDrain":false,"ending":false,"ended":false,"finished":false,"destroyed":false,"decodeStrings":false,"defaultEncoding":"utf8","length":0,"writing":false,"corked":0,"sync":true,"bufferProcessing":false,"writecb":null,"writelen":0,"afterWriteTickInfo":null,"bufferedRequest":null,"lastBufferedRequest":null,"pendingcb":0,"prefinished":false,"errorEmitted":false,"emitClose":false,"autoDestroy":false,"bufferedRequestCount":0,"corkedRequestsFree":{"next":null,"entry":null}},"writable":false,"allowHalfOpen":false,"_sockname":null,"_pendingData":null,"_pendingEncoding":"","server":null,"_server":null},{"connecting":false,"_hadError":false,"_parent":null,"_host":null,"_readableState":{"objectMode":false,"highWaterMark":16384,"buffer":{"head":null,"tail":null,"length":0},"length":0,"pipes":null,"pipesCount":0,"flowing":true,"ended":false,"endEmitted":false,"reading":true,"sync":false,"needReadable":true,"emittedReadable":false,"readableListening":false,"resumeScheduled":false,"emitClose":false,"autoDestroy":false,"destroyed":false,"defaultEncoding":"utf8","awaitDrainWriters":null,"multiAwaitDrain":false,"readingMore":false,"decoder":null,"encoding":null},"readable":true,"_events":{},"_eventsCount":3,"_writableState":{"objectMode":false,"highWaterMark":16384,"finalCalled":false,"needDrain":false,"ending":false,"ended":false,"finished":false,"destroyed":false,"decodeStrings":false,"defaultEncoding":"utf8","length":0,"writing":false,"corked":0,"sync":true,"bufferProcessing":false,"writecb":null,"writelen":0,"afterWriteTickInfo":null,"bufferedRequest":null,"lastBufferedRequest":null,"pendingcb":0,"prefinished":false,"errorEmitted":false,"emitClose":false,"autoDestroy":false,"bufferedRequestCount":0,"corkedRequestsFree":{"next":null,"entry":null}},"writable":false,"allowHalfOpen":false,"_sockname":null,"_pendingData":null,"_pendingEncoding":"","server":null,"_server":null}]},"out":{"_isScalar":false,"observers":[],"closed":false,"isStopped":false,"hasError":false,"thrownError":null}}
Info 2021-04-23 13:19:17: KernelProcess output: Content-Length: 358
Content-Type: application/vscode-jsonrpc; charset=utf8

{"jsonrpc": "2.0", "method": "log", "params": {"level": "INFO", "msg": "write to stderr: /home/val/python_wkspce/rgd_mice/env/lib/python3.9/site-packages/traitlets/traitlets.py:2196: FutureWarning: Supporting extra quotes around Unicode is deprecated in traitlets 5.0. Use 'hmac-sha256' instead of '\"hmac-sha256\"' \u2013 or use CUnicode.\n", "pid": 39430}}
Info 2021-04-23 13:19:17: Python Daemon (pid: 39430): write to stderr: /home/val/python_wkspce/rgd_mice/env/lib/python3.9/site-packages/traitlets/traitlets.py:2196: FutureWarning: Supporting extra quotes around Unicode is deprecated in traitlets 5.0. Use 'hmac-sha256' instead of '"hmac-sha256"' – or use CUnicode.

Info 2021-04-23 13:19:17: KernelProcess output: Content-Length: 333
Content-Type: application/vscode-jsonrpc; charset=utf8

{"jsonrpc": "2.0", "method": "output", "params": {"source": "stderr", "out": "/home/val/python_wkspce/rgd_mice/env/lib/python3.9/site-packages/traitlets/traitlets.py:2196: FutureWarning: Supporting extra quotes around Unicode is deprecated in traitlets 5.0. Use 'hmac-sha256' instead of '\"hmac-sha256\"' \u2013 or use CUnicode.\n"}}Content-Length: 115
Content-Type: application/vscode-jsonrpc; charset=utf8

{"jsonrpc": "2.0", "method": "log", "params": {"level": "INFO", "msg": "write to stderr:   warn(\n", "pid": 39430}}Content-Length: 90
Content-Type: application/vscode-jsonrpc; charset=utf8

{"jsonrpc": "2.0", "method": "output", "params": {"source": "stderr", "out": "  warn(\n"}}Content-Length: 384
Content-Type: application/vscode-jsonrpc; charset=utf8

{"jsonrpc": "2.0", "method": "log", "params": {"level": "INFO", "msg": "write to stderr: /home/val/python_wkspce/rgd_mice/env/lib/python3.9/site-packages/traitlets/traitlets.py:2151: FutureWarning: Supporting extra quotes around Bytes is deprecated in traitlets 5.0. Use '1e771712-6f49-4c24-8aa0-c87fd176735a' instead of 'b\"1e771712-6f49-4c24-8aa0-c87fd176735a\"'.\n", "pid": 39430}}Content-Length: 359
Content-Type: application/vscode-jsonrpc; charset=utf8

{"jsonrpc": "2.0", "method": "output", "params": {"source": "stderr", "out": "/home/val/python_wkspce/rgd_mice/env/lib/python3.9/site-packages/traitlets/traitlets.py:2151: FutureWarning: Supporting extra quotes around Bytes is deprecated in traitlets 5.0. Use '1e771712-6f49-4c24-8aa0-c87fd176735a' instead of 'b\"1e771712-6f49-4c24-8aa0-c87fd176735a\"'.\n"}}Content-Length: 115
Content-Type: application/vscode-jsonrpc; charset=utf8

{"jsonrpc": "2.0", "method": "log", "params": {"level": "INFO", "msg": "write to stderr:   warn(\n", "pid": 39430}}Content-Length: 90
Content-Type: application/vscode-jsonrpc; charset=utf8

{"jsonrpc": "2.0", "method": "output", "params": {"source": "stderr", "out": "  warn(\n"}}
Warn 2021-04-23 13:19:17: Kernel 39430 as possibly died, StdErr from Kernel Process /home/val/python_wkspce/rgd_mice/env/lib/python3.9/site-packages/traitlets/traitlets.py:2196: FutureWarning: Supporting extra quotes around Unicode is deprecated in traitlets 5.0. Use 'hmac-sha256' instead of '"hmac-sha256"' – or use CUnicode.

Warn 2021-04-23 13:19:17: StdErr from Kernel Process /home/val/python_wkspce/rgd_mice/env/lib/python3.9/site-packages/traitlets/traitlets.py:2196: FutureWarning: Supporting extra quotes around Unicode is deprecated in traitlets 5.0. Use 'hmac-sha256' instead of '"hmac-sha256"' – or use CUnicode.

Info 2021-04-23 13:19:17: Python Daemon (pid: 39430): write to stderr:   warn(

Warn 2021-04-23 13:19:17: Kernel 39430 as possibly died, StdErr from Kernel Process   warn(

Warn 2021-04-23 13:19:17: StdErr from Kernel Process   warn(

Info 2021-04-23 13:19:17: Python Daemon (pid: 39430): write to stderr: /home/val/python_wkspce/rgd_mice/env/lib/python3.9/site-packages/traitlets/traitlets.py:2151: FutureWarning: Supporting extra quotes around Bytes is deprecated in traitlets 5.0. Use '1e771712-6f49-4c24-8aa0-c87fd176735a' instead of 'b"1e771712-6f49-4c24-8aa0-c87fd176735a"'.

Warn 2021-04-23 13:19:17: Kernel 39430 as possibly died, StdErr from Kernel Process /home/val/python_wkspce/rgd_mice/env/lib/python3.9/site-packages/traitlets/traitlets.py:2151: FutureWarning: Supporting extra quotes around Bytes is deprecated in traitlets 5.0. Use '1e771712-6f49-4c24-8aa0-c87fd176735a' instead of 'b"1e771712-6f49-4c24-8aa0-c87fd176735a"'.

Warn 2021-04-23 13:19:17: StdErr from Kernel Process /home/val/python_wkspce/rgd_mice/env/lib/python3.9/site-packages/traitlets/traitlets.py:2151: FutureWarning: Supporting extra quotes around Bytes is deprecated in traitlets 5.0. Use '1e771712-6f49-4c24-8aa0-c87fd176735a' instead of 'b"1e771712-6f49-4c24-8aa0-c87fd176735a"'.

Info 2021-04-23 13:19:17: Python Daemon (pid: 39430): write to stderr:   warn(

Warn 2021-04-23 13:19:17: Kernel 39430 as possibly died, StdErr from Kernel Process   warn(

Warn 2021-04-23 13:19:17: StdErr from Kernel Process   warn(

Info 2021-04-23 13:19:17: Raw session started and connected
Started kernel Python 3.9.3 64-bit ('env')
Info 2021-04-23 13:19:17: Initial setup for file:///home/val/python_wkspce/rgd_mice/notebooks/explo.ipynb starting ...
Info 2021-04-23 13:19:17: UpdateWorkingDirectoryAndPath
Info 2021-04-23 13:19:17: Kernel switching to busy
Info 2021-04-23 13:19:17: Kernel switching to idle
Info 2021-04-23 13:19:17: Starting raw kernel Python 3.9.3 64-bit ('env')
Info 2021-04-23 13:19:17: installMissingDependencies /home/val/python_wkspce/rgd_mice/env/bin/python
Info 2021-04-23 13:19:17: Process Execution: > ~/python_wkspce/rgd_mice/env/bin/python ~/.vscode/extensions/ms-toolsai.jupyter-2021.5.745244803/pythonFiles/pyvsc-run-isolated.py -c "import ipykernel"
> ~/python_wkspce/rgd_mice/env/bin/python ~/.vscode/extensions/ms-toolsai.jupyter-2021.5.745244803/pythonFiles/pyvsc-run-isolated.py -c "import ipykernel"
Info 2021-04-23 13:19:17: Kernel switching to busy
Info 2021-04-23 13:19:17: Kernel switching to idle
Info 2021-04-23 13:19:17: Initial setup complete for file:///home/val/python_wkspce/rgd_mice/notebooks/explo.ipynb
Info 2021-04-23 13:19:17: Finished connecting 1b876965-f221-42ec-ab57-42a9a9971377
Info 2021-04-23 13:19:17: Registering commtarget jupyter.widget
Info 2021-04-23 13:19:17: Submitting code for 63f9ecb7-f0ed-4778-ae1d-df2a643e906c
Info 2021-04-23 13:19:17: UpdateWorkingDirectoryAndPath
Info 2021-04-23 13:19:17: changeDirectoryIfPossible
Info 2021-04-23 13:19:17: Kernel switching to busy
Info 2021-04-23 13:19:17: Kernel switching to idle
Info 2021-04-23 13:19:17: Preferred kernel for file:///home/val/python_wkspce/rgd_mice/notebooks/explo.ipynb is undefined
Info 2021-04-23 13:19:17: Kernel switching to busy
Info 2021-04-23 13:19:17: Preferred kernel for file:///home/val/python_wkspce/rgd_mice/notebooks/explo.ipynb is undefined
Info 2021-04-23 13:19:17: Preferred kernel for file:///home/val/python_wkspce/rgd_mice/notebooks/explo.ipynb is undefined
Info 2021-04-23 13:19:18: Install Missing Dependencies, Class name = v, completed in 437ms, has a falsy return value, Return Value: undefined
Info 2021-04-23 13:19:18: Kernel launching with ports 9005,9006,9007,9008,9009. Start port is 9000
Info 2021-04-23 13:19:18: Launching kernel daemon for Python 3.9.3 64-bit ('env') # /home/val/python_wkspce/rgd_mice/env/bin/python
Info 2021-04-23 13:19:18: Creating daemon process for /home/val/python_wkspce/rgd_mice/env/bin/python with env variables count 70
Info 2021-04-23 13:19:18: Process Execution: > ~/python_wkspce/rgd_mice/env/bin/python ~/.vscode/extensions/ms-toolsai.jupyter-2021.5.745244803/pythonFiles/pyvsc-run-isolated.py vscode_datascience_helpers.daemon --daemon-module=vscode_datascience_helpers.kernel_launcher_daemon -v
> ~/python_wkspce/rgd_mice/env/bin/python ~/.vscode/extensions/ms-toolsai.jupyter-2021.5.745244803/pythonFiles/pyvsc-run-isolated.py vscode_datascience_helpers.daemon --daemon-module=vscode_datascience_helpers.kernel_launcher_daemon -v
Info 2021-04-23 13:19:18: No custom variables for Kernel as interpreter is not conda, but is undefined
Info 2021-04-23 13:19:18: Python Daemon (pid: 39453): Execute rpc method exec_module in DS Daemon
Info 2021-04-23 13:19:18: Python Daemon (pid: 39453): Execute rpc method exec_module from /home/val/python_wkspce/rgd_mice/env/bin/python
Info 2021-04-23 13:19:18: Python Daemon (pid: 39453): Exec module in DS Kernel Launcher Daemon ipykernel_launcher with args ['--ip=127.0.0.1', '--stdin=9008', '--control=9006', '--hb=9005', '--Session.signature_scheme="hmac-sha256"', '--Session.key=b"e72ef1d4-9550-4426-9dec-34d946397165"', '--shell=9007', '--transport="tcp"', '--iopub=9009', '--f=/tmp/tmp-38980uO5CK9cS6xOQ.json']
Info 2021-04-23 13:19:18: Python Daemon (pid: 39453): Exec in DS Kernel Launcher Daemon (observable) ipykernel_launcher with args ['--ip=127.0.0.1', '--stdin=9008', '--control=9006', '--hb=9005', '--Session.signature_scheme="hmac-sha256"', '--Session.key=b"e72ef1d4-9550-4426-9dec-34d946397165"', '--shell=9007', '--transport="tcp"', '--iopub=9009', '--f=/tmp/tmp-38980uO5CK9cS6xOQ.json']
Info 2021-04-23 13:19:18: Python Daemon (pid: 39453): Exec in DS Kernel Launcher Daemon (observable) ['/home/val/python_wkspce/rgd_mice/env/bin/python', '-m', 'ipykernel_launcher', '--ip=127.0.0.1', '--stdin=9008', '--control=9006', '--hb=9005', '--Session.signature_scheme="hmac-sha256"', '--Session.key=b"e72ef1d4-9550-4426-9dec-34d946397165"', '--shell=9007', '--transport="tcp"', '--iopub=9009', '--f=/tmp/tmp-38980uO5CK9cS6xOQ.json']
Info 2021-04-23 13:19:18: Python Daemon (pid: 39453): Exec in DS Kernel Launcher Daemon (observable)
Info 2021-04-23 13:19:18: Python Daemon (pid: 39453): Kernel launched, with PID 39454
Warn 2021-04-23 13:19:18: Python Daemon (pid: 39453): Waiting for Kernel to die 39454
Info 2021-04-23 13:19:18: Launching kernel daemon, Class name = h, completed in 149ms, has a truthy return value, Arg 1: <Uri:/home/val/python_wkspce/rgd_mice/notebooks/explo.ipynb>, Arg 2: "/home/val/python_wkspce/rgd_mice/notebooks", Arg 3: {"specFile":"/home/val/.local/share/jupyter/kernels/python393jvsc74a57bd020491d40c47ec2356f78d7f422bc54c2e7e4fb0022d436bb8acebe0bc21093a4/kernel.json","interpreterPath":"/home/val/python_wkspce/rgd_mice/env/bin/python","name":"python393jvsc74a57bd020491d40c47ec2356f78d7f422bc54c2e7e4fb0022d436bb8acebe0bc21093a4","argv":["python","-m","ipykernel_launcher","--ip=127.0.0.1","--stdin=9008","--control=9006","--hb=9005","--Session.signature_scheme=\"hmac-sha256\"","--Session.key=b\"e72ef1d4-9550-4426-9dec-34d946397165\"","--shell=9007","--transport=\"tcp\"","--iopub=9009","--f=/tmp/tmp-38980uO5CK9cS6xOQ.json"],"language":"python","path":"python","display_name":"Python 3.9.3 64-bit ('env')","metadata":{"interpreter":{"architecture":3,"path":"/home/val/python_wkspce/rgd_mice/env/bin/python","version":{"options":{"loose":false,"includePrerelease":false},"loose":false,"raw":"3.9.3","major":3,"minor":9,"patch":3,"prerelease":[],"build":[],"version":"3.9.3"},"sysVersion":"3.9.3 (default, Apr  8 2021, 23:35:02) \n[GCC 10.2.0]","sysPrefix":"/home/val/python_wkspce/rgd_mice/env","fileHash":"5a3a204cf0f5814f7f0a99594d5fd52519995676d4d4970cec1eaabacc7923d82859c396d535bf970dcf9f1c2c0a4d0cee84bd7a7ff22bb97036614a27cb412b","envName":"env","type":"Venv","displayName":"Python 3.9.3 64-bit ('env')"}},"env":{}}, Arg 4: {"architecture":3,"path":"/home/val/python_wkspce/rgd_mice/env/bin/python","version":{"options":{"loose":false,"includePrerelease":false},"loose":false,"raw":"3.9.3","major":3,"minor":9,"patch":3,"prerelease":[],"build":[],"version":"3.9.3"},"sysVersion":"3.9.3 (default, Apr  8 2021, 23:35:02) \n[GCC 10.2.0]","sysPrefix":"/home/val/python_wkspce/rgd_mice/env","fileHash":"5a3a204cf0f5814f7f0a99594d5fd52519995676d4d4970cec1eaabacc7923d82859c396d535bf970dcf9f1c2c0a4d0cee84bd7a7ff22bb97036614a27cb412b","envName":"env","type":"Venv","displayName":"Python 3.9.3 64-bit ('env')"}, Return Value: <Return value cannot be serialized for logging>
Info 2021-04-23 13:19:18: Launching kernel in kernelProcess.ts, Class name = _, completed in 149ms, has a truthy return value, Arg 1: "/home/val/python_wkspce/rgd_mice/notebooks", Return Value: {"proc":{"_events":{},"_eventsCount":2,"_closesNeeded":3,"_closesGot":0,"connected":false,"signalCode":null,"exitCode":null,"killed":false,"spawnfile":"/home/val/python_wkspce/rgd_mice/env/bin/python","_handle":{"pid":39453},"spawnargs":["/home/val/python_wkspce/rgd_mice/env/bin/python","/home/val/.vscode/extensions/ms-toolsai.jupyter-2021.5.745244803/pythonFiles/pyvsc-run-isolated.py","vscode_datascience_helpers.daemon","--daemon-module=vscode_datascience_helpers.kernel_launcher_daemon","-v"],"pid":39453,"stdin":{"connecting":false,"_hadError":false,"_parent":null,"_host":null,"_readableState":{"objectMode":false,"highWaterMark":16384,"buffer":{"head":null,"tail":null,"length":0},"length":0,"pipes":null,"pipesCount":0,"flowing":null,"ended":false,"endEmitted":false,"reading":false,"sync":true,"needReadable":false,"emittedReadable":false,"readableListening":false,"resumeScheduled":false,"emitClose":false,"autoDestroy":false,"destroyed":false,"defaultEncoding":"utf8","awaitDrainWriters":null,"multiAwaitDrain":false,"readingMore":false,"decoder":null,"encoding":null},"readable":false,"_events":{},"_eventsCount":3,"_writableState":{"objectMode":false,"highWaterMark":16384,"finalCalled":false,"needDrain":false,"ending":false,"ended":false,"finished":false,"destroyed":false,"decodeStrings":false,"defaultEncoding":"utf8","length":0,"writing":false,"corked":0,"sync":false,"bufferProcessing":false,"writecb":null,"writelen":0,"afterWriteTickInfo":null,"bufferedRequest":null,"lastBufferedRequest":null,"pendingcb":0,"prefinished":false,"errorEmitted":false,"emitClose":false,"autoDestroy":false,"bufferedRequestCount":0,"corkedRequestsFree":{"next":null,"entry":null}},"writable":true,"allowHalfOpen":false,"_sockname":null,"_pendingData":null,"_pendingEncoding":"","server":null,"_server":null},"stdout":{"connecting":false,"_hadError":false,"_parent":null,"_host":null,"_readableState":{"objectMode":false,"highWaterMark":16384,"buffer":{"head":null,"tail":null,"length":0},"length":0,"pipes":null,"pipesCount":0,"flowing":true,"ended":false,"endEmitted":false,"reading":true,"sync":false,"needReadable":true,"emittedReadable":false,"readableListening":false,"resumeScheduled":false,"emitClose":false,"autoDestroy":false,"destroyed":false,"defaultEncoding":"utf8","awaitDrainWriters":null,"multiAwaitDrain":false,"readingMore":false,"decoder":null,"encoding":null},"readable":true,"_events":{"close":[null,null]},"_eventsCount":4,"_writableState":{"objectMode":false,"highWaterMark":16384,"finalCalled":false,"needDrain":false,"ending":false,"ended":false,"finished":false,"destroyed":false,"decodeStrings":false,"defaultEncoding":"utf8","length":0,"writing":false,"corked":0,"sync":true,"bufferProcessing":false,"writecb":null,"writelen":0,"afterWriteTickInfo":null,"bufferedRequest":null,"lastBufferedRequest":null,"pendingcb":0,"prefinished":false,"errorEmitted":false,"emitClose":false,"autoDestroy":false,"bufferedRequestCount":0,"corkedRequestsFree":{"next":null,"entry":null}},"writable":false,"allowHalfOpen":false,"_sockname":null,"_pendingData":null,"_pendingEncoding":"","server":null,"_server":null},"stderr":{"connecting":false,"_hadError":false,"_parent":null,"_host":null,"_readableState":{"objectMode":false,"highWaterMark":16384,"buffer":{"head":null,"tail":null,"length":0},"length":0,"pipes":null,"pipesCount":0,"flowing":true,"ended":false,"endEmitted":false,"reading":true,"sync":false,"needReadable":true,"emittedReadable":false,"readableListening":false,"resumeScheduled":false,"emitClose":false,"autoDestroy":false,"destroyed":false,"defaultEncoding":"utf8","awaitDrainWriters":null,"multiAwaitDrain":false,"readingMore":false,"decoder":null,"encoding":null},"readable":true,"_events":{},"_eventsCount":3,"_writableState":{"objectMode":false,"highWaterMark":16384,"finalCalled":false,"needDrain":false,"ending":false,"ended":false,"finished":false,"destroyed":false,"decodeStrings":false,"defaultEncoding":"utf8","length":0,"writing":false,"corked":0,"sync":true,"bufferProcessing":false,"writecb":null,"writelen":0,"afterWriteTickInfo":null,"bufferedRequest":null,"lastBufferedRequest":null,"pendingcb":0,"prefinished":false,"errorEmitted":false,"emitClose":false,"autoDestroy":false,"bufferedRequestCount":0,"corkedRequestsFree":{"next":null,"entry":null}},"writable":false,"allowHalfOpen":false,"_sockname":null,"_pendingData":null,"_pendingEncoding":"","server":null,"_server":null},"stdio":[{"connecting":false,"_hadError":false,"_parent":null,"_host":null,"_readableState":{"objectMode":false,"highWaterMark":16384,"buffer":{"head":null,"tail":null,"length":0},"length":0,"pipes":null,"pipesCount":0,"flowing":null,"ended":false,"endEmitted":false,"reading":false,"sync":true,"needReadable":false,"emittedReadable":false,"readableListening":false,"resumeScheduled":false,"emitClose":false,"autoDestroy":false,"destroyed":false,"defaultEncoding":"utf8","awaitDrainWriters":null,"multiAwaitDrain":false,"readingMore":false,"decoder":null,"encoding":null},"readable":false,"_events":{},"_eventsCount":3,"_writableState":{"objectMode":false,"highWaterMark":16384,"finalCalled":false,"needDrain":false,"ending":false,"ended":false,"finished":false,"destroyed":false,"decodeStrings":false,"defaultEncoding":"utf8","length":0,"writing":false,"corked":0,"sync":false,"bufferProcessing":false,"writecb":null,"writelen":0,"afterWriteTickInfo":null,"bufferedRequest":null,"lastBufferedRequest":null,"pendingcb":0,"prefinished":false,"errorEmitted":false,"emitClose":false,"autoDestroy":false,"bufferedRequestCount":0,"corkedRequestsFree":{"next":null,"entry":null}},"writable":true,"allowHalfOpen":false,"_sockname":null,"_pendingData":null,"_pendingEncoding":"","server":null,"_server":null},{"connecting":false,"_hadError":false,"_parent":null,"_host":null,"_readableState":{"objectMode":false,"highWaterMark":16384,"buffer":{"head":null,"tail":null,"length":0},"length":0,"pipes":null,"pipesCount":0,"flowing":true,"ended":false,"endEmitted":false,"reading":true,"sync":false,"needReadable":true,"emittedReadable":false,"readableListening":false,"resumeScheduled":false,"emitClose":false,"autoDestroy":false,"destroyed":false,"defaultEncoding":"utf8","awaitDrainWriters":null,"multiAwaitDrain":false,"readingMore":false,"decoder":null,"encoding":null},"readable":true,"_events":{"close":[null,null]},"_eventsCount":4,"_writableState":{"objectMode":false,"highWaterMark":16384,"finalCalled":false,"needDrain":false,"ending":false,"ended":false,"finished":false,"destroyed":false,"decodeStrings":false,"defaultEncoding":"utf8","length":0,"writing":false,"corked":0,"sync":true,"bufferProcessing":false,"writecb":null,"writelen":0,"afterWriteTickInfo":null,"bufferedRequest":null,"lastBufferedRequest":null,"pendingcb":0,"prefinished":false,"errorEmitted":false,"emitClose":false,"autoDestroy":false,"bufferedRequestCount":0,"corkedRequestsFree":{"next":null,"entry":null}},"writable":false,"allowHalfOpen":false,"_sockname":null,"_pendingData":null,"_pendingEncoding":"","server":null,"_server":null},{"connecting":false,"_hadError":false,"_parent":null,"_host":null,"_readableState":{"objectMode":false,"highWaterMark":16384,"buffer":{"head":null,"tail":null,"length":0},"length":0,"pipes":null,"pipesCount":0,"flowing":true,"ended":false,"endEmitted":false,"reading":true,"sync":false,"needReadable":true,"emittedReadable":false,"readableListening":false,"resumeScheduled":false,"emitClose":false,"autoDestroy":false,"destroyed":false,"defaultEncoding":"utf8","awaitDrainWriters":null,"multiAwaitDrain":false,"readingMore":false,"decoder":null,"encoding":null},"readable":true,"_events":{},"_eventsCount":3,"_writableState":{"objectMode":false,"highWaterMark":16384,"finalCalled":false,"needDrain":false,"ending":false,"ended":false,"finished":false,"destroyed":false,"decodeStrings":false,"defaultEncoding":"utf8","length":0,"writing":false,"corked":0,"sync":true,"bufferProcessing":false,"writecb":null,"writelen":0,"afterWriteTickInfo":null,"bufferedRequest":null,"lastBufferedRequest":null,"pendingcb":0,"prefinished":false,"errorEmitted":false,"emitClose":false,"autoDestroy":false,"bufferedRequestCount":0,"corkedRequestsFree":{"next":null,"entry":null}},"writable":false,"allowHalfOpen":false,"_sockname":null,"_pendingData":null,"_pendingEncoding":"","server":null,"_server":null}]},"out":{"_isScalar":false,"observers":[],"closed":false,"isStopped":false,"hasError":false,"thrownError":null}}
Info 2021-04-23 13:19:18: Kernel switching to idle
Info 2021-04-23 13:19:18: Preferred kernel for file:///home/val/python_wkspce/rgd_mice/notebooks/explo.ipynb is undefined
Info 2021-04-23 13:19:18: Preferred kernel for file:///home/val/python_wkspce/rgd_mice/notebooks/explo.ipynb is undefined
Info 2021-04-23 13:19:18: Preferred kernel for file:///home/val/python_wkspce/rgd_mice/notebooks/explo.ipynb is undefined
Info 2021-04-23 13:19:18: Finished execution for 111d45eb-a607-43ec-b327-ba500715ee7f
Info 2021-04-23 13:19:18: Finished executing cell 111d45eb-a607-43ec-b327-ba500715ee7f
Info 2021-04-23 13:19:18: KernelProcess output: Content-Length: 358
Content-Type: application/vscode-jsonrpc; charset=utf8

{"jsonrpc": "2.0", "method": "log", "params": {"level": "INFO", "msg": "write to stderr: /home/val/python_wkspce/rgd_mice/env/lib/python3.9/site-packages/traitlets/traitlets.py:2196: FutureWarning: Supporting extra quotes around Unicode is deprecated in traitlets 5.0. Use 'hmac-sha256' instead of '\"hmac-sha256\"' \u2013 or use CUnicode.\n", "pid": 39453}}Content-Length: 333
Content-Type: application/vscode-jsonrpc; charset=utf8

{"jsonrpc": "2.0", "method": "output", "params": {"source": "stderr", "out": "/home/val/python_wkspce/rgd_mice/env/lib/python3.9/site-packages/traitlets/traitlets.py:2196: FutureWarning: Supporting extra quotes around Unicode is deprecated in traitlets 5.0. Use 'hmac-sha256' instead of '\"hmac-sha256\"' \u2013 or use CUnicode.\n"}}
Info 2021-04-23 13:19:18: Python Daemon (pid: 39453): write to stderr: /home/val/python_wkspce/rgd_mice/env/lib/python3.9/site-packages/traitlets/traitlets.py:2196: FutureWarning: Supporting extra quotes around Unicode is deprecated in traitlets 5.0. Use 'hmac-sha256' instead of '"hmac-sha256"' – or use CUnicode.

Info 2021-04-23 13:19:18: KernelProcess output: Content-Length: 115
Content-Type: application/vscode-jsonrpc; charset=utf8

{"jsonrpc": "2.0", "method": "log", "params": {"level": "INFO", "msg": "write to stderr:   warn(\n", "pid": 39453}}Content-Length: 90
Content-Type: application/vscode-jsonrpc; charset=utf8

{"jsonrpc": "2.0", "method": "output", "params": {"source": "stderr", "out": "  warn(\n"}}Content-Length: 384
Content-Type: application/vscode-jsonrpc; charset=utf8

{"jsonrpc": "2.0", "method": "log", "params": {"level": "INFO", "msg": "write to stderr: /home/val/python_wkspce/rgd_mice/env/lib/python3.9/site-packages/traitlets/traitlets.py:2151: FutureWarning: Supporting extra quotes around Bytes is deprecated in traitlets 5.0. Use 'e72ef1d4-9550-4426-9dec-34d946397165' instead of 'b\"e72ef1d4-9550-4426-9dec-34d946397165\"'.\n", "pid": 39453}}Content-Length: 359
Content-Type: application/vscode-jsonrpc; charset=utf8

{"jsonrpc": "2.0", "method": "output", "params": {"source": "stderr", "out": "/home/val/python_wkspce/rgd_mice/env/lib/python3.9/site-packages/traitlets/traitlets.py:2151: FutureWarning: Supporting extra quotes around Bytes is deprecated in traitlets 5.0. Use 'e72ef1d4-9550-4426-9dec-34d946397165' instead of 'b\"e72ef1d4-9550-4426-9dec-34d946397165\"'.\n"}}Content-Length: 115
Content-Type: application/vscode-jsonrpc; charset=utf8

{"jsonrpc": "2.0", "method": "log", "params": {"level": "INFO", "msg": "write to stderr:   warn(\n", "pid": 39453}}Content-Length: 90
Content-Type: application/vscode-jsonrpc; charset=utf8

{"jsonrpc": "2.0", "method": "output", "params": {"source": "stderr", "out": "  warn(\n"}}
Warn 2021-04-23 13:19:18: Kernel 39453 as possibly died, StdErr from Kernel Process /home/val/python_wkspce/rgd_mice/env/lib/python3.9/site-packages/traitlets/traitlets.py:2196: FutureWarning: Supporting extra quotes around Unicode is deprecated in traitlets 5.0. Use 'hmac-sha256' instead of '"hmac-sha256"' – or use CUnicode.

Warn 2021-04-23 13:19:18: StdErr from Kernel Process /home/val/python_wkspce/rgd_mice/env/lib/python3.9/site-packages/traitlets/traitlets.py:2196: FutureWarning: Supporting extra quotes around Unicode is deprecated in traitlets 5.0. Use 'hmac-sha256' instead of '"hmac-sha256"' – or use CUnicode.

Info 2021-04-23 13:19:18: Python Daemon (pid: 39453): write to stderr:   warn(

Warn 2021-04-23 13:19:18: Kernel 39453 as possibly died, StdErr from Kernel Process   warn(

Warn 2021-04-23 13:19:18: StdErr from Kernel Process   warn(

Info 2021-04-23 13:19:18: Python Daemon (pid: 39453): write to stderr: /home/val/python_wkspce/rgd_mice/env/lib/python3.9/site-packages/traitlets/traitlets.py:2151: FutureWarning: Supporting extra quotes around Bytes is deprecated in traitlets 5.0. Use 'e72ef1d4-9550-4426-9dec-34d946397165' instead of 'b"e72ef1d4-9550-4426-9dec-34d946397165"'.

Warn 2021-04-23 13:19:18: Kernel 39453 as possibly died, StdErr from Kernel Process /home/val/python_wkspce/rgd_mice/env/lib/python3.9/site-packages/traitlets/traitlets.py:2151: FutureWarning: Supporting extra quotes around Bytes is deprecated in traitlets 5.0. Use 'e72ef1d4-9550-4426-9dec-34d946397165' instead of 'b"e72ef1d4-9550-4426-9dec-34d946397165"'.

Warn 2021-04-23 13:19:18: StdErr from Kernel Process /home/val/python_wkspce/rgd_mice/env/lib/python3.9/site-packages/traitlets/traitlets.py:2151: FutureWarning: Supporting extra quotes around Bytes is deprecated in traitlets 5.0. Use 'e72ef1d4-9550-4426-9dec-34d946397165' instead of 'b"e72ef1d4-9550-4426-9dec-34d946397165"'.

Info 2021-04-23 13:19:18: Python Daemon (pid: 39453): write to stderr:   warn(

Warn 2021-04-23 13:19:18: Kernel 39453 as possibly died, StdErr from Kernel Process   warn(

Warn 2021-04-23 13:19:18: StdErr from Kernel Process   warn(

Info 2021-04-23 13:19:19: Trusting notebook...
Info 2021-04-23 13:19:33: Trusting notebook...
Info 2021-04-23 13:19:37: Trusting notebook...
Info 2021-04-23 13:19:39: Trusting notebook...
Info 2021-04-23 13:19:42: Trusting notebook...
Info 2021-04-23 13:19:43: Trusting notebook...
Info 2021-04-23 13:19:49: Trusting notebook...
Info 2021-04-23 13:19:51: Trusting notebook...
Info 2021-04-23 13:19:54: Executing cell c28a38d9-076a-4d6a-8208-0099d3f762a8
Info 2021-04-23 13:19:54: Submitting code for 63f9ecb7-f0ed-4778-ae1d-df2a643e906c
Info 2021-04-23 13:19:54: UpdateWorkingDirectoryAndPath
Info 2021-04-23 13:19:54: Preferred kernel for file:///home/val/python_wkspce/rgd_mice/notebooks/explo.ipynb is undefined
Info 2021-04-23 13:19:54: Kernel switching to busy
Info 2021-04-23 13:19:54: Preferred kernel for file:///home/val/python_wkspce/rgd_mice/notebooks/explo.ipynb is undefined
Info 2021-04-23 13:19:54: Preferred kernel for file:///home/val/python_wkspce/rgd_mice/notebooks/explo.ipynb is undefined
Info 2021-04-23 13:19:54: Preferred kernel for file:///home/val/python_wkspce/rgd_mice/notebooks/explo.ipynb is undefined
Info 2021-04-23 13:19:54: Kernel switching to idle
Info 2021-04-23 13:19:54: Preferred kernel for file:///home/val/python_wkspce/rgd_mice/notebooks/explo.ipynb is undefined
Info 2021-04-23 13:19:54: Preferred kernel for file:///home/val/python_wkspce/rgd_mice/notebooks/explo.ipynb is undefined
Info 2021-04-23 13:19:54: Finished execution for c28a38d9-076a-4d6a-8208-0099d3f762a8
Info 2021-04-23 13:19:54: Finished executing cell c28a38d9-076a-4d6a-8208-0099d3f762a8
Info 2021-04-23 13:19:56: Trusting notebook...
Info 2021-04-23 13:19:57: Executing cell 5a7e6ede-26cf-4d5b-9eb8-fb91f051bda8
Info 2021-04-23 13:19:57: Submitting code for 63f9ecb7-f0ed-4778-ae1d-df2a643e906c
Info 2021-04-23 13:19:57: UpdateWorkingDirectoryAndPath
Info 2021-04-23 13:19:57: Preferred kernel for file:///home/val/python_wkspce/rgd_mice/notebooks/explo.ipynb is undefined
Info 2021-04-23 13:19:57: Kernel switching to busy
Info 2021-04-23 13:19:57: Preferred kernel for file:///home/val/python_wkspce/rgd_mice/notebooks/explo.ipynb is undefined
Info 2021-04-23 13:19:57: Preferred kernel for file:///home/val/python_wkspce/rgd_mice/notebooks/explo.ipynb is undefined
Info 2021-04-23 13:19:57: Preferred kernel for file:///home/val/python_wkspce/rgd_mice/notebooks/explo.ipynb is undefined
Info 2021-04-23 13:19:57: Kernel switching to idle
Info 2021-04-23 13:19:57: Preferred kernel for file:///home/val/python_wkspce/rgd_mice/notebooks/explo.ipynb is undefined
Info 2021-04-23 13:19:57: Preferred kernel for file:///home/val/python_wkspce/rgd_mice/notebooks/explo.ipynb is undefined
Info 2021-04-23 13:19:57: Preferred kernel for file:///home/val/python_wkspce/rgd_mice/notebooks/explo.ipynb is undefined
Info 2021-04-23 13:19:57: Finished execution for 5a7e6ede-26cf-4d5b-9eb8-fb91f051bda8
Info 2021-04-23 13:19:57: Finished executing cell 5a7e6ede-26cf-4d5b-9eb8-fb91f051bda8
Info 2021-04-23 13:19:58: Trusting notebook...
Info 2021-04-23 13:20:04: Executing cell c28a38d9-076a-4d6a-8208-0099d3f762a8
Info 2021-04-23 13:20:04: Submitting code for 63f9ecb7-f0ed-4778-ae1d-df2a643e906c
Info 2021-04-23 13:20:04: UpdateWorkingDirectoryAndPath
Info 2021-04-23 13:20:04: Preferred kernel for file:///home/val/python_wkspce/rgd_mice/notebooks/explo.ipynb is undefined
Info 2021-04-23 13:20:04: Kernel switching to busy
Info 2021-04-23 13:20:04: Preferred kernel for file:///home/val/python_wkspce/rgd_mice/notebooks/explo.ipynb is undefined
Info 2021-04-23 13:20:04: Preferred kernel for file:///home/val/python_wkspce/rgd_mice/notebooks/explo.ipynb is undefined
Info 2021-04-23 13:20:04: Preferred kernel for file:///home/val/python_wkspce/rgd_mice/notebooks/explo.ipynb is undefined
Info 2021-04-23 13:20:04: Kernel switching to idle
Info 2021-04-23 13:20:04: Preferred kernel for file:///home/val/python_wkspce/rgd_mice/notebooks/explo.ipynb is undefined
Info 2021-04-23 13:20:04: Preferred kernel for file:///home/val/python_wkspce/rgd_mice/notebooks/explo.ipynb is undefined
Info 2021-04-23 13:20:04: Finished execution for c28a38d9-076a-4d6a-8208-0099d3f762a8
Info 2021-04-23 13:20:04: Finished executing cell c28a38d9-076a-4d6a-8208-0099d3f762a8
Info 2021-04-23 13:20:04: Executing cell 5a7e6ede-26cf-4d5b-9eb8-fb91f051bda8
Info 2021-04-23 13:20:04: Submitting code for 63f9ecb7-f0ed-4778-ae1d-df2a643e906c
Info 2021-04-23 13:20:04: UpdateWorkingDirectoryAndPath
Info 2021-04-23 13:20:04: Preferred kernel for file:///home/val/python_wkspce/rgd_mice/notebooks/explo.ipynb is undefined
Info 2021-04-23 13:20:04: Kernel switching to busy
Info 2021-04-23 13:20:04: Preferred kernel for file:///home/val/python_wkspce/rgd_mice/notebooks/explo.ipynb is undefined
Info 2021-04-23 13:20:04: Preferred kernel for file:///home/val/python_wkspce/rgd_mice/notebooks/explo.ipynb is undefined
Info 2021-04-23 13:20:04: Preferred kernel for file:///home/val/python_wkspce/rgd_mice/notebooks/explo.ipynb is undefined
Info 2021-04-23 13:20:04: Kernel switching to idle
Info 2021-04-23 13:20:04: Preferred kernel for file:///home/val/python_wkspce/rgd_mice/notebooks/explo.ipynb is undefined
Info 2021-04-23 13:20:04: Preferred kernel for file:///home/val/python_wkspce/rgd_mice/notebooks/explo.ipynb is undefined
Info 2021-04-23 13:20:04: Preferred kernel for file:///home/val/python_wkspce/rgd_mice/notebooks/explo.ipynb is undefined
Info 2021-04-23 13:20:04: Finished execution for 5a7e6ede-26cf-4d5b-9eb8-fb91f051bda8
Info 2021-04-23 13:20:04: Finished executing cell 5a7e6ede-26cf-4d5b-9eb8-fb91f051bda8
Info 2021-04-23 13:20:05: Trusting notebook...
Info 2021-04-23 13:20:09: Kernel switching to busy
Info 2021-04-23 13:20:09: Kernel switching to idle
Info 2021-04-23 13:20:10: Kernel switching to busy
Info 2021-04-23 13:20:10: Kernel switching to idle
Info 2021-04-23 13:20:11: Trusting notebook...
Info 2021-04-23 13:20:12: Executing cell c28a38d9-076a-4d6a-8208-0099d3f762a8
Info 2021-04-23 13:20:12: Submitting code for 63f9ecb7-f0ed-4778-ae1d-df2a643e906c
Info 2021-04-23 13:20:12: UpdateWorkingDirectoryAndPath
Info 2021-04-23 13:20:12: Preferred kernel for file:///home/val/python_wkspce/rgd_mice/notebooks/explo.ipynb is undefined
Info 2021-04-23 13:20:12: Kernel switching to busy
Info 2021-04-23 13:20:12: Preferred kernel for file:///home/val/python_wkspce/rgd_mice/notebooks/explo.ipynb is undefined
Info 2021-04-23 13:20:12: Preferred kernel for file:///home/val/python_wkspce/rgd_mice/notebooks/explo.ipynb is undefined
Info 2021-04-23 13:20:12: Preferred kernel for file:///home/val/python_wkspce/rgd_mice/notebooks/explo.ipynb is undefined
Info 2021-04-23 13:20:12: Kernel switching to idle
Info 2021-04-23 13:20:12: Preferred kernel for file:///home/val/python_wkspce/rgd_mice/notebooks/explo.ipynb is undefined
Info 2021-04-23 13:20:12: Preferred kernel for file:///home/val/python_wkspce/rgd_mice/notebooks/explo.ipynb is undefined
Info 2021-04-23 13:20:12: Finished execution for c28a38d9-076a-4d6a-8208-0099d3f762a8
Info 2021-04-23 13:20:12: Finished executing cell c28a38d9-076a-4d6a-8208-0099d3f762a8
Info 2021-04-23 13:20:13: Executing cell 5a7e6ede-26cf-4d5b-9eb8-fb91f051bda8
Info 2021-04-23 13:20:13: Submitting code for 63f9ecb7-f0ed-4778-ae1d-df2a643e906c
Info 2021-04-23 13:20:13: UpdateWorkingDirectoryAndPath
Info 2021-04-23 13:20:13: Preferred kernel for file:///home/val/python_wkspce/rgd_mice/notebooks/explo.ipynb is undefined
Info 2021-04-23 13:20:13: Kernel switching to busy
Info 2021-04-23 13:20:13: Preferred kernel for file:///home/val/python_wkspce/rgd_mice/notebooks/explo.ipynb is undefined
Info 2021-04-23 13:20:13: Preferred kernel for file:///home/val/python_wkspce/rgd_mice/notebooks/explo.ipynb is undefined
Info 2021-04-23 13:20:13: Preferred kernel for file:///home/val/python_wkspce/rgd_mice/notebooks/explo.ipynb is undefined
Info 2021-04-23 13:20:13: Preferred kernel for file:///home/val/python_wkspce/rgd_mice/notebooks/explo.ipynb is undefined
Info 2021-04-23 13:20:13: Kernel switching to idle
Info 2021-04-23 13:20:13: Preferred kernel for file:///home/val/python_wkspce/rgd_mice/notebooks/explo.ipynb is undefined
Info 2021-04-23 13:20:13: Preferred kernel for file:///home/val/python_wkspce/rgd_mice/notebooks/explo.ipynb is undefined
Info 2021-04-23 13:20:13: Finished execution for 5a7e6ede-26cf-4d5b-9eb8-fb91f051bda8
Info 2021-04-23 13:20:13: Finished executing cell 5a7e6ede-26cf-4d5b-9eb8-fb91f051bda8
Info 2021-04-23 13:20:14: Trusting notebook...
Info 2021-04-23 13:20:24: Trusting notebook...
Info 2021-04-23 13:20:33: Trusting notebook...
Info 2021-04-23 13:20:35: Trusting notebook...
Info 2021-04-23 13:20:39: Trusting notebook...
Info 2021-04-23 13:20:41: Trusting notebook...
Info 2021-04-23 13:20:44: Trusting notebook...
Info 2021-04-23 13:20:46: Trusting notebook...
Info 2021-04-23 13:20:49: Trusting notebook...
Info 2021-04-23 13:20:57: Trusting notebook...
Info 2021-04-23 13:20:59: Trusting notebook...
Info 2021-04-23 13:21:01: Trusting notebook...
Info 2021-04-23 13:21:07: Kernel switching to busy
Info 2021-04-23 13:21:07: Kernel switching to idle
Info 2021-04-23 13:21:10: Trusting notebook...
Info 2021-04-23 13:21:10: Kernel switching to busy
Info 2021-04-23 13:21:10: Kernel switching to idle
Info 2021-04-23 13:21:15: Trusting notebook...
Info 2021-04-23 13:21:18: Kernel switching to busy
Info 2021-04-23 13:21:18: Kernel switching to idle
Info 2021-04-23 13:21:20: Trusting notebook...
Info 2021-04-23 13:21:21: Trusting notebook...
Info 2021-04-23 13:21:24: Trusting notebook...
Info 2021-04-23 13:21:26: Trusting notebook...
Info 2021-04-23 13:21:28: Trusting notebook...
Info 2021-04-23 13:21:31: Trusting notebook...
Info 2021-04-23 13:21:34: Trusting notebook...
Info 2021-04-23 13:21:37: Trusting notebook...
Info 2021-04-23 13:21:39: Trusting notebook...
Info 2021-04-23 13:21:41: Trusting notebook...
Info 2021-04-23 13:21:42: Trusting notebook...
Info 2021-04-23 13:21:44: Executing cell 91a73392-1127-4c17-82c0-d1c1f338d916
Info 2021-04-23 13:21:44: Submitting code for 63f9ecb7-f0ed-4778-ae1d-df2a643e906c
Info 2021-04-23 13:21:44: UpdateWorkingDirectoryAndPath
Info 2021-04-23 13:21:44: Preferred kernel for file:///home/val/python_wkspce/rgd_mice/notebooks/explo.ipynb is undefined
Info 2021-04-23 13:21:44: Kernel switching to busy
Info 2021-04-23 13:21:44: Preferred kernel for file:///home/val/python_wkspce/rgd_mice/notebooks/explo.ipynb is undefined
Info 2021-04-23 13:21:44: Preferred kernel for file:///home/val/python_wkspce/rgd_mice/notebooks/explo.ipynb is undefined
Info 2021-04-23 13:21:45: Preferred kernel for file:///home/val/python_wkspce/rgd_mice/notebooks/explo.ipynb is undefined
Info 2021-04-23 13:21:45: Finished execution for 91a73392-1127-4c17-82c0-d1c1f338d916
Info 2021-04-23 13:21:45: Finished executing cell 91a73392-1127-4c17-82c0-d1c1f338d916
Info 2021-04-23 13:21:45: Kernel switching to idle
Info 2021-04-23 13:21:46: Trusting notebook...
Info 2021-04-23 13:21:47: Kernel switching to busy
Info 2021-04-23 13:21:47: Kernel switching to idle
Info 2021-04-23 13:21:48: Kernel switching to busy
Info 2021-04-23 13:21:48: Kernel switching to idle
Info 2021-04-23 13:21:51: Trusting notebook...
Info 2021-04-23 13:21:51: Executing cell 91a73392-1127-4c17-82c0-d1c1f338d916
Info 2021-04-23 13:21:51: Submitting code for 63f9ecb7-f0ed-4778-ae1d-df2a643e906c
Info 2021-04-23 13:21:51: UpdateWorkingDirectoryAndPath
Info 2021-04-23 13:21:51: Preferred kernel for file:///home/val/python_wkspce/rgd_mice/notebooks/explo.ipynb is undefined
Info 2021-04-23 13:21:51: Kernel switching to busy
Info 2021-04-23 13:21:51: Preferred kernel for file:///home/val/python_wkspce/rgd_mice/notebooks/explo.ipynb is undefined
Info 2021-04-23 13:21:51: Preferred kernel for file:///home/val/python_wkspce/rgd_mice/notebooks/explo.ipynb is undefined
Info 2021-04-23 13:22:24: Preferred kernel for file:///home/val/python_wkspce/rgd_mice/notebooks/explo.ipynb is undefined
Info 2021-04-23 13:22:24: Kernel switching to idle
Info 2021-04-23 13:22:24: Preferred kernel for file:///home/val/python_wkspce/rgd_mice/notebooks/explo.ipynb is undefined
Info 2021-04-23 13:22:24: Preferred kernel for file:///home/val/python_wkspce/rgd_mice/notebooks/explo.ipynb is undefined
Info 2021-04-23 13:22:24: Finished execution for 91a73392-1127-4c17-82c0-d1c1f338d916
Info 2021-04-23 13:22:24: Finished executing cell 91a73392-1127-4c17-82c0-d1c1f338d916
Info 2021-04-23 13:22:25: Trusting notebook...
Info 2021-04-23 13:32:20: Trusting notebook...
Info 2021-04-23 13:32:29: Trusting notebook...
Info 2021-04-23 13:32:35: Kernel switching to busy
Info 2021-04-23 13:32:35: Kernel switching to idle
Info 2021-04-23 13:32:39: Kernel switching to busy
Info 2021-04-23 13:32:39: Kernel switching to idle
Info 2021-04-23 13:32:41: Trusting notebook...
Info 2021-04-23 13:32:44: Trusting notebook...
Info 2021-04-23 13:32:46: Kernel switching to busy
Info 2021-04-23 13:32:46: Kernel switching to idle
