[2021-02-15 18:57:28.554] [renderer1] [error] Connection got disposed.: Error: Connection got disposed.
	at Object.dispose (/home/val/.vscode-server/extensions/ms-python.python-2021.1.502429796/out/client/extension.js:52:98319)
	at Object.dispose (/home/val/.vscode-server/extensions/ms-python.python-2021.1.502429796/out/client/extension.js:9:132399)
	at E.handleConnectionClosed (/home/val/.vscode-server/extensions/ms-python.python-2021.1.502429796/out/client/extension.js:9:132611)
	at E.handleConnectionClosed (/home/val/.vscode-server/extensions/ms-python.python-2021.1.502429796/out/client/extension.js:52:47738)
	at t (/home/val/.vscode-server/extensions/ms-python.python-2021.1.502429796/out/client/extension.js:9:130704)
	at invoke (/home/val/.vscode-server/extensions/ms-python.python-2021.1.502429796/out/client/extension.js:9:266828)
	at o.fire (/home/val/.vscode-server/extensions/ms-python.python-2021.1.502429796/out/client/extension.js:9:267589)
	at X (/home/val/.vscode-server/extensions/ms-python.python-2021.1.502429796/out/client/extension.js:52:87681)
	at invoke (/home/val/.vscode-server/extensions/ms-python.python-2021.1.502429796/out/client/extension.js:9:266828)
	at o.fire (/home/val/.vscode-server/extensions/ms-python.python-2021.1.502429796/out/client/extension.js:9:267589)
	at d.fireClose (/home/val/.vscode-server/extensions/ms-python.python-2021.1.502429796/out/client/extension.js:52:77750)
	at ChildProcess.<anonymous> (/home/val/.vscode-server/extensions/ms-python.python-2021.1.502429796/out/client/extension.js:9:262558)
	at ChildProcess.emit (events.js:327:22)
	at maybeClose (internal/child_process.js:1021:16)
	at Socket.<anonymous> (internal/child_process.js:443:11)
	at Socket.emit (events.js:315:20)
	at Pipe.<anonymous> (net.js:674:12)
[2021-02-16 09:33:39.884] [renderer1] [warning] {}
[2021-02-16 09:33:49.913] [renderer1] [warning] {}
[2021-02-16 09:37:24.572] [renderer1] [warning] {}
