[2021-04-29 08:27:30.133] [main] [info] update#setState idle
[2021-04-29 08:28:00.135] [main] [info] update#setState checking for updates
[2021-04-29 08:28:01.158] [main] [info] update#setState idle
[2021-04-29 09:28:00.140] [main] [info] update#setState checking for updates
[2021-04-29 09:28:00.559] [main] [info] update#setState idle
[2021-04-29 10:28:00.240] [main] [info] update#setState checking for updates
[2021-04-29 10:28:00.820] [main] [info] update#setState idle
[2021-04-29 11:28:00.340] [main] [info] update#setState checking for updates
[2021-04-29 11:28:05.863] [main] [info] update#setState idle
[2021-04-29 12:28:00.438] [main] [info] update#setState checking for updates
[2021-04-29 12:28:01.679] [main] [info] update#setState idle
[2021-04-29 13:28:00.541] [main] [info] update#setState checking for updates
[2021-04-29 13:28:00.564] [main] [error] Error: net::ERR_INTERNET_DISCONNECTED
    at SimpleURLLoaderWrapper.<anonymous> (electron/js2c/browser_init.js:109:6508)
    at SimpleURLLoaderWrapper.emit (events.js:315:20)
[2021-04-29 13:28:00.565] [main] [info] update#setState idle
[2021-04-29 14:28:00.642] [main] [info] update#setState checking for updates
[2021-04-29 14:28:01.985] [main] [info] update#setState idle
[2021-04-29 15:28:00.742] [main] [info] update#setState checking for updates
[2021-04-29 15:28:00.946] [main] [info] update#setState idle
[2021-04-29 16:28:00.745] [main] [info] update#setState checking for updates
[2021-04-29 16:28:01.002] [main] [info] update#setState idle
[2021-04-29 17:28:00.771] [main] [info] update#setState checking for updates
[2021-04-29 17:28:01.174] [main] [info] update#setState idle
[2021-04-29 18:28:00.871] [main] [info] update#setState checking for updates
[2021-04-29 18:28:00.878] [main] [error] Error: net::ERR_INTERNET_DISCONNECTED
    at SimpleURLLoaderWrapper.<anonymous> (electron/js2c/browser_init.js:109:6508)
    at SimpleURLLoaderWrapper.emit (events.js:315:20)
[2021-04-29 18:28:00.878] [main] [info] update#setState idle
[2021-04-29 19:28:00.880] [main] [info] update#setState checking for updates
[2021-04-29 19:28:00.889] [main] [error] Error: net::ERR_INTERNET_DISCONNECTED
    at SimpleURLLoaderWrapper.<anonymous> (electron/js2c/browser_init.js:109:6508)
    at SimpleURLLoaderWrapper.emit (events.js:315:20)
[2021-04-29 19:28:00.889] [main] [info] update#setState idle
[2021-04-29 20:28:00.982] [main] [info] update#setState checking for updates
[2021-04-29 20:28:00.990] [main] [error] Error: net::ERR_INTERNET_DISCONNECTED
    at SimpleURLLoaderWrapper.<anonymous> (electron/js2c/browser_init.js:109:6508)
    at SimpleURLLoaderWrapper.emit (events.js:315:20)
[2021-04-29 20:28:00.990] [main] [info] update#setState idle
[2021-04-29 21:28:01.056] [main] [info] update#setState checking for updates
[2021-04-29 21:28:01.344] [main] [info] update#setState idle
[2021-04-29 22:28:01.099] [main] [info] update#setState checking for updates
[2021-04-29 22:28:11.507] [main] [info] update#setState idle
[2021-04-29 23:28:01.201] [main] [info] update#setState checking for updates
[2021-04-29 23:28:01.207] [main] [error] Error: net::ERR_INTERNET_DISCONNECTED
    at SimpleURLLoaderWrapper.<anonymous> (electron/js2c/browser_init.js:109:6508)
    at SimpleURLLoaderWrapper.emit (events.js:315:20)
[2021-04-29 23:28:01.207] [main] [info] update#setState idle
[2021-04-30 00:28:01.218] [main] [info] update#setState checking for updates
[2021-04-30 00:28:01.223] [main] [error] Error: net::ERR_INTERNET_DISCONNECTED
    at SimpleURLLoaderWrapper.<anonymous> (electron/js2c/browser_init.js:109:6508)
    at SimpleURLLoaderWrapper.emit (events.js:315:20)
[2021-04-30 00:28:01.223] [main] [info] update#setState idle
[2021-04-30 01:28:01.284] [main] [info] update#setState checking for updates
[2021-04-30 01:28:01.294] [main] [error] Error: net::ERR_INTERNET_DISCONNECTED
    at SimpleURLLoaderWrapper.<anonymous> (electron/js2c/browser_init.js:109:6508)
    at SimpleURLLoaderWrapper.emit (events.js:315:20)
[2021-04-30 01:28:01.294] [main] [info] update#setState idle
[2021-04-30 02:28:01.360] [main] [info] update#setState checking for updates
[2021-04-30 02:28:01.366] [main] [error] Error: net::ERR_INTERNET_DISCONNECTED
    at SimpleURLLoaderWrapper.<anonymous> (electron/js2c/browser_init.js:109:6508)
    at SimpleURLLoaderWrapper.emit (events.js:315:20)
[2021-04-30 02:28:01.366] [main] [info] update#setState idle
[2021-04-30 03:28:01.461] [main] [info] update#setState checking for updates
[2021-04-30 03:28:01.467] [main] [error] Error: net::ERR_INTERNET_DISCONNECTED
    at SimpleURLLoaderWrapper.<anonymous> (electron/js2c/browser_init.js:109:6508)
    at SimpleURLLoaderWrapper.emit (events.js:315:20)
[2021-04-30 03:28:01.467] [main] [info] update#setState idle
[2021-04-30 04:28:01.545] [main] [info] update#setState checking for updates
[2021-04-30 04:28:01.552] [main] [error] Error: net::ERR_INTERNET_DISCONNECTED
    at SimpleURLLoaderWrapper.<anonymous> (electron/js2c/browser_init.js:109:6508)
    at SimpleURLLoaderWrapper.emit (events.js:315:20)
[2021-04-30 04:28:01.552] [main] [info] update#setState idle
[2021-04-30 05:28:01.592] [main] [info] update#setState checking for updates
[2021-04-30 05:28:01.598] [main] [error] Error: net::ERR_INTERNET_DISCONNECTED
    at SimpleURLLoaderWrapper.<anonymous> (electron/js2c/browser_init.js:109:6508)
    at SimpleURLLoaderWrapper.emit (events.js:315:20)
[2021-04-30 05:28:01.598] [main] [info] update#setState idle
[2021-04-30 06:28:01.693] [main] [info] update#setState checking for updates
[2021-04-30 06:28:01.699] [main] [error] Error: net::ERR_INTERNET_DISCONNECTED
    at SimpleURLLoaderWrapper.<anonymous> (electron/js2c/browser_init.js:109:6508)
    at SimpleURLLoaderWrapper.emit (events.js:315:20)
[2021-04-30 06:28:01.699] [main] [info] update#setState idle
[2021-04-30 07:28:01.792] [main] [info] update#setState checking for updates
[2021-04-30 07:28:01.797] [main] [error] Error: net::ERR_INTERNET_DISCONNECTED
    at SimpleURLLoaderWrapper.<anonymous> (electron/js2c/browser_init.js:109:6508)
    at SimpleURLLoaderWrapper.emit (events.js:315:20)
[2021-04-30 07:28:01.797] [main] [info] update#setState idle
[2021-04-30 08:28:01.892] [main] [info] update#setState checking for updates
[2021-04-30 08:28:02.090] [main] [info] update#setState idle
[2021-04-30 09:28:01.933] [main] [info] update#setState checking for updates
[2021-04-30 09:28:02.175] [main] [info] update#setState idle
