[2021-02-10 09:27:46.372] [renderer1] [warning] Workbench did not finish loading in 10 seconds, that might be a problem that should be reported.
[2021-02-10 11:08:07.153] [renderer1] [error] Connection got disposed.: Error: Connection got disposed.
	at Object.dispose (/home/val/.vscode-server/extensions/ms-python.python-2021.1.502429796/out/client/extension.js:52:98319)
	at Object.dispose (/home/val/.vscode-server/extensions/ms-python.python-2021.1.502429796/out/client/extension.js:9:132399)
	at E.handleConnectionClosed (/home/val/.vscode-server/extensions/ms-python.python-2021.1.502429796/out/client/extension.js:9:132611)
	at E.handleConnectionClosed (/home/val/.vscode-server/extensions/ms-python.python-2021.1.502429796/out/client/extension.js:52:47738)
	at t (/home/val/.vscode-server/extensions/ms-python.python-2021.1.502429796/out/client/extension.js:9:130704)
	at invoke (/home/val/.vscode-server/extensions/ms-python.python-2021.1.502429796/out/client/extension.js:9:266828)
	at o.fire (/home/val/.vscode-server/extensions/ms-python.python-2021.1.502429796/out/client/extension.js:9:267589)
	at X (/home/val/.vscode-server/extensions/ms-python.python-2021.1.502429796/out/client/extension.js:52:87681)
	at invoke (/home/val/.vscode-server/extensions/ms-python.python-2021.1.502429796/out/client/extension.js:9:266828)
	at o.fire (/home/val/.vscode-server/extensions/ms-python.python-2021.1.502429796/out/client/extension.js:9:267589)
	at d.fireClose (/home/val/.vscode-server/extensions/ms-python.python-2021.1.502429796/out/client/extension.js:52:77750)
	at ChildProcess.<anonymous> (/home/val/.vscode-server/extensions/ms-python.python-2021.1.502429796/out/client/extension.js:9:262558)
	at ChildProcess.emit (events.js:327:22)
	at maybeClose (internal/child_process.js:1021:16)
	at Socket.<anonymous> (internal/child_process.js:443:11)
	at Socket.emit (events.js:315:20)
	at Pipe.<anonymous> (net.js:674:12)
[2021-02-10 11:20:29.740] [renderer1] [error] Unknown webview handle:cfae9516-60f4-4768-97c7-4a3096129083: Error: Unknown webview handle:cfae9516-60f4-4768-97c7-4a3096129083
    at Ys.getWebview (file:///opt/visual-studio-code/resources/app/out/vs/workbench/workbench.desktop.main.js:1559:74866)
    at Ys.$postMessage (file:///opt/visual-studio-code/resources/app/out/vs/workbench/workbench.desktop.main.js:1559:74119)
    at h._doInvokeHandler (file:///opt/visual-studio-code/resources/app/out/vs/workbench/workbench.desktop.main.js:1566:9678)
    at h._invokeHandler (file:///opt/visual-studio-code/resources/app/out/vs/workbench/workbench.desktop.main.js:1566:9370)
    at h._receiveRequest (file:///opt/visual-studio-code/resources/app/out/vs/workbench/workbench.desktop.main.js:1566:8040)
    at h._receiveOneMessage (file:///opt/visual-studio-code/resources/app/out/vs/workbench/workbench.desktop.main.js:1566:6842)
    at file:///opt/visual-studio-code/resources/app/out/vs/workbench/workbench.desktop.main.js:1566:4970
    at u.fire (file:///opt/visual-studio-code/resources/app/out/vs/workbench/workbench.desktop.main.js:55:1836)
    at o.fire (file:///opt/visual-studio-code/resources/app/out/vs/workbench/workbench.desktop.main.js:76:16129)
    at i._receiveMessage (file:///opt/visual-studio-code/resources/app/out/vs/workbench/workbench.desktop.main.js:76:21379)
    at file:///opt/visual-studio-code/resources/app/out/vs/workbench/workbench.desktop.main.js:76:18273
    at u.fire (file:///opt/visual-studio-code/resources/app/out/vs/workbench/workbench.desktop.main.js:55:1836)
    at c.acceptChunk (file:///opt/visual-studio-code/resources/app/out/vs/workbench/workbench.desktop.main.js:76:13494)
    at file:///opt/visual-studio-code/resources/app/out/vs/workbench/workbench.desktop.main.js:76:12842
    at file:///opt/visual-studio-code/resources/app/out/vs/workbench/workbench.desktop.main.js:623:106113
    at u.fire (file:///opt/visual-studio-code/resources/app/out/vs/workbench/workbench.desktop.main.js:55:1836)
    at FileReader._fileReader.onload (file:///opt/visual-studio-code/resources/app/out/vs/workbench/workbench.desktop.main.js:623:104730)
[2021-02-10 11:21:43.574] [renderer1] [error] Server[pid=7277] disconnected unexpectedly: Error: Server[pid=7277] disconnected unexpectedly
    at u.handleErrorResponse (file:///opt/visual-studio-code/resources/app/out/vs/workbench/workbench.desktop.main.js:948:27250)
    at file:///opt/visual-studio-code/resources/app/out/vs/workbench/workbench.desktop.main.js:948:26555
    at async O.fetchThreads (file:///opt/visual-studio-code/resources/app/out/vs/workbench/workbench.desktop.main.js:1891:50444)
    at async file:///opt/visual-studio-code/resources/app/out/vs/workbench/workbench.desktop.main.js:1891:51037
[2021-02-10 11:21:43.689] [renderer1] [error] Server[pid=7277] disconnected unexpectedly: Error: Server[pid=7277] disconnected unexpectedly
    at u.handleErrorResponse (file:///opt/visual-studio-code/resources/app/out/vs/workbench/workbench.desktop.main.js:948:27250)
    at file:///opt/visual-studio-code/resources/app/out/vs/workbench/workbench.desktop.main.js:948:26555
    at async O.fetchThreads (file:///opt/visual-studio-code/resources/app/out/vs/workbench/workbench.desktop.main.js:1891:50444)
[2021-02-10 11:38:44.399] [renderer1] [error] Thread to get completions seems to have resumed already.: Error: Thread to get completions seems to have resumed already.
    at u.handleErrorResponse (file:///opt/visual-studio-code/resources/app/out/vs/workbench/workbench.desktop.main.js:948:27250)
    at file:///opt/visual-studio-code/resources/app/out/vs/workbench/workbench.desktop.main.js:948:26555
    at async Object.provideCompletionItems (file:///opt/visual-studio-code/resources/app/out/vs/workbench/workbench.desktop.main.js:1930:67659)
    at async file:///opt/visual-studio-code/resources/app/out/vs/workbench/workbench.desktop.main.js:665:14725
    at async Promise.all (index 0)
    at async Object.a [as provideSuggestionItems] (file:///opt/visual-studio-code/resources/app/out/vs/workbench/workbench.desktop.main.js:665:14599)
    at async Promise.all (index 0)
