[08:48:47.636] Log Level: 2
[08:48:47.638] remote-ssh@0.63.0
[08:48:47.638] linux x64
[08:48:47.639] SSH Resolver called for "ssh-remote+adrien2", attempt 1
[08:48:47.639] "remote.SSH.useLocalServer": true
[08:48:47.639] "remote.SSH.sshPath": undefined
[08:48:47.639] "remote.SSH.sshConfigurationFile": undefined
[08:48:47.640] "remote.SSH.useFlock": true
[08:48:47.640] "remote.SSH.lockfilesInTmp": false
[08:48:47.640] "remote.SSH.localServerDownload": auto
[08:48:47.640] "remote.SSH.remoteServerListenOnSocket": false
[08:48:47.640] "remote.SSH.showLoginTerminal": false
[08:48:47.640] SSH Resolver called for host: adrien2
[08:48:47.640] Setting up SSH remote "adrien2"
[08:48:47.643] Acquiring local install lock: /tmp/vscode-remote-ssh-adrien2-install.lock
[08:48:47.650] Looking for existing server data file at /home/val/.config/Code/User/globalStorage/ms-vscode-remote.remote-ssh/vscode-ssh-host-adrien2-622cb03f7e070a9670c94bae1a45d78d7181fbd4-0.63.0/data.json
[08:48:47.651] Using commit id "622cb03f7e070a9670c94bae1a45d78d7181fbd4" and quality "stable" for server
[08:48:47.654] Install and start server if needed
[08:48:47.656] Checking ssh with "ssh -V"
[08:48:47.675] > OpenSSH_8.4p1, OpenSSL 1.1.1i  8 Dec 2020

[08:48:47.678] askpass server listening on /run/user/1000/vscode-ssh-askpass-b18c6d2a24e6b23772fa8776ad191e6eb84a7629.sock
[08:48:47.678] Spawning local server with {"ipcHandlePath":"/run/user/1000/vscode-ssh-askpass-255ce877b23464a3adff483b23463d4dea4bde6b.sock","sshCommand":"ssh","sshArgs":["-v","-T","-D","44731","-o","ConnectTimeout=15","adrien2"],"dataFilePath":"/home/val/.config/Code/User/globalStorage/ms-vscode-remote.remote-ssh/vscode-ssh-host-adrien2-622cb03f7e070a9670c94bae1a45d78d7181fbd4-0.63.0/data.json"}
[08:48:47.678] Local server env: {"DISPLAY":"1","ELECTRON_RUN_AS_NODE":"1","SSH_ASKPASS":"/home/val/.vscode/extensions/ms-vscode-remote.remote-ssh-0.63.0/out/local-server/askpass.sh","VSCODE_SSH_ASKPASS_NODE":"/opt/visual-studio-code/code","VSCODE_SSH_ASKPASS_MAIN":"/home/val/.vscode/extensions/ms-vscode-remote.remote-ssh-0.63.0/out/askpass-main.js","VSCODE_SSH_ASKPASS_HANDLE":"/run/user/1000/vscode-ssh-askpass-b18c6d2a24e6b23772fa8776ad191e6eb84a7629.sock"}
[08:48:47.683] Spawned 65450
[08:48:47.770] > local-server> Spawned ssh: 65462
[08:48:47.772] stderr> OpenSSH_8.4p1, OpenSSL 1.1.1i  8 Dec 2020
[08:48:56.288] stderr> debug1: Server host key: ecdsa-sha2-nistp256 SHA256:QGI4/EPg1bhz+2zgv4sPJQM5/2if4fcluj1g80yPkvs
[08:48:59.664] stderr> Authenticated to 153.109.130.82 (via proxy).
[08:49:03.258] > Welcome to Ubuntu 18.04.5 LTS (GNU/Linux 5.4.0-64-generic x86_64)
> 
>  * Documentation:  https://help.ubuntu.com
>  * Management:     https://landscape.canonical.com
>  * Support:        https://ubuntu.com/advantage
> 
>  * Canonical Livepatch is available for installation.
>    - Reduce system reboots and improve kernel security. Activate at:
>      https://ubuntu.com/livepatch
> 
> 9 packages can be updated.
> 0 of these updates are security updates.
> To see these additional updates run: apt list --upgradable
> 
> New release '20.04.2 LTS' available.
> Run 'do-release-upgrade' to upgrade to it.
> 
> Your Hardware Enablement Stack (HWE) is supported until April 2023.
> *** System restart required ***
[08:49:04.148] > ready: c10cf833a4d5
[08:49:04.684] Terminating local server
[08:49:04.715] Resolver error: Error: Connecting with SSH timed out
	at Function.Timeout (/home/val/.vscode/extensions/ms-vscode-remote.remote-ssh-0.63.0/out/extension.js:1:64156)
	at Timeout._onTimeout (/home/val/.vscode/extensions/ms-vscode-remote.remote-ssh-0.63.0/out/extension.js:1:280517)
	at listOnTimeout (internal/timers.js:549:17)
	at processTimers (internal/timers.js:492:7)
[08:49:04.721] Local server exit: 15
[08:49:04.730] ------




