[09:30:23.694] Log Level: 2
[09:30:23.696] remote-ssh@0.64.0
[09:30:23.696] linux x64
[09:30:23.697] SSH Resolver called for "ssh-remote+adrien2", attempt 1
[09:30:23.697] "remote.SSH.useLocalServer": true
[09:30:23.697] "remote.SSH.sshPath": undefined
[09:30:23.697] "remote.SSH.sshConfigurationFile": undefined
[09:30:23.697] "remote.SSH.useFlock": true
[09:30:23.698] "remote.SSH.lockfilesInTmp": false
[09:30:23.698] "remote.SSH.localServerDownload": auto
[09:30:23.698] "remote.SSH.remoteServerListenOnSocket": false
[09:30:23.698] "remote.SSH.showLoginTerminal": false
[09:30:23.698] "remote.SSH.defaultExtensions": []
[09:30:23.698] SSH Resolver called for host: adrien2
[09:30:23.698] Setting up SSH remote "adrien2"
[09:30:23.700] Acquiring local install lock: /tmp/vscode-remote-ssh-adrien2-install.lock
[09:30:23.705] Looking for existing server data file at /home/val/.config/Code/User/globalStorage/ms-vscode-remote.remote-ssh/vscode-ssh-host-adrien2-622cb03f7e070a9670c94bae1a45d78d7181fbd4-0.64.0/data.json
[09:30:23.707] Using commit id "622cb03f7e070a9670c94bae1a45d78d7181fbd4" and quality "stable" for server
[09:30:23.708] Install and start server if needed
[09:30:23.721] Checking ssh with "ssh -V"
[09:30:23.728] > OpenSSH_8.4p1, OpenSSL 1.1.1i  8 Dec 2020

[09:30:23.731] askpass server listening on /run/user/1000/vscode-ssh-askpass-e34df4923963332f3bdd93c8712c37b25c9144c9.sock
[09:30:23.732] Spawning local server with {"ipcHandlePath":"/run/user/1000/vscode-ssh-askpass-85cdac4938c5caa342e5171533cef85ac7cd7fdc.sock","sshCommand":"ssh","sshArgs":["-v","-T","-D","32795","-o","ConnectTimeout=15","adrien2"],"dataFilePath":"/home/val/.config/Code/User/globalStorage/ms-vscode-remote.remote-ssh/vscode-ssh-host-adrien2-622cb03f7e070a9670c94bae1a45d78d7181fbd4-0.64.0/data.json"}
[09:30:23.732] Local server env: {"DISPLAY":"1","ELECTRON_RUN_AS_NODE":"1","SSH_ASKPASS":"/home/val/.vscode/extensions/ms-vscode-remote.remote-ssh-0.64.0/out/local-server/askpass.sh","VSCODE_SSH_ASKPASS_NODE":"/opt/visual-studio-code/code","VSCODE_SSH_ASKPASS_MAIN":"/home/val/.vscode/extensions/ms-vscode-remote.remote-ssh-0.64.0/out/askpass-main.js","VSCODE_SSH_ASKPASS_HANDLE":"/run/user/1000/vscode-ssh-askpass-e34df4923963332f3bdd93c8712c37b25c9144c9.sock"}
[09:30:23.735] Spawned 10125
[09:30:23.822] > local-server> Spawned ssh: 10136
[09:30:23.824] stderr> OpenSSH_8.4p1, OpenSSL 1.1.1i  8 Dec 2020
[09:30:36.500] stderr> debug1: Server host key: ecdsa-sha2-nistp256 SHA256:QGI4/EPg1bhz+2zgv4sPJQM5/2if4fcluj1g80yPkvs
[09:30:40.737] Terminating local server
[09:30:40.762] Resolver error: Error: Connecting with SSH timed out
	at Function.Timeout (/home/val/.vscode/extensions/ms-vscode-remote.remote-ssh-0.64.0/out/extension.js:1:64255)
	at Timeout._onTimeout (/home/val/.vscode/extensions/ms-vscode-remote.remote-ssh-0.64.0/out/extension.js:1:281228)
	at listOnTimeout (internal/timers.js:549:17)
	at processTimers (internal/timers.js:492:7)
[09:30:40.766] Local server exit: 15
[09:30:40.770] ------




