[08:34:32.298] Log Level: 2
[08:34:32.300] remote-ssh@0.64.0
[08:34:32.300] linux x64
[08:34:32.301] SSH Resolver called for "ssh-remote+adrien2", attempt 1
[08:34:32.301] "remote.SSH.useLocalServer": true
[08:34:32.301] "remote.SSH.sshPath": undefined
[08:34:32.301] "remote.SSH.sshConfigurationFile": undefined
[08:34:32.301] "remote.SSH.useFlock": true
[08:34:32.301] "remote.SSH.lockfilesInTmp": false
[08:34:32.301] "remote.SSH.localServerDownload": auto
[08:34:32.301] "remote.SSH.remoteServerListenOnSocket": false
[08:34:32.302] "remote.SSH.showLoginTerminal": false
[08:34:32.302] "remote.SSH.defaultExtensions": []
[08:34:32.302] SSH Resolver called for host: adrien2
[08:34:32.302] Setting up SSH remote "adrien2"
[08:34:32.304] Acquiring local install lock: /tmp/vscode-remote-ssh-adrien2-install.lock
[08:34:32.309] Looking for existing server data file at /home/val/.config/Code/User/globalStorage/ms-vscode-remote.remote-ssh/vscode-ssh-host-adrien2-622cb03f7e070a9670c94bae1a45d78d7181fbd4-0.64.0/data.json
[08:34:32.320] Using commit id "622cb03f7e070a9670c94bae1a45d78d7181fbd4" and quality "stable" for server
[08:34:32.322] Install and start server if needed
[08:34:32.325] Checking ssh with "ssh -V"
[08:34:32.331] > OpenSSH_8.4p1, OpenSSL 1.1.1i  8 Dec 2020

[08:34:32.334] askpass server listening on /run/user/1000/vscode-ssh-askpass-7398b11d226bdf9139a2ca6df3f371c630dfdb07.sock
[08:34:32.334] Spawning local server with {"ipcHandlePath":"/run/user/1000/vscode-ssh-askpass-0eadd5c46e3bd26e7400db610681798ddd7b1605.sock","sshCommand":"ssh","sshArgs":["-v","-T","-D","34255","-o","ConnectTimeout=15","adrien2"],"dataFilePath":"/home/val/.config/Code/User/globalStorage/ms-vscode-remote.remote-ssh/vscode-ssh-host-adrien2-622cb03f7e070a9670c94bae1a45d78d7181fbd4-0.64.0/data.json"}
[08:34:32.334] Local server env: {"DISPLAY":"1","ELECTRON_RUN_AS_NODE":"1","SSH_ASKPASS":"/home/val/.vscode/extensions/ms-vscode-remote.remote-ssh-0.64.0/out/local-server/askpass.sh","VSCODE_SSH_ASKPASS_NODE":"/opt/visual-studio-code/code","VSCODE_SSH_ASKPASS_MAIN":"/home/val/.vscode/extensions/ms-vscode-remote.remote-ssh-0.64.0/out/askpass-main.js","VSCODE_SSH_ASKPASS_HANDLE":"/run/user/1000/vscode-ssh-askpass-7398b11d226bdf9139a2ca6df3f371c630dfdb07.sock"}
[08:34:32.337] Spawned 169764
[08:34:32.408] > local-server> Spawned ssh: 169772
[08:34:32.409] stderr> OpenSSH_8.4p1, OpenSSL 1.1.1i  8 Dec 2020
[08:34:35.310] stderr> debug1: Server host key: ecdsa-sha2-nistp256 SHA256:QGI4/EPg1bhz+2zgv4sPJQM5/2if4fcluj1g80yPkvs
[08:34:35.750] stderr> Authenticated to 153.109.130.82 (via proxy).
[08:34:37.650] > Welcome to Ubuntu 18.04.5 LTS (GNU/Linux 5.4.0-64-generic x86_64)
> 
>  * Documentation:  https://help.ubuntu.com
>  * Management:     https://landscape.canonical.com
>  * Support:        https://ubuntu.com/advantage
> 
>  * Canonical Livepatch is available for installation.
>    - Reduce system reboots and improve kernel security. Activate at:
>      https://ubuntu.com/livepatch
> 
> 9 packages can be updated.
> 0 of these updates are security updates.
> To see these additional updates run: apt list --upgradable
> 
> New release '20.04.2 LTS' available.
> Run 'do-release-upgrade' to upgrade to it.
> 
> Your Hardware Enablement Stack (HWE) is supported until April 2023.
> *** System restart required ***
[08:34:37.809] > ready: 8c6fc2473ae4
[08:34:37.889] > Linux 5.4.0-64-generic #72~18.04.1-Ubuntu SMP Fri Jan 15 14:06:34 UTC 2021
[08:34:37.890] Platform: linux
[08:34:38.118] > 8c6fc2473ae4: running
[08:34:38.369] > Acquiring lock on /home/val/.vscode-server/bin/622cb03f7e070a9670c94bae1a45d78d7181fbd4/vscode-remote-lock.val.622cb03f7e070a9670c94bae1a45d78d7181fbd4
[08:34:38.489] > Found existing installation at /home/val/.vscode-server/bin/622cb03f7e070a9670c94bae1a45d78d7181fbd4...
> Checking /home/val/.vscode-server/.622cb03f7e070a9670c94bae1a45d78d7181fbd4.log and /home/val/.vscode-server/.622cb03f7e070a9670c94bae1a45d78d7181fbd4.pid for a running server
[08:34:38.559] > Looking for server with pid: 11746
[08:34:38.928] > Found running server...
[08:34:39.039] >  
> *
> * Reminder: You may only use this software with Visual Studio family products,
> * as described in the license (https://go.microsoft.com/fwlink/?linkid=2077057)
> *
>  
[08:34:39.127] > Checking server status on port 45169 with wget
[08:34:39.230] > 8c6fc2473ae4: start
> sshAuthSock====
> webUiAccessToken====
> listeningOn==45169==
> osReleaseId==ubuntu==
> arch==x86_64==
> tmpDir==/run/user/1000==
> platform==linux==
> unpackResult====
> didLocalDownload==0==
> downloadTime====
> installTime====
> extInstallTime====
> serverStartTime====
> connectionToken==1a1111a1-a111-1aa1-1a11-1a1aa111a111==
> 8c6fc2473ae4: end
[08:34:39.232] Received install output: 
sshAuthSock====
webUiAccessToken====
listeningOn==45169==
osReleaseId==ubuntu==
arch==x86_64==
tmpDir==/run/user/1000==
platform==linux==
unpackResult====
didLocalDownload==0==
downloadTime====
installTime====
extInstallTime====
serverStartTime====
connectionToken==1a1111a1-a111-1aa1-1a11-1a1aa111a111==

[08:34:39.233] Remote server is listening on 45169
[08:34:39.234] Parsed server configuration: {"serverConfiguration":{"remoteListeningOn":{"port":45169},"osReleaseId":"ubuntu","arch":"x86_64","webUiAccessToken":"","sshAuthSock":"","tmpDir":"/run/user/1000","platform":"linux","connectionToken":"1a1111a1-a111-1aa1-1a11-1a1aa111a111"},"installUnpackCode":""}
[08:34:39.236] Persisting server connection details to /home/val/.config/Code/User/globalStorage/ms-vscode-remote.remote-ssh/vscode-ssh-host-adrien2-622cb03f7e070a9670c94bae1a45d78d7181fbd4-0.64.0/data.json
[08:34:39.239] Starting forwarding server. localPort 41741 -> socksPort 34255 -> remotePort 45169
[08:34:39.240] Forwarding server listening on 41741
[08:34:39.241] Waiting for ssh tunnel to be ready
[08:34:39.243] [Forwarding server 41741] Got connection 0
[08:34:39.245] Tunneled 45169 to local port 41741
[08:34:39.246] Resolved "ssh-remote+adrien2" to "127.0.0.1:41741"
[08:34:39.265] ------




[08:34:39.304] [Forwarding server 41741] Got connection 1
[08:34:39.732] [Forwarding server 41741] Got connection 2
[08:34:52.861] [Forwarding server 41741] Got connection 3
[08:34:52.871] [Forwarding server 41741] Got connection 4
[08:34:52.872] [Forwarding server 41741] Got connection 5
[08:34:52.873] [Forwarding server 41741] Got connection 6
[08:34:52.874] [Forwarding server 41741] Got connection 7
[08:34:52.875] [Forwarding server 41741] Got connection 8
[08:35:03.353] [Forwarding server 41741] Got connection 9
