[2021-02-22 09:30:18.464] [renderer1] [warning] Workbench did not finish loading in 10 seconds, that might be a problem that should be reported.
[2021-02-22 09:30:18.464] [renderer1] [error] [remote-connection] An error occurred in the very first connect attempt, it will be treated as a permanent error! Error:
[2021-02-22 09:30:18.464] [renderer1] [error] Error: Connecting with SSH timed out
    at rr.resolveAuthority (file:///opt/visual-studio-code/resources/app/out/vs/workbench/workbench.desktop.main.js:1598:7978)
    at async L._scanAndHandleExtensions (file:///opt/visual-studio-code/resources/app/out/vs/workbench/workbench.desktop.main.js:2659:6448)
    at async L._initialize (file:///opt/visual-studio-code/resources/app/out/vs/workbench/workbench.desktop.main.js:1734:15238)
[2021-02-22 09:30:18.464] [renderer1] [warning] Ignoring the error while validating workspace folder vscode-remote://ssh-remote%2Badrien2/home/val/python_wkspce/plc_seg - Connecting with SSH timed out
[2021-02-22 09:30:18.464] [renderer1] [error] Unable to read file 'vscode-remote://ssh-remote+adrien2/home/val/python_wkspce/plc_seg/.vscode/settings.json' (Error: Connecting with SSH timed out): Error: Unable to read file 'vscode-remote://ssh-remote+adrien2/home/val/python_wkspce/plc_seg/.vscode/settings.json' (Error: Connecting with SSH timed out)
    at a.doReadAsFileStream (file:///opt/visual-studio-code/resources/app/out/vs/workbench/workbench.desktop.main.js:618:28471)
    at async a.readFile (file:///opt/visual-studio-code/resources/app/out/vs/workbench/workbench.desktop.main.js:618:27576)
    at async file:///opt/visual-studio-code/resources/app/out/vs/workbench/workbench.desktop.main.js:1268:5519
    at async Promise.all (index 0)
    at async Promise.all (index 0)
    at async c.loadConfiguration (file:///opt/visual-studio-code/resources/app/out/vs/workbench/workbench.desktop.main.js:1268:5679)
[2021-02-22 09:30:18.464] [renderer1] [error] Unable to read file 'vscode-remote://ssh-remote+adrien2/home/val/python_wkspce/plc_seg/.vscode/tasks.json' (Error: Connecting with SSH timed out): Error: Unable to read file 'vscode-remote://ssh-remote+adrien2/home/val/python_wkspce/plc_seg/.vscode/tasks.json' (Error: Connecting with SSH timed out)
    at a.doReadAsFileStream (file:///opt/visual-studio-code/resources/app/out/vs/workbench/workbench.desktop.main.js:618:28471)
    at async a.readFile (file:///opt/visual-studio-code/resources/app/out/vs/workbench/workbench.desktop.main.js:618:27576)
    at async file:///opt/visual-studio-code/resources/app/out/vs/workbench/workbench.desktop.main.js:1268:5519
    at async Promise.all (index 0)
    at async Promise.all (index 1)
    at async c.loadConfiguration (file:///opt/visual-studio-code/resources/app/out/vs/workbench/workbench.desktop.main.js:1268:5679)
[2021-02-22 09:30:18.464] [renderer1] [error] Unable to read file 'vscode-remote://ssh-remote+adrien2/home/val/python_wkspce/plc_seg/.vscode/launch.json' (Error: Connecting with SSH timed out): Error: Unable to read file 'vscode-remote://ssh-remote+adrien2/home/val/python_wkspce/plc_seg/.vscode/launch.json' (Error: Connecting with SSH timed out)
    at a.doReadAsFileStream (file:///opt/visual-studio-code/resources/app/out/vs/workbench/workbench.desktop.main.js:618:28471)
    at async a.readFile (file:///opt/visual-studio-code/resources/app/out/vs/workbench/workbench.desktop.main.js:618:27576)
    at async file:///opt/visual-studio-code/resources/app/out/vs/workbench/workbench.desktop.main.js:1268:5519
    at async Promise.all (index 1)
    at async Promise.all (index 1)
    at async c.loadConfiguration (file:///opt/visual-studio-code/resources/app/out/vs/workbench/workbench.desktop.main.js:1268:5679)
[2021-02-22 09:30:18.464] [renderer1] [error] Unable to read file 'vscode-remote://ssh-remote+adrien2/home/val/python_wkspce/plc_seg/.vscode/settings.json' (Error: Connecting with SSH timed out): Error: Unable to read file 'vscode-remote://ssh-remote+adrien2/home/val/python_wkspce/plc_seg/.vscode/settings.json' (Error: Connecting with SSH timed out)
    at a.doReadAsFileStream (file:///opt/visual-studio-code/resources/app/out/vs/workbench/workbench.desktop.main.js:618:28471)
    at async a.readFile (file:///opt/visual-studio-code/resources/app/out/vs/workbench/workbench.desktop.main.js:618:27576)
    at async file:///opt/visual-studio-code/resources/app/out/vs/workbench/workbench.desktop.main.js:1268:5519
    at async Promise.all (index 0)
    at async Promise.all (index 0)
    at async c.loadConfiguration (file:///opt/visual-studio-code/resources/app/out/vs/workbench/workbench.desktop.main.js:1268:5679)
    at async Promise.all (index 0)
[2021-02-22 09:30:18.464] [renderer1] [error] Unable to read file 'vscode-remote://ssh-remote+adrien2/home/val/python_wkspce/plc_seg/.vscode/tasks.json' (Error: Connecting with SSH timed out): Error: Unable to read file 'vscode-remote://ssh-remote+adrien2/home/val/python_wkspce/plc_seg/.vscode/tasks.json' (Error: Connecting with SSH timed out)
    at a.doReadAsFileStream (file:///opt/visual-studio-code/resources/app/out/vs/workbench/workbench.desktop.main.js:618:28471)
    at async a.readFile (file:///opt/visual-studio-code/resources/app/out/vs/workbench/workbench.desktop.main.js:618:27576)
    at async file:///opt/visual-studio-code/resources/app/out/vs/workbench/workbench.desktop.main.js:1268:5519
    at async Promise.all (index 0)
    at async Promise.all (index 1)
    at async c.loadConfiguration (file:///opt/visual-studio-code/resources/app/out/vs/workbench/workbench.desktop.main.js:1268:5679)
    at async Promise.all (index 0)
[2021-02-22 09:30:18.464] [renderer1] [error] Unable to read file 'vscode-remote://ssh-remote+adrien2/home/val/python_wkspce/plc_seg/.vscode/launch.json' (Error: Connecting with SSH timed out): Error: Unable to read file 'vscode-remote://ssh-remote+adrien2/home/val/python_wkspce/plc_seg/.vscode/launch.json' (Error: Connecting with SSH timed out)
    at a.doReadAsFileStream (file:///opt/visual-studio-code/resources/app/out/vs/workbench/workbench.desktop.main.js:618:28471)
    at async a.readFile (file:///opt/visual-studio-code/resources/app/out/vs/workbench/workbench.desktop.main.js:618:27576)
    at async file:///opt/visual-studio-code/resources/app/out/vs/workbench/workbench.desktop.main.js:1268:5519
    at async Promise.all (index 1)
    at async Promise.all (index 1)
    at async c.loadConfiguration (file:///opt/visual-studio-code/resources/app/out/vs/workbench/workbench.desktop.main.js:1268:5679)
    at async Promise.all (index 0)
[2021-02-22 09:30:18.464] [renderer1] [error] Error: Unable to read file 'vscode-remote://ssh-remote+adrien2/home/val/python_wkspce/plc_seg/src/models/debug_fetch_data.py' (Error: Connecting with SSH timed out)
    at a.doReadAsFileStream (file:///opt/visual-studio-code/resources/app/out/vs/workbench/workbench.desktop.main.js:618:28471)
    at async E.doRead (file:///opt/visual-studio-code/resources/app/out/vs/workbench/workbench.desktop.main.js:2105:31018)
    at async E.readStream (file:///opt/visual-studio-code/resources/app/out/vs/workbench/workbench.desktop.main.js:2105:30671)
    at async Or.loadFromFile (file:///opt/visual-studio-code/resources/app/out/vs/workbench/workbench.desktop.main.js:2099:48650)
    at async resolve (file:///opt/visual-studio-code/resources/app/out/vs/workbench/workbench.desktop.main.js:2105:26899)
    at async mo.doResolveAsText (file:///opt/visual-studio-code/resources/app/out/vs/workbench/workbench.desktop.main.js:1753:121603)
    at async n.setInput (file:///opt/visual-studio-code/resources/app/out/vs/workbench/workbench.desktop.main.js:1891:78319)
    at async u.doSetInput (file:///opt/visual-studio-code/resources/app/out/vs/workbench/workbench.desktop.main.js:1584:10520)
    at async u.openEditor (file:///opt/visual-studio-code/resources/app/out/vs/workbench/workbench.desktop.main.js:1584:9082)
    at async file:///opt/visual-studio-code/resources/app/out/vs/workbench/workbench.desktop.main.js:2265:15707
    at async Ti.restoreEditors (file:///opt/visual-studio-code/resources/app/out/vs/workbench/workbench.desktop.main.js:2265:8823)
[2021-02-22 09:30:18.464] [renderer1] [error] Connecting with SSH timed out: Error: Connecting with SSH timed out
    at rr.resolveAuthority (file:///opt/visual-studio-code/resources/app/out/vs/workbench/workbench.desktop.main.js:1598:7978)
    at async L._scanAndHandleExtensions (file:///opt/visual-studio-code/resources/app/out/vs/workbench/workbench.desktop.main.js:2659:6448)
    at async L._initialize (file:///opt/visual-studio-code/resources/app/out/vs/workbench/workbench.desktop.main.js:1734:15238)
[2021-02-22 09:30:20.963] [renderer1] [error] Connecting with SSH timed out: Error: Connecting with SSH timed out
    at rr.resolveAuthority (file:///opt/visual-studio-code/resources/app/out/vs/workbench/workbench.desktop.main.js:1598:7978)
    at async L._scanAndHandleExtensions (file:///opt/visual-studio-code/resources/app/out/vs/workbench/workbench.desktop.main.js:2659:6448)
    at async L._initialize (file:///opt/visual-studio-code/resources/app/out/vs/workbench/workbench.desktop.main.js:1734:15238)
[2021-02-22 09:30:40.883] [renderer1] [error] [remote-connection] An error occurred in the very first connect attempt, it will be treated as a permanent error! Error:
[2021-02-22 09:30:40.883] [renderer1] [error] Error: Connecting with SSH timed out
    at rr.resolveAuthority (file:///opt/visual-studio-code/resources/app/out/vs/workbench/workbench.desktop.main.js:1598:7978)
    at async L._scanAndHandleExtensions (file:///opt/visual-studio-code/resources/app/out/vs/workbench/workbench.desktop.main.js:2659:6448)
    at async L._initialize (file:///opt/visual-studio-code/resources/app/out/vs/workbench/workbench.desktop.main.js:1734:15238)
[2021-02-22 09:30:40.902] [renderer1] [warning] Ignoring the error while validating workspace folder vscode-remote://ssh-remote%2Badrien2/home/val/python_wkspce/plc_seg - Connecting with SSH timed out
[2021-02-22 09:30:40.905] [renderer1] [error] Unable to read file 'vscode-remote://ssh-remote+adrien2/home/val/python_wkspce/plc_seg/.vscode/settings.json' (Error: Connecting with SSH timed out): Error: Unable to read file 'vscode-remote://ssh-remote+adrien2/home/val/python_wkspce/plc_seg/.vscode/settings.json' (Error: Connecting with SSH timed out)
    at a.doReadAsFileStream (file:///opt/visual-studio-code/resources/app/out/vs/workbench/workbench.desktop.main.js:618:28471)
    at async a.readFile (file:///opt/visual-studio-code/resources/app/out/vs/workbench/workbench.desktop.main.js:618:27576)
    at async file:///opt/visual-studio-code/resources/app/out/vs/workbench/workbench.desktop.main.js:1268:5519
    at async Promise.all (index 0)
    at async Promise.all (index 0)
    at async c.loadConfiguration (file:///opt/visual-studio-code/resources/app/out/vs/workbench/workbench.desktop.main.js:1268:5679)
[2021-02-22 09:30:40.905] [renderer1] [error] Unable to read file 'vscode-remote://ssh-remote+adrien2/home/val/python_wkspce/plc_seg/.vscode/tasks.json' (Error: Connecting with SSH timed out): Error: Unable to read file 'vscode-remote://ssh-remote+adrien2/home/val/python_wkspce/plc_seg/.vscode/tasks.json' (Error: Connecting with SSH timed out)
    at a.doReadAsFileStream (file:///opt/visual-studio-code/resources/app/out/vs/workbench/workbench.desktop.main.js:618:28471)
    at async a.readFile (file:///opt/visual-studio-code/resources/app/out/vs/workbench/workbench.desktop.main.js:618:27576)
    at async file:///opt/visual-studio-code/resources/app/out/vs/workbench/workbench.desktop.main.js:1268:5519
    at async Promise.all (index 0)
    at async Promise.all (index 1)
    at async c.loadConfiguration (file:///opt/visual-studio-code/resources/app/out/vs/workbench/workbench.desktop.main.js:1268:5679)
[2021-02-22 09:30:40.905] [renderer1] [error] Unable to read file 'vscode-remote://ssh-remote+adrien2/home/val/python_wkspce/plc_seg/.vscode/launch.json' (Error: Connecting with SSH timed out): Error: Unable to read file 'vscode-remote://ssh-remote+adrien2/home/val/python_wkspce/plc_seg/.vscode/launch.json' (Error: Connecting with SSH timed out)
    at a.doReadAsFileStream (file:///opt/visual-studio-code/resources/app/out/vs/workbench/workbench.desktop.main.js:618:28471)
    at async a.readFile (file:///opt/visual-studio-code/resources/app/out/vs/workbench/workbench.desktop.main.js:618:27576)
    at async file:///opt/visual-studio-code/resources/app/out/vs/workbench/workbench.desktop.main.js:1268:5519
    at async Promise.all (index 1)
    at async Promise.all (index 1)
    at async c.loadConfiguration (file:///opt/visual-studio-code/resources/app/out/vs/workbench/workbench.desktop.main.js:1268:5679)
[2021-02-22 09:30:40.905] [renderer1] [error] Unable to read file 'vscode-remote://ssh-remote+adrien2/home/val/python_wkspce/plc_seg/.vscode/settings.json' (Error: Connecting with SSH timed out): Error: Unable to read file 'vscode-remote://ssh-remote+adrien2/home/val/python_wkspce/plc_seg/.vscode/settings.json' (Error: Connecting with SSH timed out)
    at a.doReadAsFileStream (file:///opt/visual-studio-code/resources/app/out/vs/workbench/workbench.desktop.main.js:618:28471)
    at async a.readFile (file:///opt/visual-studio-code/resources/app/out/vs/workbench/workbench.desktop.main.js:618:27576)
    at async file:///opt/visual-studio-code/resources/app/out/vs/workbench/workbench.desktop.main.js:1268:5519
    at async Promise.all (index 0)
    at async Promise.all (index 0)
    at async c.loadConfiguration (file:///opt/visual-studio-code/resources/app/out/vs/workbench/workbench.desktop.main.js:1268:5679)
    at async Promise.all (index 0)
[2021-02-22 09:30:40.906] [renderer1] [error] Unable to read file 'vscode-remote://ssh-remote+adrien2/home/val/python_wkspce/plc_seg/.vscode/tasks.json' (Error: Connecting with SSH timed out): Error: Unable to read file 'vscode-remote://ssh-remote+adrien2/home/val/python_wkspce/plc_seg/.vscode/tasks.json' (Error: Connecting with SSH timed out)
    at a.doReadAsFileStream (file:///opt/visual-studio-code/resources/app/out/vs/workbench/workbench.desktop.main.js:618:28471)
    at async a.readFile (file:///opt/visual-studio-code/resources/app/out/vs/workbench/workbench.desktop.main.js:618:27576)
    at async file:///opt/visual-studio-code/resources/app/out/vs/workbench/workbench.desktop.main.js:1268:5519
    at async Promise.all (index 0)
    at async Promise.all (index 1)
    at async c.loadConfiguration (file:///opt/visual-studio-code/resources/app/out/vs/workbench/workbench.desktop.main.js:1268:5679)
    at async Promise.all (index 0)
[2021-02-22 09:30:40.906] [renderer1] [error] Unable to read file 'vscode-remote://ssh-remote+adrien2/home/val/python_wkspce/plc_seg/.vscode/launch.json' (Error: Connecting with SSH timed out): Error: Unable to read file 'vscode-remote://ssh-remote+adrien2/home/val/python_wkspce/plc_seg/.vscode/launch.json' (Error: Connecting with SSH timed out)
    at a.doReadAsFileStream (file:///opt/visual-studio-code/resources/app/out/vs/workbench/workbench.desktop.main.js:618:28471)
    at async a.readFile (file:///opt/visual-studio-code/resources/app/out/vs/workbench/workbench.desktop.main.js:618:27576)
    at async file:///opt/visual-studio-code/resources/app/out/vs/workbench/workbench.desktop.main.js:1268:5519
    at async Promise.all (index 1)
    at async Promise.all (index 1)
    at async c.loadConfiguration (file:///opt/visual-studio-code/resources/app/out/vs/workbench/workbench.desktop.main.js:1268:5679)
    at async Promise.all (index 0)
[2021-02-22 09:30:40.949] [renderer1] [error] Connecting with SSH timed out: Error: Connecting with SSH timed out
    at rr.resolveAuthority (file:///opt/visual-studio-code/resources/app/out/vs/workbench/workbench.desktop.main.js:1598:7978)
    at async L._scanAndHandleExtensions (file:///opt/visual-studio-code/resources/app/out/vs/workbench/workbench.desktop.main.js:2659:6448)
    at async L._initialize (file:///opt/visual-studio-code/resources/app/out/vs/workbench/workbench.desktop.main.js:1734:15238)
[2021-02-22 09:31:49.512] [renderer1] [error] [remote-connection] An error occurred in the very first connect attempt, it will be treated as a permanent error! Error:
[2021-02-22 09:31:49.512] [renderer1] [error] Error: Connecting with SSH timed out
    at rr.resolveAuthority (file:///opt/visual-studio-code/resources/app/out/vs/workbench/workbench.desktop.main.js:1598:7978)
    at async L._scanAndHandleExtensions (file:///opt/visual-studio-code/resources/app/out/vs/workbench/workbench.desktop.main.js:2659:6448)
    at async L._initialize (file:///opt/visual-studio-code/resources/app/out/vs/workbench/workbench.desktop.main.js:1734:15238)
[2021-02-22 09:31:49.535] [renderer1] [warning] Ignoring the error while validating workspace folder vscode-remote://ssh-remote%2Badrien2/home/val/python_wkspce/plc_seg - Connecting with SSH timed out
[2021-02-22 09:31:49.538] [renderer1] [error] Unable to read file 'vscode-remote://ssh-remote+adrien2/home/val/python_wkspce/plc_seg/.vscode/settings.json' (Error: Connecting with SSH timed out): Error: Unable to read file 'vscode-remote://ssh-remote+adrien2/home/val/python_wkspce/plc_seg/.vscode/settings.json' (Error: Connecting with SSH timed out)
    at a.doReadAsFileStream (file:///opt/visual-studio-code/resources/app/out/vs/workbench/workbench.desktop.main.js:618:28471)
    at async a.readFile (file:///opt/visual-studio-code/resources/app/out/vs/workbench/workbench.desktop.main.js:618:27576)
    at async file:///opt/visual-studio-code/resources/app/out/vs/workbench/workbench.desktop.main.js:1268:5519
    at async Promise.all (index 0)
    at async Promise.all (index 0)
    at async c.loadConfiguration (file:///opt/visual-studio-code/resources/app/out/vs/workbench/workbench.desktop.main.js:1268:5679)
[2021-02-22 09:31:49.538] [renderer1] [error] Unable to read file 'vscode-remote://ssh-remote+adrien2/home/val/python_wkspce/plc_seg/.vscode/tasks.json' (Error: Connecting with SSH timed out): Error: Unable to read file 'vscode-remote://ssh-remote+adrien2/home/val/python_wkspce/plc_seg/.vscode/tasks.json' (Error: Connecting with SSH timed out)
    at a.doReadAsFileStream (file:///opt/visual-studio-code/resources/app/out/vs/workbench/workbench.desktop.main.js:618:28471)
    at async a.readFile (file:///opt/visual-studio-code/resources/app/out/vs/workbench/workbench.desktop.main.js:618:27576)
    at async file:///opt/visual-studio-code/resources/app/out/vs/workbench/workbench.desktop.main.js:1268:5519
    at async Promise.all (index 0)
    at async Promise.all (index 1)
    at async c.loadConfiguration (file:///opt/visual-studio-code/resources/app/out/vs/workbench/workbench.desktop.main.js:1268:5679)
[2021-02-22 09:31:49.538] [renderer1] [error] Unable to read file 'vscode-remote://ssh-remote+adrien2/home/val/python_wkspce/plc_seg/.vscode/launch.json' (Error: Connecting with SSH timed out): Error: Unable to read file 'vscode-remote://ssh-remote+adrien2/home/val/python_wkspce/plc_seg/.vscode/launch.json' (Error: Connecting with SSH timed out)
    at a.doReadAsFileStream (file:///opt/visual-studio-code/resources/app/out/vs/workbench/workbench.desktop.main.js:618:28471)
    at async a.readFile (file:///opt/visual-studio-code/resources/app/out/vs/workbench/workbench.desktop.main.js:618:27576)
    at async file:///opt/visual-studio-code/resources/app/out/vs/workbench/workbench.desktop.main.js:1268:5519
    at async Promise.all (index 1)
    at async Promise.all (index 1)
    at async c.loadConfiguration (file:///opt/visual-studio-code/resources/app/out/vs/workbench/workbench.desktop.main.js:1268:5679)
[2021-02-22 09:31:49.538] [renderer1] [error] Unable to read file 'vscode-remote://ssh-remote+adrien2/home/val/python_wkspce/plc_seg/.vscode/settings.json' (Error: Connecting with SSH timed out): Error: Unable to read file 'vscode-remote://ssh-remote+adrien2/home/val/python_wkspce/plc_seg/.vscode/settings.json' (Error: Connecting with SSH timed out)
    at a.doReadAsFileStream (file:///opt/visual-studio-code/resources/app/out/vs/workbench/workbench.desktop.main.js:618:28471)
    at async a.readFile (file:///opt/visual-studio-code/resources/app/out/vs/workbench/workbench.desktop.main.js:618:27576)
    at async file:///opt/visual-studio-code/resources/app/out/vs/workbench/workbench.desktop.main.js:1268:5519
    at async Promise.all (index 0)
    at async Promise.all (index 0)
    at async c.loadConfiguration (file:///opt/visual-studio-code/resources/app/out/vs/workbench/workbench.desktop.main.js:1268:5679)
    at async Promise.all (index 0)
[2021-02-22 09:31:49.538] [renderer1] [error] Unable to read file 'vscode-remote://ssh-remote+adrien2/home/val/python_wkspce/plc_seg/.vscode/tasks.json' (Error: Connecting with SSH timed out): Error: Unable to read file 'vscode-remote://ssh-remote+adrien2/home/val/python_wkspce/plc_seg/.vscode/tasks.json' (Error: Connecting with SSH timed out)
    at a.doReadAsFileStream (file:///opt/visual-studio-code/resources/app/out/vs/workbench/workbench.desktop.main.js:618:28471)
    at async a.readFile (file:///opt/visual-studio-code/resources/app/out/vs/workbench/workbench.desktop.main.js:618:27576)
    at async file:///opt/visual-studio-code/resources/app/out/vs/workbench/workbench.desktop.main.js:1268:5519
    at async Promise.all (index 0)
    at async Promise.all (index 1)
    at async c.loadConfiguration (file:///opt/visual-studio-code/resources/app/out/vs/workbench/workbench.desktop.main.js:1268:5679)
    at async Promise.all (index 0)
[2021-02-22 09:31:49.539] [renderer1] [error] Unable to read file 'vscode-remote://ssh-remote+adrien2/home/val/python_wkspce/plc_seg/.vscode/launch.json' (Error: Connecting with SSH timed out): Error: Unable to read file 'vscode-remote://ssh-remote+adrien2/home/val/python_wkspce/plc_seg/.vscode/launch.json' (Error: Connecting with SSH timed out)
    at a.doReadAsFileStream (file:///opt/visual-studio-code/resources/app/out/vs/workbench/workbench.desktop.main.js:618:28471)
    at async a.readFile (file:///opt/visual-studio-code/resources/app/out/vs/workbench/workbench.desktop.main.js:618:27576)
    at async file:///opt/visual-studio-code/resources/app/out/vs/workbench/workbench.desktop.main.js:1268:5519
    at async Promise.all (index 1)
    at async Promise.all (index 1)
    at async c.loadConfiguration (file:///opt/visual-studio-code/resources/app/out/vs/workbench/workbench.desktop.main.js:1268:5679)
    at async Promise.all (index 0)
[2021-02-22 09:31:49.573] [renderer1] [error] Connecting with SSH timed out: Error: Connecting with SSH timed out
    at rr.resolveAuthority (file:///opt/visual-studio-code/resources/app/out/vs/workbench/workbench.desktop.main.js:1598:7978)
    at async L._scanAndHandleExtensions (file:///opt/visual-studio-code/resources/app/out/vs/workbench/workbench.desktop.main.js:2659:6448)
    at async L._initialize (file:///opt/visual-studio-code/resources/app/out/vs/workbench/workbench.desktop.main.js:1734:15238)
[2021-02-22 09:47:16.483] [renderer1] [error] [remote-connection] An error occurred in the very first connect attempt, it will be treated as a permanent error! Error:
[2021-02-22 09:47:16.483] [renderer1] [error] Error: Connecting with SSH timed out
    at rr.resolveAuthority (file:///opt/visual-studio-code/resources/app/out/vs/workbench/workbench.desktop.main.js:1598:7978)
    at async L._scanAndHandleExtensions (file:///opt/visual-studio-code/resources/app/out/vs/workbench/workbench.desktop.main.js:2659:6448)
    at async L._initialize (file:///opt/visual-studio-code/resources/app/out/vs/workbench/workbench.desktop.main.js:1734:15238)
[2021-02-22 09:47:16.500] [renderer1] [warning] Ignoring the error while validating workspace folder vscode-remote://ssh-remote%2Badrien2/home/val/python_wkspce/plc_seg - Connecting with SSH timed out
[2021-02-22 09:47:16.503] [renderer1] [error] Unable to read file 'vscode-remote://ssh-remote+adrien2/home/val/python_wkspce/plc_seg/.vscode/settings.json' (Error: Connecting with SSH timed out): Error: Unable to read file 'vscode-remote://ssh-remote+adrien2/home/val/python_wkspce/plc_seg/.vscode/settings.json' (Error: Connecting with SSH timed out)
    at a.doReadAsFileStream (file:///opt/visual-studio-code/resources/app/out/vs/workbench/workbench.desktop.main.js:618:28471)
    at async a.readFile (file:///opt/visual-studio-code/resources/app/out/vs/workbench/workbench.desktop.main.js:618:27576)
    at async file:///opt/visual-studio-code/resources/app/out/vs/workbench/workbench.desktop.main.js:1268:5519
    at async Promise.all (index 0)
    at async Promise.all (index 0)
    at async c.loadConfiguration (file:///opt/visual-studio-code/resources/app/out/vs/workbench/workbench.desktop.main.js:1268:5679)
[2021-02-22 09:47:16.503] [renderer1] [error] Unable to read file 'vscode-remote://ssh-remote+adrien2/home/val/python_wkspce/plc_seg/.vscode/tasks.json' (Error: Connecting with SSH timed out): Error: Unable to read file 'vscode-remote://ssh-remote+adrien2/home/val/python_wkspce/plc_seg/.vscode/tasks.json' (Error: Connecting with SSH timed out)
    at a.doReadAsFileStream (file:///opt/visual-studio-code/resources/app/out/vs/workbench/workbench.desktop.main.js:618:28471)
    at async a.readFile (file:///opt/visual-studio-code/resources/app/out/vs/workbench/workbench.desktop.main.js:618:27576)
    at async file:///opt/visual-studio-code/resources/app/out/vs/workbench/workbench.desktop.main.js:1268:5519
    at async Promise.all (index 0)
    at async Promise.all (index 1)
    at async c.loadConfiguration (file:///opt/visual-studio-code/resources/app/out/vs/workbench/workbench.desktop.main.js:1268:5679)
[2021-02-22 09:47:16.503] [renderer1] [error] Unable to read file 'vscode-remote://ssh-remote+adrien2/home/val/python_wkspce/plc_seg/.vscode/launch.json' (Error: Connecting with SSH timed out): Error: Unable to read file 'vscode-remote://ssh-remote+adrien2/home/val/python_wkspce/plc_seg/.vscode/launch.json' (Error: Connecting with SSH timed out)
    at a.doReadAsFileStream (file:///opt/visual-studio-code/resources/app/out/vs/workbench/workbench.desktop.main.js:618:28471)
    at async a.readFile (file:///opt/visual-studio-code/resources/app/out/vs/workbench/workbench.desktop.main.js:618:27576)
    at async file:///opt/visual-studio-code/resources/app/out/vs/workbench/workbench.desktop.main.js:1268:5519
    at async Promise.all (index 1)
    at async Promise.all (index 1)
    at async c.loadConfiguration (file:///opt/visual-studio-code/resources/app/out/vs/workbench/workbench.desktop.main.js:1268:5679)
[2021-02-22 09:47:16.504] [renderer1] [error] Unable to read file 'vscode-remote://ssh-remote+adrien2/home/val/python_wkspce/plc_seg/.vscode/settings.json' (Error: Connecting with SSH timed out): Error: Unable to read file 'vscode-remote://ssh-remote+adrien2/home/val/python_wkspce/plc_seg/.vscode/settings.json' (Error: Connecting with SSH timed out)
    at a.doReadAsFileStream (file:///opt/visual-studio-code/resources/app/out/vs/workbench/workbench.desktop.main.js:618:28471)
    at async a.readFile (file:///opt/visual-studio-code/resources/app/out/vs/workbench/workbench.desktop.main.js:618:27576)
    at async file:///opt/visual-studio-code/resources/app/out/vs/workbench/workbench.desktop.main.js:1268:5519
    at async Promise.all (index 0)
    at async Promise.all (index 0)
    at async c.loadConfiguration (file:///opt/visual-studio-code/resources/app/out/vs/workbench/workbench.desktop.main.js:1268:5679)
    at async Promise.all (index 0)
[2021-02-22 09:47:16.504] [renderer1] [error] Unable to read file 'vscode-remote://ssh-remote+adrien2/home/val/python_wkspce/plc_seg/.vscode/tasks.json' (Error: Connecting with SSH timed out): Error: Unable to read file 'vscode-remote://ssh-remote+adrien2/home/val/python_wkspce/plc_seg/.vscode/tasks.json' (Error: Connecting with SSH timed out)
    at a.doReadAsFileStream (file:///opt/visual-studio-code/resources/app/out/vs/workbench/workbench.desktop.main.js:618:28471)
    at async a.readFile (file:///opt/visual-studio-code/resources/app/out/vs/workbench/workbench.desktop.main.js:618:27576)
    at async file:///opt/visual-studio-code/resources/app/out/vs/workbench/workbench.desktop.main.js:1268:5519
    at async Promise.all (index 0)
    at async Promise.all (index 1)
    at async c.loadConfiguration (file:///opt/visual-studio-code/resources/app/out/vs/workbench/workbench.desktop.main.js:1268:5679)
    at async Promise.all (index 0)
[2021-02-22 09:47:16.504] [renderer1] [error] Unable to read file 'vscode-remote://ssh-remote+adrien2/home/val/python_wkspce/plc_seg/.vscode/launch.json' (Error: Connecting with SSH timed out): Error: Unable to read file 'vscode-remote://ssh-remote+adrien2/home/val/python_wkspce/plc_seg/.vscode/launch.json' (Error: Connecting with SSH timed out)
    at a.doReadAsFileStream (file:///opt/visual-studio-code/resources/app/out/vs/workbench/workbench.desktop.main.js:618:28471)
    at async a.readFile (file:///opt/visual-studio-code/resources/app/out/vs/workbench/workbench.desktop.main.js:618:27576)
    at async file:///opt/visual-studio-code/resources/app/out/vs/workbench/workbench.desktop.main.js:1268:5519
    at async Promise.all (index 1)
    at async Promise.all (index 1)
    at async c.loadConfiguration (file:///opt/visual-studio-code/resources/app/out/vs/workbench/workbench.desktop.main.js:1268:5679)
    at async Promise.all (index 0)
[2021-02-22 09:47:16.541] [renderer1] [error] Connecting with SSH timed out: Error: Connecting with SSH timed out
    at rr.resolveAuthority (file:///opt/visual-studio-code/resources/app/out/vs/workbench/workbench.desktop.main.js:1598:7978)
    at async L._scanAndHandleExtensions (file:///opt/visual-studio-code/resources/app/out/vs/workbench/workbench.desktop.main.js:2659:6448)
    at async L._initialize (file:///opt/visual-studio-code/resources/app/out/vs/workbench/workbench.desktop.main.js:1734:15238)
[2021-02-22 10:28:51.285] [renderer1] [error] [remote-connection] An error occurred in the very first connect attempt, it will be treated as a permanent error! Error:
[2021-02-22 10:28:51.286] [renderer1] [error] Error: Connecting with SSH timed out
    at rr.resolveAuthority (file:///opt/visual-studio-code/resources/app/out/vs/workbench/workbench.desktop.main.js:1598:7978)
    at async L._scanAndHandleExtensions (file:///opt/visual-studio-code/resources/app/out/vs/workbench/workbench.desktop.main.js:2659:6448)
    at async L._initialize (file:///opt/visual-studio-code/resources/app/out/vs/workbench/workbench.desktop.main.js:1734:15238)
[2021-02-22 10:28:51.306] [renderer1] [warning] Ignoring the error while validating workspace folder vscode-remote://ssh-remote%2Badrien2/home/val/python_wkspce/plc_seg - Connecting with SSH timed out
[2021-02-22 10:28:51.310] [renderer1] [error] Unable to read file 'vscode-remote://ssh-remote+adrien2/home/val/python_wkspce/plc_seg/.vscode/settings.json' (Error: Connecting with SSH timed out): Error: Unable to read file 'vscode-remote://ssh-remote+adrien2/home/val/python_wkspce/plc_seg/.vscode/settings.json' (Error: Connecting with SSH timed out)
    at a.doReadAsFileStream (file:///opt/visual-studio-code/resources/app/out/vs/workbench/workbench.desktop.main.js:618:28471)
    at async a.readFile (file:///opt/visual-studio-code/resources/app/out/vs/workbench/workbench.desktop.main.js:618:27576)
    at async file:///opt/visual-studio-code/resources/app/out/vs/workbench/workbench.desktop.main.js:1268:5519
    at async Promise.all (index 0)
    at async Promise.all (index 0)
    at async c.loadConfiguration (file:///opt/visual-studio-code/resources/app/out/vs/workbench/workbench.desktop.main.js:1268:5679)
[2021-02-22 10:28:51.310] [renderer1] [error] Unable to read file 'vscode-remote://ssh-remote+adrien2/home/val/python_wkspce/plc_seg/.vscode/tasks.json' (Error: Connecting with SSH timed out): Error: Unable to read file 'vscode-remote://ssh-remote+adrien2/home/val/python_wkspce/plc_seg/.vscode/tasks.json' (Error: Connecting with SSH timed out)
    at a.doReadAsFileStream (file:///opt/visual-studio-code/resources/app/out/vs/workbench/workbench.desktop.main.js:618:28471)
    at async a.readFile (file:///opt/visual-studio-code/resources/app/out/vs/workbench/workbench.desktop.main.js:618:27576)
    at async file:///opt/visual-studio-code/resources/app/out/vs/workbench/workbench.desktop.main.js:1268:5519
    at async Promise.all (index 0)
    at async Promise.all (index 1)
    at async c.loadConfiguration (file:///opt/visual-studio-code/resources/app/out/vs/workbench/workbench.desktop.main.js:1268:5679)
[2021-02-22 10:28:51.310] [renderer1] [error] Unable to read file 'vscode-remote://ssh-remote+adrien2/home/val/python_wkspce/plc_seg/.vscode/launch.json' (Error: Connecting with SSH timed out): Error: Unable to read file 'vscode-remote://ssh-remote+adrien2/home/val/python_wkspce/plc_seg/.vscode/launch.json' (Error: Connecting with SSH timed out)
    at a.doReadAsFileStream (file:///opt/visual-studio-code/resources/app/out/vs/workbench/workbench.desktop.main.js:618:28471)
    at async a.readFile (file:///opt/visual-studio-code/resources/app/out/vs/workbench/workbench.desktop.main.js:618:27576)
    at async file:///opt/visual-studio-code/resources/app/out/vs/workbench/workbench.desktop.main.js:1268:5519
    at async Promise.all (index 1)
    at async Promise.all (index 1)
    at async c.loadConfiguration (file:///opt/visual-studio-code/resources/app/out/vs/workbench/workbench.desktop.main.js:1268:5679)
[2021-02-22 10:28:51.311] [renderer1] [error] Unable to read file 'vscode-remote://ssh-remote+adrien2/home/val/python_wkspce/plc_seg/.vscode/settings.json' (Error: Connecting with SSH timed out): Error: Unable to read file 'vscode-remote://ssh-remote+adrien2/home/val/python_wkspce/plc_seg/.vscode/settings.json' (Error: Connecting with SSH timed out)
    at a.doReadAsFileStream (file:///opt/visual-studio-code/resources/app/out/vs/workbench/workbench.desktop.main.js:618:28471)
    at async a.readFile (file:///opt/visual-studio-code/resources/app/out/vs/workbench/workbench.desktop.main.js:618:27576)
    at async file:///opt/visual-studio-code/resources/app/out/vs/workbench/workbench.desktop.main.js:1268:5519
    at async Promise.all (index 0)
    at async Promise.all (index 0)
    at async c.loadConfiguration (file:///opt/visual-studio-code/resources/app/out/vs/workbench/workbench.desktop.main.js:1268:5679)
    at async Promise.all (index 0)
[2021-02-22 10:28:51.311] [renderer1] [error] Unable to read file 'vscode-remote://ssh-remote+adrien2/home/val/python_wkspce/plc_seg/.vscode/tasks.json' (Error: Connecting with SSH timed out): Error: Unable to read file 'vscode-remote://ssh-remote+adrien2/home/val/python_wkspce/plc_seg/.vscode/tasks.json' (Error: Connecting with SSH timed out)
    at a.doReadAsFileStream (file:///opt/visual-studio-code/resources/app/out/vs/workbench/workbench.desktop.main.js:618:28471)
    at async a.readFile (file:///opt/visual-studio-code/resources/app/out/vs/workbench/workbench.desktop.main.js:618:27576)
    at async file:///opt/visual-studio-code/resources/app/out/vs/workbench/workbench.desktop.main.js:1268:5519
    at async Promise.all (index 0)
    at async Promise.all (index 1)
    at async c.loadConfiguration (file:///opt/visual-studio-code/resources/app/out/vs/workbench/workbench.desktop.main.js:1268:5679)
    at async Promise.all (index 0)
[2021-02-22 10:28:51.311] [renderer1] [error] Unable to read file 'vscode-remote://ssh-remote+adrien2/home/val/python_wkspce/plc_seg/.vscode/launch.json' (Error: Connecting with SSH timed out): Error: Unable to read file 'vscode-remote://ssh-remote+adrien2/home/val/python_wkspce/plc_seg/.vscode/launch.json' (Error: Connecting with SSH timed out)
    at a.doReadAsFileStream (file:///opt/visual-studio-code/resources/app/out/vs/workbench/workbench.desktop.main.js:618:28471)
    at async a.readFile (file:///opt/visual-studio-code/resources/app/out/vs/workbench/workbench.desktop.main.js:618:27576)
    at async file:///opt/visual-studio-code/resources/app/out/vs/workbench/workbench.desktop.main.js:1268:5519
    at async Promise.all (index 1)
    at async Promise.all (index 1)
    at async c.loadConfiguration (file:///opt/visual-studio-code/resources/app/out/vs/workbench/workbench.desktop.main.js:1268:5679)
    at async Promise.all (index 0)
[2021-02-22 10:28:51.347] [renderer1] [error] Connecting with SSH timed out: Error: Connecting with SSH timed out
    at rr.resolveAuthority (file:///opt/visual-studio-code/resources/app/out/vs/workbench/workbench.desktop.main.js:1598:7978)
    at async L._scanAndHandleExtensions (file:///opt/visual-studio-code/resources/app/out/vs/workbench/workbench.desktop.main.js:2659:6448)
    at async L._initialize (file:///opt/visual-studio-code/resources/app/out/vs/workbench/workbench.desktop.main.js:1734:15238)
[2021-02-22 19:30:31.369] [renderer1] [info] [remote-connection][ExtensionHost][918b9…][reconnect] starting reconnecting loop. You can get more information with the trace log level.
[2021-02-22 19:30:31.369] [renderer1] [info] [remote-connection][ExtensionHost][918b9…][reconnect] resolving connection...
[2021-02-22 19:30:31.370] [renderer1] [info] [remote-connection][ExtensionHost][918b9…][reconnect] connecting to 127.0.0.1:40337...
[2021-02-22 19:30:31.372] [renderer1] [info] [remote-connection][Management   ][ea5ee…][reconnect] starting reconnecting loop. You can get more information with the trace log level.
[2021-02-22 19:30:31.379] [renderer1] [info] [remote-connection][Management   ][ea5ee…][reconnect] resolving connection...
[2021-02-22 19:30:47.461] [renderer1] [info] [remote-connection][Management   ][ea5ee…][reconnect] connecting to 127.0.0.1:42581...
[2021-02-22 19:30:49.031] [renderer1] [info] [remote-connection][Management   ][ea5ee…][reconnect] reconnected!
[2021-02-22 19:31:01.373] [renderer1] [error] [remote-connection] The time limit has been reached for a connection. Error:
[2021-02-22 19:31:01.373] [renderer1] [error] Error: Time limit reached
    at file:///opt/visual-studio-code/resources/app/out/vs/workbench/workbench.desktop.main.js:623:118270
[2021-02-22 19:31:01.373] [renderer1] [info] [remote-connection][ExtensionHost][918b9…][reconnect] A network error occurred while trying to reconnect, will try again...
[2021-02-22 19:31:01.374] [renderer1] [info] [remote-connection][ExtensionHost][918b9…][reconnect] waiting for 5 seconds before reconnecting...
[2021-02-22 19:31:06.374] [renderer1] [info] [remote-connection][ExtensionHost][918b9…][reconnect] resolving connection...
[2021-02-22 19:31:06.375] [renderer1] [info] [remote-connection][ExtensionHost][918b9…][reconnect] connecting to 127.0.0.1:42581...
[2021-02-22 19:31:09.268] [renderer1] [info] [remote-connection][ExtensionHost][918b9…][reconnect] reconnected!
[2021-02-22 19:33:16.555] [renderer1] [info] [remote-connection][Management   ][ea5ee…][reconnect] starting reconnecting loop. You can get more information with the trace log level.
[2021-02-22 19:33:16.556] [renderer1] [info] [remote-connection][Management   ][ea5ee…][reconnect] resolving connection...
[2021-02-22 19:33:20.987] [renderer1] [info] [remote-connection][ExtensionHost][918b9…][reconnect] starting reconnecting loop. You can get more information with the trace log level.
[2021-02-22 19:33:20.988] [renderer1] [info] [remote-connection][ExtensionHost][918b9…][reconnect] resolving connection...
[2021-02-22 19:33:32.224] [renderer1] [info] [remote-connection][Management   ][ea5ee…][reconnect] connecting to 127.0.0.1:46313...
[2021-02-22 19:33:32.225] [renderer1] [info] [remote-connection][ExtensionHost][918b9…][reconnect] connecting to 127.0.0.1:46313...
[2021-02-22 19:33:36.426] [renderer1] [info] [remote-connection][Management   ][ea5ee…][reconnect] reconnected!
[2021-02-22 19:33:38.275] [renderer1] [info] [remote-connection][ExtensionHost][918b9…][reconnect] reconnected!
[2021-02-22 19:34:31.381] [renderer1] [error] [remote-connection][ExtensionHost][918b9…][reconnect][127.0.0.1:40337] socketFactory.connect() failed. Error:
[2021-02-22 19:34:31.381] [renderer1] [error] Error: WebSocket close with status code 1006
    at WebSocket.<anonymous> (file:///opt/visual-studio-code/resources/app/out/vs/workbench/workbench.desktop.main.js:623:105451)
[2021-02-22 19:53:40.153] [renderer1] [info] [remote-connection][ExtensionHost][918b9…][reconnect] starting reconnecting loop. You can get more information with the trace log level.
[2021-02-22 19:53:40.153] [renderer1] [info] [remote-connection][ExtensionHost][918b9…][reconnect] resolving connection...
[2021-02-22 19:53:40.153] [renderer1] [info] [remote-connection][ExtensionHost][918b9…][reconnect] connecting to 127.0.0.1:46313...
[2021-02-22 19:53:43.713] [renderer1] [info] [remote-connection][Management   ][ea5ee…][reconnect] starting reconnecting loop. You can get more information with the trace log level.
[2021-02-22 19:53:43.714] [renderer1] [info] [remote-connection][Management   ][ea5ee…][reconnect] resolving connection...
[2021-02-22 19:53:46.958] [renderer1] [info] [remote-connection][ExtensionHost][918b9…][reconnect] reconnected!
[2021-02-22 19:53:48.458] [renderer1] [info] [remote-connection][ExtensionHost][918b9…][reconnect] starting reconnecting loop. You can get more information with the trace log level.
[2021-02-22 19:53:48.458] [renderer1] [info] [remote-connection][ExtensionHost][918b9…][reconnect] resolving connection...
[2021-02-22 19:53:58.901] [renderer1] [info] [remote-connection][Management   ][ea5ee…][reconnect] A temporarily not available error occurred while trying to reconnect, will try again...
[2021-02-22 19:53:58.901] [renderer1] [info] [remote-connection][Management   ][ea5ee…][reconnect] waiting for 5 seconds before reconnecting...
[2021-02-22 19:53:58.901] [renderer1] [info] [remote-connection][ExtensionHost][918b9…][reconnect] A temporarily not available error occurred while trying to reconnect, will try again...
[2021-02-22 19:53:58.901] [renderer1] [info] [remote-connection][ExtensionHost][918b9…][reconnect] waiting for 5 seconds before reconnecting...
[2021-02-22 19:54:03.901] [renderer1] [info] [remote-connection][Management   ][ea5ee…][reconnect] resolving connection...
[2021-02-22 19:54:03.903] [renderer1] [info] [remote-connection][ExtensionHost][918b9…][reconnect] resolving connection...
[2021-02-22 19:54:20.973] [renderer1] [info] [remote-connection][Management   ][ea5ee…][reconnect] A temporarily not available error occurred while trying to reconnect, will try again...
[2021-02-22 19:54:20.973] [renderer1] [info] [remote-connection][Management   ][ea5ee…][reconnect] waiting for 5 seconds before reconnecting...
[2021-02-22 19:54:20.973] [renderer1] [info] [remote-connection][ExtensionHost][918b9…][reconnect] A temporarily not available error occurred while trying to reconnect, will try again...
[2021-02-22 19:54:20.974] [renderer1] [info] [remote-connection][ExtensionHost][918b9…][reconnect] waiting for 5 seconds before reconnecting...
[2021-02-22 19:54:25.974] [renderer1] [info] [remote-connection][Management   ][ea5ee…][reconnect] resolving connection...
[2021-02-22 19:54:25.976] [renderer1] [info] [remote-connection][ExtensionHost][918b9…][reconnect] resolving connection...
[2021-02-22 19:54:43.011] [renderer1] [info] [remote-connection][Management   ][ea5ee…][reconnect] A temporarily not available error occurred while trying to reconnect, will try again...
[2021-02-22 19:54:43.011] [renderer1] [info] [remote-connection][Management   ][ea5ee…][reconnect] waiting for 10 seconds before reconnecting...
[2021-02-22 19:54:43.011] [renderer1] [info] [remote-connection][ExtensionHost][918b9…][reconnect] A temporarily not available error occurred while trying to reconnect, will try again...
[2021-02-22 19:54:43.011] [renderer1] [info] [remote-connection][ExtensionHost][918b9…][reconnect] waiting for 10 seconds before reconnecting...
[2021-02-22 19:54:53.023] [renderer1] [info] [remote-connection][Management   ][ea5ee…][reconnect] resolving connection...
[2021-02-22 19:54:53.030] [renderer1] [info] [remote-connection][ExtensionHost][918b9…][reconnect] resolving connection...
[2021-02-22 19:55:07.427] [renderer1] [info] [remote-connection][Management   ][ea5ee…][reconnect] connecting to 127.0.0.1:45715...
[2021-02-22 19:55:07.427] [renderer1] [info] [remote-connection][ExtensionHost][918b9…][reconnect] connecting to 127.0.0.1:45715...
[2021-02-22 19:55:08.948] [renderer1] [info] [remote-connection][Management   ][ea5ee…][reconnect] reconnected!
[2021-02-22 19:55:11.526] [renderer1] [info] [remote-connection][ExtensionHost][918b9…][reconnect] reconnected!
[2021-02-22 20:04:12.650] [renderer1] [info] [remote-connection][ExtensionHost][918b9…][reconnect] starting reconnecting loop. You can get more information with the trace log level.
[2021-02-22 20:04:12.650] [renderer1] [info] [remote-connection][ExtensionHost][918b9…][reconnect] resolving connection...
[2021-02-22 20:04:12.651] [renderer1] [info] [remote-connection][ExtensionHost][918b9…][reconnect] connecting to 127.0.0.1:45715...
[2021-02-22 20:04:12.740] [renderer1] [info] [remote-connection][Management   ][ea5ee…][reconnect] starting reconnecting loop. You can get more information with the trace log level.
[2021-02-22 20:04:12.742] [renderer1] [info] [remote-connection][Management   ][ea5ee…][reconnect] resolving connection...
[2021-02-22 20:04:29.806] [renderer1] [info] [remote-connection][Management   ][ea5ee…][reconnect] A temporarily not available error occurred while trying to reconnect, will try again...
[2021-02-22 20:04:29.806] [renderer1] [info] [remote-connection][Management   ][ea5ee…][reconnect] waiting for 5 seconds before reconnecting...
[2021-02-22 20:04:34.806] [renderer1] [info] [remote-connection][Management   ][ea5ee…][reconnect] resolving connection...
[2021-02-22 20:04:42.652] [renderer1] [error] [remote-connection] The time limit has been reached for a connection. Error:
[2021-02-22 20:04:42.652] [renderer1] [error] Error: Time limit reached
    at file:///opt/visual-studio-code/resources/app/out/vs/workbench/workbench.desktop.main.js:623:118270
[2021-02-22 20:04:42.652] [renderer1] [info] [remote-connection][ExtensionHost][918b9…][reconnect] A network error occurred while trying to reconnect, will try again...
[2021-02-22 20:04:42.653] [renderer1] [info] [remote-connection][ExtensionHost][918b9…][reconnect] waiting for 5 seconds before reconnecting...
[2021-02-22 20:04:47.653] [renderer1] [info] [remote-connection][ExtensionHost][918b9…][reconnect] resolving connection...
[2021-02-22 20:04:51.849] [renderer1] [info] [remote-connection][Management   ][ea5ee…][reconnect] A temporarily not available error occurred while trying to reconnect, will try again...
[2021-02-22 20:04:51.849] [renderer1] [info] [remote-connection][Management   ][ea5ee…][reconnect] waiting for 5 seconds before reconnecting...
[2021-02-22 20:04:51.849] [renderer1] [info] [remote-connection][ExtensionHost][918b9…][reconnect] A temporarily not available error occurred while trying to reconnect, will try again...
[2021-02-22 20:04:51.850] [renderer1] [info] [remote-connection][ExtensionHost][918b9…][reconnect] waiting for 5 seconds before reconnecting...
[2021-02-22 20:04:56.858] [renderer1] [info] [remote-connection][Management   ][ea5ee…][reconnect] resolving connection...
[2021-02-22 20:04:56.870] [renderer1] [info] [remote-connection][ExtensionHost][918b9…][reconnect] resolving connection...
[2021-02-22 20:05:12.015] [renderer1] [info] [remote-connection][Management   ][ea5ee…][reconnect] A temporarily not available error occurred while trying to reconnect, will try again...
[2021-02-22 20:05:12.025] [renderer1] [info] [remote-connection][Management   ][ea5ee…][reconnect] waiting for 10 seconds before reconnecting...
[2021-02-22 20:05:12.025] [renderer1] [info] [remote-connection][ExtensionHost][918b9…][reconnect] A temporarily not available error occurred while trying to reconnect, will try again...
[2021-02-22 20:05:12.025] [renderer1] [info] [remote-connection][ExtensionHost][918b9…][reconnect] waiting for 10 seconds before reconnecting...
[2021-02-22 20:05:22.024] [renderer1] [info] [remote-connection][Management   ][ea5ee…][reconnect] resolving connection...
[2021-02-22 20:05:22.039] [renderer1] [info] [remote-connection][ExtensionHost][918b9…][reconnect] resolving connection...
[2021-02-22 20:05:37.754] [renderer1] [info] [remote-connection][Management   ][ea5ee…][reconnect] connecting to 127.0.0.1:41801...
[2021-02-22 20:05:37.754] [renderer1] [info] [remote-connection][ExtensionHost][918b9…][reconnect] connecting to 127.0.0.1:41801...
[2021-02-22 20:05:44.268] [renderer1] [info] [remote-connection][Management   ][ea5ee…][reconnect] reconnected!
[2021-02-22 20:05:45.529] [renderer1] [info] [remote-connection][ExtensionHost][918b9…][reconnect] reconnected!
[2021-02-22 20:06:46.861] [renderer1] [info] [remote-connection][Management   ][ea5ee…][reconnect] starting reconnecting loop. You can get more information with the trace log level.
[2021-02-22 20:06:46.863] [renderer1] [info] [remote-connection][Management   ][ea5ee…][reconnect] resolving connection...
[2021-02-22 20:06:47.709] [renderer1] [info] [remote-connection][ExtensionHost][918b9…][reconnect] starting reconnecting loop. You can get more information with the trace log level.
[2021-02-22 20:06:47.709] [renderer1] [info] [remote-connection][ExtensionHost][918b9…][reconnect] resolving connection...
[2021-02-22 20:07:02.036] [renderer1] [info] [remote-connection][Management   ][ea5ee…][reconnect] A temporarily not available error occurred while trying to reconnect, will try again...
[2021-02-22 20:07:02.036] [renderer1] [info] [remote-connection][Management   ][ea5ee…][reconnect] waiting for 5 seconds before reconnecting...
[2021-02-22 20:07:02.036] [renderer1] [info] [remote-connection][ExtensionHost][918b9…][reconnect] A temporarily not available error occurred while trying to reconnect, will try again...
[2021-02-22 20:07:02.036] [renderer1] [info] [remote-connection][ExtensionHost][918b9…][reconnect] waiting for 5 seconds before reconnecting...
[2021-02-22 20:07:07.039] [renderer1] [info] [remote-connection][Management   ][ea5ee…][reconnect] resolving connection...
[2021-02-22 20:07:07.039] [renderer1] [info] [remote-connection][ExtensionHost][918b9…][reconnect] resolving connection...
[2021-02-22 20:07:23.738] [renderer1] [info] [remote-connection][Management   ][ea5ee…][reconnect] connecting to 127.0.0.1:46521...
[2021-02-22 20:07:23.738] [renderer1] [info] [remote-connection][ExtensionHost][918b9…][reconnect] connecting to 127.0.0.1:46521...
[2021-02-22 20:07:29.303] [renderer1] [info] [remote-connection][Management   ][ea5ee…][reconnect] reconnected!
[2021-02-22 20:07:31.045] [renderer1] [info] [remote-connection][ExtensionHost][918b9…][reconnect] reconnected!
[2021-02-22 20:08:12.654] [renderer1] [error] [remote-connection][ExtensionHost][918b9…][reconnect][127.0.0.1:45715] socketFactory.connect() failed. Error:
[2021-02-22 20:08:12.654] [renderer1] [error] Error: WebSocket close with status code 1006
    at WebSocket.<anonymous> (file:///opt/visual-studio-code/resources/app/out/vs/workbench/workbench.desktop.main.js:623:105451)
[2021-02-22 20:15:45.109] [renderer1] [info] [remote-connection][Management   ][ea5ee…][reconnect] starting reconnecting loop. You can get more information with the trace log level.
[2021-02-22 20:15:45.111] [renderer1] [info] [remote-connection][Management   ][ea5ee…][reconnect] resolving connection...
[2021-02-22 20:15:48.751] [renderer1] [info] [remote-connection][ExtensionHost][918b9…][reconnect] starting reconnecting loop. You can get more information with the trace log level.
[2021-02-22 20:15:48.751] [renderer1] [info] [remote-connection][ExtensionHost][918b9…][reconnect] resolving connection...
[2021-02-22 20:15:55.965] [renderer1] [info] [remote-connection][Management   ][ea5ee…][reconnect] connecting to 127.0.0.1:38575...
[2021-02-22 20:15:55.966] [renderer1] [info] [remote-connection][ExtensionHost][918b9…][reconnect] connecting to 127.0.0.1:38575...
[2021-02-22 20:15:57.252] [renderer1] [info] [remote-connection][Management   ][ea5ee…][reconnect] reconnected!
[2021-02-22 20:15:57.815] [renderer1] [info] [remote-connection][ExtensionHost][918b9…][reconnect] reconnected!
[2021-02-22 20:37:57.167] [renderer1] [info] [remote-connection][Management   ][ea5ee…][reconnect] starting reconnecting loop. You can get more information with the trace log level.
[2021-02-22 20:37:57.169] [renderer1] [info] [remote-connection][Management   ][ea5ee…][reconnect] resolving connection...
[2021-02-22 20:37:57.327] [renderer1] [info] [remote-connection][ExtensionHost][918b9…][reconnect] starting reconnecting loop. You can get more information with the trace log level.
[2021-02-22 20:37:57.327] [renderer1] [info] [remote-connection][ExtensionHost][918b9…][reconnect] resolving connection...
[2021-02-22 20:38:12.331] [renderer1] [info] [remote-connection][Management   ][ea5ee…][reconnect] A temporarily not available error occurred while trying to reconnect, will try again...
[2021-02-22 20:38:12.331] [renderer1] [info] [remote-connection][Management   ][ea5ee…][reconnect] waiting for 5 seconds before reconnecting...
[2021-02-22 20:38:12.331] [renderer1] [info] [remote-connection][ExtensionHost][918b9…][reconnect] A temporarily not available error occurred while trying to reconnect, will try again...
[2021-02-22 20:38:12.331] [renderer1] [info] [remote-connection][ExtensionHost][918b9…][reconnect] waiting for 5 seconds before reconnecting...
[2021-02-22 20:38:17.340] [renderer1] [info] [remote-connection][Management   ][ea5ee…][reconnect] resolving connection...
[2021-02-22 20:38:17.355] [renderer1] [info] [remote-connection][ExtensionHost][918b9…][reconnect] resolving connection...
[2021-02-22 20:38:32.512] [renderer1] [info] [remote-connection][Management   ][ea5ee…][reconnect] A temporarily not available error occurred while trying to reconnect, will try again...
[2021-02-22 20:38:32.518] [renderer1] [info] [remote-connection][Management   ][ea5ee…][reconnect] waiting for 5 seconds before reconnecting...
[2021-02-22 20:38:32.518] [renderer1] [info] [remote-connection][ExtensionHost][918b9…][reconnect] A temporarily not available error occurred while trying to reconnect, will try again...
[2021-02-22 20:38:32.518] [renderer1] [info] [remote-connection][ExtensionHost][918b9…][reconnect] waiting for 5 seconds before reconnecting...
[2021-02-22 20:38:37.520] [renderer1] [info] [remote-connection][Management   ][ea5ee…][reconnect] resolving connection...
[2021-02-22 20:38:37.538] [renderer1] [info] [remote-connection][ExtensionHost][918b9…][reconnect] resolving connection...
[2021-02-22 20:38:52.701] [renderer1] [info] [remote-connection][Management   ][ea5ee…][reconnect] A temporarily not available error occurred while trying to reconnect, will try again...
[2021-02-22 20:38:52.713] [renderer1] [info] [remote-connection][Management   ][ea5ee…][reconnect] waiting for 10 seconds before reconnecting...
[2021-02-22 20:38:52.713] [renderer1] [info] [remote-connection][ExtensionHost][918b9…][reconnect] A temporarily not available error occurred while trying to reconnect, will try again...
[2021-02-22 20:38:52.714] [renderer1] [info] [remote-connection][ExtensionHost][918b9…][reconnect] waiting for 10 seconds before reconnecting...
[2021-02-22 20:39:02.710] [renderer1] [info] [remote-connection][Management   ][ea5ee…][reconnect] resolving connection...
[2021-02-22 20:39:02.729] [renderer1] [info] [remote-connection][ExtensionHost][918b9…][reconnect] resolving connection...
[2021-02-22 20:39:17.888] [renderer1] [info] [remote-connection][Management   ][ea5ee…][reconnect] A temporarily not available error occurred while trying to reconnect, will try again...
[2021-02-22 20:39:17.896] [renderer1] [info] [remote-connection][Management   ][ea5ee…][reconnect] waiting for 10 seconds before reconnecting...
[2021-02-22 20:39:17.896] [renderer1] [info] [remote-connection][ExtensionHost][918b9…][reconnect] A temporarily not available error occurred while trying to reconnect, will try again...
[2021-02-22 20:39:17.896] [renderer1] [info] [remote-connection][ExtensionHost][918b9…][reconnect] waiting for 10 seconds before reconnecting...
[2021-02-22 20:39:27.895] [renderer1] [info] [remote-connection][Management   ][ea5ee…][reconnect] resolving connection...
[2021-02-22 20:39:27.897] [renderer1] [info] [remote-connection][ExtensionHost][918b9…][reconnect] resolving connection...
[2021-02-22 20:39:36.675] [renderer1] [info] [remote-connection][Management   ][ea5ee…][reconnect] connecting to 127.0.0.1:37587...
[2021-02-22 20:39:36.675] [renderer1] [info] [remote-connection][ExtensionHost][918b9…][reconnect] connecting to 127.0.0.1:37587...
[2021-02-22 20:39:40.582] [renderer1] [info] [remote-connection][Management   ][ea5ee…][reconnect] reconnected!
[2021-02-22 20:39:40.701] [renderer1] [info] [remote-connection][ExtensionHost][918b9…][reconnect] reconnected!
[2021-02-22 20:41:24.651] [renderer1] [info] [remote-connection][Management   ][ea5ee…][reconnect] starting reconnecting loop. You can get more information with the trace log level.
[2021-02-22 20:41:24.653] [renderer1] [info] [remote-connection][Management   ][ea5ee…][reconnect] resolving connection...
[2021-02-22 20:41:29.464] [renderer1] [info] [remote-connection][ExtensionHost][918b9…][reconnect] starting reconnecting loop. You can get more information with the trace log level.
[2021-02-22 20:41:29.464] [renderer1] [info] [remote-connection][ExtensionHost][918b9…][reconnect] resolving connection...
[2021-02-22 20:41:39.850] [renderer1] [info] [remote-connection][Management   ][ea5ee…][reconnect] A temporarily not available error occurred while trying to reconnect, will try again...
[2021-02-22 20:41:39.850] [renderer1] [info] [remote-connection][Management   ][ea5ee…][reconnect] waiting for 5 seconds before reconnecting...
[2021-02-22 20:41:39.850] [renderer1] [info] [remote-connection][ExtensionHost][918b9…][reconnect] A temporarily not available error occurred while trying to reconnect, will try again...
[2021-02-22 20:41:39.851] [renderer1] [info] [remote-connection][ExtensionHost][918b9…][reconnect] waiting for 5 seconds before reconnecting...
[2021-02-22 20:41:44.859] [renderer1] [info] [remote-connection][Management   ][ea5ee…][reconnect] resolving connection...
[2021-02-22 20:41:44.874] [renderer1] [info] [remote-connection][ExtensionHost][918b9…][reconnect] resolving connection...
[2021-02-22 20:42:00.058] [renderer1] [info] [remote-connection][Management   ][ea5ee…][reconnect] A temporarily not available error occurred while trying to reconnect, will try again...
[2021-02-22 20:42:00.063] [renderer1] [info] [remote-connection][Management   ][ea5ee…][reconnect] waiting for 5 seconds before reconnecting...
[2021-02-22 20:42:00.063] [renderer1] [info] [remote-connection][ExtensionHost][918b9…][reconnect] A temporarily not available error occurred while trying to reconnect, will try again...
[2021-02-22 20:42:00.064] [renderer1] [info] [remote-connection][ExtensionHost][918b9…][reconnect] waiting for 5 seconds before reconnecting...
[2021-02-22 20:42:05.067] [renderer1] [info] [remote-connection][Management   ][ea5ee…][reconnect] resolving connection...
[2021-02-22 20:42:05.069] [renderer1] [info] [remote-connection][ExtensionHost][918b9…][reconnect] resolving connection...
[2021-02-22 20:42:16.467] [renderer1] [info] [remote-connection][Management   ][ea5ee…][reconnect] connecting to 127.0.0.1:37355...
[2021-02-22 20:42:16.467] [renderer1] [info] [remote-connection][ExtensionHost][918b9…][reconnect] connecting to 127.0.0.1:37355...
[2021-02-22 20:42:19.648] [renderer1] [info] [remote-connection][Management   ][ea5ee…][reconnect] reconnected!
[2021-02-22 20:42:20.051] [renderer1] [info] [remote-connection][ExtensionHost][918b9…][reconnect] reconnected!
[2021-02-22 20:44:15.367] [renderer1] [info] [remote-connection][ExtensionHost][918b9…][reconnect] starting reconnecting loop. You can get more information with the trace log level.
[2021-02-22 20:44:15.367] [renderer1] [info] [remote-connection][ExtensionHost][918b9…][reconnect] resolving connection...
[2021-02-22 20:44:15.367] [renderer1] [info] [remote-connection][ExtensionHost][918b9…][reconnect] connecting to 127.0.0.1:37355...
[2021-02-22 20:44:28.521] [renderer1] [info] [remote-connection][ExtensionHost][918b9…][reconnect] reconnected!
[2021-02-22 20:47:39.915] [renderer1] [info] [remote-connection][Management   ][ea5ee…][reconnect] starting reconnecting loop. You can get more information with the trace log level.
[2021-02-22 20:47:39.917] [renderer1] [info] [remote-connection][Management   ][ea5ee…][reconnect] resolving connection...
[2021-02-22 20:47:44.748] [renderer1] [info] [remote-connection][ExtensionHost][918b9…][reconnect] starting reconnecting loop. You can get more information with the trace log level.
[2021-02-22 20:47:44.748] [renderer1] [info] [remote-connection][ExtensionHost][918b9…][reconnect] resolving connection...
[2021-02-22 20:47:55.107] [renderer1] [info] [remote-connection][Management   ][ea5ee…][reconnect] A temporarily not available error occurred while trying to reconnect, will try again...
[2021-02-22 20:47:55.107] [renderer1] [info] [remote-connection][Management   ][ea5ee…][reconnect] waiting for 5 seconds before reconnecting...
[2021-02-22 20:47:55.107] [renderer1] [info] [remote-connection][ExtensionHost][918b9…][reconnect] A temporarily not available error occurred while trying to reconnect, will try again...
[2021-02-22 20:47:55.107] [renderer1] [info] [remote-connection][ExtensionHost][918b9…][reconnect] waiting for 5 seconds before reconnecting...
[2021-02-22 20:48:00.108] [renderer1] [info] [remote-connection][Management   ][ea5ee…][reconnect] resolving connection...
[2021-02-22 20:48:00.109] [renderer1] [info] [remote-connection][ExtensionHost][918b9…][reconnect] resolving connection...
[2021-02-22 20:48:16.839] [renderer1] [info] [remote-connection][Management   ][ea5ee…][reconnect] connecting to 127.0.0.1:44789...
[2021-02-22 20:48:16.839] [renderer1] [info] [remote-connection][ExtensionHost][918b9…][reconnect] connecting to 127.0.0.1:44789...
[2021-02-22 20:48:23.911] [renderer1] [info] [remote-connection][Management   ][ea5ee…][reconnect] reconnected!
[2021-02-22 20:48:27.240] [renderer1] [info] [remote-connection][ExtensionHost][918b9…][reconnect] reconnected!
[2021-02-22 20:57:48.135] [renderer1] [info] [remote-connection][Management   ][ea5ee…][reconnect] starting reconnecting loop. You can get more information with the trace log level.
[2021-02-22 20:57:48.136] [renderer1] [info] [remote-connection][Management   ][ea5ee…][reconnect] resolving connection...
[2021-02-22 20:57:48.204] [renderer1] [info] [remote-connection][ExtensionHost][918b9…][reconnect] starting reconnecting loop. You can get more information with the trace log level.
[2021-02-22 20:57:48.204] [renderer1] [info] [remote-connection][ExtensionHost][918b9…][reconnect] resolving connection...
[2021-02-22 20:57:57.742] [renderer1] [info] [remote-connection][Management   ][ea5ee…][reconnect] connecting to 127.0.0.1:38763...
[2021-02-22 20:57:57.743] [renderer1] [info] [remote-connection][ExtensionHost][918b9…][reconnect] connecting to 127.0.0.1:38763...
[2021-02-22 20:57:58.340] [renderer1] [info] [remote-connection][Management   ][ea5ee…][reconnect] reconnected!
[2021-02-22 20:57:59.630] [renderer1] [info] [remote-connection][ExtensionHost][918b9…][reconnect] reconnected!
[2021-02-22 21:18:45.111] [renderer1] [info] [remote-connection][Management   ][ea5ee…][reconnect] starting reconnecting loop. You can get more information with the trace log level.
[2021-02-22 21:18:45.113] [renderer1] [info] [remote-connection][Management   ][ea5ee…][reconnect] resolving connection...
[2021-02-22 21:18:45.242] [renderer1] [info] [remote-connection][ExtensionHost][918b9…][reconnect] starting reconnecting loop. You can get more information with the trace log level.
[2021-02-22 21:18:45.242] [renderer1] [info] [remote-connection][ExtensionHost][918b9…][reconnect] resolving connection...
[2021-02-22 21:19:02.489] [renderer1] [info] [remote-connection][Management   ][ea5ee…][reconnect] connecting to 127.0.0.1:46383...
[2021-02-22 21:19:02.490] [renderer1] [info] [remote-connection][ExtensionHost][918b9…][reconnect] connecting to 127.0.0.1:46383...
[2021-02-22 21:19:02.837] [renderer1] [info] [remote-connection][Management   ][ea5ee…][reconnect] reconnected!
[2021-02-22 21:19:03.827] [renderer1] [info] [remote-connection][ExtensionHost][918b9…][reconnect] reconnected!
[2021-02-22 21:26:58.999] [renderer1] [info] [remote-connection][Management   ][ea5ee…][reconnect] starting reconnecting loop. You can get more information with the trace log level.
[2021-02-22 21:26:59.000] [renderer1] [info] [remote-connection][Management   ][ea5ee…][reconnect] resolving connection...
[2021-02-22 21:27:02.784] [renderer1] [info] [remote-connection][ExtensionHost][918b9…][reconnect] starting reconnecting loop. You can get more information with the trace log level.
[2021-02-22 21:27:02.785] [renderer1] [info] [remote-connection][ExtensionHost][918b9…][reconnect] resolving connection...
[2021-02-22 21:27:14.164] [renderer1] [info] [remote-connection][Management   ][ea5ee…][reconnect] A temporarily not available error occurred while trying to reconnect, will try again...
[2021-02-22 21:27:14.164] [renderer1] [info] [remote-connection][Management   ][ea5ee…][reconnect] waiting for 5 seconds before reconnecting...
[2021-02-22 21:27:14.165] [renderer1] [info] [remote-connection][ExtensionHost][918b9…][reconnect] A temporarily not available error occurred while trying to reconnect, will try again...
[2021-02-22 21:27:14.165] [renderer1] [info] [remote-connection][ExtensionHost][918b9…][reconnect] waiting for 5 seconds before reconnecting...
[2021-02-22 21:27:19.173] [renderer1] [info] [remote-connection][Management   ][ea5ee…][reconnect] resolving connection...
[2021-02-22 21:27:19.175] [renderer1] [info] [remote-connection][ExtensionHost][918b9…][reconnect] resolving connection...
[2021-02-22 21:27:36.223] [renderer1] [info] [remote-connection][Management   ][ea5ee…][reconnect] A temporarily not available error occurred while trying to reconnect, will try again...
[2021-02-22 21:27:36.237] [renderer1] [info] [remote-connection][Management   ][ea5ee…][reconnect] waiting for 5 seconds before reconnecting...
[2021-02-22 21:27:36.238] [renderer1] [info] [remote-connection][ExtensionHost][918b9…][reconnect] A temporarily not available error occurred while trying to reconnect, will try again...
[2021-02-22 21:27:36.238] [renderer1] [info] [remote-connection][ExtensionHost][918b9…][reconnect] waiting for 5 seconds before reconnecting...
[2021-02-22 21:27:41.228] [renderer1] [info] [remote-connection][Management   ][ea5ee…][reconnect] resolving connection...
[2021-02-22 21:27:41.238] [renderer1] [info] [remote-connection][ExtensionHost][918b9…][reconnect] resolving connection...
[2021-02-22 21:28:10.486] [renderer1] [info] [remote-connection][Management   ][ea5ee…][reconnect] A temporarily not available error occurred while trying to reconnect, will try again...
[2021-02-22 21:28:10.488] [renderer1] [info] [remote-connection][Management   ][ea5ee…][reconnect] waiting for 10 seconds before reconnecting...
[2021-02-22 21:28:10.488] [renderer1] [info] [remote-connection][ExtensionHost][918b9…][reconnect] A temporarily not available error occurred while trying to reconnect, will try again...
[2021-02-22 21:28:10.488] [renderer1] [info] [remote-connection][ExtensionHost][918b9…][reconnect] waiting for 10 seconds before reconnecting...
[2021-02-22 21:28:20.494] [renderer1] [info] [remote-connection][Management   ][ea5ee…][reconnect] resolving connection...
[2021-02-22 21:28:20.512] [renderer1] [info] [remote-connection][ExtensionHost][918b9…][reconnect] resolving connection...
[2021-02-22 21:28:35.672] [renderer1] [info] [remote-connection][Management   ][ea5ee…][reconnect] A temporarily not available error occurred while trying to reconnect, will try again...
[2021-02-22 21:28:35.675] [renderer1] [info] [remote-connection][Management   ][ea5ee…][reconnect] waiting for 10 seconds before reconnecting...
[2021-02-22 21:28:35.675] [renderer1] [info] [remote-connection][ExtensionHost][918b9…][reconnect] A temporarily not available error occurred while trying to reconnect, will try again...
[2021-02-22 21:28:35.675] [renderer1] [info] [remote-connection][ExtensionHost][918b9…][reconnect] waiting for 10 seconds before reconnecting...
[2021-02-22 21:28:45.677] [renderer1] [info] [remote-connection][Management   ][ea5ee…][reconnect] resolving connection...
[2021-02-22 21:28:45.687] [renderer1] [info] [remote-connection][ExtensionHost][918b9…][reconnect] resolving connection...
[2021-02-22 21:29:11.941] [renderer1] [info] [remote-connection][Management   ][ea5ee…][reconnect] connecting to 127.0.0.1:38121...
[2021-02-22 21:29:11.942] [renderer1] [info] [remote-connection][ExtensionHost][918b9…][reconnect] connecting to 127.0.0.1:38121...
[2021-02-22 21:29:41.942] [renderer1] [error] [remote-connection] The time limit has been reached for a connection. Error:
[2021-02-22 21:29:41.942] [renderer1] [error] Error: Time limit reached
    at file:///opt/visual-studio-code/resources/app/out/vs/workbench/workbench.desktop.main.js:623:118270
[2021-02-22 21:29:41.943] [renderer1] [info] [remote-connection][Management   ][ea5ee…][reconnect] A network error occurred while trying to reconnect, will try again...
[2021-02-22 21:29:41.953] [renderer1] [info] [remote-connection][Management   ][ea5ee…][reconnect] waiting for 10 seconds before reconnecting...
[2021-02-22 21:29:41.968] [renderer1] [error] [remote-connection] The time limit has been reached for a connection. Error:
[2021-02-22 21:29:41.968] [renderer1] [error] Error: Time limit reached
    at file:///opt/visual-studio-code/resources/app/out/vs/workbench/workbench.desktop.main.js:623:118270
[2021-02-22 21:29:41.969] [renderer1] [info] [remote-connection][ExtensionHost][918b9…][reconnect] A network error occurred while trying to reconnect, will try again...
[2021-02-22 21:29:41.969] [renderer1] [info] [remote-connection][ExtensionHost][918b9…][reconnect] waiting for 10 seconds before reconnecting...
[2021-02-22 21:29:51.952] [renderer1] [info] [remote-connection][Management   ][ea5ee…][reconnect] resolving connection...
[2021-02-22 21:29:51.972] [renderer1] [info] [remote-connection][ExtensionHost][918b9…][reconnect] resolving connection...
[2021-02-22 21:30:07.149] [renderer1] [info] [remote-connection][Management   ][ea5ee…][reconnect] A temporarily not available error occurred while trying to reconnect, will try again...
[2021-02-22 21:30:07.161] [renderer1] [info] [remote-connection][Management   ][ea5ee…][reconnect] waiting for 10 seconds before reconnecting...
[2021-02-22 21:30:07.161] [renderer1] [info] [remote-connection][ExtensionHost][918b9…][reconnect] A temporarily not available error occurred while trying to reconnect, will try again...
[2021-02-22 21:30:07.161] [renderer1] [info] [remote-connection][ExtensionHost][918b9…][reconnect] waiting for 10 seconds before reconnecting...
[2021-02-22 21:30:17.153] [renderer1] [info] [remote-connection][Management   ][ea5ee…][reconnect] resolving connection...
[2021-02-22 21:30:17.180] [renderer1] [info] [remote-connection][ExtensionHost][918b9…][reconnect] resolving connection...
[2021-02-22 21:30:32.293] [renderer1] [info] [remote-connection][Management   ][ea5ee…][reconnect] A temporarily not available error occurred while trying to reconnect, will try again...
[2021-02-22 21:30:32.299] [renderer1] [info] [remote-connection][Management   ][ea5ee…][reconnect] waiting for 10 seconds before reconnecting...
[2021-02-22 21:30:32.299] [renderer1] [info] [remote-connection][ExtensionHost][918b9…][reconnect] A temporarily not available error occurred while trying to reconnect, will try again...
[2021-02-22 21:30:32.300] [renderer1] [info] [remote-connection][ExtensionHost][918b9…][reconnect] waiting for 10 seconds before reconnecting...
[2021-02-22 21:30:42.302] [renderer1] [info] [remote-connection][Management   ][ea5ee…][reconnect] resolving connection...
[2021-02-22 21:30:42.320] [renderer1] [info] [remote-connection][ExtensionHost][918b9…][reconnect] resolving connection...
[2021-02-22 21:30:59.362] [renderer1] [info] [remote-connection][Management   ][ea5ee…][reconnect] A temporarily not available error occurred while trying to reconnect, will try again...
[2021-02-22 21:30:59.365] [renderer1] [info] [remote-connection][Management   ][ea5ee…][reconnect] waiting for 30 seconds before reconnecting...
[2021-02-22 21:30:59.366] [renderer1] [info] [remote-connection][ExtensionHost][918b9…][reconnect] A temporarily not available error occurred while trying to reconnect, will try again...
[2021-02-22 21:30:59.366] [renderer1] [info] [remote-connection][ExtensionHost][918b9…][reconnect] waiting for 30 seconds before reconnecting...
[2021-02-22 21:31:29.373] [renderer1] [info] [remote-connection][Management   ][ea5ee…][reconnect] resolving connection...
[2021-02-22 21:31:29.375] [renderer1] [info] [remote-connection][ExtensionHost][918b9…][reconnect] resolving connection...
[2021-02-22 21:31:46.410] [renderer1] [info] [remote-connection][Management   ][ea5ee…][reconnect] A temporarily not available error occurred while trying to reconnect, will try again...
[2021-02-22 21:31:46.418] [renderer1] [info] [remote-connection][Management   ][ea5ee…][reconnect] waiting for 30 seconds before reconnecting...
[2021-02-22 21:31:46.418] [renderer1] [info] [remote-connection][ExtensionHost][918b9…][reconnect] A temporarily not available error occurred while trying to reconnect, will try again...
[2021-02-22 21:31:46.418] [renderer1] [info] [remote-connection][ExtensionHost][918b9…][reconnect] waiting for 30 seconds before reconnecting...
[2021-02-22 21:32:16.420] [renderer1] [info] [remote-connection][Management   ][ea5ee…][reconnect] resolving connection...
[2021-02-22 21:32:16.438] [renderer1] [info] [remote-connection][ExtensionHost][918b9…][reconnect] resolving connection...
[2021-02-22 21:32:29.493] [renderer1] [info] [remote-connection][Management   ][ea5ee…][reconnect] connecting to 127.0.0.1:45189...
[2021-02-22 21:32:29.495] [renderer1] [info] [remote-connection][ExtensionHost][918b9…][reconnect] connecting to 127.0.0.1:45189...
[2021-02-22 21:32:30.105] [renderer1] [info] [remote-connection][Management   ][ea5ee…][reconnect] reconnected!
[2021-02-22 21:32:30.665] [renderer1] [info] [remote-connection][ExtensionHost][918b9…][reconnect] reconnected!
[2021-02-22 21:40:12.840] [renderer1] [info] [remote-connection][ExtensionHost][918b9…][reconnect] starting reconnecting loop. You can get more information with the trace log level.
[2021-02-22 21:40:12.840] [renderer1] [info] [remote-connection][ExtensionHost][918b9…][reconnect] resolving connection...
[2021-02-22 21:40:12.840] [renderer1] [info] [remote-connection][ExtensionHost][918b9…][reconnect] connecting to 127.0.0.1:45189...
[2021-02-22 21:40:13.207] [renderer1] [info] [remote-connection][Management   ][ea5ee…][reconnect] starting reconnecting loop. You can get more information with the trace log level.
[2021-02-22 21:40:13.210] [renderer1] [info] [remote-connection][Management   ][ea5ee…][reconnect] resolving connection...
[2021-02-22 21:40:28.376] [renderer1] [info] [remote-connection][Management   ][ea5ee…][reconnect] A temporarily not available error occurred while trying to reconnect, will try again...
[2021-02-22 21:40:28.376] [renderer1] [info] [remote-connection][Management   ][ea5ee…][reconnect] waiting for 5 seconds before reconnecting...
[2021-02-22 21:40:33.385] [renderer1] [info] [remote-connection][Management   ][ea5ee…][reconnect] resolving connection...
[2021-02-22 21:40:42.842] [renderer1] [error] [remote-connection] The time limit has been reached for a connection. Error:
[2021-02-22 21:40:42.842] [renderer1] [error] Error: Time limit reached
    at file:///opt/visual-studio-code/resources/app/out/vs/workbench/workbench.desktop.main.js:623:118270
[2021-02-22 21:40:42.842] [renderer1] [info] [remote-connection][ExtensionHost][918b9…][reconnect] A network error occurred while trying to reconnect, will try again...
[2021-02-22 21:40:42.843] [renderer1] [info] [remote-connection][ExtensionHost][918b9…][reconnect] waiting for 5 seconds before reconnecting...
[2021-02-22 21:40:47.843] [renderer1] [info] [remote-connection][ExtensionHost][918b9…][reconnect] resolving connection...
[2021-02-22 21:40:48.542] [renderer1] [info] [remote-connection][Management   ][ea5ee…][reconnect] A temporarily not available error occurred while trying to reconnect, will try again...
[2021-02-22 21:40:48.546] [renderer1] [info] [remote-connection][Management   ][ea5ee…][reconnect] waiting for 5 seconds before reconnecting...
[2021-02-22 21:40:48.546] [renderer1] [info] [remote-connection][ExtensionHost][918b9…][reconnect] A temporarily not available error occurred while trying to reconnect, will try again...
[2021-02-22 21:40:48.546] [renderer1] [info] [remote-connection][ExtensionHost][918b9…][reconnect] waiting for 5 seconds before reconnecting...
[2021-02-22 21:40:53.550] [renderer1] [info] [remote-connection][Management   ][ea5ee…][reconnect] resolving connection...
[2021-02-22 21:40:53.568] [renderer1] [info] [remote-connection][ExtensionHost][918b9…][reconnect] resolving connection...
[2021-02-22 21:41:08.726] [renderer1] [info] [remote-connection][Management   ][ea5ee…][reconnect] A temporarily not available error occurred while trying to reconnect, will try again...
[2021-02-22 21:41:08.729] [renderer1] [info] [remote-connection][Management   ][ea5ee…][reconnect] waiting for 10 seconds before reconnecting...
[2021-02-22 21:41:08.729] [renderer1] [info] [remote-connection][ExtensionHost][918b9…][reconnect] A temporarily not available error occurred while trying to reconnect, will try again...
[2021-02-22 21:41:08.729] [renderer1] [info] [remote-connection][ExtensionHost][918b9…][reconnect] waiting for 10 seconds before reconnecting...
[2021-02-22 21:41:18.730] [renderer1] [info] [remote-connection][Management   ][ea5ee…][reconnect] resolving connection...
[2021-02-22 21:41:18.732] [renderer1] [info] [remote-connection][ExtensionHost][918b9…][reconnect] resolving connection...
[2021-02-22 21:41:33.901] [renderer1] [info] [remote-connection][Management   ][ea5ee…][reconnect] A temporarily not available error occurred while trying to reconnect, will try again...
[2021-02-22 21:41:33.909] [renderer1] [info] [remote-connection][Management   ][ea5ee…][reconnect] waiting for 10 seconds before reconnecting...
[2021-02-22 21:41:33.909] [renderer1] [info] [remote-connection][ExtensionHost][918b9…][reconnect] A temporarily not available error occurred while trying to reconnect, will try again...
[2021-02-22 21:41:33.909] [renderer1] [info] [remote-connection][ExtensionHost][918b9…][reconnect] waiting for 10 seconds before reconnecting...
[2021-02-22 21:41:43.911] [renderer1] [info] [remote-connection][Management   ][ea5ee…][reconnect] resolving connection...
[2021-02-22 21:41:43.913] [renderer1] [info] [remote-connection][ExtensionHost][918b9…][reconnect] resolving connection...
[2021-02-22 21:41:59.082] [renderer1] [info] [remote-connection][Management   ][ea5ee…][reconnect] A temporarily not available error occurred while trying to reconnect, will try again...
[2021-02-22 21:41:59.098] [renderer1] [info] [remote-connection][Management   ][ea5ee…][reconnect] waiting for 10 seconds before reconnecting...
[2021-02-22 21:41:59.098] [renderer1] [info] [remote-connection][ExtensionHost][918b9…][reconnect] A temporarily not available error occurred while trying to reconnect, will try again...
[2021-02-22 21:41:59.099] [renderer1] [info] [remote-connection][ExtensionHost][918b9…][reconnect] waiting for 10 seconds before reconnecting...
[2021-02-22 21:42:09.086] [renderer1] [info] [remote-connection][Management   ][ea5ee…][reconnect] resolving connection...
[2021-02-22 21:42:09.118] [renderer1] [info] [remote-connection][ExtensionHost][918b9…][reconnect] resolving connection...
[2021-02-22 21:42:38.146] [renderer1] [info] [remote-connection][Management   ][ea5ee…][reconnect] connecting to 127.0.0.1:45671...
[2021-02-22 21:42:38.147] [renderer1] [info] [remote-connection][ExtensionHost][918b9…][reconnect] connecting to 127.0.0.1:45671...
[2021-02-22 21:42:39.624] [renderer1] [info] [remote-connection][Management   ][ea5ee…][reconnect] reconnected!
[2021-02-22 21:42:39.853] [renderer1] [info] [remote-connection][ExtensionHost][918b9…][reconnect] reconnected!
[2021-02-22 21:42:59.927] [renderer1] [info] [remote-connection][ExtensionHost][918b9…][reconnect] starting reconnecting loop. You can get more information with the trace log level.
[2021-02-22 21:42:59.927] [renderer1] [info] [remote-connection][ExtensionHost][918b9…][reconnect] resolving connection...
[2021-02-22 21:42:59.927] [renderer1] [info] [remote-connection][ExtensionHost][918b9…][reconnect] connecting to 127.0.0.1:45671...
[2021-02-22 21:43:03.073] [renderer1] [info] [remote-connection][ExtensionHost][918b9…][reconnect] reconnected!
[2021-02-22 21:44:12.848] [renderer1] [error] [remote-connection][ExtensionHost][918b9…][reconnect][127.0.0.1:45189] socketFactory.connect() failed. Error:
[2021-02-22 21:44:12.848] [renderer1] [error] Error: WebSocket close with status code 1006
    at WebSocket.<anonymous> (file:///opt/visual-studio-code/resources/app/out/vs/workbench/workbench.desktop.main.js:623:105451)
[2021-02-22 21:47:12.879] [renderer1] [info] [remote-connection][Management   ][ea5ee…][reconnect] starting reconnecting loop. You can get more information with the trace log level.
[2021-02-22 21:47:12.881] [renderer1] [info] [remote-connection][Management   ][ea5ee…][reconnect] resolving connection...
[2021-02-22 21:47:12.893] [renderer1] [info] [remote-connection][ExtensionHost][918b9…][reconnect] starting reconnecting loop. You can get more information with the trace log level.
[2021-02-22 21:47:12.893] [renderer1] [info] [remote-connection][ExtensionHost][918b9…][reconnect] resolving connection...
[2021-02-22 21:47:28.051] [renderer1] [info] [remote-connection][Management   ][ea5ee…][reconnect] A temporarily not available error occurred while trying to reconnect, will try again...
[2021-02-22 21:47:28.052] [renderer1] [info] [remote-connection][Management   ][ea5ee…][reconnect] waiting for 5 seconds before reconnecting...
[2021-02-22 21:47:28.052] [renderer1] [info] [remote-connection][ExtensionHost][918b9…][reconnect] A temporarily not available error occurred while trying to reconnect, will try again...
[2021-02-22 21:47:28.052] [renderer1] [info] [remote-connection][ExtensionHost][918b9…][reconnect] waiting for 5 seconds before reconnecting...
[2021-02-22 21:47:33.059] [renderer1] [info] [remote-connection][Management   ][ea5ee…][reconnect] resolving connection...
[2021-02-22 21:47:33.061] [renderer1] [info] [remote-connection][ExtensionHost][918b9…][reconnect] resolving connection...
[2021-02-22 21:47:48.226] [renderer1] [info] [remote-connection][Management   ][ea5ee…][reconnect] A temporarily not available error occurred while trying to reconnect, will try again...
[2021-02-22 21:47:48.229] [renderer1] [info] [remote-connection][Management   ][ea5ee…][reconnect] waiting for 5 seconds before reconnecting...
[2021-02-22 21:47:48.229] [renderer1] [info] [remote-connection][ExtensionHost][918b9…][reconnect] A temporarily not available error occurred while trying to reconnect, will try again...
[2021-02-22 21:47:48.229] [renderer1] [info] [remote-connection][ExtensionHost][918b9…][reconnect] waiting for 5 seconds before reconnecting...
[2021-02-22 21:47:53.234] [renderer1] [info] [remote-connection][Management   ][ea5ee…][reconnect] resolving connection...
[2021-02-22 21:47:53.252] [renderer1] [info] [remote-connection][ExtensionHost][918b9…][reconnect] resolving connection...
[2021-02-22 21:48:10.284] [renderer1] [info] [remote-connection][Management   ][ea5ee…][reconnect] A temporarily not available error occurred while trying to reconnect, will try again...
[2021-02-22 21:48:10.299] [renderer1] [info] [remote-connection][Management   ][ea5ee…][reconnect] waiting for 10 seconds before reconnecting...
[2021-02-22 21:48:10.299] [renderer1] [info] [remote-connection][ExtensionHost][918b9…][reconnect] A temporarily not available error occurred while trying to reconnect, will try again...
[2021-02-22 21:48:10.299] [renderer1] [info] [remote-connection][ExtensionHost][918b9…][reconnect] waiting for 10 seconds before reconnecting...
[2021-02-22 21:48:20.291] [renderer1] [info] [remote-connection][Management   ][ea5ee…][reconnect] resolving connection...
[2021-02-22 21:48:20.299] [renderer1] [info] [remote-connection][ExtensionHost][918b9…][reconnect] resolving connection...
[2021-02-22 21:48:32.111] [renderer1] [info] [remote-connection][Management   ][ea5ee…][reconnect] connecting to 127.0.0.1:44257...
[2021-02-22 21:48:32.112] [renderer1] [info] [remote-connection][ExtensionHost][918b9…][reconnect] connecting to 127.0.0.1:44257...
[2021-02-22 21:48:32.423] [renderer1] [info] [remote-connection][Management   ][ea5ee…][reconnect] reconnected!
[2021-02-22 21:48:32.653] [renderer1] [info] [remote-connection][ExtensionHost][918b9…][reconnect] reconnected!
[2021-02-22 23:44:03.749] [renderer1] [error] Cannot read property 'cmd' of undefined: TypeError: Cannot read property 'cmd' of undefined
	at /home/val/.vscode-server/bin/622cb03f7e070a9670c94bae1a45d78d7181fbd4/out/vs/server/remoteExtensionHostProcess.js:89:539
	at Array.forEach (<anonymous>)
	at r (/home/val/.vscode-server/bin/622cb03f7e070a9670c94bae1a45d78d7181fbd4/out/vs/server/remoteExtensionHostProcess.js:89:484)
	at o.findCandidatePorts (/home/val/.vscode-server/bin/622cb03f7e070a9670c94bae1a45d78d7181fbd4/out/vs/server/remoteExtensionHostProcess.js:89:4027)
	at async o.$registerCandidateFinder (/home/val/.vscode-server/bin/622cb03f7e070a9670c94bae1a45d78d7181fbd4/out/vs/server/remoteExtensionHostProcess.js:89:1558)
