[16:34:48.795] Log Level: 2
[16:34:48.797] remote-ssh@0.64.0
[16:34:48.797] linux x64
[16:34:48.798] SSH Resolver called for "ssh-remote+adrien2", attempt 1
[16:34:48.798] "remote.SSH.useLocalServer": true
[16:34:48.799] "remote.SSH.sshPath": undefined
[16:34:48.799] "remote.SSH.sshConfigurationFile": undefined
[16:34:48.799] "remote.SSH.useFlock": true
[16:34:48.799] "remote.SSH.lockfilesInTmp": false
[16:34:48.799] "remote.SSH.localServerDownload": auto
[16:34:48.799] "remote.SSH.remoteServerListenOnSocket": false
[16:34:48.799] "remote.SSH.showLoginTerminal": false
[16:34:48.799] "remote.SSH.defaultExtensions": []
[16:34:48.800] SSH Resolver called for host: adrien2
[16:34:48.800] Setting up SSH remote "adrien2"
[16:34:48.802] Acquiring local install lock: /tmp/vscode-remote-ssh-adrien2-install.lock
[16:34:48.814] Looking for existing server data file at /home/val/.config/Code/User/globalStorage/ms-vscode-remote.remote-ssh/vscode-ssh-host-adrien2-622cb03f7e070a9670c94bae1a45d78d7181fbd4-0.64.0/data.json
[16:34:48.815] Using commit id "622cb03f7e070a9670c94bae1a45d78d7181fbd4" and quality "stable" for server
[16:34:48.818] Install and start server if needed
[16:34:48.834] Checking ssh with "ssh -V"
[16:34:48.847] > OpenSSH_8.4p1, OpenSSL 1.1.1i  8 Dec 2020

[16:34:48.850] askpass server listening on /run/user/1000/vscode-ssh-askpass-7f2b50f3be1440a09a377895cd39d2ea9ab1d8ea.sock
[16:34:48.850] Spawning local server with {"ipcHandlePath":"/run/user/1000/vscode-ssh-askpass-fd2b6c55864a85d08c8de98696ca74b5cf405d7a.sock","sshCommand":"ssh","sshArgs":["-v","-T","-D","33281","-o","ConnectTimeout=15","adrien2"],"dataFilePath":"/home/val/.config/Code/User/globalStorage/ms-vscode-remote.remote-ssh/vscode-ssh-host-adrien2-622cb03f7e070a9670c94bae1a45d78d7181fbd4-0.64.0/data.json"}
[16:34:48.850] Local server env: {"DISPLAY":"1","ELECTRON_RUN_AS_NODE":"1","SSH_ASKPASS":"/home/val/.vscode/extensions/ms-vscode-remote.remote-ssh-0.64.0/out/local-server/askpass.sh","VSCODE_SSH_ASKPASS_NODE":"/opt/visual-studio-code/code","VSCODE_SSH_ASKPASS_MAIN":"/home/val/.vscode/extensions/ms-vscode-remote.remote-ssh-0.64.0/out/askpass-main.js","VSCODE_SSH_ASKPASS_HANDLE":"/run/user/1000/vscode-ssh-askpass-7f2b50f3be1440a09a377895cd39d2ea9ab1d8ea.sock"}
[16:34:48.853] Spawned 2166
[16:34:48.924] > local-server> Spawned ssh: 2174
[16:34:48.925] stderr> OpenSSH_8.4p1, OpenSSL 1.1.1i  8 Dec 2020
[16:34:52.075] stderr> debug1: Server host key: ecdsa-sha2-nistp256 SHA256:QGI4/EPg1bhz+2zgv4sPJQM5/2if4fcluj1g80yPkvs
[16:34:52.285] stderr> Authenticated to 153.109.130.82 (via proxy).
[16:34:52.814] > Welcome to Ubuntu 18.04.5 LTS (GNU/Linux 5.4.0-64-generic x86_64)
> 
>  * Documentation:  https://help.ubuntu.com
>  * Management:     https://landscape.canonical.com
>  * Support:        https://ubuntu.com/advantage
> 
>  * Canonical Livepatch is available for installation.
>    - Reduce system reboots and improve kernel security. Activate at:
>      https://ubuntu.com/livepatch
> 
> 9 packages can be updated.
> 0 of these updates are security updates.
> To see these additional updates run: apt list --upgradable
> 
> New release '20.04.2 LTS' available.
> Run 'do-release-upgrade' to upgrade to it.
> 
> Your Hardware Enablement Stack (HWE) is supported until April 2023.
> *** System restart required ***
[16:34:52.844] > ready: 3043a9b10cb8
[16:34:52.884] > Linux 5.4.0-64-generic #72~18.04.1-Ubuntu SMP Fri Jan 15 14:06:34 UTC 2021
[16:34:52.885] Platform: linux
[16:34:52.994] > 3043a9b10cb8: running
[16:34:53.064] > Acquiring lock on /home/val/.vscode-server/bin/622cb03f7e070a9670c94bae1a45d78d7181fbd4/vscode-remote-lock.val.622cb03f7e070a9670c94bae1a45d78d7181fbd4
> Found existing installation at /home/val/.vscode-server/bin/622cb03f7e070a9670c94bae1a45d78d7181fbd4...
> Checking /home/val/.vscode-server/.622cb03f7e070a9670c94bae1a45d78d7181fbd4.log and /home/val/.vscode-server/.622cb03f7e070a9670c94bae1a45d78d7181fbd4.pid for a running server
> Looking for server with pid: 19835
[16:34:53.084] > Starting server with command... /home/val/.vscode-server/bin/622cb03f7e070a9670c94bae1a45d78d7181fbd4/server.sh --start-server --host=127.0.0.1 --enable-remote-auto-shutdown  --port=0  &> "/home/val/.vscode-server/.622cb03f7e070a9670c94bae1a45d78d7181fbd4.log" < /dev/null
> printenv:
>     LC_MEASUREMENT=en_GB.UTF-8
>     SSH_CONNECTION=153.109.124.125 49048 153.109.130.82 22
>     LC_PAPER=en_GB.UTF-8
>     LC_MONETARY=en_GB.UTF-8
>     LANG=en_US.UTF-8
>     LC_NAME=en_GB.UTF-8
>     XDG_SESSION_ID=936
>     USER=val
>     PWD=/home/val
>     HOME=/home/val
>     SSH_CLIENT=153.109.124.125 49048 22
>     XDG_DATA_DIRS=/usr/local/share:/usr/share:/var/lib/snapd/desktop
>     LC_ADDRESS=en_GB.UTF-8
>     LC_NUMERIC=en_GB.UTF-8
>     MAIL=/var/mail/val
>     PAPERSIZE=a4
>     SHELL=/bin/bash
>     SHLVL=2
>     LC_TELEPHONE=en_GB.UTF-8
>     VSCODE_AGENT_FOLDER=/home/val/.vscode-server
>     LOGNAME=val
>     DBUS_SESSION_BUS_ADDRESS=unix:path=/run/user/1000/bus
>     XDG_RUNTIME_DIR=/run/user/1000
>     PATH=/home/val/.local/bin:/usr/local/sbin:/usr/local/bin:/usr/sbin:/usr/bin:/sbin:/bin:/usr/games:/usr/local/games:/snap/bin
>     LC_IDENTIFICATION=en_GB.UTF-8
>     LC_TIME=en_GB.UTF-8
>     _=/usr/bin/printenv
> Spawned remote server: 28972
> Waiting for server log...
[16:34:53.124] > Waiting for server log...
[16:34:53.153] > Waiting for server log...
[16:34:53.194] >  
> *
> * Reminder: You may only use this software with Visual Studio family products,
> * as described in the license (https://go.microsoft.com/fwlink/?linkid=2077057)
> *
>  
[16:34:53.224] > 3043a9b10cb8: start
> sshAuthSock====
> webUiAccessToken====
> listeningOn==34467==
> osReleaseId==ubuntu==
> arch==x86_64==
> tmpDir==/run/user/1000==
> platform==linux==
> unpackResult====
> didLocalDownload==0==
> downloadTime====
> installTime====
> extInstallTime====
> serverStartTime==117==
> connectionToken==111a1a1a-111a-111a-a111-111aaa111a1a==
> 3043a9b10cb8: end
[16:34:53.225] Received install output: 
sshAuthSock====
webUiAccessToken====
listeningOn==34467==
osReleaseId==ubuntu==
arch==x86_64==
tmpDir==/run/user/1000==
platform==linux==
unpackResult====
didLocalDownload==0==
downloadTime====
installTime====
extInstallTime====
serverStartTime==117==
connectionToken==111a1a1a-111a-111a-a111-111aaa111a1a==

[16:34:53.227] Remote server is listening on 34467
[16:34:53.227] Parsed server configuration: {"serverConfiguration":{"remoteListeningOn":{"port":34467},"osReleaseId":"ubuntu","arch":"x86_64","webUiAccessToken":"","sshAuthSock":"","tmpDir":"/run/user/1000","platform":"linux","connectionToken":"111a1a1a-111a-111a-a111-111aaa111a1a"},"serverStartTime":117,"installUnpackCode":""}
[16:34:53.230] Persisting server connection details to /home/val/.config/Code/User/globalStorage/ms-vscode-remote.remote-ssh/vscode-ssh-host-adrien2-622cb03f7e070a9670c94bae1a45d78d7181fbd4-0.64.0/data.json
[16:34:53.233] Starting forwarding server. localPort 41619 -> socksPort 33281 -> remotePort 34467
[16:34:53.233] Forwarding server listening on 41619
[16:34:53.234] Waiting for ssh tunnel to be ready
[16:34:53.236] [Forwarding server 41619] Got connection 0
[16:34:53.238] Tunneled 34467 to local port 41619
[16:34:53.239] Resolved "ssh-remote+adrien2" to "127.0.0.1:41619"
[16:34:53.252] ------




[16:34:53.320] [Forwarding server 41619] Got connection 1
[16:34:53.525] [Forwarding server 41619] Got connection 2
[16:35:00.664] [Forwarding server 41619] Got connection 3
[16:35:00.665] [Forwarding server 41619] Got connection 4
[16:35:00.675] [Forwarding server 41619] Got connection 5
[16:35:00.676] [Forwarding server 41619] Got connection 6
[16:35:00.677] [Forwarding server 41619] Got connection 7
[16:35:00.678] [Forwarding server 41619] Got connection 8
[16:35:11.875] [Forwarding server 41619] Got connection 9
