[08:02:02.155] Log Level: 2
[08:02:02.159] remote-ssh@0.65.4
[08:02:02.159] linux x64
[08:02:02.160] SSH Resolver called for "ssh-remote+adrien2", attempt 1
[08:02:02.161] "remote.SSH.useLocalServer": true
[08:02:02.161] "remote.SSH.path": undefined
[08:02:02.161] "remote.SSH.configFile": undefined
[08:02:02.161] "remote.SSH.useFlock": true
[08:02:02.162] "remote.SSH.lockfilesInTmp": false
[08:02:02.162] "remote.SSH.localServerDownload": auto
[08:02:02.162] "remote.SSH.remoteServerListenOnSocket": false
[08:02:02.162] "remote.SSH.showLoginTerminal": false
[08:02:02.162] "remote.SSH.defaultExtensions": []
[08:02:02.163] "remote.SSH.loglevel": 2
[08:02:02.163] SSH Resolver called for host: adrien2
[08:02:02.163] Setting up SSH remote "adrien2"
[08:02:02.167] Acquiring local install lock: /tmp/vscode-remote-ssh-adrien2-install.lock
[08:02:02.177] Looking for existing server data file at /home/val/.config/Code/User/globalStorage/ms-vscode-remote.remote-ssh/vscode-ssh-host-adrien2-3c4e3df9e89829dce27b7b5c24508306b151f30d-0.65.4/data.json
[08:02:02.178] Using commit id "3c4e3df9e89829dce27b7b5c24508306b151f30d" and quality "stable" for server
[08:02:02.183] Install and start server if needed
[08:02:02.205] PATH: /home/val/.local/bin:/home/val/.local/bin:/usr/local/bin:/usr/bin:/bin:/usr/local/sbin:/usr/lib/jvm/default/bin:/usr/bin/site_perl:/usr/bin/vendor_perl:/usr/bin/core_perl:/var/lib/snapd/snap/bin:/usr/lib/jvm/default/bin
[08:02:02.205] Checking ssh with "ssh -V"
[08:02:02.216] > OpenSSH_8.6p1, OpenSSL 1.1.1k  25 Mar 2021

[08:02:02.221] askpass server listening on /run/user/1000/vscode-ssh-askpass-a9e36a9c6cbf4ed3246ecc059dc62e0edd80b1a1.sock
[08:02:02.221] Spawning local server with {"ipcHandlePath":"/run/user/1000/vscode-ssh-askpass-4dcb42772c5f334ea452ed7379357d9608ee18fb.sock","sshCommand":"ssh","sshArgs":["-v","-T","-D","43433","-o","ConnectTimeout=15","adrien2"],"dataFilePath":"/home/val/.config/Code/User/globalStorage/ms-vscode-remote.remote-ssh/vscode-ssh-host-adrien2-3c4e3df9e89829dce27b7b5c24508306b151f30d-0.65.4/data.json"}
[08:02:02.221] Local server env: {"DISPLAY":":0","ELECTRON_RUN_AS_NODE":"1","SSH_ASKPASS":"/home/val/.vscode/extensions/ms-vscode-remote.remote-ssh-0.65.4/out/local-server/askpass.sh","VSCODE_SSH_ASKPASS_NODE":"/opt/visual-studio-code/code","VSCODE_SSH_ASKPASS_MAIN":"/home/val/.vscode/extensions/ms-vscode-remote.remote-ssh-0.65.4/out/askpass-main.js","VSCODE_SSH_ASKPASS_HANDLE":"/run/user/1000/vscode-ssh-askpass-a9e36a9c6cbf4ed3246ecc059dc62e0edd80b1a1.sock"}
[08:02:02.228] Spawned 103131
[08:02:02.367] > local-server> Spawned ssh: 103139
[08:02:02.369] stderr> OpenSSH_8.6p1, OpenSSL 1.1.1k  25 Mar 2021
[08:02:04.264] stderr> debug1: Server host key: ssh-ed25519 SHA256:CqQxiwThyMVy7fXthyrh/7vXSf8BqTrJuYAkmm56smo
[08:02:04.419] stderr> Authenticated to 153.109.130.82 (via proxy).
[08:02:05.276] > Welcome to Ubuntu 18.04.5 LTS (GNU/Linux 5.4.0-70-generic x86_64)
> 
>  * Documentation:  https://help.ubuntu.com
>  * Management:     https://landscape.canonical.com
>  * Support:        https://ubuntu.com/advantage
> 
>  * Canonical Livepatch is available for installation.
>    - Reduce system reboots and improve kernel security. Activate at:
>      https://ubuntu.com/livepatch
> 
> 25 packages can be updated.
> 0 of these updates are security updates.
> To see these additional updates run: apt list --upgradable
> 
> Your Hardware Enablement Stack (HWE) is supported until April 2023.
> *** System restart required ***
[08:02:05.308] > ready: b8f483889f11
[08:02:05.348] > Linux 5.4.0-70-generic #78~18.04.1-Ubuntu SMP Sat Mar 20 14:10:07 UTC 2021
[08:02:05.349] Platform: linux
[08:02:05.445] > b8f483889f11: running
[08:02:05.509] > Acquiring lock on /home/val/.vscode-server/bin/3c4e3df9e89829dce27b7b5c24508306b151f30d/vscode-remote-lock.val.3c4e3df9e89829dce27b7b5c24508306b151f30d
> Found existing installation at /home/val/.vscode-server/bin/3c4e3df9e89829dce27b7b5c24508306b151f30d...
> Checking /home/val/.vscode-server/.3c4e3df9e89829dce27b7b5c24508306b151f30d.log and /home/val/.vscode-server/.3c4e3df9e89829dce27b7b5c24508306b151f30d.pid for a running server
> Looking for server with pid: 25673
[08:02:05.529] > Starting server with command... /home/val/.vscode-server/bin/3c4e3df9e89829dce27b7b5c24508306b151f30d/server.sh --start-server --host=127.0.0.1 --enable-remote-auto-shutdown  --port=0  &> "/home/val/.vscode-server/.3c4e3df9e89829dce27b7b5c24508306b151f30d.log" < /dev/null
> printenv:
[08:02:05.549] >     LC_MEASUREMENT=en_GB.UTF-8
>     SSH_CONNECTION=153.109.124.125 40552 153.109.130.82 22
>     LC_PAPER=en_GB.UTF-8
>     LC_MONETARY=en_GB.UTF-8
>     LANG=en_US.UTF-8
>     LC_NAME=en_GB.UTF-8
>     XDG_SESSION_ID=1189
>     USER=val
>     PWD=/home/val
>     HOME=/home/val
>     SSH_CLIENT=153.109.124.125 40552 22
>     XDG_DATA_DIRS=/usr/local/share:/usr/share:/var/lib/snapd/desktop
>     LC_ADDRESS=en_GB.UTF-8
>     LC_NUMERIC=en_GB.UTF-8
>     MAIL=/var/mail/val
>     PAPERSIZE=a4
>     SHELL=/bin/bash
>     SHLVL=2
>     LC_TELEPHONE=en_GB.UTF-8
>     VSCODE_AGENT_FOLDER=/home/val/.vscode-server
>     LOGNAME=val
>     DBUS_SESSION_BUS_ADDRESS=unix:path=/run/user/1000/bus
>     XDG_RUNTIME_DIR=/run/user/1000
>     PATH=/home/val/.local/bin:/usr/local/sbin:/usr/local/bin:/usr/sbin:/usr/bin:/sbin:/bin:/usr/games:/usr/local/games:/snap/bin
>     LC_IDENTIFICATION=en_GB.UTF-8
>     LC_TIME=en_GB.UTF-8
>     _=/usr/bin/printenv
> Spawned remote server: 28267
> Waiting for server log...
[08:02:05.610] > Waiting for server log...
[08:02:05.648] > Waiting for server log...
[08:02:05.671] >  
> *
> * Reminder: You may only use this software with Visual Studio family products,
> * as described in the license (https://go.microsoft.com/fwlink/?linkid=2077057)
> *
>  
> b8f483889f11: start
> SSH_AUTH_SOCK====
> DISPLAY====
> webUiAccessToken====
> listeningOn==45415==
> osReleaseId==ubuntu==
> arch==x86_64==
> tmpDir==/run/user/1000==
> platform==linux==
> unpackResult====
> didLocalDownload==0==
> downloadTime====
> installTime====
> extInstallTime====
> serverStartTime==118==
> connectionToken==111a11a1-11a1-1aa1-a11a-1a1aaa1aa111==
> b8f483889f11: end
[08:02:05.671] Received install output: 
SSH_AUTH_SOCK====
DISPLAY====
webUiAccessToken====
listeningOn==45415==
osReleaseId==ubuntu==
arch==x86_64==
tmpDir==/run/user/1000==
platform==linux==
unpackResult====
didLocalDownload==0==
downloadTime====
installTime====
extInstallTime====
serverStartTime==118==
connectionToken==111a11a1-11a1-1aa1-a11a-1a1aaa1aa111==

[08:02:05.672] Remote server is listening on 45415
[08:02:05.673] Parsed server configuration: {"serverConfiguration":{"remoteListeningOn":{"port":45415},"osReleaseId":"ubuntu","arch":"x86_64","webUiAccessToken":"","sshAuthSock":"","display":"","tmpDir":"/run/user/1000","platform":"linux","connectionToken":"111a11a1-11a1-1aa1-a11a-1a1aaa1aa111"},"serverStartTime":118,"installUnpackCode":""}
[08:02:05.676] Persisting server connection details to /home/val/.config/Code/User/globalStorage/ms-vscode-remote.remote-ssh/vscode-ssh-host-adrien2-3c4e3df9e89829dce27b7b5c24508306b151f30d-0.65.4/data.json
[08:02:05.680] Starting forwarding server. localPort 40629 -> socksPort 43433 -> remotePort 45415
[08:02:05.681] Forwarding server listening on 40629
[08:02:05.681] Waiting for ssh tunnel to be ready
[08:02:05.684] [Forwarding server 40629] Got connection 0
[08:02:05.687] Tunneled 45415 to local port 40629
[08:02:05.687] Resolved "ssh-remote+adrien2" to "127.0.0.1:40629"
[08:02:05.721] ------




[08:02:05.875] [Forwarding server 40629] Got connection 1
[08:02:06.062] [Forwarding server 40629] Got connection 2
[08:02:07.789] [Forwarding server 40629] Got connection 3
