[08:49:49.265] Log Level: 2
[08:49:49.267] remote-ssh@0.63.0
[08:49:49.267] linux x64
[08:49:49.268] SSH Resolver called for "ssh-remote+adrien2", attempt 1
[08:49:49.268] "remote.SSH.useLocalServer": true
[08:49:49.269] "remote.SSH.sshPath": undefined
[08:49:49.269] "remote.SSH.sshConfigurationFile": undefined
[08:49:49.269] "remote.SSH.useFlock": true
[08:49:49.269] "remote.SSH.lockfilesInTmp": false
[08:49:49.269] "remote.SSH.localServerDownload": auto
[08:49:49.269] "remote.SSH.remoteServerListenOnSocket": false
[08:49:49.269] "remote.SSH.showLoginTerminal": false
[08:49:49.269] SSH Resolver called for host: adrien2
[08:49:49.270] Setting up SSH remote "adrien2"
[08:49:49.272] Acquiring local install lock: /tmp/vscode-remote-ssh-adrien2-install.lock
[08:49:49.277] Looking for existing server data file at /home/val/.config/Code/User/globalStorage/ms-vscode-remote.remote-ssh/vscode-ssh-host-adrien2-622cb03f7e070a9670c94bae1a45d78d7181fbd4-0.63.0/data.json
[08:49:49.278] Using commit id "622cb03f7e070a9670c94bae1a45d78d7181fbd4" and quality "stable" for server
[08:49:49.281] Install and start server if needed
[08:49:49.296] Checking ssh with "ssh -V"
[08:49:49.305] > OpenSSH_8.4p1, OpenSSL 1.1.1i  8 Dec 2020

[08:49:49.307] askpass server listening on /run/user/1000/vscode-ssh-askpass-623413fe4b7984c4138ab94675c6165fba10393b.sock
[08:49:49.308] Spawning local server with {"ipcHandlePath":"/run/user/1000/vscode-ssh-askpass-ae63eb06a6317b4dfa61d5f2e0796acda1cf56e6.sock","sshCommand":"ssh","sshArgs":["-v","-T","-D","36987","-o","ConnectTimeout=15","adrien2"],"dataFilePath":"/home/val/.config/Code/User/globalStorage/ms-vscode-remote.remote-ssh/vscode-ssh-host-adrien2-622cb03f7e070a9670c94bae1a45d78d7181fbd4-0.63.0/data.json"}
[08:49:49.308] Local server env: {"DISPLAY":"1","ELECTRON_RUN_AS_NODE":"1","SSH_ASKPASS":"/home/val/.vscode/extensions/ms-vscode-remote.remote-ssh-0.63.0/out/local-server/askpass.sh","VSCODE_SSH_ASKPASS_NODE":"/opt/visual-studio-code/code","VSCODE_SSH_ASKPASS_MAIN":"/home/val/.vscode/extensions/ms-vscode-remote.remote-ssh-0.63.0/out/askpass-main.js","VSCODE_SSH_ASKPASS_HANDLE":"/run/user/1000/vscode-ssh-askpass-623413fe4b7984c4138ab94675c6165fba10393b.sock"}
[08:49:49.311] Spawned 66586
[08:49:49.404] > local-server> Spawned ssh: 66596
[08:49:49.406] stderr> OpenSSH_8.4p1, OpenSSL 1.1.1i  8 Dec 2020
[08:50:01.350] stderr> debug1: Server host key: ecdsa-sha2-nistp256 SHA256:QGI4/EPg1bhz+2zgv4sPJQM5/2if4fcluj1g80yPkvs
[08:50:04.922] stderr> Authenticated to 153.109.130.82 (via proxy).
[08:50:06.313] Terminating local server
[08:50:06.348] Resolver error: Error: Connecting with SSH timed out
	at Function.Timeout (/home/val/.vscode/extensions/ms-vscode-remote.remote-ssh-0.63.0/out/extension.js:1:64156)
	at Timeout._onTimeout (/home/val/.vscode/extensions/ms-vscode-remote.remote-ssh-0.63.0/out/extension.js:1:280517)
	at listOnTimeout (internal/timers.js:549:17)
	at processTimers (internal/timers.js:492:7)
[08:50:06.355] Local server exit: 15
[08:50:06.364] ------




