[10:32:37.647] Log Level: 2
[10:32:37.649] remote-ssh@0.64.0
[10:32:37.649] linux x64
[10:32:37.649] SSH Resolver called for "ssh-remote+adrien2", attempt 1
[10:32:37.650] "remote.SSH.useLocalServer": true
[10:32:37.650] "remote.SSH.sshPath": undefined
[10:32:37.650] "remote.SSH.sshConfigurationFile": undefined
[10:32:37.650] "remote.SSH.useFlock": true
[10:32:37.650] "remote.SSH.lockfilesInTmp": false
[10:32:37.650] "remote.SSH.localServerDownload": auto
[10:32:37.650] "remote.SSH.remoteServerListenOnSocket": false
[10:32:37.651] "remote.SSH.showLoginTerminal": false
[10:32:37.651] "remote.SSH.defaultExtensions": []
[10:32:37.651] SSH Resolver called for host: adrien2
[10:32:37.651] Setting up SSH remote "adrien2"
[10:32:37.653] Acquiring local install lock: /tmp/vscode-remote-ssh-adrien2-install.lock
[10:32:37.660] Looking for existing server data file at /home/val/.config/Code/User/globalStorage/ms-vscode-remote.remote-ssh/vscode-ssh-host-adrien2-622cb03f7e070a9670c94bae1a45d78d7181fbd4-0.64.0/data.json
[10:32:37.673] Using commit id "622cb03f7e070a9670c94bae1a45d78d7181fbd4" and quality "stable" for server
[10:32:37.676] Install and start server if needed
[10:32:37.678] Checking ssh with "ssh -V"
[10:32:37.690] > OpenSSH_8.4p1, OpenSSL 1.1.1i  8 Dec 2020

[10:32:37.694] askpass server listening on /run/user/1000/vscode-ssh-askpass-3c9e2bd132b1eb3c588abcc71ff7741d67980552.sock
[10:32:37.694] Spawning local server with {"ipcHandlePath":"/run/user/1000/vscode-ssh-askpass-94a344e268dcdb492fc5a36fd1da38375c5b5e3c.sock","sshCommand":"ssh","sshArgs":["-v","-T","-D","35277","-o","ConnectTimeout=15","adrien2"],"dataFilePath":"/home/val/.config/Code/User/globalStorage/ms-vscode-remote.remote-ssh/vscode-ssh-host-adrien2-622cb03f7e070a9670c94bae1a45d78d7181fbd4-0.64.0/data.json"}
[10:32:37.694] Local server env: {"DISPLAY":"1","ELECTRON_RUN_AS_NODE":"1","SSH_ASKPASS":"/home/val/.vscode/extensions/ms-vscode-remote.remote-ssh-0.64.0/out/local-server/askpass.sh","VSCODE_SSH_ASKPASS_NODE":"/opt/visual-studio-code/code","VSCODE_SSH_ASKPASS_MAIN":"/home/val/.vscode/extensions/ms-vscode-remote.remote-ssh-0.64.0/out/askpass-main.js","VSCODE_SSH_ASKPASS_HANDLE":"/run/user/1000/vscode-ssh-askpass-3c9e2bd132b1eb3c588abcc71ff7741d67980552.sock"}
[10:32:37.698] Spawned 2747
[10:32:37.772] > local-server> Spawned ssh: 2759
[10:32:37.773] stderr> OpenSSH_8.4p1, OpenSSL 1.1.1i  8 Dec 2020
[10:32:39.453] stderr> debug1: Server host key: ecdsa-sha2-nistp256 SHA256:QGI4/EPg1bhz+2zgv4sPJQM5/2if4fcluj1g80yPkvs
[10:32:39.643] stderr> Authenticated to 153.109.130.82 (via proxy).
[10:32:40.143] > Welcome to Ubuntu 18.04.5 LTS (GNU/Linux 5.4.0-64-generic x86_64)
> 
>  * Documentation:  https://help.ubuntu.com
>  * Management:     https://landscape.canonical.com
>  * Support:        https://ubuntu.com/advantage
> 
>  * Canonical Livepatch is available for installation.
>    - Reduce system reboots and improve kernel security. Activate at:
>      https://ubuntu.com/livepatch
> 
> 9 packages can be updated.
> 0 of these updates are security updates.
> To see these additional updates run: apt list --upgradable
> 
> New release '20.04.2 LTS' available.
> Run 'do-release-upgrade' to upgrade to it.
> 
> Your Hardware Enablement Stack (HWE) is supported until April 2023.
> *** System restart required ***
[10:32:40.173] > ready: 7b777570f31a
[10:32:40.223] > Linux 5.4.0-64-generic #72~18.04.1-Ubuntu SMP Fri Jan 15 14:06:34 UTC 2021
[10:32:40.224] Platform: linux
[10:32:40.323] > 7b777570f31a: running
[10:32:40.403] > Acquiring lock on /home/val/.vscode-server/bin/622cb03f7e070a9670c94bae1a45d78d7181fbd4/vscode-remote-lock.val.622cb03f7e070a9670c94bae1a45d78d7181fbd4
> Found existing installation at /home/val/.vscode-server/bin/622cb03f7e070a9670c94bae1a45d78d7181fbd4...
> Checking /home/val/.vscode-server/.622cb03f7e070a9670c94bae1a45d78d7181fbd4.log and /home/val/.vscode-server/.622cb03f7e070a9670c94bae1a45d78d7181fbd4.pid for a running server
> Looking for server with pid: 28972
> Found running server...
>  
> *
> * Reminder: You may only use this software with Visual Studio family products,
> * as described in the license (https://go.microsoft.com/fwlink/?linkid=2077057)
> *
>  
[10:32:40.484] > Checking server status on port 34467 with wget
> 7b777570f31a: start
> sshAuthSock====
> webUiAccessToken====
> listeningOn==34467==
> osReleaseId==ubuntu==
> arch==x86_64==
> tmpDir==/run/user/1000==
> platform==linux==
> unpackResult====
> didLocalDownload==0==
> downloadTime====
> installTime====
> extInstallTime====
> serverStartTime====
> connectionToken==111a1a1a-111a-111a-a111-111aaa111a1a==
> 7b777570f31a: end
[10:32:40.485] Received install output: 
sshAuthSock====
webUiAccessToken====
listeningOn==34467==
osReleaseId==ubuntu==
arch==x86_64==
tmpDir==/run/user/1000==
platform==linux==
unpackResult====
didLocalDownload==0==
downloadTime====
installTime====
extInstallTime====
serverStartTime====
connectionToken==111a1a1a-111a-111a-a111-111aaa111a1a==

[10:32:40.486] Remote server is listening on 34467
[10:32:40.487] Parsed server configuration: {"serverConfiguration":{"remoteListeningOn":{"port":34467},"osReleaseId":"ubuntu","arch":"x86_64","webUiAccessToken":"","sshAuthSock":"","tmpDir":"/run/user/1000","platform":"linux","connectionToken":"111a1a1a-111a-111a-a111-111aaa111a1a"},"installUnpackCode":""}
[10:32:40.488] Persisting server connection details to /home/val/.config/Code/User/globalStorage/ms-vscode-remote.remote-ssh/vscode-ssh-host-adrien2-622cb03f7e070a9670c94bae1a45d78d7181fbd4-0.64.0/data.json
[10:32:40.492] Starting forwarding server. localPort 42325 -> socksPort 35277 -> remotePort 34467
[10:32:40.493] Forwarding server listening on 42325
[10:32:40.494] Waiting for ssh tunnel to be ready
[10:32:40.498] [Forwarding server 42325] Got connection 0
[10:32:40.501] Tunneled 34467 to local port 42325
[10:32:40.501] Resolved "ssh-remote+adrien2" to "127.0.0.1:42325"
[10:32:40.518] ------




[10:32:40.567] [Forwarding server 42325] Got connection 1
[10:32:40.687] [Forwarding server 42325] Got connection 2
[10:32:52.561] [Forwarding server 42325] Got connection 3
[10:32:52.562] [Forwarding server 42325] Got connection 4
[10:32:52.567] [Forwarding server 42325] Got connection 5
[10:32:52.568] [Forwarding server 42325] Got connection 6
[10:32:52.569] [Forwarding server 42325] Got connection 7
[10:32:52.569] [Forwarding server 42325] Got connection 8
[10:33:01.075] [Forwarding server 42325] Got connection 9
