[2021-04-28 20:50:28.554] [exthost] [info] extension host started
[2021-04-28 20:50:28.996] [exthost] [info] ExtensionService#_doActivateExtension vscode.microsoft-authentication {"startup":false,"extensionId":{"value":"vscode.microsoft-authentication","_lower":"vscode.microsoft-authentication"},"activationEvent":"onAuthenticationRequest:microsoft"}
[2021-04-28 20:50:28.996] [exthost] [info] ExtensionService#loadCommonJSModule file:///opt/visual-studio-code/resources/app/extensions/microsoft-authentication/dist/extension.js
[2021-04-28 20:50:29.050] [exthost] [info] ExtensionService#_doActivateExtension ms-toolsai.jupyter {"startup":false,"extensionId":{"value":"ms-toolsai.jupyter","_lower":"ms-toolsai.jupyter"},"activationEvent":"onCustomEditor:jupyter.notebook.ipynb"}
[2021-04-28 20:50:29.050] [exthost] [info] ExtensionService#loadCommonJSModule file:///home/val/.vscode/extensions/ms-toolsai.jupyter-2021.5.745244803/out/client/extension
[2021-04-28 20:50:29.494] [exthost] [info] ExtensionService#_doActivateExtension vscode.debug-auto-launch {"startup":true,"extensionId":{"value":"vscode.debug-auto-launch","_lower":"vscode.debug-auto-launch"},"activationEvent":"*"}
[2021-04-28 20:50:29.494] [exthost] [info] ExtensionService#loadCommonJSModule file:///opt/visual-studio-code/resources/app/extensions/debug-auto-launch/dist/extension
[2021-04-28 20:50:29.541] [exthost] [info] ExtensionService#_doActivateExtension vscode.git {"startup":true,"extensionId":{"value":"vscode.github","_lower":"vscode.github"},"activationEvent":"*"}
[2021-04-28 20:50:29.541] [exthost] [info] ExtensionService#loadCommonJSModule file:///opt/visual-studio-code/resources/app/extensions/git/dist/main
[2021-04-28 20:50:29.631] [exthost] [info] ExtensionService#_doActivateExtension vscodevim.vim {"startup":true,"extensionId":{"value":"vscodevim.vim","_lower":"vscodevim.vim"},"activationEvent":"*"}
[2021-04-28 20:50:29.634] [exthost] [info] ExtensionService#loadCommonJSModule file:///home/val/.vscode/extensions/vscodevim.vim-1.20.1/out/extension
[2021-04-28 20:50:31.713] [exthost] [info] ExtensionService#_doActivateExtension vscode.github {"startup":true,"extensionId":{"value":"vscode.github","_lower":"vscode.github"},"activationEvent":"*"}
[2021-04-28 20:50:31.715] [exthost] [info] ExtensionService#loadCommonJSModule file:///opt/visual-studio-code/resources/app/extensions/github/dist/extension.js
[2021-04-28 20:50:32.035] [exthost] [info] ExtensionService#_doActivateExtension ms-vscode.js-debug {"startup":false,"extensionId":{"value":"ms-vscode.js-debug","_lower":"ms-vscode.js-debug"},"activationEvent":"onCommand:extension.js-debug.clearAutoAttachVariables"}
[2021-04-28 20:50:32.035] [exthost] [info] ExtensionService#loadCommonJSModule file:///opt/visual-studio-code/resources/app/extensions/ms-vscode.js-debug/src/extension.js
[2021-04-28 20:50:32.947] [exthost] [info] ExtensionService#_doActivateExtension ms-python.python {"startup":true,"extensionId":{"value":"ms-python.python","_lower":"ms-python.python"},"activationEvent":"workspaceContains:setup.py"}
[2021-04-28 20:50:32.947] [exthost] [info] ExtensionService#loadCommonJSModule file:///home/val/.vscode/extensions/ms-python.python-2021.4.765268190/out/client/extension
[2021-04-28 20:50:34.021] [exthost] [info] ExtensionService#_doActivateExtension vscode.github-authentication {"startup":false,"extensionId":{"value":"vscode.github-authentication","_lower":"vscode.github-authentication"},"activationEvent":"onAuthenticationRequest:github"}
[2021-04-28 20:50:34.022] [exthost] [info] ExtensionService#loadCommonJSModule file:///opt/visual-studio-code/resources/app/extensions/github-authentication/dist/extension.js
[2021-04-28 20:50:37.705] [exthost] [info] eager extensions activated
[2021-04-28 20:50:45.181] [exthost] [info] ExtensionService#_doActivateExtension vscode.emmet {"startup":false,"extensionId":{"value":"vscode.emmet","_lower":"vscode.emmet"},"activationEvent":"onStartupFinished"}
[2021-04-28 20:50:45.181] [exthost] [info] ExtensionService#loadCommonJSModule file:///opt/visual-studio-code/resources/app/extensions/emmet/dist/node/emmetNodeMain
[2021-04-28 20:50:46.355] [exthost] [info] ExtensionService#_doActivateExtension vscode.merge-conflict {"startup":false,"extensionId":{"value":"vscode.merge-conflict","_lower":"vscode.merge-conflict"},"activationEvent":"onStartupFinished"}
[2021-04-28 20:50:46.355] [exthost] [info] ExtensionService#loadCommonJSModule file:///opt/visual-studio-code/resources/app/extensions/merge-conflict/dist/mergeConflictMain
[2021-04-28 20:50:46.371] [exthost] [info] ExtensionService#_doActivateExtension vscode.testing-editor-contributions {"startup":false,"extensionId":{"value":"vscode.testing-editor-contributions","_lower":"vscode.testing-editor-contributions"},"activationEvent":"onStartupFinished"}
[2021-04-28 20:50:46.371] [exthost] [info] ExtensionService#loadCommonJSModule file:///opt/visual-studio-code/resources/app/extensions/testing-editor-contributions/dist/extension.js
[2021-04-28 20:50:58.722] [exthost] [info] ExtensionService#_doActivateExtension ms-python.vscode-pylance {"startup":false,"extensionId":{"value":"ms-python.python","_lower":"ms-python.python"},"activationEvent":"api"}
[2021-04-28 20:50:58.722] [exthost] [info] ExtensionService#loadCommonJSModule file:///home/val/.vscode/extensions/ms-python.vscode-pylance-2021.4.2/dist/extension.bundle.js
[2021-04-28 20:51:17.831] [exthost] [info] ExtensionService#_doActivateExtension ms-vscode-remote.remote-ssh {"startup":false,"extensionId":{"value":"ms-vscode-remote.remote-ssh","_lower":"ms-vscode-remote.remote-ssh"},"activationEvent":"onView:sshHosts"}
[2021-04-28 20:51:17.831] [exthost] [info] ExtensionService#loadCommonJSModule file:///home/val/.vscode/extensions/ms-vscode-remote.remote-ssh-0.65.4/out/extension
