User belongs to experiment group 'pythonaa'
User belongs to experiment group 'pythonJediLSPcf'
User belongs to experiment group 'pythonDiscoveryModulecf'
User belongs to experiment group 'pythonTensorboardExperiment'
User belongs to experiment group 'PythonPyTorchProfiler'
User belongs to experiment group 'ShowPlayIcon - start'
User belongs to experiment group 'ShowExtensionSurveyPrompt - enabled'
User belongs to experiment group 'DebugAdapterFactory - experiment'
User belongs to experiment group 'PtvsdWheels37 - experiment'
User belongs to experiment group 'UseTerminalToGetActivatedEnvVars - control'
User belongs to experiment group 'LocalZMQKernel - experiment'
User belongs to experiment group 'CollectLSRequestTiming - control'
User belongs to experiment group 'CollectNodeLSRequestTiming - experiment'
User belongs to experiment group 'EnableIPyWidgets - experiment'
User belongs to experiment group 'RunByLine - experiment'
User belongs to experiment group 'CustomEditorSupport - control'
> python3.6 ~/.vscode/extensions/ms-python.python-2021.4.765268190/pythonFiles/pyvsc-run-isolated.py -c "import sys;print(sys.executable)"
> python3 ~/.vscode/extensions/ms-python.python-2021.4.765268190/pythonFiles/pyvsc-run-isolated.py -c "import sys;print(sys.executable)"
> python2 ~/.vscode/extensions/ms-python.python-2021.4.765268190/pythonFiles/pyvsc-run-isolated.py -c "import sys;print(sys.executable)"
> python ~/.vscode/extensions/ms-python.python-2021.4.765268190/pythonFiles/pyvsc-run-isolated.py -c "import sys;print(sys.executable)"
> ~/python_wkspce/vid_motion/env/bin/python ~/.vscode/extensions/ms-python.python-2021.4.765268190/pythonFiles/pyvsc-run-isolated.py -c "import sys;print(sys.executable)"
> conda --version
> python3.7 ~/.vscode/extensions/ms-python.python-2021.4.765268190/pythonFiles/pyvsc-run-isolated.py -c "import sys;print(sys.executable)"
> pyenv root
> conda info --json
Starting Pylance language server.
Python interpreter path: ./env/bin/python
> conda --version
> ~/python_wkspce/vid_motion/env/bin/python ~/.vscode/extensions/ms-python.python-2021.4.765268190/pythonFiles/pyvsc-run-isolated.py yapf --diff ~/python_wkspce/vid_motion/src/models/extract_beat.py.bad9df919e9f80d52bf7f7a44b4142d3.tmp
cwd: ~/python_wkspce/vid_motion/src/models
> ~/python_wkspce/vid_motion/env/bin/python ~/.vscode/extensions/ms-python.python-2021.4.765268190/pythonFiles/pyvsc-run-isolated.py yapf --diff ~/python_wkspce/vid_motion/src/models/extract_beat.py.bad9df919e9f80d52bf7f7a44b4142d3.tmp
cwd: ~/python_wkspce/vid_motion/src/models
