[14:32:18.362] Log Level: 2
[14:32:18.363] remote-ssh@0.64.0
[14:32:18.363] linux x64
[14:32:18.364] SSH Resolver called for "ssh-remote+adrien2", attempt 1
[14:32:18.364] "remote.SSH.useLocalServer": true
[14:32:18.364] "remote.SSH.sshPath": undefined
[14:32:18.365] "remote.SSH.sshConfigurationFile": undefined
[14:32:18.365] "remote.SSH.useFlock": true
[14:32:18.365] "remote.SSH.lockfilesInTmp": false
[14:32:18.365] "remote.SSH.localServerDownload": auto
[14:32:18.365] "remote.SSH.remoteServerListenOnSocket": false
[14:32:18.365] "remote.SSH.showLoginTerminal": false
[14:32:18.365] "remote.SSH.defaultExtensions": []
[14:32:18.365] SSH Resolver called for host: adrien2
[14:32:18.365] Setting up SSH remote "adrien2"
[14:32:18.367] Acquiring local install lock: /tmp/vscode-remote-ssh-adrien2-install.lock
[14:32:18.373] Looking for existing server data file at /home/val/.config/Code/User/globalStorage/ms-vscode-remote.remote-ssh/vscode-ssh-host-adrien2-622cb03f7e070a9670c94bae1a45d78d7181fbd4-0.64.0/data.json
[14:32:18.373] Using commit id "622cb03f7e070a9670c94bae1a45d78d7181fbd4" and quality "stable" for server
[14:32:18.375] Install and start server if needed
[14:32:18.387] Checking ssh with "ssh -V"
[14:32:18.394] > OpenSSH_8.4p1, OpenSSL 1.1.1i  8 Dec 2020

[14:32:18.396] askpass server listening on /run/user/1000/vscode-ssh-askpass-4296264f2ffd1b7f810cca21eac8cc682f2f6bc2.sock
[14:32:18.396] Spawning local server with {"ipcHandlePath":"/run/user/1000/vscode-ssh-askpass-3dcef060bfda6058cb107dafc6bb8744a762ebf1.sock","sshCommand":"ssh","sshArgs":["-v","-T","-D","35249","-o","ConnectTimeout=15","adrien2"],"dataFilePath":"/home/val/.config/Code/User/globalStorage/ms-vscode-remote.remote-ssh/vscode-ssh-host-adrien2-622cb03f7e070a9670c94bae1a45d78d7181fbd4-0.64.0/data.json"}
[14:32:18.397] Local server env: {"DISPLAY":"1","ELECTRON_RUN_AS_NODE":"1","SSH_ASKPASS":"/home/val/.vscode/extensions/ms-vscode-remote.remote-ssh-0.64.0/out/local-server/askpass.sh","VSCODE_SSH_ASKPASS_NODE":"/opt/visual-studio-code/code","VSCODE_SSH_ASKPASS_MAIN":"/home/val/.vscode/extensions/ms-vscode-remote.remote-ssh-0.64.0/out/askpass-main.js","VSCODE_SSH_ASKPASS_HANDLE":"/run/user/1000/vscode-ssh-askpass-4296264f2ffd1b7f810cca21eac8cc682f2f6bc2.sock"}
[14:32:18.399] Spawned 247249
[14:32:18.469] > local-server> Spawned ssh: 247257
[14:32:18.470] stderr> OpenSSH_8.4p1, OpenSSL 1.1.1i  8 Dec 2020
[14:32:20.239] stderr> debug1: Server host key: ecdsa-sha2-nistp256 SHA256:QGI4/EPg1bhz+2zgv4sPJQM5/2if4fcluj1g80yPkvs
[14:32:20.430] stderr> Authenticated to 153.109.130.82 (via proxy).
[14:32:20.929] > Welcome to Ubuntu 18.04.5 LTS (GNU/Linux 5.4.0-64-generic x86_64)
> 
>  * Documentation:  https://help.ubuntu.com
>  * Management:     https://landscape.canonical.com
>  * Support:        https://ubuntu.com/advantage
> 
>  * Canonical Livepatch is available for installation.
>    - Reduce system reboots and improve kernel security. Activate at:
>      https://ubuntu.com/livepatch
> 
> 9 packages can be updated.
> 0 of these updates are security updates.
> To see these additional updates run: apt list --upgradable
> 
> Your Hardware Enablement Stack (HWE) is supported until April 2023.
> *** System restart required ***
[14:32:20.958] > ready: 7772936d8ec5
[14:32:20.998] > Linux 5.4.0-64-generic #72~18.04.1-Ubuntu SMP Fri Jan 15 14:06:34 UTC 2021
[14:32:20.999] Platform: linux
[14:32:21.119] > 7772936d8ec5: running
[14:32:21.178] > Acquiring lock on /home/val/.vscode-server/bin/622cb03f7e070a9670c94bae1a45d78d7181fbd4/vscode-remote-lock.val.622cb03f7e070a9670c94bae1a45d78d7181fbd4
> Found existing installation at /home/val/.vscode-server/bin/622cb03f7e070a9670c94bae1a45d78d7181fbd4...
> Checking /home/val/.vscode-server/.622cb03f7e070a9670c94bae1a45d78d7181fbd4.log and /home/val/.vscode-server/.622cb03f7e070a9670c94bae1a45d78d7181fbd4.pid for a running server
> Looking for server with pid: 28972
> Starting server with command... /home/val/.vscode-server/bin/622cb03f7e070a9670c94bae1a45d78d7181fbd4/server.sh --start-server --host=127.0.0.1 --enable-remote-auto-shutdown  --port=0  &> "/home/val/.vscode-server/.622cb03f7e070a9670c94bae1a45d78d7181fbd4.log" < /dev/null
> printenv:
[14:32:21.199] >     LC_MEASUREMENT=en_GB.UTF-8
>     SSH_CONNECTION=153.109.124.125 36688 153.109.130.82 22
>     LC_PAPER=en_GB.UTF-8
>     LC_MONETARY=en_GB.UTF-8
>     LANG=en_US.UTF-8
>     LC_NAME=en_GB.UTF-8
>     XDG_SESSION_ID=997
>     USER=val
>     PWD=/home/val
>     HOME=/home/val
>     SSH_CLIENT=153.109.124.125 36688 22
>     XDG_DATA_DIRS=/usr/local/share:/usr/share:/var/lib/snapd/desktop
>     LC_ADDRESS=en_GB.UTF-8
>     LC_NUMERIC=en_GB.UTF-8
>     MAIL=/var/mail/val
>     PAPERSIZE=a4
>     SHELL=/bin/bash
>     SHLVL=2
>     LC_TELEPHONE=en_GB.UTF-8
>     VSCODE_AGENT_FOLDER=/home/val/.vscode-server
>     LOGNAME=val
>     DBUS_SESSION_BUS_ADDRESS=unix:path=/run/user/1000/bus
>     XDG_RUNTIME_DIR=/run/user/1000
>     PATH=/home/val/.local/bin:/usr/local/sbin:/usr/local/bin:/usr/sbin:/usr/bin:/sbin:/bin:/usr/games:/usr/local/games:/snap/bin
>     LC_IDENTIFICATION=en_GB.UTF-8
>     LC_TIME=en_GB.UTF-8
>     _=/usr/bin/printenv
> Spawned remote server: 10418
[14:32:21.239] > Waiting for server log...
> Waiting for server log...
[14:32:21.269] > Waiting for server log...
[14:32:21.309] >  
> *
> * Reminder: You may only use this software with Visual Studio family products,
> * as described in the license (https://go.microsoft.com/fwlink/?linkid=2077057)
> *
>  
[14:32:21.339] > 7772936d8ec5: start
> sshAuthSock====
> webUiAccessToken====
> listeningOn==41791==
> osReleaseId==ubuntu==
> arch==x86_64==
> tmpDir==/run/user/1000==
> platform==linux==
> unpackResult====
> didLocalDownload==0==
> downloadTime====
> installTime====
> extInstallTime====
> serverStartTime==114==
> connectionToken==11a1a111-1aa1-1a11-a1a1-a11aa11111a1==
> 7772936d8ec5: end
[14:32:21.340] Received install output: 
sshAuthSock====
webUiAccessToken====
listeningOn==41791==
osReleaseId==ubuntu==
arch==x86_64==
tmpDir==/run/user/1000==
platform==linux==
unpackResult====
didLocalDownload==0==
downloadTime====
installTime====
extInstallTime====
serverStartTime==114==
connectionToken==11a1a111-1aa1-1a11-a1a1-a11aa11111a1==

[14:32:21.341] Remote server is listening on 41791
[14:32:21.341] Parsed server configuration: {"serverConfiguration":{"remoteListeningOn":{"port":41791},"osReleaseId":"ubuntu","arch":"x86_64","webUiAccessToken":"","sshAuthSock":"","tmpDir":"/run/user/1000","platform":"linux","connectionToken":"11a1a111-1aa1-1a11-a1a1-a11aa11111a1"},"serverStartTime":114,"installUnpackCode":""}
[14:32:21.342] Persisting server connection details to /home/val/.config/Code/User/globalStorage/ms-vscode-remote.remote-ssh/vscode-ssh-host-adrien2-622cb03f7e070a9670c94bae1a45d78d7181fbd4-0.64.0/data.json
[14:32:21.345] Starting forwarding server. localPort 43157 -> socksPort 35249 -> remotePort 41791
[14:32:21.345] Forwarding server listening on 43157
[14:32:21.345] Waiting for ssh tunnel to be ready
[14:32:21.347] [Forwarding server 43157] Got connection 0
[14:32:21.349] Tunneled 41791 to local port 43157
[14:32:21.349] Resolved "ssh-remote+adrien2" to "127.0.0.1:43157"
[14:32:21.366] ------




[14:32:21.405] [Forwarding server 43157] Got connection 1
[14:32:21.613] [Forwarding server 43157] Got connection 2
[14:32:30.063] [Forwarding server 43157] Got connection 3
[14:32:30.075] [Forwarding server 43157] Got connection 4
[14:32:30.075] [Forwarding server 43157] Got connection 5
[14:32:30.078] [Forwarding server 43157] Got connection 6
[14:32:30.079] [Forwarding server 43157] Got connection 7
[14:32:30.079] [Forwarding server 43157] Got connection 8
[14:32:38.418] [Forwarding server 43157] Got connection 9
